-------------start 2017/8/17 20:00:02-------------/Services/GetAdData.ashx
用户信息：22-228
-------------end 2017/8/17 20:00:02-------------
-------------start 2017/8/17 20:00:25-------------/Services/GetAdData.ashx
未将对象引用设置到对象的实例。
-------------end 2017/8/17 20:00:25-------------
-------------start 2017/8/17 20:08:04-------------/Services/GetAdData.ashx
用户信息：22-228
-------------end 2017/8/17 20:08:04-------------
-------------start 2017/8/17 20:10:35-------------/Services/GetAdData.ashx
用户信息：22-228
-------------end 2017/8/17 20:10:35-------------
-------------start 2017/8/17 20:12:28-------------/Services/GetAdData.ashx
用户信息：22-228
-------------end 2017/8/17 20:12:28-------------
-------------start 2017/8/17 20:20:56-------------/Services/GetAdData.ashx
用户信息：22-228
-------------end 2017/8/17 20:20:56-------------
-------------start 2017/8/17 20:21:36-------------/Services/GetAdData.ashx
用户信息：22-228
-------------end 2017/8/17 20:21:36-------------
-------------start 2017/8/17 20:21:55-------------/Services/GetAdData.ashx
用户信息：22-228
-------------end 2017/8/17 20:21:55-------------
-------------start 2017/8/17 20:22:08-------------/Services/GetAdData.ashx
用户信息：22-228
-------------end 2017/8/17 20:22:08-------------
-------------start 2017/8/17 20:24:44-------------/Services/GetAdData.ashx
用户信息：22-228
-------------end 2017/8/17 20:24:44-------------
-------------start 2017/8/17 20:26:29-------------/Services/GetAdData.ashx
用户信息：22-228
-------------end 2017/8/17 20:26:29-------------
-------------start 2017/8/17 20:26:48-------------/Services/GetAdData.ashx
Unexpected character encountered while parsing value: <. Path '', line 2, position 1.
-------------end 2017/8/17 20:26:48-------------
-------------start 2017/8/17 20:26:57-------------/Services/GetAdData.ashx
用户信息：22-228
-------------end 2017/8/17 20:26:57-------------
-------------start 2017/8/17 20:28:12-------------/Services/GetAdData.ashx
用户信息：22-228
-------------end 2017/8/17 20:28:12-------------
-------------start 2017/8/17 20:29:08-------------/Services/GetAdData.ashx
用户信息：22-228
-------------end 2017/8/17 20:29:08-------------
-------------start 2017/8/17 20:31:25-------------/Services/GetAdData.ashx
用户信息：22-228
-------------end 2017/8/17 20:31:25-------------
-------------start 2017/8/17 20:31:28-------------/Services/GetAdData.ashx
Unexpected character encountered while parsing value: <. Path '', line 2, position 1.
-------------end 2017/8/17 20:31:28-------------
-------------start 2017/8/17 20:31:31-------------/Services/GetAdData.ashx
用户信息：22-228
-------------end 2017/8/17 20:31:31-------------
-------------start 2017/8/17 20:33:49-------------/Services/GetAdData.ashx
用户信息：22-228
-------------end 2017/8/17 20:33:49-------------
-------------start 2017/8/17 20:34:09-------------/Services/GetAdData.ashx
Unexpected character encountered while parsing value: <. Path '', line 2, position 1.
-------------end 2017/8/17 20:34:09-------------
-------------start 2017/8/17 20:34:12-------------/Services/GetAdData.ashx
用户信息：22-228
-------------end 2017/8/17 20:34:12-------------
-------------start 2017/8/17 20:35:01-------------/Services/GetAdData.ashx
用户信息：22-228
-------------end 2017/8/17 20:35:01-------------
-------------start 2017/8/17 20:35:22-------------/Services/GetAdData.ashx
Unexpected character encountered while parsing value: <. Path '', line 2, position 1.
-------------end 2017/8/17 20:35:22-------------
-------------start 2017/8/17 20:35:29-------------/Services/GetAdData.ashx
用户信息：22-228
-------------end 2017/8/17 20:35:29-------------
-------------start 2017/8/17 20:37:55-------------/Services/GetAdData.ashx
用户信息：22-228
-------------end 2017/8/17 20:37:55-------------
-------------start 2017/8/17 20:39:03-------------/Services/GetAdData.ashx
用户信息：22-228
-------------end 2017/8/17 20:39:03-------------
-------------start 2017/8/17 20:47:30-------------/Services/GetAdData.ashx
用户信息：23-229
-------------end 2017/8/17 20:47:30-------------
-------------start 2017/8/17 20:50:29-------------/Services/GetAdData.ashx
用户信息：24-230
-------------end 2017/8/17 20:50:29-------------
