-------------start 2017/8/18 9:17:17-------------/Services/GetAdData.ashx
用户信息：23-229
-------------end 2017/8/18 9:17:17-------------
-------------start 2017/8/18 9:17:17-------------/Services/GetAdData.ashx
用户信息：23-229，数据为空。
-------------end 2017/8/18 9:17:17-------------
-------------start 2017/8/18 9:18:09-------------/Services/GetAdData.ashx
用户信息：23-229
-------------end 2017/8/18 9:18:09-------------
-------------start 2017/8/18 9:18:10-------------/Services/GetAdData.ashx
“"//*[@id="page-wrapper"]/form/div[4]/div/table/tbody/tr[2]/td[2]"”具有无效的标记。
-------------end 2017/8/18 9:18:10-------------
-------------start 2017/8/18 9:18:12-------------/Services/GetAdData.ashx
用户信息：23-229
-------------end 2017/8/18 9:18:12-------------
-------------start 2017/8/18 9:18:12-------------/Services/GetAdData.ashx
“"//*[@id="page-wrapper"]/form/div[4]/div/table/tbody/tr[2]/td[2]"”具有无效的标记。
-------------end 2017/8/18 9:18:12-------------
-------------start 2017/8/18 9:18:43-------------/Services/GetAdData.ashx
用户信息：22-228
-------------end 2017/8/18 9:18:43-------------
-------------start 2017/8/18 9:19:03-------------/Services/GetAdData.ashx
用户信息：23-229
-------------end 2017/8/18 9:19:03-------------
-------------start 2017/8/18 9:42:59-------------/Services/GetAdData.ashx
用户信息：23-229
-------------end 2017/8/18 9:42:59-------------
-------------start 2017/8/18 9:43:00-------------/Services/GetAdData.ashx
“"//*[@id="page-wrapper"]/form/div[4]/div/table/tbody/tr[2]/td[2]"”具有无效的标记。
-------------end 2017/8/18 9:43:00-------------
-------------start 2017/8/18 9:43:22-------------/Services/GetAdData.ashx
用户信息：23-229
-------------end 2017/8/18 9:43:22-------------
-------------start 2017/8/18 9:43:22-------------/Services/GetAdData.ashx
“"//*[@id="page-wrapper"]/form/div[4]/div/table/tbody/tr[2]/td[2]"”具有无效的标记。
-------------end 2017/8/18 9:43:22-------------
-------------start 2017/8/18 9:50:17-------------/Services/GetAdData.ashx
用户信息：23-229
-------------end 2017/8/18 9:50:17-------------
-------------start 2017/8/18 9:52:05-------------/Services/GetAdData.ashx
用户信息：23-229
-------------end 2017/8/18 9:52:05-------------
-------------start 2017/8/18 9:52:22-------------/Services/GetAdData.ashx
用户信息：23-229
-------------end 2017/8/18 9:52:22-------------
-------------start 2017/8/18 9:52:30-------------/Services/GetAdData.ashx
用户信息：22-228
-------------end 2017/8/18 9:52:30-------------
-------------start 2017/8/18 9:55:58-------------/Services/GetAdData.ashx
用户信息：22-228
-------------end 2017/8/18 9:55:58-------------
-------------start 2017/8/18 9:56:10-------------/Services/GetAdData.ashx
用户信息：22-228
-------------end 2017/8/18 9:56:10-------------
-------------start 2017/8/18 9:56:31-------------/Services/GetAdData.ashx
用户信息：23-229
-------------end 2017/8/18 9:56:31-------------
-------------start 2017/8/18 9:57:53-------------/Services/GetAdData.ashx
用户信息：23-229
-------------end 2017/8/18 9:57:53-------------
