-------------start 2017/8/24 10:01:19-------------/Login.aspx
SELECT * FROM AccountInfo  WHERE 1=1  AND [UserName]='admin' 
 
-------------end 2017/8/24 10:01:19-------------
-------------start 2017/8/24 10:01:20-------------/Admin/Index.aspx
SELECT * FROM AccountInfo  WHERE 1=1  AND [UserName]='admin' 
 
-------------end 2017/8/24 10:01:20-------------
-------------start 2017/8/24 10:01:24-------------/Admin/Ads/AdPageList.aspx
SELECT * FROM AccountInfo  WHERE 1=1  AND UserType <> 100 
 
-------------end 2017/8/24 10:01:24-------------
-------------start 2017/8/24 10:01:24-------------/Admin/Ads/AdPageList.aspx
SELECT * FROM AdTypeInfo  WHERE 1=1  
-------------end 2017/8/24 10:01:24-------------
-------------start 2017/8/24 10:01:24-------------/Admin/Ads/AdPageList.aspx
SELECT * FROM AdSiteInfo  WHERE 1=1  
-------------end 2017/8/24 10:01:24-------------
-------------start 2017/8/24 10:01:24-------------/Admin/Ads/AdPageList.aspx
SELECT * FROM AdPageInfo  WHERE 1=1  
-------------end 2017/8/24 10:01:24-------------
-------------start 2017/8/24 10:01:24-------------/Admin/Ads/AdPageList.aspx
SELECT TOP 10 * FROM [AdPageInfo]  WHERE 1=1  AND [IsDel]='0'  AND Id NOT IN (SELECT TOP 0 Id FROM [AdPageInfo]  WHERE 1=1  AND [IsDel]='0'   order by  id desc )   order by  id desc 
-------------end 2017/8/24 10:01:24-------------
-------------start 2017/8/24 10:01:24-------------/Admin/Ads/AdPageList.aspx
SELECT * FROM AccountInfo  WHERE 1=1  AND [Id]='25' 
 
-------------end 2017/8/24 10:01:24-------------
-------------start 2017/8/24 10:01:24-------------/Admin/Ads/AdPageList.aspx
SELECT * FROM AdTypeInfo  WHERE 1=1  AND [Id]='0'  
-------------end 2017/8/24 10:01:24-------------
-------------start 2017/8/24 10:01:24-------------/Admin/Ads/AdPageList.aspx
SELECT * FROM AdSiteInfo  WHERE 1=1  AND [Id]='0'  
-------------end 2017/8/24 10:01:24-------------
-------------start 2017/8/24 10:01:24-------------/Admin/Ads/AdPageList.aspx
SELECT * FROM AccountInfo  WHERE 1=1  AND [Id]='2' 
 
-------------end 2017/8/24 10:01:24-------------
-------------start 2017/8/24 10:01:24-------------/Admin/Ads/AdPageList.aspx
SELECT * FROM AdTypeInfo  WHERE 1=1  AND [Id]='0'  
-------------end 2017/8/24 10:01:24-------------
-------------start 2017/8/24 10:01:24-------------/Admin/Ads/AdPageList.aspx
SELECT * FROM AdSiteInfo  WHERE 1=1  AND [Id]='0'  
-------------end 2017/8/24 10:01:24-------------
-------------start 2017/8/24 10:01:24-------------/Admin/Ads/AdPageList.aspx
SELECT * FROM AdTypeInfo  WHERE 1=1  AND [Id]='0'  
-------------end 2017/8/24 10:01:24-------------
-------------start 2017/8/24 10:01:24-------------/Admin/Ads/AdPageList.aspx
SELECT * FROM AdSiteInfo  WHERE 1=1  AND [Id]='0'  
-------------end 2017/8/24 10:01:24-------------
-------------start 2017/8/24 10:01:24-------------/Admin/Ads/AdPageList.aspx
SELECT * FROM AdTypeInfo  WHERE 1=1  AND [Id]='0'  
-------------end 2017/8/24 10:01:24-------------
-------------start 2017/8/24 10:01:24-------------/Admin/Ads/AdPageList.aspx
SELECT * FROM AdSiteInfo  WHERE 1=1  AND [Id]='0'  
-------------end 2017/8/24 10:01:24-------------
-------------start 2017/8/24 10:01:24-------------/Admin/Ads/AdPageList.aspx
SELECT * FROM AccountInfo  WHERE 1=1  AND [Id]='24' 
 
-------------end 2017/8/24 10:01:24-------------
-------------start 2017/8/24 10:01:24-------------/Admin/Ads/AdPageList.aspx
SELECT * FROM AdTypeInfo  WHERE 1=1  AND [Id]='0'  
-------------end 2017/8/24 10:01:24-------------
-------------start 2017/8/24 10:01:24-------------/Admin/Ads/AdPageList.aspx
SELECT * FROM AdSiteInfo  WHERE 1=1  AND [Id]='0'  
-------------end 2017/8/24 10:01:24-------------
-------------start 2017/8/24 10:01:24-------------/Admin/Ads/AdPageList.aspx
SELECT * FROM AccountInfo  WHERE 1=1  AND [Id]='23' 
 
-------------end 2017/8/24 10:01:24-------------
-------------start 2017/8/24 10:01:24-------------/Admin/Ads/AdPageList.aspx
SELECT * FROM AdTypeInfo  WHERE 1=1  AND [Id]='0'  
-------------end 2017/8/24 10:01:24-------------
-------------start 2017/8/24 10:01:24-------------/Admin/Ads/AdPageList.aspx
SELECT * FROM AdSiteInfo  WHERE 1=1  AND [Id]='0'  
-------------end 2017/8/24 10:01:24-------------
-------------start 2017/8/24 10:01:24-------------/Admin/Ads/AdPageList.aspx
SELECT * FROM AccountInfo  WHERE 1=1  AND [Id]='22' 
 
-------------end 2017/8/24 10:01:24-------------
-------------start 2017/8/24 10:01:24-------------/Admin/Ads/AdPageList.aspx
SELECT * FROM AdTypeInfo  WHERE 1=1  AND [Id]='0'  
-------------end 2017/8/24 10:01:24-------------
-------------start 2017/8/24 10:01:24-------------/Admin/Ads/AdPageList.aspx
SELECT * FROM AdSiteInfo  WHERE 1=1  AND [Id]='0'  
-------------end 2017/8/24 10:01:24-------------
-------------start 2017/8/24 10:01:24-------------/Admin/Ads/AdPageList.aspx
SELECT * FROM AccountInfo  WHERE 1=1  AND [Id]='21' 
 
-------------end 2017/8/24 10:01:24-------------
-------------start 2017/8/24 10:01:24-------------/Admin/Ads/AdPageList.aspx
SELECT * FROM AdTypeInfo  WHERE 1=1  AND [Id]='0'  
-------------end 2017/8/24 10:01:24-------------
-------------start 2017/8/24 10:01:24-------------/Admin/Ads/AdPageList.aspx
SELECT * FROM AdSiteInfo  WHERE 1=1  AND [Id]='0'  
-------------end 2017/8/24 10:01:24-------------
-------------start 2017/8/24 10:01:24-------------/Admin/Ads/AdPageList.aspx
SELECT * FROM AdTypeInfo  WHERE 1=1  AND [Id]='0'  
-------------end 2017/8/24 10:01:24-------------
-------------start 2017/8/24 10:01:24-------------/Admin/Ads/AdPageList.aspx
SELECT * FROM AdSiteInfo  WHERE 1=1  AND [Id]='0'  
-------------end 2017/8/24 10:01:24-------------
-------------start 2017/8/24 10:01:24-------------/Admin/Ads/AdPageList.aspx
SELECT * FROM AccountInfo  WHERE 1=1  AND [Id]='20' 
 
-------------end 2017/8/24 10:01:24-------------
-------------start 2017/8/24 10:01:24-------------/Admin/Ads/AdPageList.aspx
SELECT * FROM AdTypeInfo  WHERE 1=1  AND [Id]='0'  
-------------end 2017/8/24 10:01:24-------------
-------------start 2017/8/24 10:01:24-------------/Admin/Ads/AdPageList.aspx
SELECT * FROM AdSiteInfo  WHERE 1=1  AND [Id]='0'  
-------------end 2017/8/24 10:01:24-------------
-------------start 2017/8/24 10:01:30-------------/Admin/LogBrowse/AdAnalysis.aspx
SELECT * FROM AccountInfo  WHERE 1=1  AND [UserType]='0' 
 
-------------end 2017/8/24 10:01:30-------------
-------------start 2017/8/24 10:01:30-------------/Admin/LogBrowse/AdAnalysis.aspx

select 
time,AdId 
,count(*) as pvcount
,count(distinct(clientid)) as uvcount
,count(distinct(clientip)) as ipcount  
,count(distinct(clientid)) /count(*) as useravg 
from  [LogBrowse]
where 1=1  and time = 20170824 
group by time,AdId   order by  time desc,adid desc 
-------------end 2017/8/24 10:01:30-------------
-------------start 2017/8/24 10:01:31-------------/Admin/LogBrowse/AdSummaryList.aspx

select 
AdId
,count(*) as pvcount
,count(distinct(clientid)) as uvcount
,count(distinct(clientip)) as ipcount  
,count(distinct(clientid)) /count(*) as useravg 
from  [LogBrowse]
where 1=1  and time >= 20170801 
group by AdId  order by  AdId desc 
-------------end 2017/8/24 10:01:31-------------
-------------start 2017/8/24 10:01:31-------------/Admin/LogBrowse/AdSummaryList.aspx
SELECT * FROM AdPageInfo  WHERE 1=1  
-------------end 2017/8/24 10:01:31-------------
-------------start 2017/8/24 10:01:31-------------/Admin/LogBrowse/AdSummaryList.aspx
SELECT * FROM AdPageInfo  WHERE 1=1  
-------------end 2017/8/24 10:01:31-------------
-------------start 2017/8/24 10:01:32-------------/Admin/LogBrowse/AdSummaryList.aspx
SELECT * FROM AdPageInfo  WHERE 1=1  AND [Id]='272'  
-------------end 2017/8/24 10:01:32-------------
-------------start 2017/8/24 10:01:32-------------/Admin/LogBrowse/AdSummaryList.aspx
SELECT * FROM AdPageInfo  WHERE 1=1  
-------------end 2017/8/24 10:01:32-------------
-------------start 2017/8/24 10:01:32-------------/Admin/LogBrowse/AdSummaryList.aspx
SELECT * FROM AdPageInfo  WHERE 1=1  
-------------end 2017/8/24 10:01:32-------------
-------------start 2017/8/24 10:01:32-------------/Admin/LogBrowse/AdSummaryList.aspx
SELECT * FROM AdPageInfo  WHERE 1=1  
-------------end 2017/8/24 10:01:32-------------
-------------start 2017/8/24 10:01:32-------------/Admin/LogBrowse/AdSummaryList.aspx
SELECT * FROM AdPageInfo  WHERE 1=1  
-------------end 2017/8/24 10:01:32-------------
-------------start 2017/8/24 10:01:32-------------/Admin/LogBrowse/AdSummaryList.aspx
SELECT * FROM AdPageInfo  WHERE 1=1  
-------------end 2017/8/24 10:01:32-------------
-------------start 2017/8/24 10:01:32-------------/Admin/LogBrowse/AdSummaryList.aspx
SELECT * FROM AdPageInfo  WHERE 1=1  
-------------end 2017/8/24 10:01:32-------------
-------------start 2017/8/24 10:01:32-------------/Admin/LogBrowse/AdSummaryList.aspx
SELECT * FROM AdPageInfo  WHERE 1=1  
-------------end 2017/8/24 10:01:32-------------
-------------start 2017/8/24 10:01:32-------------/Admin/LogBrowse/AdSummaryList.aspx
SELECT * FROM AdPageInfo  WHERE 1=1  
-------------end 2017/8/24 10:01:32-------------
-------------start 2017/8/24 10:01:32-------------/Admin/LogBrowse/AdSummaryList.aspx
SELECT * FROM AdPageInfo  WHERE 1=1  
-------------end 2017/8/24 10:01:32-------------
-------------start 2017/8/24 10:01:32-------------/Admin/LogBrowse/AdSummaryList.aspx
SELECT * FROM AdPageInfo  WHERE 1=1  
-------------end 2017/8/24 10:01:32-------------
-------------start 2017/8/24 10:01:32-------------/Admin/LogBrowse/AdSummaryList.aspx
SELECT * FROM AdPageInfo  WHERE 1=1  
-------------end 2017/8/24 10:01:32-------------
-------------start 2017/8/24 10:01:32-------------/Admin/LogBrowse/AdSummaryList.aspx
SELECT * FROM AdPageInfo  WHERE 1=1  
-------------end 2017/8/24 10:01:32-------------
-------------start 2017/8/24 10:01:32-------------/Admin/LogBrowse/AdSummaryList.aspx
SELECT * FROM AdPageInfo  WHERE 1=1  
-------------end 2017/8/24 10:01:32-------------
-------------start 2017/8/24 10:01:32-------------/Admin/LogBrowse/AdSummaryList.aspx
SELECT * FROM AdPageInfo  WHERE 1=1  
-------------end 2017/8/24 10:01:32-------------
-------------start 2017/8/24 10:01:32-------------/Admin/LogBrowse/AdSummaryList.aspx
SELECT * FROM AdPageInfo  WHERE 1=1  
-------------end 2017/8/24 10:01:32-------------
-------------start 2017/8/24 10:01:32-------------/Admin/LogBrowse/AdSummaryList.aspx
SELECT * FROM AdPageInfo  WHERE 1=1  
-------------end 2017/8/24 10:01:32-------------
-------------start 2017/8/24 10:01:32-------------/Admin/LogBrowse/AdSummaryList.aspx
SELECT * FROM AdPageInfo  WHERE 1=1  
-------------end 2017/8/24 10:01:32-------------
-------------start 2017/8/24 10:01:32-------------/Admin/LogBrowse/AdSummaryList.aspx
SELECT * FROM AdPageInfo  WHERE 1=1  
-------------end 2017/8/24 10:01:32-------------
-------------start 2017/8/24 10:01:57-------------/Admin/LogBrowse/AdDaySummaryList.aspx?adid=223

select 
Time,AdId
,count(*) as pvcount
,count(distinct(clientid)) as uvcount
,count(distinct(clientip)) as ipcount  
,count(distinct(clientid)) /count(*) as useravg 
from  [LogBrowse]
where 1=1  and AdId = 223 
group by Time,AdId  order by Time desc, AdId desc 
-------------end 2017/8/24 10:01:57-------------
-------------start 2017/8/24 10:01:57-------------/Admin/LogBrowse/AdDaySummaryList.aspx?adid=223
SELECT * FROM AdPageInfo  WHERE 1=1  
-------------end 2017/8/24 10:01:57-------------
-------------start 2017/8/24 10:01:57-------------/Admin/LogBrowse/AdDaySummaryList.aspx?adid=223
SELECT * FROM AdPageInfo  WHERE 1=1  
-------------end 2017/8/24 10:01:57-------------
-------------start 2017/8/24 10:01:57-------------/Admin/LogBrowse/AdDaySummaryList.aspx?adid=223
SELECT * FROM AdPageInfo  WHERE 1=1  
-------------end 2017/8/24 10:01:57-------------
-------------start 2017/8/24 10:01:57-------------/Admin/LogBrowse/AdDaySummaryList.aspx?adid=223
SELECT * FROM AdPageInfo  WHERE 1=1  
-------------end 2017/8/24 10:01:57-------------
-------------start 2017/8/24 10:01:57-------------/Admin/LogBrowse/AdDaySummaryList.aspx?adid=223
SELECT * FROM AdPageInfo  WHERE 1=1  
-------------end 2017/8/24 10:01:57-------------
-------------start 2017/8/24 10:01:57-------------/Admin/LogBrowse/AdDaySummaryList.aspx?adid=223
SELECT * FROM AdPageInfo  WHERE 1=1  
-------------end 2017/8/24 10:01:57-------------
-------------start 2017/8/24 10:01:57-------------/Admin/LogBrowse/AdDaySummaryList.aspx?adid=223
SELECT * FROM AdPageInfo  WHERE 1=1  
-------------end 2017/8/24 10:01:57-------------
-------------start 2017/8/24 10:01:57-------------/Admin/LogBrowse/AdDaySummaryList.aspx?adid=223
SELECT * FROM AdPageInfo  WHERE 1=1  
-------------end 2017/8/24 10:01:57-------------
-------------start 2017/8/24 10:01:57-------------/Admin/LogBrowse/AdDaySummaryList.aspx?adid=223
SELECT * FROM AdPageInfo  WHERE 1=1  
-------------end 2017/8/24 10:01:57-------------
-------------start 2017/8/24 10:01:57-------------/Admin/LogBrowse/AdDaySummaryList.aspx?adid=223
SELECT * FROM AdPageInfo  WHERE 1=1  
-------------end 2017/8/24 10:01:57-------------
-------------start 2017/8/24 10:02:36-------------/Admin/LogBrowse/HourAnalysis.aspx
SELECT * FROM AdPageInfo  WHERE 1=1  
-------------end 2017/8/24 10:02:36-------------
-------------start 2017/8/24 10:02:36-------------/Admin/LogBrowse/HourAnalysis.aspx

select 
 time 
,count(*) as pvcount
,count(distinct(clientid)) as uvcount
,count(distinct(clientip)) as ipcount  
,count(distinct(clientid)) /count(*) as useravg 
from  [LogBrowse]
where 1=1  and time = 20170824 
group by  time  
-------------end 2017/8/24 10:02:36-------------
-------------start 2017/8/24 10:02:37-------------/Admin/LogBrowse/HourAnalysis.aspx
select * from (
select left(convert(varchar(10), CreateDate, 108), 2) as time
,count(*) as pvcount
,count(distinct(clientid)) as uvcount
,count(distinct(clientip)) as ipcount  
 from [LogBrowse]
where 1=1  and time = 20170824 
group by left(convert(varchar(10), CreateDate, 108), 2)
) a order by a.time asc
-------------end 2017/8/24 10:02:37-------------
-------------start 2017/8/24 10:03:02-------------/Admin/LogBrowse/AdSummaryList.aspx

select 
AdId
,count(*) as pvcount
,count(distinct(clientid)) as uvcount
,count(distinct(clientip)) as ipcount  
,count(distinct(clientid)) /count(*) as useravg 
from  [LogBrowse]
where 1=1  and time >= 20170801 
group by AdId  order by  AdId desc 
-------------end 2017/8/24 10:03:02-------------
-------------start 2017/8/24 10:03:02-------------/Admin/LogBrowse/AdSummaryList.aspx
SELECT * FROM AdPageInfo  WHERE 1=1  
-------------end 2017/8/24 10:03:02-------------
-------------start 2017/8/24 10:03:02-------------/Admin/LogBrowse/AdSummaryList.aspx
SELECT * FROM AdPageInfo  WHERE 1=1  
-------------end 2017/8/24 10:03:02-------------
-------------start 2017/8/24 10:03:02-------------/Admin/LogBrowse/AdSummaryList.aspx
SELECT * FROM AdPageInfo  WHERE 1=1  AND [Id]='272'  
-------------end 2017/8/24 10:03:02-------------
-------------start 2017/8/24 10:03:02-------------/Admin/LogBrowse/AdSummaryList.aspx
SELECT * FROM AdPageInfo  WHERE 1=1  
-------------end 2017/8/24 10:03:02-------------
-------------start 2017/8/24 10:03:02-------------/Admin/LogBrowse/AdSummaryList.aspx
SELECT * FROM AdPageInfo  WHERE 1=1  
-------------end 2017/8/24 10:03:02-------------
-------------start 2017/8/24 10:03:02-------------/Admin/LogBrowse/AdSummaryList.aspx
SELECT * FROM AdPageInfo  WHERE 1=1  
-------------end 2017/8/24 10:03:02-------------
-------------start 2017/8/24 10:03:02-------------/Admin/LogBrowse/AdSummaryList.aspx
SELECT * FROM AdPageInfo  WHERE 1=1  
-------------end 2017/8/24 10:03:02-------------
-------------start 2017/8/24 10:03:02-------------/Admin/LogBrowse/AdSummaryList.aspx
SELECT * FROM AdPageInfo  WHERE 1=1  
-------------end 2017/8/24 10:03:02-------------
-------------start 2017/8/24 10:03:02-------------/Admin/LogBrowse/AdSummaryList.aspx
SELECT * FROM AdPageInfo  WHERE 1=1  
-------------end 2017/8/24 10:03:02-------------
-------------start 2017/8/24 10:03:02-------------/Admin/LogBrowse/AdSummaryList.aspx
SELECT * FROM AdPageInfo  WHERE 1=1  
-------------end 2017/8/24 10:03:02-------------
-------------start 2017/8/24 10:03:02-------------/Admin/LogBrowse/AdSummaryList.aspx
SELECT * FROM AdPageInfo  WHERE 1=1  
-------------end 2017/8/24 10:03:02-------------
-------------start 2017/8/24 10:03:02-------------/Admin/LogBrowse/AdSummaryList.aspx
SELECT * FROM AdPageInfo  WHERE 1=1  
-------------end 2017/8/24 10:03:02-------------
-------------start 2017/8/24 10:03:02-------------/Admin/LogBrowse/AdSummaryList.aspx
SELECT * FROM AdPageInfo  WHERE 1=1  
-------------end 2017/8/24 10:03:02-------------
-------------start 2017/8/24 10:03:02-------------/Admin/LogBrowse/AdSummaryList.aspx
SELECT * FROM AdPageInfo  WHERE 1=1  
-------------end 2017/8/24 10:03:02-------------
-------------start 2017/8/24 10:03:02-------------/Admin/LogBrowse/AdSummaryList.aspx
SELECT * FROM AdPageInfo  WHERE 1=1  
-------------end 2017/8/24 10:03:02-------------
-------------start 2017/8/24 10:03:02-------------/Admin/LogBrowse/AdSummaryList.aspx
SELECT * FROM AdPageInfo  WHERE 1=1  
-------------end 2017/8/24 10:03:02-------------
-------------start 2017/8/24 10:03:02-------------/Admin/LogBrowse/AdSummaryList.aspx
SELECT * FROM AdPageInfo  WHERE 1=1  
-------------end 2017/8/24 10:03:02-------------
-------------start 2017/8/24 10:03:02-------------/Admin/LogBrowse/AdSummaryList.aspx
SELECT * FROM AdPageInfo  WHERE 1=1  
-------------end 2017/8/24 10:03:02-------------
-------------start 2017/8/24 10:03:02-------------/Admin/LogBrowse/AdSummaryList.aspx
SELECT * FROM AdPageInfo  WHERE 1=1  
-------------end 2017/8/24 10:03:02-------------
-------------start 2017/8/24 10:03:02-------------/Admin/LogBrowse/AdSummaryList.aspx
SELECT * FROM AdPageInfo  WHERE 1=1  
-------------end 2017/8/24 10:03:02-------------
-------------start 2017/8/24 10:03:02-------------/Admin/LogBrowse/AdSummaryList.aspx
SELECT * FROM AdPageInfo  WHERE 1=1  
-------------end 2017/8/24 10:03:02-------------
-------------start 2017/8/24 10:03:05-------------/Admin/LogBrowse/AdDaySummaryList.aspx?adid=272

select 
Time,AdId
,count(*) as pvcount
,count(distinct(clientid)) as uvcount
,count(distinct(clientip)) as ipcount  
,count(distinct(clientid)) /count(*) as useravg 
from  [LogBrowse]
where 1=1  and AdId = 272 
group by Time,AdId  order by Time desc, AdId desc 
-------------end 2017/8/24 10:03:05-------------
-------------start 2017/8/24 10:03:05-------------/Admin/LogBrowse/AdDaySummaryList.aspx?adid=272
SELECT * FROM AdPageInfo  WHERE 1=1  
-------------end 2017/8/24 10:03:05-------------
-------------start 2017/8/24 10:03:05-------------/Admin/LogBrowse/AdDaySummaryList.aspx?adid=272
SELECT * FROM AdPageInfo  WHERE 1=1  
-------------end 2017/8/24 10:03:05-------------
-------------start 2017/8/24 10:03:05-------------/Admin/LogBrowse/AdDaySummaryList.aspx?adid=272
SELECT * FROM AdPageInfo  WHERE 1=1  AND [Id]='272'  
-------------end 2017/8/24 10:03:05-------------
-------------start 2017/8/24 10:03:11-------------/Admin/Ads/AdPageList.aspx
SELECT * FROM AccountInfo  WHERE 1=1  AND UserType <> 100 
 
-------------end 2017/8/24 10:03:11-------------
-------------start 2017/8/24 10:03:11-------------/Admin/Ads/AdPageList.aspx
SELECT * FROM AdTypeInfo  WHERE 1=1  
-------------end 2017/8/24 10:03:11-------------
-------------start 2017/8/24 10:03:11-------------/Admin/Ads/AdPageList.aspx
SELECT * FROM AdSiteInfo  WHERE 1=1  
-------------end 2017/8/24 10:03:11-------------
-------------start 2017/8/24 10:03:11-------------/Admin/Ads/AdPageList.aspx
SELECT TOP 10 * FROM [AdPageInfo]  WHERE 1=1  AND [IsDel]='0'  AND Id NOT IN (SELECT TOP 0 Id FROM [AdPageInfo]  WHERE 1=1  AND [IsDel]='0'   order by  id desc )   order by  id desc 
-------------end 2017/8/24 10:03:11-------------
-------------start 2017/8/24 10:03:11-------------/Admin/Ads/AdPageList.aspx
SELECT * FROM AdTypeInfo  WHERE 1=1  AND [Id]='0'  
-------------end 2017/8/24 10:03:11-------------
-------------start 2017/8/24 10:03:11-------------/Admin/Ads/AdPageList.aspx
SELECT * FROM AdSiteInfo  WHERE 1=1  AND [Id]='0'  
-------------end 2017/8/24 10:03:11-------------
-------------start 2017/8/24 10:03:11-------------/Admin/Ads/AdPageList.aspx
SELECT * FROM AdTypeInfo  WHERE 1=1  AND [Id]='0'  
-------------end 2017/8/24 10:03:11-------------
-------------start 2017/8/24 10:03:11-------------/Admin/Ads/AdPageList.aspx
SELECT * FROM AdSiteInfo  WHERE 1=1  AND [Id]='0'  
-------------end 2017/8/24 10:03:11-------------
-------------start 2017/8/24 10:03:11-------------/Admin/Ads/AdPageList.aspx
SELECT * FROM AdTypeInfo  WHERE 1=1  AND [Id]='0'  
-------------end 2017/8/24 10:03:11-------------
-------------start 2017/8/24 10:03:11-------------/Admin/Ads/AdPageList.aspx
SELECT * FROM AdSiteInfo  WHERE 1=1  AND [Id]='0'  
-------------end 2017/8/24 10:03:11-------------
-------------start 2017/8/24 10:03:11-------------/Admin/Ads/AdPageList.aspx
SELECT * FROM AdTypeInfo  WHERE 1=1  AND [Id]='0'  
-------------end 2017/8/24 10:03:11-------------
-------------start 2017/8/24 10:03:11-------------/Admin/Ads/AdPageList.aspx
SELECT * FROM AdSiteInfo  WHERE 1=1  AND [Id]='0'  
-------------end 2017/8/24 10:03:11-------------
-------------start 2017/8/24 10:03:11-------------/Admin/Ads/AdPageList.aspx
SELECT * FROM AdTypeInfo  WHERE 1=1  AND [Id]='0'  
-------------end 2017/8/24 10:03:11-------------
-------------start 2017/8/24 10:03:11-------------/Admin/Ads/AdPageList.aspx
SELECT * FROM AdSiteInfo  WHERE 1=1  AND [Id]='0'  
-------------end 2017/8/24 10:03:11-------------
-------------start 2017/8/24 10:03:11-------------/Admin/Ads/AdPageList.aspx
SELECT * FROM AdTypeInfo  WHERE 1=1  AND [Id]='0'  
-------------end 2017/8/24 10:03:11-------------
-------------start 2017/8/24 10:03:11-------------/Admin/Ads/AdPageList.aspx
SELECT * FROM AdSiteInfo  WHERE 1=1  AND [Id]='0'  
-------------end 2017/8/24 10:03:11-------------
-------------start 2017/8/24 10:03:11-------------/Admin/Ads/AdPageList.aspx
SELECT * FROM AdTypeInfo  WHERE 1=1  AND [Id]='0'  
-------------end 2017/8/24 10:03:11-------------
-------------start 2017/8/24 10:03:11-------------/Admin/Ads/AdPageList.aspx
SELECT * FROM AdSiteInfo  WHERE 1=1  AND [Id]='0'  
-------------end 2017/8/24 10:03:11-------------
-------------start 2017/8/24 10:03:11-------------/Admin/Ads/AdPageList.aspx
SELECT * FROM AdTypeInfo  WHERE 1=1  AND [Id]='0'  
-------------end 2017/8/24 10:03:11-------------
-------------start 2017/8/24 10:03:11-------------/Admin/Ads/AdPageList.aspx
SELECT * FROM AdSiteInfo  WHERE 1=1  AND [Id]='0'  
-------------end 2017/8/24 10:03:11-------------
-------------start 2017/8/24 10:03:11-------------/Admin/Ads/AdPageList.aspx
SELECT * FROM AdTypeInfo  WHERE 1=1  AND [Id]='0'  
-------------end 2017/8/24 10:03:11-------------
-------------start 2017/8/24 10:03:11-------------/Admin/Ads/AdPageList.aspx
SELECT * FROM AdSiteInfo  WHERE 1=1  AND [Id]='0'  
-------------end 2017/8/24 10:03:11-------------
-------------start 2017/8/24 10:03:11-------------/Admin/Ads/AdPageList.aspx
SELECT * FROM AdTypeInfo  WHERE 1=1  AND [Id]='0'  
-------------end 2017/8/24 10:03:11-------------
-------------start 2017/8/24 10:03:11-------------/Admin/Ads/AdPageList.aspx
SELECT * FROM AdSiteInfo  WHERE 1=1  AND [Id]='0'  
-------------end 2017/8/24 10:03:11-------------
-------------start 2017/8/24 10:03:13-------------/Admin/Ads/AdPageEdit.aspx?id=234
SELECT * FROM AccountInfo  WHERE 1=1  AND UserType <> 100 
 
-------------end 2017/8/24 10:03:13-------------
-------------start 2017/8/24 10:03:13-------------/Admin/Ads/AdPageEdit.aspx?id=234
SELECT * FROM AdPageInfo  WHERE 1=1  AND [Id]='234'  
-------------end 2017/8/24 10:03:13-------------
-------------start 2017/8/24 10:03:18-------------/Admin/Ads/AdPageEdit.aspx?id=234
SELECT * FROM AdPageInfo  WHERE 1=1  AND [Id]='234'  
-------------end 2017/8/24 10:03:18-------------
-------------start 2017/8/24 10:03:18-------------/Admin/Ads/AdPageEdit.aspx?id=234
SELECT * FROM AdPageInfo  WHERE 1=1  AND [Id]='234'  
-------------end 2017/8/24 10:03:18-------------
-------------start 2017/8/24 10:03:18-------------/Admin/Ads/AdPageEdit.aspx?id=234
SELECT * FROM ArticleInfo  WHERE 1=1  
-------------end 2017/8/24 10:03:18-------------
-------------start 2017/8/24 10:03:18-------------/Admin/Ads/AdPageEdit.aspx?id=234
SELECT * FROM AdPageInfo  WHERE 1=1  
-------------end 2017/8/24 10:03:18-------------
-------------start 2017/8/24 10:03:18-------------/Admin/Ads/AdPageEdit.aspx?id=234
SELECT * FROM AdPageInfo  WHERE 1=1  
-------------end 2017/8/24 10:03:18-------------
-------------start 2017/8/24 10:03:18-------------/Admin/Ads/AdPageList.aspx
SELECT * FROM AccountInfo  WHERE 1=1  AND UserType <> 100 
 
-------------end 2017/8/24 10:03:18-------------
-------------start 2017/8/24 10:03:18-------------/Admin/Ads/AdPageList.aspx
SELECT * FROM AdTypeInfo  WHERE 1=1  
-------------end 2017/8/24 10:03:18-------------
-------------start 2017/8/24 10:03:18-------------/Admin/Ads/AdPageList.aspx
SELECT * FROM AdSiteInfo  WHERE 1=1  
-------------end 2017/8/24 10:03:18-------------
-------------start 2017/8/24 10:03:19-------------/Admin/Ads/AdPageList.aspx
SELECT TOP 10 * FROM [AdPageInfo]  WHERE 1=1  AND [IsDel]='0'  AND Id NOT IN (SELECT TOP 0 Id FROM [AdPageInfo]  WHERE 1=1  AND [IsDel]='0'   order by  id desc )   order by  id desc 
-------------end 2017/8/24 10:03:19-------------
-------------start 2017/8/24 10:03:19-------------/Admin/Ads/AdPageList.aspx
SELECT * FROM AdTypeInfo  WHERE 1=1  AND [Id]='0'  
-------------end 2017/8/24 10:03:19-------------
-------------start 2017/8/24 10:03:19-------------/Admin/Ads/AdPageList.aspx
SELECT * FROM AdSiteInfo  WHERE 1=1  AND [Id]='0'  
-------------end 2017/8/24 10:03:19-------------
-------------start 2017/8/24 10:03:19-------------/Admin/Ads/AdPageList.aspx
SELECT * FROM AdTypeInfo  WHERE 1=1  AND [Id]='0'  
-------------end 2017/8/24 10:03:19-------------
-------------start 2017/8/24 10:03:19-------------/Admin/Ads/AdPageList.aspx
SELECT * FROM AdSiteInfo  WHERE 1=1  AND [Id]='0'  
-------------end 2017/8/24 10:03:19-------------
-------------start 2017/8/24 10:03:19-------------/Admin/Ads/AdPageList.aspx
SELECT * FROM AdTypeInfo  WHERE 1=1  AND [Id]='0'  
-------------end 2017/8/24 10:03:19-------------
-------------start 2017/8/24 10:03:19-------------/Admin/Ads/AdPageList.aspx
SELECT * FROM AdSiteInfo  WHERE 1=1  AND [Id]='0'  
-------------end 2017/8/24 10:03:19-------------
-------------start 2017/8/24 10:03:19-------------/Admin/Ads/AdPageList.aspx
SELECT * FROM AdTypeInfo  WHERE 1=1  AND [Id]='0'  
-------------end 2017/8/24 10:03:19-------------
-------------start 2017/8/24 10:03:19-------------/Admin/Ads/AdPageList.aspx
SELECT * FROM AdSiteInfo  WHERE 1=1  AND [Id]='0'  
-------------end 2017/8/24 10:03:19-------------
-------------start 2017/8/24 10:03:19-------------/Admin/Ads/AdPageList.aspx
SELECT * FROM AdTypeInfo  WHERE 1=1  AND [Id]='0'  
-------------end 2017/8/24 10:03:19-------------
-------------start 2017/8/24 10:03:19-------------/Admin/Ads/AdPageList.aspx
SELECT * FROM AdSiteInfo  WHERE 1=1  AND [Id]='0'  
-------------end 2017/8/24 10:03:19-------------
-------------start 2017/8/24 10:03:19-------------/Admin/Ads/AdPageList.aspx
SELECT * FROM AdTypeInfo  WHERE 1=1  AND [Id]='0'  
-------------end 2017/8/24 10:03:19-------------
-------------start 2017/8/24 10:03:19-------------/Admin/Ads/AdPageList.aspx
SELECT * FROM AdSiteInfo  WHERE 1=1  AND [Id]='0'  
-------------end 2017/8/24 10:03:19-------------
-------------start 2017/8/24 10:03:19-------------/Admin/Ads/AdPageList.aspx
SELECT * FROM AdTypeInfo  WHERE 1=1  AND [Id]='0'  
-------------end 2017/8/24 10:03:19-------------
-------------start 2017/8/24 10:03:19-------------/Admin/Ads/AdPageList.aspx
SELECT * FROM AdSiteInfo  WHERE 1=1  AND [Id]='0'  
-------------end 2017/8/24 10:03:19-------------
-------------start 2017/8/24 10:03:19-------------/Admin/Ads/AdPageList.aspx
SELECT * FROM AdTypeInfo  WHERE 1=1  AND [Id]='0'  
-------------end 2017/8/24 10:03:19-------------
-------------start 2017/8/24 10:03:19-------------/Admin/Ads/AdPageList.aspx
SELECT * FROM AdSiteInfo  WHERE 1=1  AND [Id]='0'  
-------------end 2017/8/24 10:03:19-------------
-------------start 2017/8/24 10:03:19-------------/Admin/Ads/AdPageList.aspx
SELECT * FROM AdTypeInfo  WHERE 1=1  AND [Id]='0'  
-------------end 2017/8/24 10:03:19-------------
-------------start 2017/8/24 10:03:19-------------/Admin/Ads/AdPageList.aspx
SELECT * FROM AdSiteInfo  WHERE 1=1  AND [Id]='0'  
-------------end 2017/8/24 10:03:19-------------
-------------start 2017/8/24 10:03:19-------------/Admin/Ads/AdPageList.aspx
SELECT * FROM AdTypeInfo  WHERE 1=1  AND [Id]='0'  
-------------end 2017/8/24 10:03:19-------------
-------------start 2017/8/24 10:03:19-------------/Admin/Ads/AdPageList.aspx
SELECT * FROM AdSiteInfo  WHERE 1=1  AND [Id]='0'  
-------------end 2017/8/24 10:03:19-------------
-------------start 2017/8/24 10:03:20-------------/Admin/Ads/AdPageEdit.aspx?id=234
SELECT * FROM AccountInfo  WHERE 1=1  AND UserType <> 100 
 
-------------end 2017/8/24 10:03:20-------------
-------------start 2017/8/24 10:03:20-------------/Admin/Ads/AdPageEdit.aspx?id=234
SELECT * FROM AdPageInfo  WHERE 1=1  AND [Id]='234'  
-------------end 2017/8/24 10:03:20-------------
-------------start 2017/8/24 10:03:29-------------/Admin/Ads/AdPageEdit.aspx?id=234
SELECT * FROM AdPageInfo  WHERE 1=1  AND [Id]='234'  
-------------end 2017/8/24 10:03:29-------------
-------------start 2017/8/24 10:03:29-------------/Admin/Ads/AdPageEdit.aspx?id=234
SELECT * FROM AdPageInfo  WHERE 1=1  AND [Id]='234'  
-------------end 2017/8/24 10:03:29-------------
-------------start 2017/8/24 10:03:29-------------/Admin/Ads/AdPageEdit.aspx?id=234
SELECT * FROM AdPageInfo  WHERE 1=1  
-------------end 2017/8/24 10:03:29-------------
-------------start 2017/8/24 10:03:29-------------/Admin/Ads/AdPageEdit.aspx?id=234
SELECT * FROM AdPageInfo  WHERE 1=1  
-------------end 2017/8/24 10:03:29-------------
-------------start 2017/8/24 10:03:30-------------/Admin/Ads/AdPageList.aspx
SELECT * FROM AccountInfo  WHERE 1=1  AND UserType <> 100 
 
-------------end 2017/8/24 10:03:30-------------
-------------start 2017/8/24 10:03:30-------------/Admin/Ads/AdPageList.aspx
SELECT * FROM AdTypeInfo  WHERE 1=1  
-------------end 2017/8/24 10:03:30-------------
-------------start 2017/8/24 10:03:30-------------/Admin/Ads/AdPageList.aspx
SELECT * FROM AdSiteInfo  WHERE 1=1  
-------------end 2017/8/24 10:03:30-------------
-------------start 2017/8/24 10:03:30-------------/Admin/Ads/AdPageList.aspx
SELECT TOP 10 * FROM [AdPageInfo]  WHERE 1=1  AND [IsDel]='0'  AND Id NOT IN (SELECT TOP 0 Id FROM [AdPageInfo]  WHERE 1=1  AND [IsDel]='0'   order by  id desc )   order by  id desc 
-------------end 2017/8/24 10:03:30-------------
-------------start 2017/8/24 10:03:30-------------/Admin/Ads/AdPageList.aspx
SELECT * FROM AdTypeInfo  WHERE 1=1  AND [Id]='0'  
-------------end 2017/8/24 10:03:30-------------
-------------start 2017/8/24 10:03:30-------------/Admin/Ads/AdPageList.aspx
SELECT * FROM AdSiteInfo  WHERE 1=1  AND [Id]='0'  
-------------end 2017/8/24 10:03:30-------------
-------------start 2017/8/24 10:03:30-------------/Admin/Ads/AdPageList.aspx
SELECT * FROM AdTypeInfo  WHERE 1=1  AND [Id]='0'  
-------------end 2017/8/24 10:03:30-------------
-------------start 2017/8/24 10:03:30-------------/Admin/Ads/AdPageList.aspx
SELECT * FROM AdSiteInfo  WHERE 1=1  AND [Id]='0'  
-------------end 2017/8/24 10:03:30-------------
-------------start 2017/8/24 10:03:30-------------/Admin/Ads/AdPageList.aspx
SELECT * FROM AdTypeInfo  WHERE 1=1  AND [Id]='0'  
-------------end 2017/8/24 10:03:30-------------
-------------start 2017/8/24 10:03:30-------------/Admin/Ads/AdPageList.aspx
SELECT * FROM AdSiteInfo  WHERE 1=1  AND [Id]='0'  
-------------end 2017/8/24 10:03:30-------------
-------------start 2017/8/24 10:03:30-------------/Admin/Ads/AdPageList.aspx
SELECT * FROM AdTypeInfo  WHERE 1=1  AND [Id]='0'  
-------------end 2017/8/24 10:03:30-------------
-------------start 2017/8/24 10:03:30-------------/Admin/Ads/AdPageList.aspx
SELECT * FROM AdSiteInfo  WHERE 1=1  AND [Id]='0'  
-------------end 2017/8/24 10:03:30-------------
-------------start 2017/8/24 10:03:30-------------/Admin/Ads/AdPageList.aspx
SELECT * FROM AdTypeInfo  WHERE 1=1  AND [Id]='0'  
-------------end 2017/8/24 10:03:30-------------
-------------start 2017/8/24 10:03:30-------------/Admin/Ads/AdPageList.aspx
SELECT * FROM AdSiteInfo  WHERE 1=1  AND [Id]='0'  
-------------end 2017/8/24 10:03:30-------------
-------------start 2017/8/24 10:03:30-------------/Admin/Ads/AdPageList.aspx
SELECT * FROM AdTypeInfo  WHERE 1=1  AND [Id]='0'  
-------------end 2017/8/24 10:03:30-------------
-------------start 2017/8/24 10:03:30-------------/Admin/Ads/AdPageList.aspx
SELECT * FROM AdSiteInfo  WHERE 1=1  AND [Id]='0'  
-------------end 2017/8/24 10:03:30-------------
-------------start 2017/8/24 10:03:30-------------/Admin/Ads/AdPageList.aspx
SELECT * FROM AdTypeInfo  WHERE 1=1  AND [Id]='0'  
-------------end 2017/8/24 10:03:30-------------
-------------start 2017/8/24 10:03:30-------------/Admin/Ads/AdPageList.aspx
SELECT * FROM AdSiteInfo  WHERE 1=1  AND [Id]='0'  
-------------end 2017/8/24 10:03:30-------------
-------------start 2017/8/24 10:03:30-------------/Admin/Ads/AdPageList.aspx
SELECT * FROM AdTypeInfo  WHERE 1=1  AND [Id]='0'  
-------------end 2017/8/24 10:03:30-------------
-------------start 2017/8/24 10:03:30-------------/Admin/Ads/AdPageList.aspx
SELECT * FROM AdSiteInfo  WHERE 1=1  AND [Id]='0'  
-------------end 2017/8/24 10:03:30-------------
-------------start 2017/8/24 10:03:30-------------/Admin/Ads/AdPageList.aspx
SELECT * FROM AdTypeInfo  WHERE 1=1  AND [Id]='0'  
-------------end 2017/8/24 10:03:30-------------
-------------start 2017/8/24 10:03:30-------------/Admin/Ads/AdPageList.aspx
SELECT * FROM AdSiteInfo  WHERE 1=1  AND [Id]='0'  
-------------end 2017/8/24 10:03:30-------------
-------------start 2017/8/24 10:03:30-------------/Admin/Ads/AdPageList.aspx
SELECT * FROM AdTypeInfo  WHERE 1=1  AND [Id]='0'  
-------------end 2017/8/24 10:03:30-------------
-------------start 2017/8/24 10:03:30-------------/Admin/Ads/AdPageList.aspx
SELECT * FROM AdSiteInfo  WHERE 1=1  AND [Id]='0'  
-------------end 2017/8/24 10:03:30-------------
-------------start 2017/8/24 10:03:32-------------/Admin/Ads/AdPageEdit.aspx?id=234
SELECT * FROM AccountInfo  WHERE 1=1  AND UserType <> 100 
 
-------------end 2017/8/24 10:03:32-------------
-------------start 2017/8/24 10:03:32-------------/Admin/Ads/AdPageEdit.aspx?id=234
SELECT * FROM AdPageInfo  WHERE 1=1  AND [Id]='234'  
-------------end 2017/8/24 10:03:32-------------
-------------start 2017/8/24 10:05:05-------------/Admin/LogBrowse/AdSummaryList.aspx
SELECT * FROM AccountInfo  WHERE 1=1  AND [UserName]='admin' 
 
-------------end 2017/8/24 10:05:05-------------
-------------start 2017/8/24 10:05:05-------------/Admin/LogBrowse/AdSummaryList.aspx

select 
AdId
,count(*) as pvcount
,count(distinct(clientid)) as uvcount
,count(distinct(clientip)) as ipcount  
,count(distinct(clientid)) /count(*) as useravg 
from  [LogBrowse]
where 1=1  and time >= 20170801 
group by AdId  order by  AdId desc 
-------------end 2017/8/24 10:05:05-------------
-------------start 2017/8/24 10:05:05-------------/Admin/LogBrowse/AdSummaryList.aspx
SELECT * FROM AdPageInfo  WHERE 1=1  
-------------end 2017/8/24 10:05:05-------------
-------------start 2017/8/24 10:05:05-------------/Admin/LogBrowse/AdSummaryList.aspx
SELECT * FROM AdPageInfo  WHERE 1=1  
-------------end 2017/8/24 10:05:05-------------
-------------start 2017/8/24 10:05:05-------------/Admin/LogBrowse/AdSummaryList.aspx
SELECT * FROM AdPageInfo  WHERE 1=1  
-------------end 2017/8/24 10:05:05-------------
-------------start 2017/8/24 10:05:05-------------/Admin/LogBrowse/AdSummaryList.aspx
SELECT * FROM AdPageInfo  WHERE 1=1  AND [Id]='272'  
-------------end 2017/8/24 10:05:05-------------
-------------start 2017/8/24 10:05:05-------------/Admin/LogBrowse/AdSummaryList.aspx
SELECT * FROM AdPageInfo  WHERE 1=1  
-------------end 2017/8/24 10:05:05-------------
-------------start 2017/8/24 10:05:05-------------/Admin/LogBrowse/AdSummaryList.aspx
SELECT * FROM AdPageInfo  WHERE 1=1  
-------------end 2017/8/24 10:05:05-------------
-------------start 2017/8/24 10:05:05-------------/Admin/LogBrowse/AdSummaryList.aspx
SELECT * FROM AdPageInfo  WHERE 1=1  
-------------end 2017/8/24 10:05:05-------------
-------------start 2017/8/24 10:05:05-------------/Admin/LogBrowse/AdSummaryList.aspx
SELECT * FROM AdPageInfo  WHERE 1=1  
-------------end 2017/8/24 10:05:05-------------
-------------start 2017/8/24 10:05:05-------------/Admin/LogBrowse/AdSummaryList.aspx
SELECT * FROM AdPageInfo  WHERE 1=1  
-------------end 2017/8/24 10:05:05-------------
-------------start 2017/8/24 10:05:05-------------/Admin/LogBrowse/AdSummaryList.aspx
SELECT * FROM AdPageInfo  WHERE 1=1  
-------------end 2017/8/24 10:05:05-------------
-------------start 2017/8/24 10:05:05-------------/Admin/LogBrowse/AdSummaryList.aspx
SELECT * FROM AdPageInfo  WHERE 1=1  
-------------end 2017/8/24 10:05:05-------------
-------------start 2017/8/24 10:05:05-------------/Admin/LogBrowse/AdSummaryList.aspx
SELECT * FROM AdPageInfo  WHERE 1=1  
-------------end 2017/8/24 10:05:05-------------
-------------start 2017/8/24 10:05:05-------------/Admin/LogBrowse/AdSummaryList.aspx
SELECT * FROM AdPageInfo  WHERE 1=1  
-------------end 2017/8/24 10:05:05-------------
-------------start 2017/8/24 10:05:05-------------/Admin/LogBrowse/AdSummaryList.aspx
SELECT * FROM AdPageInfo  WHERE 1=1  
-------------end 2017/8/24 10:05:05-------------
-------------start 2017/8/24 10:05:05-------------/Admin/LogBrowse/AdSummaryList.aspx
SELECT * FROM AdPageInfo  WHERE 1=1  
-------------end 2017/8/24 10:05:05-------------
-------------start 2017/8/24 10:05:05-------------/Admin/LogBrowse/AdSummaryList.aspx
SELECT * FROM AdPageInfo  WHERE 1=1  
-------------end 2017/8/24 10:05:05-------------
-------------start 2017/8/24 10:05:05-------------/Admin/LogBrowse/AdSummaryList.aspx
SELECT * FROM AdPageInfo  WHERE 1=1  
-------------end 2017/8/24 10:05:05-------------
-------------start 2017/8/24 10:05:05-------------/Admin/LogBrowse/AdSummaryList.aspx
SELECT * FROM AdPageInfo  WHERE 1=1  
-------------end 2017/8/24 10:05:05-------------
-------------start 2017/8/24 10:05:05-------------/Admin/LogBrowse/AdSummaryList.aspx
SELECT * FROM AdPageInfo  WHERE 1=1  
-------------end 2017/8/24 10:05:05-------------
-------------start 2017/8/24 10:05:05-------------/Admin/LogBrowse/AdSummaryList.aspx
SELECT * FROM AdPageInfo  WHERE 1=1  
-------------end 2017/8/24 10:05:05-------------
-------------start 2017/8/24 10:05:05-------------/Admin/LogBrowse/AdSummaryList.aspx
SELECT * FROM AdPageInfo  WHERE 1=1  
-------------end 2017/8/24 10:05:05-------------
-------------start 2017/8/24 10:05:05-------------/Admin/LogBrowse/AdSummaryList.aspx
SELECT * FROM AdPageInfo  WHERE 1=1  
-------------end 2017/8/24 10:05:05-------------
