-------------start 2017/10/30 12:47:35-------------/Login.aspx
SELECT * FROM AccountInfo  WHERE 1=1  AND [UserName]='admin' 
 
-------------end 2017/10/30 12:47:35-------------
-------------start 2017/10/30 12:47:36-------------/Admin/Index.aspx
SELECT * FROM AccountInfo  WHERE 1=1  AND [UserName]='admin' 
 
-------------end 2017/10/30 12:47:36-------------
-------------start 2017/10/30 12:47:40-------------/Admin/Ads/AdPageList.aspx
SELECT * FROM AccountInfo  WHERE 1=1  AND UserType <> 100 
 
-------------end 2017/10/30 12:47:40-------------
-------------start 2017/10/30 12:47:40-------------/Admin/Ads/AdPageList.aspx
SELECT * FROM AdTypeInfo  WHERE 1=1  
-------------end 2017/10/30 12:47:40-------------
-------------start 2017/10/30 12:47:40-------------/Admin/Ads/AdPageList.aspx
SELECT * FROM AdSiteInfo  WHERE 1=1  
-------------end 2017/10/30 12:47:40-------------
-------------start 2017/10/30 12:47:40-------------/Admin/Ads/AdPageList.aspx
SELECT * FROM AdPageInfo  WHERE 1=1  
-------------end 2017/10/30 12:47:40-------------
-------------start 2017/10/30 12:47:40-------------/Admin/Ads/AdPageList.aspx
SELECT TOP 10 * FROM [AdPageInfo]  WHERE 1=1  AND [IsDel]='0'  AND Id NOT IN (SELECT TOP 0 Id FROM [AdPageInfo]  WHERE 1=1  AND [IsDel]='0'   order by  id desc )   order by  id desc 
-------------end 2017/10/30 12:47:40-------------
-------------start 2017/10/30 12:47:40-------------/Admin/Ads/AdPageList.aspx
SELECT * FROM AccountInfo  WHERE 1=1  AND [Id]='27' 
 
-------------end 2017/10/30 12:47:40-------------
-------------start 2017/10/30 12:47:40-------------/Admin/Ads/AdPageList.aspx
SELECT * FROM AdTypeInfo  WHERE 1=1  AND [Id]='0'  
-------------end 2017/10/30 12:47:40-------------
-------------start 2017/10/30 12:47:40-------------/Admin/Ads/AdPageList.aspx
SELECT * FROM AdSiteInfo  WHERE 1=1  AND [Id]='0'  
-------------end 2017/10/30 12:47:40-------------
-------------start 2017/10/30 12:47:40-------------/Admin/Ads/AdPageList.aspx
SELECT * FROM AccountInfo  WHERE 1=1  AND [Id]='2' 
 
-------------end 2017/10/30 12:47:40-------------
-------------start 2017/10/30 12:47:40-------------/Admin/Ads/AdPageList.aspx
SELECT * FROM AdTypeInfo  WHERE 1=1  AND [Id]='0'  
-------------end 2017/10/30 12:47:40-------------
-------------start 2017/10/30 12:47:40-------------/Admin/Ads/AdPageList.aspx
SELECT * FROM AdSiteInfo  WHERE 1=1  AND [Id]='0'  
-------------end 2017/10/30 12:47:40-------------
-------------start 2017/10/30 12:47:40-------------/Admin/Ads/AdPageList.aspx
SELECT * FROM AdTypeInfo  WHERE 1=1  AND [Id]='0'  
-------------end 2017/10/30 12:47:40-------------
-------------start 2017/10/30 12:47:40-------------/Admin/Ads/AdPageList.aspx
SELECT * FROM AdSiteInfo  WHERE 1=1  AND [Id]='0'  
-------------end 2017/10/30 12:47:40-------------
-------------start 2017/10/30 12:47:40-------------/Admin/Ads/AdPageList.aspx
SELECT * FROM AccountInfo  WHERE 1=1  AND [Id]='26' 
 
-------------end 2017/10/30 12:47:40-------------
-------------start 2017/10/30 12:47:40-------------/Admin/Ads/AdPageList.aspx
SELECT * FROM AdTypeInfo  WHERE 1=1  AND [Id]='0'  
-------------end 2017/10/30 12:47:40-------------
-------------start 2017/10/30 12:47:40-------------/Admin/Ads/AdPageList.aspx
SELECT * FROM AdSiteInfo  WHERE 1=1  AND [Id]='0'  
-------------end 2017/10/30 12:47:40-------------
-------------start 2017/10/30 12:47:40-------------/Admin/Ads/AdPageList.aspx
SELECT * FROM AdTypeInfo  WHERE 1=1  AND [Id]='0'  
-------------end 2017/10/30 12:47:40-------------
-------------start 2017/10/30 12:47:40-------------/Admin/Ads/AdPageList.aspx
SELECT * FROM AdSiteInfo  WHERE 1=1  AND [Id]='0'  
-------------end 2017/10/30 12:47:40-------------
-------------start 2017/10/30 12:47:40-------------/Admin/Ads/AdPageList.aspx
SELECT * FROM AdTypeInfo  WHERE 1=1  AND [Id]='0'  
-------------end 2017/10/30 12:47:40-------------
-------------start 2017/10/30 12:47:40-------------/Admin/Ads/AdPageList.aspx
SELECT * FROM AdSiteInfo  WHERE 1=1  AND [Id]='0'  
-------------end 2017/10/30 12:47:40-------------
-------------start 2017/10/30 12:47:40-------------/Admin/Ads/AdPageList.aspx
SELECT * FROM AccountInfo  WHERE 1=1  AND [Id]='25' 
 
-------------end 2017/10/30 12:47:40-------------
-------------start 2017/10/30 12:47:40-------------/Admin/Ads/AdPageList.aspx
SELECT * FROM AdTypeInfo  WHERE 1=1  AND [Id]='0'  
-------------end 2017/10/30 12:47:40-------------
-------------start 2017/10/30 12:47:40-------------/Admin/Ads/AdPageList.aspx
SELECT * FROM AdSiteInfo  WHERE 1=1  AND [Id]='0'  
-------------end 2017/10/30 12:47:40-------------
-------------start 2017/10/30 12:47:40-------------/Admin/Ads/AdPageList.aspx
SELECT * FROM AdTypeInfo  WHERE 1=1  AND [Id]='0'  
-------------end 2017/10/30 12:47:40-------------
-------------start 2017/10/30 12:47:40-------------/Admin/Ads/AdPageList.aspx
SELECT * FROM AdSiteInfo  WHERE 1=1  AND [Id]='0'  
-------------end 2017/10/30 12:47:40-------------
-------------start 2017/10/30 12:47:40-------------/Admin/Ads/AdPageList.aspx
SELECT * FROM AdTypeInfo  WHERE 1=1  AND [Id]='0'  
-------------end 2017/10/30 12:47:40-------------
-------------start 2017/10/30 12:47:40-------------/Admin/Ads/AdPageList.aspx
SELECT * FROM AdSiteInfo  WHERE 1=1  AND [Id]='0'  
-------------end 2017/10/30 12:47:40-------------
-------------start 2017/10/30 12:47:40-------------/Admin/Ads/AdPageList.aspx
SELECT * FROM AdTypeInfo  WHERE 1=1  AND [Id]='0'  
-------------end 2017/10/30 12:47:40-------------
-------------start 2017/10/30 12:47:40-------------/Admin/Ads/AdPageList.aspx
SELECT * FROM AdSiteInfo  WHERE 1=1  AND [Id]='0'  
-------------end 2017/10/30 12:47:40-------------
-------------start 2017/10/30 12:47:43-------------/Admin/Ads/AdPageEdit.aspx?id=239
SELECT * FROM AccountInfo  WHERE 1=1  AND UserType <> 100 
 
-------------end 2017/10/30 12:47:43-------------
-------------start 2017/10/30 12:47:43-------------/Admin/Ads/AdPageEdit.aspx?id=239
SELECT * FROM AdPageInfo  WHERE 1=1  AND [Id]='239'  
-------------end 2017/10/30 12:47:43-------------
-------------start 2017/10/30 12:49:58-------------/Admin/Ads/AdPageEdit.aspx?id=239
SELECT * FROM AccountInfo  WHERE 1=1  AND UserType <> 100 
 
-------------end 2017/10/30 12:49:58-------------
-------------start 2017/10/30 12:49:58-------------/Admin/Ads/AdPageEdit.aspx?id=239
SELECT * FROM AdPageInfo  WHERE 1=1  AND [Id]='239'  
-------------end 2017/10/30 12:49:58-------------
