-------------start 2017/7/23 13:00:26-------------/Login.aspx
SELECT * FROM AccountInfo  WHERE 1=1  AND [UserName]='admin' 
 
-------------end 2017/7/23 13:00:26-------------
-------------start 2017/7/23 13:00:29-------------/Admin/Index.aspx
SELECT * FROM AccountInfo  WHERE 1=1  AND [UserName]='admin' 
 
-------------end 2017/7/23 13:00:29-------------
-------------start 2017/7/23 13:01:06-------------/Admin/Ads/AdPageList.aspx
SELECT * FROM AccountInfo  WHERE 1=1  AND [UserType]='0' 
 
-------------end 2017/7/23 13:01:06-------------
-------------start 2017/7/23 13:01:06-------------/Admin/Ads/AdPageList.aspx
SELECT * FROM AdTypeInfo  WHERE 1=1  
-------------end 2017/7/23 13:01:06-------------
-------------start 2017/7/23 13:01:06-------------/Admin/Ads/AdPageList.aspx
SELECT * FROM AdSiteInfo  WHERE 1=1  
-------------end 2017/7/23 13:01:06-------------
-------------start 2017/7/23 13:01:06-------------/Admin/Ads/AdPageList.aspx
SELECT * FROM AdPageInfo  WHERE 1=1  
-------------end 2017/7/23 13:01:06-------------
-------------start 2017/7/23 13:01:07-------------/Admin/Ads/AdPageList.aspx
SELECT TOP 10 * FROM [AdPageInfo]  WHERE 1=1  AND [IsDel]='0'  AND Id NOT IN (SELECT TOP 0 Id FROM [AdPageInfo]  WHERE 1=1  AND [IsDel]='0'   order by  id desc )   order by  id desc 
-------------end 2017/7/23 13:01:07-------------
-------------start 2017/7/23 13:01:07-------------/Admin/Ads/AdPageList.aspx
SELECT * FROM AccountInfo  WHERE 1=1  AND [Id]='1007' 
 
-------------end 2017/7/23 13:01:07-------------
-------------start 2017/7/23 13:01:07-------------/Admin/Ads/AdPageList.aspx
SELECT * FROM AdTypeInfo  WHERE 1=1  AND [Id]='0'  
-------------end 2017/7/23 13:01:07-------------
-------------start 2017/7/23 13:01:07-------------/Admin/Ads/AdPageList.aspx
SELECT * FROM AdSiteInfo  WHERE 1=1  AND [Id]='0'  
-------------end 2017/7/23 13:01:07-------------
-------------start 2017/7/23 13:01:07-------------/Admin/Ads/AdPageList.aspx
SELECT * FROM AccountInfo  WHERE 1=1  AND [Id]='3' 
 
-------------end 2017/7/23 13:01:07-------------
-------------start 2017/7/23 13:01:07-------------/Admin/Ads/AdPageList.aspx
SELECT * FROM AdTypeInfo  WHERE 1=1  AND [Id]='0'  
-------------end 2017/7/23 13:01:07-------------
-------------start 2017/7/23 13:01:07-------------/Admin/Ads/AdPageList.aspx
SELECT * FROM AdSiteInfo  WHERE 1=1  AND [Id]='0'  
-------------end 2017/7/23 13:01:07-------------
-------------start 2017/7/23 13:01:07-------------/Admin/Ads/AdPageList.aspx
SELECT * FROM AccountInfo  WHERE 1=1  AND [Id]='1006' 
 
-------------end 2017/7/23 13:01:07-------------
-------------start 2017/7/23 13:01:07-------------/Admin/Ads/AdPageList.aspx
SELECT * FROM AdTypeInfo  WHERE 1=1  AND [Id]='0'  
-------------end 2017/7/23 13:01:07-------------
-------------start 2017/7/23 13:01:07-------------/Admin/Ads/AdPageList.aspx
SELECT * FROM AdSiteInfo  WHERE 1=1  AND [Id]='0'  
-------------end 2017/7/23 13:01:07-------------
-------------start 2017/7/23 13:01:07-------------/Admin/Ads/AdPageList.aspx
SELECT * FROM AccountInfo  WHERE 1=1  AND [Id]='5' 
 
-------------end 2017/7/23 13:01:07-------------
-------------start 2017/7/23 13:01:07-------------/Admin/Ads/AdPageList.aspx
SELECT * FROM AdTypeInfo  WHERE 1=1  AND [Id]='0'  
-------------end 2017/7/23 13:01:07-------------
-------------start 2017/7/23 13:01:07-------------/Admin/Ads/AdPageList.aspx
SELECT * FROM AdSiteInfo  WHERE 1=1  AND [Id]='0'  
-------------end 2017/7/23 13:01:07-------------
-------------start 2017/7/23 13:01:07-------------/Admin/Ads/AdPageList.aspx
SELECT * FROM AccountInfo  WHERE 1=1  AND [Id]='2' 
 
-------------end 2017/7/23 13:01:07-------------
-------------start 2017/7/23 13:01:07-------------/Admin/Ads/AdPageList.aspx
SELECT * FROM AdTypeInfo  WHERE 1=1  AND [Id]='3'  
-------------end 2017/7/23 13:01:07-------------
-------------start 2017/7/23 13:01:07-------------/Admin/Ads/AdPageList.aspx
SELECT * FROM AdSiteInfo  WHERE 1=1  AND [Id]='22'  
-------------end 2017/7/23 13:01:07-------------
-------------start 2017/7/23 13:01:07-------------/Admin/Ads/AdPageList.aspx
SELECT * FROM AdSiteInfo  WHERE 1=1  AND [Id]='21'  
-------------end 2017/7/23 13:01:07-------------
-------------start 2017/7/23 13:01:07-------------/Admin/Ads/AdPageList.aspx
SELECT * FROM AdSiteInfo  WHERE 1=1  AND [Id]='4'  
-------------end 2017/7/23 13:01:07-------------
-------------start 2017/7/23 13:01:07-------------/Admin/Ads/AdPageList.aspx
SELECT * FROM AdTypeInfo  WHERE 1=1  AND [Id]='0'  
-------------end 2017/7/23 13:01:07-------------
-------------start 2017/7/23 13:01:07-------------/Admin/Ads/AdPageList.aspx
SELECT * FROM AdSiteInfo  WHERE 1=1  AND [Id]='0'  
-------------end 2017/7/23 13:01:07-------------
-------------start 2017/7/23 13:01:07-------------/Admin/Ads/AdPageList.aspx
SELECT * FROM AdTypeInfo  WHERE 1=1  AND [Id]='0'  
-------------end 2017/7/23 13:01:07-------------
-------------start 2017/7/23 13:01:07-------------/Admin/Ads/AdPageList.aspx
SELECT * FROM AdSiteInfo  WHERE 1=1  AND [Id]='0'  
-------------end 2017/7/23 13:01:07-------------
-------------start 2017/7/23 13:01:07-------------/Admin/Ads/AdPageList.aspx
SELECT * FROM AdTypeInfo  WHERE 1=1  AND [Id]='0'  
-------------end 2017/7/23 13:01:07-------------
-------------start 2017/7/23 13:01:07-------------/Admin/Ads/AdPageList.aspx
SELECT * FROM AdSiteInfo  WHERE 1=1  AND [Id]='0'  
-------------end 2017/7/23 13:01:07-------------
-------------start 2017/7/23 13:01:36-------------/Admin/Ads/AdPageEdit.aspx?id=144
SELECT * FROM AccountInfo  WHERE 1=1  AND UserType IN (0,2)
 
-------------end 2017/7/23 13:01:36-------------
-------------start 2017/7/23 13:01:36-------------/Admin/Ads/AdPageEdit.aspx?id=144
SELECT * FROM AdPageInfo  WHERE 1=1  AND [Id]='144'  
-------------end 2017/7/23 13:01:36-------------
-------------start 2017/7/23 13:01:42-------------/Admin/Ads/AdPageEdit.aspx?id=146
SELECT * FROM AccountInfo  WHERE 1=1  AND UserType IN (0,2)
 
-------------end 2017/7/23 13:01:42-------------
-------------start 2017/7/23 13:01:42-------------/Admin/Ads/AdPageEdit.aspx?id=146
SELECT * FROM AdPageInfo  WHERE 1=1  AND [Id]='146'  
-------------end 2017/7/23 13:01:42-------------
-------------start 2017/7/23 13:01:48-------------/Admin/Ads/AdPageEdit.aspx?id=140
SELECT * FROM AccountInfo  WHERE 1=1  AND UserType IN (0,2)
 
-------------end 2017/7/23 13:01:48-------------
-------------start 2017/7/23 13:01:48-------------/Admin/Ads/AdPageEdit.aspx?id=140
SELECT * FROM AdPageInfo  WHERE 1=1  AND [Id]='140'  
-------------end 2017/7/23 13:01:48-------------
-------------start 2017/7/23 13:50:10-------------/Login.aspx
SELECT * FROM AccountInfo  WHERE 1=1  AND [UserName]='admin' 
 
-------------end 2017/7/23 13:50:10-------------
-------------start 2017/7/23 13:50:12-------------/Admin/Index.aspx
SELECT * FROM AccountInfo  WHERE 1=1  AND [UserName]='admin' 
 
-------------end 2017/7/23 13:50:12-------------
-------------start 2017/7/23 13:50:37-------------/Admin/Cus/CusList.aspx
SELECT TOP 10 * FROM [CustomerInfo]  WHERE 1=1  AND Id NOT IN (SELECT TOP 0 Id FROM [CustomerInfo]  WHERE 1=1   order by  id desc )   order by  id desc 
-------------end 2017/7/23 13:50:37-------------
-------------start 2017/7/23 13:50:37-------------/Admin/Cus/CusList.aspx
SELECT * FROM AccountInfo  WHERE 1=1  AND [Id]='2' 
 
-------------end 2017/7/23 13:50:37-------------
-------------start 2017/7/23 13:51:07-------------/Admin/Cus/CusList.aspx
SELECT TOP 10 * FROM [CustomerInfo]  WHERE 1=1  AND Id NOT IN (SELECT TOP 0 Id FROM [CustomerInfo]  WHERE 1=1   order by  id desc )   order by  id desc 
-------------end 2017/7/23 13:51:07-------------
-------------start 2017/7/23 13:55:44-------------/Admin/Cus/CusList.aspx
SELECT TOP 10 * FROM [CustomerInfo]  WHERE 1=1  AND Id NOT IN (SELECT TOP 0 Id FROM [CustomerInfo]  WHERE 1=1   order by  id desc )   order by  id desc 
-------------end 2017/7/23 13:55:44-------------
-------------start 2017/7/23 13:55:53-------------/Admin/Cus/CusList.aspx
SELECT TOP 10 * FROM [CustomerInfo]  WHERE 1=1  AND Id NOT IN (SELECT TOP 0 Id FROM [CustomerInfo]  WHERE 1=1   order by  id desc )   order by  id desc 
-------------end 2017/7/23 13:55:53-------------
-------------start 2017/7/23 13:55:54-------------/Admin/Cus/CusList.aspx
SELECT * FROM AccountInfo  WHERE 1=1  AND [Id]='2' 
 
-------------end 2017/7/23 13:55:54-------------
-------------start 2017/7/23 13:55:54-------------/Admin/Cus/CusList.aspx
SELECT * FROM AccountInfo  WHERE 1=1  AND [UserName]='admin' 
 
-------------end 2017/7/23 13:55:54-------------
-------------start 2017/7/23 13:56:44-------------/Admin/Cus/CusList.aspx
SELECT TOP 10 * FROM [CustomerInfo]  WHERE 1=1  AND Id NOT IN (SELECT TOP 0 Id FROM [CustomerInfo]  WHERE 1=1   order by  id desc )   order by  id desc 
-------------end 2017/7/23 13:56:44-------------
