-------------start 2017/8/7 18:02:53-------------/Login.aspx
SELECT * FROM AccountInfo  WHERE 1=1  AND [UserName]='admin' 
 
-------------end 2017/8/7 18:02:53-------------
-------------start 2017/8/7 18:02:55-------------/Login.aspx
SELECT * FROM AccountInfo  WHERE 1=1  AND [UserName]='admin' 
 
-------------end 2017/8/7 18:02:55-------------
-------------start 2017/8/7 18:02:59-------------/Login.aspx
SELECT * FROM AccountInfo  WHERE 1=1  AND [UserName]='admin' 
 
-------------end 2017/8/7 18:02:59-------------
-------------start 2017/8/7 18:02:59-------------/Admin/Index.aspx
SELECT * FROM AccountInfo  WHERE 1=1  AND [UserName]='admin' 
 
-------------end 2017/8/7 18:02:59-------------
-------------start 2017/8/7 18:03:02-------------/Admin/Ads/AdPageList.aspx
SELECT * FROM AccountInfo  WHERE 1=1  AND UserType IN (0,1,2,3)
 
-------------end 2017/8/7 18:03:02-------------
-------------start 2017/8/7 18:03:02-------------/Admin/Ads/AdPageList.aspx
SELECT * FROM AdTypeInfo  WHERE 1=1  
-------------end 2017/8/7 18:03:02-------------
-------------start 2017/8/7 18:03:02-------------/Admin/Ads/AdPageList.aspx
SELECT * FROM AdSiteInfo  WHERE 1=1  
-------------end 2017/8/7 18:03:02-------------
-------------start 2017/8/7 18:03:02-------------/Admin/Ads/AdPageList.aspx
SELECT * FROM AdPageInfo  WHERE 1=1  
-------------end 2017/8/7 18:03:02-------------
-------------start 2017/8/7 18:03:02-------------/Admin/Ads/AdPageList.aspx
SELECT TOP 10 * FROM [AdPageInfo]  WHERE 1=1  AND [IsDel]='0'  AND Id NOT IN (SELECT TOP 0 Id FROM [AdPageInfo]  WHERE 1=1  AND [IsDel]='0'   order by  id desc )   order by  id desc 
-------------end 2017/8/7 18:03:02-------------
-------------start 2017/8/7 18:03:02-------------/Admin/Ads/AdPageList.aspx
SELECT * FROM AccountInfo  WHERE 1=1  AND [Id]='19' 
 
-------------end 2017/8/7 18:03:02-------------
-------------start 2017/8/7 18:03:02-------------/Admin/Ads/AdPageList.aspx
SELECT * FROM AdTypeInfo  WHERE 1=1  AND [Id]='0'  
-------------end 2017/8/7 18:03:02-------------
-------------start 2017/8/7 18:03:02-------------/Admin/Ads/AdPageList.aspx
SELECT * FROM AdSiteInfo  WHERE 1=1  AND [Id]='0'  
-------------end 2017/8/7 18:03:02-------------
-------------start 2017/8/7 18:03:02-------------/Admin/Ads/AdPageList.aspx
SELECT * FROM AccountInfo  WHERE 1=1  AND [Id]='17' 
 
-------------end 2017/8/7 18:03:02-------------
-------------start 2017/8/7 18:03:02-------------/Admin/Ads/AdPageList.aspx
SELECT * FROM AdTypeInfo  WHERE 1=1  AND [Id]='0'  
-------------end 2017/8/7 18:03:02-------------
-------------start 2017/8/7 18:03:02-------------/Admin/Ads/AdPageList.aspx
SELECT * FROM AdSiteInfo  WHERE 1=1  AND [Id]='0'  
-------------end 2017/8/7 18:03:02-------------
-------------start 2017/8/7 18:03:02-------------/Admin/Ads/AdPageList.aspx
SELECT * FROM AccountInfo  WHERE 1=1  AND [Id]='13' 
 
-------------end 2017/8/7 18:03:02-------------
-------------start 2017/8/7 18:03:02-------------/Admin/Ads/AdPageList.aspx
SELECT * FROM AdTypeInfo  WHERE 1=1  AND [Id]='0'  
-------------end 2017/8/7 18:03:02-------------
-------------start 2017/8/7 18:03:02-------------/Admin/Ads/AdPageList.aspx
SELECT * FROM AdSiteInfo  WHERE 1=1  AND [Id]='0'  
-------------end 2017/8/7 18:03:02-------------
-------------start 2017/8/7 18:03:02-------------/Admin/Ads/AdPageList.aspx
SELECT * FROM AccountInfo  WHERE 1=1  AND [Id]='2' 
 
-------------end 2017/8/7 18:03:02-------------
-------------start 2017/8/7 18:03:02-------------/Admin/Ads/AdPageList.aspx
SELECT * FROM AdTypeInfo  WHERE 1=1  AND [Id]='0'  
-------------end 2017/8/7 18:03:02-------------
-------------start 2017/8/7 18:03:02-------------/Admin/Ads/AdPageList.aspx
SELECT * FROM AdSiteInfo  WHERE 1=1  AND [Id]='0'  
-------------end 2017/8/7 18:03:02-------------
-------------start 2017/8/7 18:03:02-------------/Admin/Ads/AdPageList.aspx
SELECT * FROM AccountInfo  WHERE 1=1  AND [Id]='5' 
 
-------------end 2017/8/7 18:03:02-------------
-------------start 2017/8/7 18:03:02-------------/Admin/Ads/AdPageList.aspx
SELECT * FROM AdTypeInfo  WHERE 1=1  AND [Id]='0'  
-------------end 2017/8/7 18:03:02-------------
-------------start 2017/8/7 18:03:02-------------/Admin/Ads/AdPageList.aspx
SELECT * FROM AdSiteInfo  WHERE 1=1  AND [Id]='0'  
-------------end 2017/8/7 18:03:02-------------
-------------start 2017/8/7 18:03:02-------------/Admin/Ads/AdPageList.aspx
SELECT * FROM AdTypeInfo  WHERE 1=1  AND [Id]='0'  
-------------end 2017/8/7 18:03:02-------------
-------------start 2017/8/7 18:03:02-------------/Admin/Ads/AdPageList.aspx
SELECT * FROM AdSiteInfo  WHERE 1=1  AND [Id]='0'  
-------------end 2017/8/7 18:03:02-------------
-------------start 2017/8/7 18:03:02-------------/Admin/Ads/AdPageList.aspx
SELECT * FROM AdTypeInfo  WHERE 1=1  AND [Id]='0'  
-------------end 2017/8/7 18:03:02-------------
-------------start 2017/8/7 18:03:02-------------/Admin/Ads/AdPageList.aspx
SELECT * FROM AdSiteInfo  WHERE 1=1  AND [Id]='0'  
-------------end 2017/8/7 18:03:02-------------
-------------start 2017/8/7 18:03:02-------------/Admin/Ads/AdPageList.aspx
SELECT * FROM AdTypeInfo  WHERE 1=1  AND [Id]='0'  
-------------end 2017/8/7 18:03:02-------------
-------------start 2017/8/7 18:03:02-------------/Admin/Ads/AdPageList.aspx
SELECT * FROM AdSiteInfo  WHERE 1=1  AND [Id]='0'  
-------------end 2017/8/7 18:03:02-------------
-------------start 2017/8/7 18:03:02-------------/Admin/Ads/AdPageList.aspx
SELECT * FROM AdTypeInfo  WHERE 1=1  AND [Id]='0'  
-------------end 2017/8/7 18:03:02-------------
-------------start 2017/8/7 18:03:02-------------/Admin/Ads/AdPageList.aspx
SELECT * FROM AdSiteInfo  WHERE 1=1  AND [Id]='0'  
-------------end 2017/8/7 18:03:02-------------
-------------start 2017/8/7 18:03:02-------------/Admin/Ads/AdPageList.aspx
SELECT * FROM AdTypeInfo  WHERE 1=1  AND [Id]='0'  
-------------end 2017/8/7 18:03:02-------------
-------------start 2017/8/7 18:03:02-------------/Admin/Ads/AdPageList.aspx
SELECT * FROM AdSiteInfo  WHERE 1=1  AND [Id]='0'  
-------------end 2017/8/7 18:03:02-------------
-------------start 2017/8/7 18:04:17-------------/Admin/Ads/AdPageEdit.aspx?id=224
SELECT * FROM AccountInfo  WHERE 1=1  AND UserType IN (0,2)
 
-------------end 2017/8/7 18:04:17-------------
-------------start 2017/8/7 18:04:17-------------/Admin/Ads/AdPageEdit.aspx?id=224
SELECT * FROM AdPageInfo  WHERE 1=1  AND [Id]='224'  
-------------end 2017/8/7 18:04:17-------------
-------------start 2017/8/7 18:04:56-------------/Admin/Ads/AdPageEdit.aspx?id=224
SELECT * FROM AdPageInfo  WHERE 1=1  AND [Id]='224'  
-------------end 2017/8/7 18:04:56-------------
-------------start 2017/8/7 18:04:56-------------/Admin/Ads/AdPageEdit.aspx?id=224
SELECT * FROM AdPageInfo  WHERE 1=1  AND [Id]='224'  
-------------end 2017/8/7 18:04:56-------------
-------------start 2017/8/7 18:04:56-------------/Admin/Ads/AdPageEdit.aspx?id=224
SELECT * FROM ArticleInfo  WHERE 1=1  
-------------end 2017/8/7 18:04:56-------------
-------------start 2017/8/7 18:04:56-------------/Admin/Ads/AdPageEdit.aspx?id=224
SELECT * FROM AdPageInfo  WHERE 1=1  
-------------end 2017/8/7 18:04:56-------------
-------------start 2017/8/7 18:04:56-------------/Admin/Ads/AdPageEdit.aspx?id=224
SELECT * FROM AdPageInfo  WHERE 1=1  
-------------end 2017/8/7 18:04:56-------------
-------------start 2017/8/7 18:04:57-------------/Admin/Ads/AdPageList.aspx
SELECT * FROM AccountInfo  WHERE 1=1  AND UserType IN (0,1,2,3)
 
-------------end 2017/8/7 18:04:57-------------
-------------start 2017/8/7 18:04:57-------------/Admin/Ads/AdPageList.aspx
SELECT * FROM AdTypeInfo  WHERE 1=1  
-------------end 2017/8/7 18:04:57-------------
-------------start 2017/8/7 18:04:57-------------/Admin/Ads/AdPageList.aspx
SELECT * FROM AdSiteInfo  WHERE 1=1  
-------------end 2017/8/7 18:04:57-------------
-------------start 2017/8/7 18:04:57-------------/Admin/Ads/AdPageList.aspx
SELECT TOP 10 * FROM [AdPageInfo]  WHERE 1=1  AND [IsDel]='0'  AND Id NOT IN (SELECT TOP 0 Id FROM [AdPageInfo]  WHERE 1=1  AND [IsDel]='0'   order by  id desc )   order by  id desc 
-------------end 2017/8/7 18:04:57-------------
-------------start 2017/8/7 18:04:57-------------/Admin/Ads/AdPageList.aspx
SELECT * FROM AdTypeInfo  WHERE 1=1  AND [Id]='0'  
-------------end 2017/8/7 18:04:57-------------
-------------start 2017/8/7 18:04:57-------------/Admin/Ads/AdPageList.aspx
SELECT * FROM AdSiteInfo  WHERE 1=1  AND [Id]='0'  
-------------end 2017/8/7 18:04:57-------------
-------------start 2017/8/7 18:04:57-------------/Admin/Ads/AdPageList.aspx
SELECT * FROM AdTypeInfo  WHERE 1=1  AND [Id]='0'  
-------------end 2017/8/7 18:04:57-------------
-------------start 2017/8/7 18:04:57-------------/Admin/Ads/AdPageList.aspx
SELECT * FROM AdSiteInfo  WHERE 1=1  AND [Id]='0'  
-------------end 2017/8/7 18:04:57-------------
-------------start 2017/8/7 18:04:57-------------/Admin/Ads/AdPageList.aspx
SELECT * FROM AdTypeInfo  WHERE 1=1  AND [Id]='0'  
-------------end 2017/8/7 18:04:57-------------
-------------start 2017/8/7 18:04:57-------------/Admin/Ads/AdPageList.aspx
SELECT * FROM AdSiteInfo  WHERE 1=1  AND [Id]='0'  
-------------end 2017/8/7 18:04:57-------------
-------------start 2017/8/7 18:04:57-------------/Admin/Ads/AdPageList.aspx
SELECT * FROM AdTypeInfo  WHERE 1=1  AND [Id]='0'  
-------------end 2017/8/7 18:04:57-------------
-------------start 2017/8/7 18:04:57-------------/Admin/Ads/AdPageList.aspx
SELECT * FROM AdSiteInfo  WHERE 1=1  AND [Id]='0'  
-------------end 2017/8/7 18:04:57-------------
-------------start 2017/8/7 18:04:57-------------/Admin/Ads/AdPageList.aspx
SELECT * FROM AdTypeInfo  WHERE 1=1  AND [Id]='0'  
-------------end 2017/8/7 18:04:57-------------
-------------start 2017/8/7 18:04:57-------------/Admin/Ads/AdPageList.aspx
SELECT * FROM AdSiteInfo  WHERE 1=1  AND [Id]='0'  
-------------end 2017/8/7 18:04:57-------------
-------------start 2017/8/7 18:04:57-------------/Admin/Ads/AdPageList.aspx
SELECT * FROM AdTypeInfo  WHERE 1=1  AND [Id]='0'  
-------------end 2017/8/7 18:04:57-------------
-------------start 2017/8/7 18:04:57-------------/Admin/Ads/AdPageList.aspx
SELECT * FROM AdSiteInfo  WHERE 1=1  AND [Id]='0'  
-------------end 2017/8/7 18:04:57-------------
-------------start 2017/8/7 18:04:57-------------/Admin/Ads/AdPageList.aspx
SELECT * FROM AdTypeInfo  WHERE 1=1  AND [Id]='0'  
-------------end 2017/8/7 18:04:57-------------
-------------start 2017/8/7 18:04:57-------------/Admin/Ads/AdPageList.aspx
SELECT * FROM AdSiteInfo  WHERE 1=1  AND [Id]='0'  
-------------end 2017/8/7 18:04:57-------------
-------------start 2017/8/7 18:04:57-------------/Admin/Ads/AdPageList.aspx
SELECT * FROM AdTypeInfo  WHERE 1=1  AND [Id]='0'  
-------------end 2017/8/7 18:04:57-------------
-------------start 2017/8/7 18:04:57-------------/Admin/Ads/AdPageList.aspx
SELECT * FROM AdSiteInfo  WHERE 1=1  AND [Id]='0'  
-------------end 2017/8/7 18:04:57-------------
-------------start 2017/8/7 18:04:57-------------/Admin/Ads/AdPageList.aspx
SELECT * FROM AdTypeInfo  WHERE 1=1  AND [Id]='0'  
-------------end 2017/8/7 18:04:57-------------
-------------start 2017/8/7 18:04:57-------------/Admin/Ads/AdPageList.aspx
SELECT * FROM AdSiteInfo  WHERE 1=1  AND [Id]='0'  
-------------end 2017/8/7 18:04:57-------------
-------------start 2017/8/7 18:04:57-------------/Admin/Ads/AdPageList.aspx
SELECT * FROM AdTypeInfo  WHERE 1=1  AND [Id]='0'  
-------------end 2017/8/7 18:04:57-------------
-------------start 2017/8/7 18:04:57-------------/Admin/Ads/AdPageList.aspx
SELECT * FROM AdSiteInfo  WHERE 1=1  AND [Id]='0'  
-------------end 2017/8/7 18:04:57-------------
