-------------start 2017/12/4 11:47:33-------------/Login.aspx
SELECT * FROM AccountInfo  WHERE 1=1  AND [UserName]='admin' 
 
-------------end 2017/12/4 11:47:33-------------
-------------start 2017/12/4 11:47:34-------------/Admin/Index.aspx
SELECT * FROM AccountInfo  WHERE 1=1  AND [UserName]='admin' 
 
-------------end 2017/12/4 11:47:34-------------
-------------start 2017/12/4 11:47:37-------------/Admin/Ads/AdPageList.aspx
SELECT * FROM AccountInfo  WHERE 1=1  AND UserType <> 100 
 
-------------end 2017/12/4 11:47:37-------------
-------------start 2017/12/4 11:47:37-------------/Admin/Ads/AdPageList.aspx
SELECT * FROM AdTypeInfo  WHERE 1=1  
-------------end 2017/12/4 11:47:37-------------
-------------start 2017/12/4 11:47:37-------------/Admin/Ads/AdPageList.aspx
SELECT * FROM AdSiteInfo  WHERE 1=1  
-------------end 2017/12/4 11:47:37-------------
-------------start 2017/12/4 11:47:37-------------/Admin/Ads/AdPageList.aspx
SELECT * FROM AdPageInfo  WHERE 1=1  
-------------end 2017/12/4 11:47:37-------------
-------------start 2017/12/4 11:47:37-------------/Admin/Ads/AdPageList.aspx
SELECT TOP 10 * FROM [AdPageInfo]  WHERE 1=1  AND [IsDel]='0'  AND Id NOT IN (SELECT TOP 0 Id FROM [AdPageInfo]  WHERE 1=1  AND [IsDel]='0'   order by  id desc )   order by  id desc 
-------------end 2017/12/4 11:47:37-------------
-------------start 2017/12/4 11:47:37-------------/Admin/Ads/AdPageList.aspx
SELECT * FROM AccountInfo  WHERE 1=1  AND [Id]='2' 
 
-------------end 2017/12/4 11:47:37-------------
-------------start 2017/12/4 11:47:37-------------/Admin/Ads/AdPageList.aspx
SELECT * FROM AdTypeInfo  WHERE 1=1  AND [Id]='0'  
-------------end 2017/12/4 11:47:37-------------
-------------start 2017/12/4 11:47:37-------------/Admin/Ads/AdPageList.aspx
SELECT * FROM AdSiteInfo  WHERE 1=1  AND [Id]='0'  
-------------end 2017/12/4 11:47:37-------------
-------------start 2017/12/4 11:47:37-------------/Admin/Ads/AdPageList.aspx
SELECT * FROM AccountInfo  WHERE 1=1  AND [Id]='27' 
 
-------------end 2017/12/4 11:47:37-------------
-------------start 2017/12/4 11:47:37-------------/Admin/Ads/AdPageList.aspx
SELECT * FROM AdTypeInfo  WHERE 1=1  AND [Id]='0'  
-------------end 2017/12/4 11:47:37-------------
-------------start 2017/12/4 11:47:37-------------/Admin/Ads/AdPageList.aspx
SELECT * FROM AdSiteInfo  WHERE 1=1  AND [Id]='0'  
-------------end 2017/12/4 11:47:37-------------
-------------start 2017/12/4 11:47:37-------------/Admin/Ads/AdPageList.aspx
SELECT * FROM AdTypeInfo  WHERE 1=1  AND [Id]='0'  
-------------end 2017/12/4 11:47:37-------------
-------------start 2017/12/4 11:47:37-------------/Admin/Ads/AdPageList.aspx
SELECT * FROM AdSiteInfo  WHERE 1=1  AND [Id]='0'  
-------------end 2017/12/4 11:47:37-------------
-------------start 2017/12/4 11:47:37-------------/Admin/Ads/AdPageList.aspx
SELECT * FROM AdTypeInfo  WHERE 1=1  AND [Id]='0'  
-------------end 2017/12/4 11:47:37-------------
-------------start 2017/12/4 11:47:37-------------/Admin/Ads/AdPageList.aspx
SELECT * FROM AdSiteInfo  WHERE 1=1  AND [Id]='0'  
-------------end 2017/12/4 11:47:37-------------
-------------start 2017/12/4 11:47:37-------------/Admin/Ads/AdPageList.aspx
SELECT * FROM AccountInfo  WHERE 1=1  AND [Id]='26' 
 
-------------end 2017/12/4 11:47:37-------------
-------------start 2017/12/4 11:47:37-------------/Admin/Ads/AdPageList.aspx
SELECT * FROM AdTypeInfo  WHERE 1=1  AND [Id]='0'  
-------------end 2017/12/4 11:47:37-------------
-------------start 2017/12/4 11:47:37-------------/Admin/Ads/AdPageList.aspx
SELECT * FROM AdSiteInfo  WHERE 1=1  AND [Id]='0'  
-------------end 2017/12/4 11:47:37-------------
-------------start 2017/12/4 11:47:37-------------/Admin/Ads/AdPageList.aspx
SELECT * FROM AdTypeInfo  WHERE 1=1  AND [Id]='0'  
-------------end 2017/12/4 11:47:37-------------
-------------start 2017/12/4 11:47:37-------------/Admin/Ads/AdPageList.aspx
SELECT * FROM AdSiteInfo  WHERE 1=1  AND [Id]='0'  
-------------end 2017/12/4 11:47:37-------------
-------------start 2017/12/4 11:47:37-------------/Admin/Ads/AdPageList.aspx
SELECT * FROM AdTypeInfo  WHERE 1=1  AND [Id]='0'  
-------------end 2017/12/4 11:47:37-------------
-------------start 2017/12/4 11:47:37-------------/Admin/Ads/AdPageList.aspx
SELECT * FROM AdSiteInfo  WHERE 1=1  AND [Id]='0'  
-------------end 2017/12/4 11:47:37-------------
-------------start 2017/12/4 11:47:37-------------/Admin/Ads/AdPageList.aspx
SELECT * FROM AccountInfo  WHERE 1=1  AND [Id]='25' 
 
-------------end 2017/12/4 11:47:37-------------
-------------start 2017/12/4 11:47:37-------------/Admin/Ads/AdPageList.aspx
SELECT * FROM AdTypeInfo  WHERE 1=1  AND [Id]='0'  
-------------end 2017/12/4 11:47:37-------------
-------------start 2017/12/4 11:47:37-------------/Admin/Ads/AdPageList.aspx
SELECT * FROM AdSiteInfo  WHERE 1=1  AND [Id]='0'  
-------------end 2017/12/4 11:47:37-------------
-------------start 2017/12/4 11:47:37-------------/Admin/Ads/AdPageList.aspx
SELECT * FROM AdTypeInfo  WHERE 1=1  AND [Id]='0'  
-------------end 2017/12/4 11:47:37-------------
-------------start 2017/12/4 11:47:37-------------/Admin/Ads/AdPageList.aspx
SELECT * FROM AdSiteInfo  WHERE 1=1  AND [Id]='0'  
-------------end 2017/12/4 11:47:37-------------
-------------start 2017/12/4 11:47:37-------------/Admin/Ads/AdPageList.aspx
SELECT * FROM AdTypeInfo  WHERE 1=1  AND [Id]='0'  
-------------end 2017/12/4 11:47:37-------------
-------------start 2017/12/4 11:47:37-------------/Admin/Ads/AdPageList.aspx
SELECT * FROM AdSiteInfo  WHERE 1=1  AND [Id]='0'  
-------------end 2017/12/4 11:47:37-------------
-------------start 2017/12/4 11:47:58-------------/Admin/Ads/AdPageEdit.aspx
SELECT * FROM AccountInfo  WHERE 1=1  AND UserType <> 100 
 
-------------end 2017/12/4 11:47:58-------------
