-------------start 2017/8/18 10:00:38-------------/AccVir/Index.aspx
SELECT * FROM AccountInfo  WHERE 1=1  AND [UserName]='vipdz001' 
 
-------------end 2017/8/18 10:00:38-------------
-------------start 2017/8/18 10:00:38-------------/AccVir/Index.aspx
SELECT * FROM AdPageInfo  WHERE 1=1  
-------------end 2017/8/18 10:00:38-------------
-------------start 2017/8/18 10:00:39-------------/AccVir/Index.aspx
SELECT TOP 10 * FROM [AdPageInfo]  WHERE 1=1  AND [UserId]='22'  AND Id NOT IN (SELECT TOP 0 Id FROM [AdPageInfo]  WHERE 1=1  AND [UserId]='22'  )  
-------------end 2017/8/18 10:00:39-------------
-------------start 2017/8/18 10:00:52-------------/AccVir/Index.aspx
SELECT TOP 10 * FROM [AdPageInfo]  WHERE 1=1  AND [UserId]='22'  AND Id NOT IN (SELECT TOP 0 Id FROM [AdPageInfo]  WHERE 1=1  AND [UserId]='22'  )  
-------------end 2017/8/18 10:00:52-------------
-------------start 2017/8/18 10:01:04-------------/Login.aspx
SELECT * FROM AccountInfo  WHERE 1=1  AND [UserName]='viplsr020' 
 
-------------end 2017/8/18 10:01:04-------------
-------------start 2017/8/18 10:01:04-------------/AccVir/Index.aspx
SELECT * FROM AccountInfo  WHERE 1=1  AND [UserName]='viplsr020' 
 
-------------end 2017/8/18 10:01:04-------------
-------------start 2017/8/18 10:01:04-------------/AccVir/Index.aspx
SELECT TOP 10 * FROM [AdPageInfo]  WHERE 1=1  AND [UserId]='23'  AND Id NOT IN (SELECT TOP 0 Id FROM [AdPageInfo]  WHERE 1=1  AND [UserId]='23'  )  
-------------end 2017/8/18 10:01:04-------------
-------------start 2017/8/18 10:01:57-------------/Login.aspx
SELECT * FROM AccountInfo  WHERE 1=1  AND [UserName]='vipdz001' 
 
-------------end 2017/8/18 10:01:57-------------
-------------start 2017/8/18 10:01:57-------------/AccVir/Index.aspx
SELECT TOP 10 * FROM [AdPageInfo]  WHERE 1=1  AND [UserId]='22'  AND Id NOT IN (SELECT TOP 0 Id FROM [AdPageInfo]  WHERE 1=1  AND [UserId]='22'  )  
-------------end 2017/8/18 10:01:57-------------
-------------start 2017/8/18 10:04:53-------------/AccVir/Index.aspx
SELECT * FROM AccountInfo  WHERE 1=1  AND [UserName]='viplsr020' 
 
-------------end 2017/8/18 10:04:53-------------
-------------start 2017/8/18 10:04:53-------------/AccVir/Index.aspx
SELECT * FROM AdPageInfo  WHERE 1=1  
-------------end 2017/8/18 10:04:53-------------
-------------start 2017/8/18 10:04:54-------------/AccVir/Index.aspx
SELECT TOP 10 * FROM [AdPageInfo]  WHERE 1=1  AND [UserId]='23'  AND Id NOT IN (SELECT TOP 0 Id FROM [AdPageInfo]  WHERE 1=1  AND [UserId]='23'  )  
-------------end 2017/8/18 10:04:54-------------
-------------start 2017/8/18 10:05:17-------------/Login.aspx
SELECT * FROM AccountInfo  WHERE 1=1  AND [UserName]='vipdz001' 
 
-------------end 2017/8/18 10:05:17-------------
-------------start 2017/8/18 10:05:20-------------/Login.aspx
SELECT * FROM AccountInfo  WHERE 1=1  AND [UserName]='vipdz001' 
 
-------------end 2017/8/18 10:05:20-------------
-------------start 2017/8/18 10:05:20-------------/AccVir/Index.aspx
SELECT * FROM AccountInfo  WHERE 1=1  AND [UserName]='vipdz001' 
 
-------------end 2017/8/18 10:05:20-------------
-------------start 2017/8/18 10:05:20-------------/AccVir/Index.aspx
SELECT TOP 10 * FROM [AdPageInfo]  WHERE 1=1  AND [UserId]='22'  AND Id NOT IN (SELECT TOP 0 Id FROM [AdPageInfo]  WHERE 1=1  AND [UserId]='22'  )  
-------------end 2017/8/18 10:05:20-------------
