-------------start 2017/9/6 18:15:13-------------/Login.aspx
SELECT * FROM AccountInfo  WHERE 1=1  AND [UserName]='admin' 
 
-------------end 2017/9/6 18:15:13-------------
-------------start 2017/9/6 18:15:14-------------/Admin/Index.aspx
SELECT * FROM AccountInfo  WHERE 1=1  AND [UserName]='admin' 
 
-------------end 2017/9/6 18:15:14-------------
-------------start 2017/9/6 18:15:17-------------/Admin/Article/ArticleList.aspx
SELECT * FROM ChannelInfo  WHERE 1=1  
-------------end 2017/9/6 18:15:17-------------
-------------start 2017/9/6 18:15:17-------------/Admin/Article/ArticleList.aspx
SELECT * FROM ArticleInfo  WHERE 1=1  
-------------end 2017/9/6 18:15:17-------------
-------------start 2017/9/6 18:15:17-------------/Admin/Article/ArticleList.aspx
SELECT TOP 10 * FROM [ArticleInfo]  WHERE 1=1  AND Id NOT IN (SELECT TOP 0 Id FROM [ArticleInfo]  WHERE 1=1   order by  LastDate desc )   order by  LastDate desc 
-------------end 2017/9/6 18:15:17-------------
-------------start 2017/9/6 18:15:19-------------/Admin/Ads/AdPageList.aspx
SELECT * FROM AccountInfo  WHERE 1=1  AND UserType <> 100 
 
-------------end 2017/9/6 18:15:19-------------
-------------start 2017/9/6 18:15:19-------------/Admin/Ads/AdPageList.aspx
SELECT * FROM AdTypeInfo  WHERE 1=1  
-------------end 2017/9/6 18:15:19-------------
-------------start 2017/9/6 18:15:19-------------/Admin/Ads/AdPageList.aspx
SELECT * FROM AdSiteInfo  WHERE 1=1  
-------------end 2017/9/6 18:15:19-------------
-------------start 2017/9/6 18:15:19-------------/Admin/Ads/AdPageList.aspx
SELECT * FROM AdPageInfo  WHERE 1=1  
-------------end 2017/9/6 18:15:19-------------
-------------start 2017/9/6 18:15:19-------------/Admin/Ads/AdPageList.aspx
SELECT TOP 10 * FROM [AdPageInfo]  WHERE 1=1  AND [IsDel]='0'  AND Id NOT IN (SELECT TOP 0 Id FROM [AdPageInfo]  WHERE 1=1  AND [IsDel]='0'   order by  id desc )   order by  id desc 
-------------end 2017/9/6 18:15:19-------------
-------------start 2017/9/6 18:15:19-------------/Admin/Ads/AdPageList.aspx
SELECT * FROM AccountInfo  WHERE 1=1  AND [Id]='26' 
 
-------------end 2017/9/6 18:15:19-------------
-------------start 2017/9/6 18:15:19-------------/Admin/Ads/AdPageList.aspx
SELECT * FROM AdTypeInfo  WHERE 1=1  AND [Id]='0'  
-------------end 2017/9/6 18:15:19-------------
-------------start 2017/9/6 18:15:19-------------/Admin/Ads/AdPageList.aspx
SELECT * FROM AdSiteInfo  WHERE 1=1  AND [Id]='0'  
-------------end 2017/9/6 18:15:19-------------
-------------start 2017/9/6 18:15:19-------------/Admin/Ads/AdPageList.aspx
SELECT * FROM AccountInfo  WHERE 1=1  AND [Id]='25' 
 
-------------end 2017/9/6 18:15:19-------------
-------------start 2017/9/6 18:15:19-------------/Admin/Ads/AdPageList.aspx
SELECT * FROM AdTypeInfo  WHERE 1=1  AND [Id]='0'  
-------------end 2017/9/6 18:15:19-------------
-------------start 2017/9/6 18:15:19-------------/Admin/Ads/AdPageList.aspx
SELECT * FROM AdSiteInfo  WHERE 1=1  AND [Id]='0'  
-------------end 2017/9/6 18:15:19-------------
-------------start 2017/9/6 18:15:19-------------/Admin/Ads/AdPageList.aspx
SELECT * FROM AccountInfo  WHERE 1=1  AND [Id]='2' 
 
-------------end 2017/9/6 18:15:19-------------
-------------start 2017/9/6 18:15:19-------------/Admin/Ads/AdPageList.aspx
SELECT * FROM AdTypeInfo  WHERE 1=1  AND [Id]='0'  
-------------end 2017/9/6 18:15:19-------------
-------------start 2017/9/6 18:15:19-------------/Admin/Ads/AdPageList.aspx
SELECT * FROM AdSiteInfo  WHERE 1=1  AND [Id]='0'  
-------------end 2017/9/6 18:15:19-------------
-------------start 2017/9/6 18:15:19-------------/Admin/Ads/AdPageList.aspx
SELECT * FROM AdTypeInfo  WHERE 1=1  AND [Id]='0'  
-------------end 2017/9/6 18:15:19-------------
-------------start 2017/9/6 18:15:19-------------/Admin/Ads/AdPageList.aspx
SELECT * FROM AdSiteInfo  WHERE 1=1  AND [Id]='0'  
-------------end 2017/9/6 18:15:19-------------
-------------start 2017/9/6 18:15:20-------------/Admin/Ads/AdPageList.aspx
SELECT * FROM AdTypeInfo  WHERE 1=1  AND [Id]='0'  
-------------end 2017/9/6 18:15:20-------------
-------------start 2017/9/6 18:15:20-------------/Admin/Ads/AdPageList.aspx
SELECT * FROM AdSiteInfo  WHERE 1=1  AND [Id]='0'  
-------------end 2017/9/6 18:15:20-------------
-------------start 2017/9/6 18:15:20-------------/Admin/Ads/AdPageList.aspx
SELECT * FROM AccountInfo  WHERE 1=1  AND [Id]='24' 
 
-------------end 2017/9/6 18:15:20-------------
-------------start 2017/9/6 18:15:20-------------/Admin/Ads/AdPageList.aspx
SELECT * FROM AdTypeInfo  WHERE 1=1  AND [Id]='0'  
-------------end 2017/9/6 18:15:20-------------
-------------start 2017/9/6 18:15:20-------------/Admin/Ads/AdPageList.aspx
SELECT * FROM AdSiteInfo  WHERE 1=1  AND [Id]='0'  
-------------end 2017/9/6 18:15:20-------------
-------------start 2017/9/6 18:15:20-------------/Admin/Ads/AdPageList.aspx
SELECT * FROM AccountInfo  WHERE 1=1  AND [Id]='23' 
 
-------------end 2017/9/6 18:15:20-------------
-------------start 2017/9/6 18:15:20-------------/Admin/Ads/AdPageList.aspx
SELECT * FROM AdTypeInfo  WHERE 1=1  AND [Id]='0'  
-------------end 2017/9/6 18:15:20-------------
-------------start 2017/9/6 18:15:20-------------/Admin/Ads/AdPageList.aspx
SELECT * FROM AdSiteInfo  WHERE 1=1  AND [Id]='0'  
-------------end 2017/9/6 18:15:20-------------
-------------start 2017/9/6 18:15:20-------------/Admin/Ads/AdPageList.aspx
SELECT * FROM AccountInfo  WHERE 1=1  AND [Id]='22' 
 
-------------end 2017/9/6 18:15:20-------------
-------------start 2017/9/6 18:15:20-------------/Admin/Ads/AdPageList.aspx
SELECT * FROM AdTypeInfo  WHERE 1=1  AND [Id]='0'  
-------------end 2017/9/6 18:15:20-------------
-------------start 2017/9/6 18:15:20-------------/Admin/Ads/AdPageList.aspx
SELECT * FROM AdSiteInfo  WHERE 1=1  AND [Id]='0'  
-------------end 2017/9/6 18:15:20-------------
-------------start 2017/9/6 18:15:20-------------/Admin/Ads/AdPageList.aspx
SELECT * FROM AccountInfo  WHERE 1=1  AND [Id]='21' 
 
-------------end 2017/9/6 18:15:20-------------
-------------start 2017/9/6 18:15:20-------------/Admin/Ads/AdPageList.aspx
SELECT * FROM AdTypeInfo  WHERE 1=1  AND [Id]='0'  
-------------end 2017/9/6 18:15:20-------------
-------------start 2017/9/6 18:15:20-------------/Admin/Ads/AdPageList.aspx
SELECT * FROM AdSiteInfo  WHERE 1=1  AND [Id]='0'  
-------------end 2017/9/6 18:15:20-------------
-------------start 2017/9/6 18:15:20-------------/Admin/Ads/AdPageList.aspx
SELECT * FROM AdTypeInfo  WHERE 1=1  AND [Id]='0'  
-------------end 2017/9/6 18:15:20-------------
-------------start 2017/9/6 18:15:20-------------/Admin/Ads/AdPageList.aspx
SELECT * FROM AdSiteInfo  WHERE 1=1  AND [Id]='0'  
-------------end 2017/9/6 18:15:20-------------
-------------start 2017/9/6 18:15:23-------------/Admin/Ads/AdPageEdit.aspx
SELECT * FROM AccountInfo  WHERE 1=1  AND UserType <> 100 
 
-------------end 2017/9/6 18:15:23-------------
-------------start 2017/9/6 18:15:35-------------/Admin/Ads/AdPageEdit.aspx
SELECT * FROM AdPageInfo  WHERE 1=1  AND [Id]='236'  
-------------end 2017/9/6 18:15:35-------------
-------------start 2017/9/6 18:15:35-------------/Admin/Ads/AdPageList.aspx
SELECT * FROM AccountInfo  WHERE 1=1  AND UserType <> 100 
 
-------------end 2017/9/6 18:15:35-------------
-------------start 2017/9/6 18:15:35-------------/Admin/Ads/AdPageList.aspx
SELECT * FROM AdTypeInfo  WHERE 1=1  
-------------end 2017/9/6 18:15:35-------------
-------------start 2017/9/6 18:15:35-------------/Admin/Ads/AdPageList.aspx
SELECT * FROM AdSiteInfo  WHERE 1=1  
-------------end 2017/9/6 18:15:35-------------
-------------start 2017/9/6 18:15:35-------------/Admin/Ads/AdPageList.aspx
SELECT TOP 10 * FROM [AdPageInfo]  WHERE 1=1  AND [IsDel]='0'  AND Id NOT IN (SELECT TOP 0 Id FROM [AdPageInfo]  WHERE 1=1  AND [IsDel]='0'   order by  id desc )   order by  id desc 
-------------end 2017/9/6 18:15:35-------------
-------------start 2017/9/6 18:15:35-------------/Admin/Ads/AdPageList.aspx
SELECT * FROM AdTypeInfo  WHERE 1=1  AND [Id]='0'  
-------------end 2017/9/6 18:15:35-------------
-------------start 2017/9/6 18:15:35-------------/Admin/Ads/AdPageList.aspx
SELECT * FROM AdSiteInfo  WHERE 1=1  AND [Id]='0'  
-------------end 2017/9/6 18:15:35-------------
-------------start 2017/9/6 18:15:35-------------/Admin/Ads/AdPageList.aspx
SELECT * FROM AdTypeInfo  WHERE 1=1  AND [Id]='0'  
-------------end 2017/9/6 18:15:35-------------
-------------start 2017/9/6 18:15:35-------------/Admin/Ads/AdPageList.aspx
SELECT * FROM AdSiteInfo  WHERE 1=1  AND [Id]='0'  
-------------end 2017/9/6 18:15:35-------------
-------------start 2017/9/6 18:15:35-------------/Admin/Ads/AdPageList.aspx
SELECT * FROM AdTypeInfo  WHERE 1=1  AND [Id]='0'  
-------------end 2017/9/6 18:15:35-------------
-------------start 2017/9/6 18:15:35-------------/Admin/Ads/AdPageList.aspx
SELECT * FROM AdSiteInfo  WHERE 1=1  AND [Id]='0'  
-------------end 2017/9/6 18:15:35-------------
-------------start 2017/9/6 18:15:35-------------/Admin/Ads/AdPageList.aspx
SELECT * FROM AdTypeInfo  WHERE 1=1  AND [Id]='0'  
-------------end 2017/9/6 18:15:35-------------
-------------start 2017/9/6 18:15:35-------------/Admin/Ads/AdPageList.aspx
SELECT * FROM AdSiteInfo  WHERE 1=1  AND [Id]='0'  
-------------end 2017/9/6 18:15:35-------------
-------------start 2017/9/6 18:15:35-------------/Admin/Ads/AdPageList.aspx
SELECT * FROM AdTypeInfo  WHERE 1=1  AND [Id]='0'  
-------------end 2017/9/6 18:15:35-------------
-------------start 2017/9/6 18:15:35-------------/Admin/Ads/AdPageList.aspx
SELECT * FROM AdSiteInfo  WHERE 1=1  AND [Id]='0'  
-------------end 2017/9/6 18:15:35-------------
-------------start 2017/9/6 18:15:35-------------/Admin/Ads/AdPageList.aspx
SELECT * FROM AdTypeInfo  WHERE 1=1  AND [Id]='0'  
-------------end 2017/9/6 18:15:35-------------
-------------start 2017/9/6 18:15:35-------------/Admin/Ads/AdPageList.aspx
SELECT * FROM AdSiteInfo  WHERE 1=1  AND [Id]='0'  
-------------end 2017/9/6 18:15:35-------------
-------------start 2017/9/6 18:15:35-------------/Admin/Ads/AdPageList.aspx
SELECT * FROM AdTypeInfo  WHERE 1=1  AND [Id]='0'  
-------------end 2017/9/6 18:15:35-------------
-------------start 2017/9/6 18:15:35-------------/Admin/Ads/AdPageList.aspx
SELECT * FROM AdSiteInfo  WHERE 1=1  AND [Id]='0'  
-------------end 2017/9/6 18:15:35-------------
-------------start 2017/9/6 18:15:35-------------/Admin/Ads/AdPageList.aspx
SELECT * FROM AdTypeInfo  WHERE 1=1  AND [Id]='0'  
-------------end 2017/9/6 18:15:35-------------
-------------start 2017/9/6 18:15:35-------------/Admin/Ads/AdPageList.aspx
SELECT * FROM AdSiteInfo  WHERE 1=1  AND [Id]='0'  
-------------end 2017/9/6 18:15:35-------------
-------------start 2017/9/6 18:15:35-------------/Admin/Ads/AdPageList.aspx
SELECT * FROM AdTypeInfo  WHERE 1=1  AND [Id]='0'  
-------------end 2017/9/6 18:15:35-------------
-------------start 2017/9/6 18:15:35-------------/Admin/Ads/AdPageList.aspx
SELECT * FROM AdSiteInfo  WHERE 1=1  AND [Id]='0'  
-------------end 2017/9/6 18:15:35-------------
-------------start 2017/9/6 18:15:35-------------/Admin/Ads/AdPageList.aspx
SELECT * FROM AdTypeInfo  WHERE 1=1  AND [Id]='0'  
-------------end 2017/9/6 18:15:35-------------
-------------start 2017/9/6 18:15:35-------------/Admin/Ads/AdPageList.aspx
SELECT * FROM AdSiteInfo  WHERE 1=1  AND [Id]='0'  
-------------end 2017/9/6 18:15:35-------------
-------------start 2017/9/6 18:15:58-------------/Admin/Ads/AdPageList.aspx
SELECT * FROM AccountInfo  WHERE 1=1  AND UserType <> 100 
 
-------------end 2017/9/6 18:15:58-------------
-------------start 2017/9/6 18:15:58-------------/Admin/Ads/AdPageList.aspx
SELECT * FROM AdTypeInfo  WHERE 1=1  
-------------end 2017/9/6 18:15:58-------------
-------------start 2017/9/6 18:15:58-------------/Admin/Ads/AdPageList.aspx
SELECT * FROM AdSiteInfo  WHERE 1=1  
-------------end 2017/9/6 18:15:58-------------
-------------start 2017/9/6 18:15:58-------------/Admin/Ads/AdPageList.aspx
SELECT TOP 10 * FROM [AdPageInfo]  WHERE 1=1  AND [IsDel]='0'  AND Id NOT IN (SELECT TOP 0 Id FROM [AdPageInfo]  WHERE 1=1  AND [IsDel]='0'   order by  id desc )   order by  id desc 
-------------end 2017/9/6 18:15:58-------------
-------------start 2017/9/6 18:15:58-------------/Admin/Ads/AdPageList.aspx
SELECT * FROM AdTypeInfo  WHERE 1=1  AND [Id]='0'  
-------------end 2017/9/6 18:15:58-------------
-------------start 2017/9/6 18:15:58-------------/Admin/Ads/AdPageList.aspx
SELECT * FROM AdSiteInfo  WHERE 1=1  AND [Id]='0'  
-------------end 2017/9/6 18:15:58-------------
-------------start 2017/9/6 18:15:58-------------/Admin/Ads/AdPageList.aspx
SELECT * FROM AdTypeInfo  WHERE 1=1  AND [Id]='0'  
-------------end 2017/9/6 18:15:58-------------
-------------start 2017/9/6 18:15:58-------------/Admin/Ads/AdPageList.aspx
SELECT * FROM AdSiteInfo  WHERE 1=1  AND [Id]='0'  
-------------end 2017/9/6 18:15:58-------------
-------------start 2017/9/6 18:15:58-------------/Admin/Ads/AdPageList.aspx
SELECT * FROM AdTypeInfo  WHERE 1=1  AND [Id]='0'  
-------------end 2017/9/6 18:15:58-------------
-------------start 2017/9/6 18:15:58-------------/Admin/Ads/AdPageList.aspx
SELECT * FROM AdSiteInfo  WHERE 1=1  AND [Id]='0'  
-------------end 2017/9/6 18:15:58-------------
-------------start 2017/9/6 18:15:58-------------/Admin/Ads/AdPageList.aspx
SELECT * FROM AdTypeInfo  WHERE 1=1  AND [Id]='0'  
-------------end 2017/9/6 18:15:58-------------
-------------start 2017/9/6 18:15:58-------------/Admin/Ads/AdPageList.aspx
SELECT * FROM AdSiteInfo  WHERE 1=1  AND [Id]='0'  
-------------end 2017/9/6 18:15:58-------------
-------------start 2017/9/6 18:15:58-------------/Admin/Ads/AdPageList.aspx
SELECT * FROM AdTypeInfo  WHERE 1=1  AND [Id]='0'  
-------------end 2017/9/6 18:15:58-------------
-------------start 2017/9/6 18:15:58-------------/Admin/Ads/AdPageList.aspx
SELECT * FROM AdSiteInfo  WHERE 1=1  AND [Id]='0'  
-------------end 2017/9/6 18:15:58-------------
-------------start 2017/9/6 18:15:58-------------/Admin/Ads/AdPageList.aspx
SELECT * FROM AdTypeInfo  WHERE 1=1  AND [Id]='0'  
-------------end 2017/9/6 18:15:58-------------
-------------start 2017/9/6 18:15:58-------------/Admin/Ads/AdPageList.aspx
SELECT * FROM AdSiteInfo  WHERE 1=1  AND [Id]='0'  
-------------end 2017/9/6 18:15:58-------------
-------------start 2017/9/6 18:15:58-------------/Admin/Ads/AdPageList.aspx
SELECT * FROM AdTypeInfo  WHERE 1=1  AND [Id]='0'  
-------------end 2017/9/6 18:15:58-------------
-------------start 2017/9/6 18:15:58-------------/Admin/Ads/AdPageList.aspx
SELECT * FROM AdSiteInfo  WHERE 1=1  AND [Id]='0'  
-------------end 2017/9/6 18:15:58-------------
-------------start 2017/9/6 18:15:58-------------/Admin/Ads/AdPageList.aspx
SELECT * FROM AdTypeInfo  WHERE 1=1  AND [Id]='0'  
-------------end 2017/9/6 18:15:58-------------
-------------start 2017/9/6 18:15:58-------------/Admin/Ads/AdPageList.aspx
SELECT * FROM AdSiteInfo  WHERE 1=1  AND [Id]='0'  
-------------end 2017/9/6 18:15:58-------------
-------------start 2017/9/6 18:15:58-------------/Admin/Ads/AdPageList.aspx
SELECT * FROM AdTypeInfo  WHERE 1=1  AND [Id]='0'  
-------------end 2017/9/6 18:15:58-------------
-------------start 2017/9/6 18:15:58-------------/Admin/Ads/AdPageList.aspx
SELECT * FROM AdSiteInfo  WHERE 1=1  AND [Id]='0'  
-------------end 2017/9/6 18:15:58-------------
-------------start 2017/9/6 18:15:58-------------/Admin/Ads/AdPageList.aspx
SELECT * FROM AdTypeInfo  WHERE 1=1  AND [Id]='0'  
-------------end 2017/9/6 18:15:58-------------
-------------start 2017/9/6 18:15:58-------------/Admin/Ads/AdPageList.aspx
SELECT * FROM AdSiteInfo  WHERE 1=1  AND [Id]='0'  
-------------end 2017/9/6 18:15:58-------------
-------------start 2017/9/6 18:16:06-------------/Login.aspx
SELECT * FROM AccountInfo  WHERE 1=1  AND [UserName]='viptest1' 
 
-------------end 2017/9/6 18:16:06-------------
-------------start 2017/9/6 18:16:10-------------/AccVir/Index.aspx
SELECT TOP 10 * FROM [AdPageInfo]  WHERE 1=1  AND [UserId]='26'  AND Id NOT IN (SELECT TOP 0 Id FROM [AdPageInfo]  WHERE 1=1  AND [UserId]='26'  )  
-------------end 2017/9/6 18:16:10-------------
-------------start 2017/9/6 18:17:08-------------/AccVir/Index.aspx
SELECT TOP 10 * FROM [AdPageInfo]  WHERE 1=1  AND [UserId]='26'  AND Id NOT IN (SELECT TOP 0 Id FROM [AdPageInfo]  WHERE 1=1  AND [UserId]='26'  )  
-------------end 2017/9/6 18:17:08-------------
