-------------start 2017/8/23 11:36:00-------------/Login.aspx
SELECT * FROM AccountInfo  WHERE 1=1  AND [UserName]='admin' 
 
-------------end 2017/8/23 11:36:00-------------
-------------start 2017/8/23 11:36:01-------------/Admin/Index.aspx
SELECT * FROM AccountInfo  WHERE 1=1  AND [UserName]='admin' 
 
-------------end 2017/8/23 11:36:01-------------
-------------start 2017/8/23 11:36:04-------------/Admin/Ads/AdPageList.aspx
SELECT * FROM AccountInfo  WHERE 1=1  AND UserType <> 100 
 
-------------end 2017/8/23 11:36:04-------------
-------------start 2017/8/23 11:36:04-------------/Admin/Ads/AdPageList.aspx
SELECT * FROM AdTypeInfo  WHERE 1=1  
-------------end 2017/8/23 11:36:04-------------
-------------start 2017/8/23 11:36:04-------------/Admin/Ads/AdPageList.aspx
SELECT * FROM AdSiteInfo  WHERE 1=1  
-------------end 2017/8/23 11:36:04-------------
-------------start 2017/8/23 11:36:04-------------/Admin/Ads/AdPageList.aspx
SELECT * FROM AdPageInfo  WHERE 1=1  
-------------end 2017/8/23 11:36:04-------------
-------------start 2017/8/23 11:36:04-------------/Admin/Ads/AdPageList.aspx
SELECT TOP 10 * FROM [AdPageInfo]  WHERE 1=1  AND [IsDel]='0'  AND Id NOT IN (SELECT TOP 0 Id FROM [AdPageInfo]  WHERE 1=1  AND [IsDel]='0'   order by  id desc )   order by  id desc 
-------------end 2017/8/23 11:36:04-------------
-------------start 2017/8/23 11:36:04-------------/Admin/Ads/AdPageList.aspx
SELECT * FROM AccountInfo  WHERE 1=1  AND [Id]='2' 
 
-------------end 2017/8/23 11:36:04-------------
-------------start 2017/8/23 11:36:04-------------/Admin/Ads/AdPageList.aspx
SELECT * FROM AdTypeInfo  WHERE 1=1  AND [Id]='0'  
-------------end 2017/8/23 11:36:04-------------
-------------start 2017/8/23 11:36:04-------------/Admin/Ads/AdPageList.aspx
SELECT * FROM AdSiteInfo  WHERE 1=1  AND [Id]='0'  
-------------end 2017/8/23 11:36:04-------------
-------------start 2017/8/23 11:36:04-------------/Admin/Ads/AdPageList.aspx
SELECT * FROM AdTypeInfo  WHERE 1=1  AND [Id]='0'  
-------------end 2017/8/23 11:36:04-------------
-------------start 2017/8/23 11:36:04-------------/Admin/Ads/AdPageList.aspx
SELECT * FROM AdSiteInfo  WHERE 1=1  AND [Id]='0'  
-------------end 2017/8/23 11:36:04-------------
-------------start 2017/8/23 11:36:04-------------/Admin/Ads/AdPageList.aspx
SELECT * FROM AccountInfo  WHERE 1=1  AND [Id]='24' 
 
-------------end 2017/8/23 11:36:04-------------
-------------start 2017/8/23 11:36:04-------------/Admin/Ads/AdPageList.aspx
SELECT * FROM AdTypeInfo  WHERE 1=1  AND [Id]='0'  
-------------end 2017/8/23 11:36:04-------------
-------------start 2017/8/23 11:36:04-------------/Admin/Ads/AdPageList.aspx
SELECT * FROM AdSiteInfo  WHERE 1=1  AND [Id]='0'  
-------------end 2017/8/23 11:36:04-------------
-------------start 2017/8/23 11:36:04-------------/Admin/Ads/AdPageList.aspx
SELECT * FROM AccountInfo  WHERE 1=1  AND [Id]='23' 
 
-------------end 2017/8/23 11:36:04-------------
-------------start 2017/8/23 11:36:04-------------/Admin/Ads/AdPageList.aspx
SELECT * FROM AdTypeInfo  WHERE 1=1  AND [Id]='0'  
-------------end 2017/8/23 11:36:04-------------
-------------start 2017/8/23 11:36:04-------------/Admin/Ads/AdPageList.aspx
SELECT * FROM AdSiteInfo  WHERE 1=1  AND [Id]='0'  
-------------end 2017/8/23 11:36:04-------------
-------------start 2017/8/23 11:36:04-------------/Admin/Ads/AdPageList.aspx
SELECT * FROM AccountInfo  WHERE 1=1  AND [Id]='22' 
 
-------------end 2017/8/23 11:36:04-------------
-------------start 2017/8/23 11:36:04-------------/Admin/Ads/AdPageList.aspx
SELECT * FROM AdTypeInfo  WHERE 1=1  AND [Id]='0'  
-------------end 2017/8/23 11:36:04-------------
-------------start 2017/8/23 11:36:04-------------/Admin/Ads/AdPageList.aspx
SELECT * FROM AdSiteInfo  WHERE 1=1  AND [Id]='0'  
-------------end 2017/8/23 11:36:04-------------
-------------start 2017/8/23 11:36:04-------------/Admin/Ads/AdPageList.aspx
SELECT * FROM AccountInfo  WHERE 1=1  AND [Id]='21' 
 
-------------end 2017/8/23 11:36:04-------------
-------------start 2017/8/23 11:36:04-------------/Admin/Ads/AdPageList.aspx
SELECT * FROM AdTypeInfo  WHERE 1=1  AND [Id]='0'  
-------------end 2017/8/23 11:36:04-------------
-------------start 2017/8/23 11:36:04-------------/Admin/Ads/AdPageList.aspx
SELECT * FROM AdSiteInfo  WHERE 1=1  AND [Id]='0'  
-------------end 2017/8/23 11:36:04-------------
-------------start 2017/8/23 11:36:04-------------/Admin/Ads/AdPageList.aspx
SELECT * FROM AdTypeInfo  WHERE 1=1  AND [Id]='0'  
-------------end 2017/8/23 11:36:04-------------
-------------start 2017/8/23 11:36:04-------------/Admin/Ads/AdPageList.aspx
SELECT * FROM AdSiteInfo  WHERE 1=1  AND [Id]='0'  
-------------end 2017/8/23 11:36:04-------------
-------------start 2017/8/23 11:36:04-------------/Admin/Ads/AdPageList.aspx
SELECT * FROM AccountInfo  WHERE 1=1  AND [Id]='20' 
 
-------------end 2017/8/23 11:36:04-------------
-------------start 2017/8/23 11:36:04-------------/Admin/Ads/AdPageList.aspx
SELECT * FROM AdTypeInfo  WHERE 1=1  AND [Id]='0'  
-------------end 2017/8/23 11:36:04-------------
-------------start 2017/8/23 11:36:04-------------/Admin/Ads/AdPageList.aspx
SELECT * FROM AdSiteInfo  WHERE 1=1  AND [Id]='0'  
-------------end 2017/8/23 11:36:04-------------
-------------start 2017/8/23 11:36:04-------------/Admin/Ads/AdPageList.aspx
SELECT * FROM AccountInfo  WHERE 1=1  AND [Id]='19' 
 
-------------end 2017/8/23 11:36:04-------------
-------------start 2017/8/23 11:36:04-------------/Admin/Ads/AdPageList.aspx
SELECT * FROM AdTypeInfo  WHERE 1=1  AND [Id]='0'  
-------------end 2017/8/23 11:36:04-------------
-------------start 2017/8/23 11:36:04-------------/Admin/Ads/AdPageList.aspx
SELECT * FROM AdSiteInfo  WHERE 1=1  AND [Id]='0'  
-------------end 2017/8/23 11:36:04-------------
-------------start 2017/8/23 11:36:05-------------/Admin/Ads/AdPageList.aspx
SELECT * FROM AccountInfo  WHERE 1=1  AND [Id]='17' 
 
-------------end 2017/8/23 11:36:05-------------
-------------start 2017/8/23 11:36:05-------------/Admin/Ads/AdPageList.aspx
SELECT * FROM AdTypeInfo  WHERE 1=1  AND [Id]='0'  
-------------end 2017/8/23 11:36:05-------------
-------------start 2017/8/23 11:36:05-------------/Admin/Ads/AdPageList.aspx
SELECT * FROM AdSiteInfo  WHERE 1=1  AND [Id]='0'  
-------------end 2017/8/23 11:36:05-------------
-------------start 2017/8/23 11:36:06-------------/Admin/Ads/AdPageEdit.aspx
SELECT * FROM AccountInfo  WHERE 1=1  AND UserType <> 100 
 
-------------end 2017/8/23 11:36:06-------------
-------------start 2017/8/23 11:36:43-------------/Admin/Ads/AdPageEdit.aspx
SELECT * FROM AdPageInfo  WHERE 1=1  AND [Id]='233'  
-------------end 2017/8/23 11:36:43-------------
-------------start 2017/8/23 11:36:43-------------/Admin/Ads/AdPageEdit.aspx
SELECT * FROM ArticleInfo  WHERE 1=1  
-------------end 2017/8/23 11:36:43-------------
-------------start 2017/8/23 11:36:43-------------/Admin/Ads/AdPageList.aspx
SELECT * FROM AccountInfo  WHERE 1=1  AND UserType <> 100 
 
-------------end 2017/8/23 11:36:43-------------
-------------start 2017/8/23 11:36:43-------------/Admin/Ads/AdPageList.aspx
SELECT * FROM AdTypeInfo  WHERE 1=1  
-------------end 2017/8/23 11:36:43-------------
-------------start 2017/8/23 11:36:43-------------/Admin/Ads/AdPageList.aspx
SELECT * FROM AdSiteInfo  WHERE 1=1  
-------------end 2017/8/23 11:36:43-------------
-------------start 2017/8/23 11:36:43-------------/Admin/Ads/AdPageList.aspx
SELECT TOP 10 * FROM [AdPageInfo]  WHERE 1=1  AND [IsDel]='0'  AND Id NOT IN (SELECT TOP 0 Id FROM [AdPageInfo]  WHERE 1=1  AND [IsDel]='0'   order by  id desc )   order by  id desc 
-------------end 2017/8/23 11:36:43-------------
-------------start 2017/8/23 11:36:43-------------/Admin/Ads/AdPageList.aspx
SELECT * FROM AdTypeInfo  WHERE 1=1  AND [Id]='0'  
-------------end 2017/8/23 11:36:43-------------
-------------start 2017/8/23 11:36:43-------------/Admin/Ads/AdPageList.aspx
SELECT * FROM AdSiteInfo  WHERE 1=1  AND [Id]='0'  
-------------end 2017/8/23 11:36:43-------------
-------------start 2017/8/23 11:36:43-------------/Admin/Ads/AdPageList.aspx
SELECT * FROM AdTypeInfo  WHERE 1=1  AND [Id]='0'  
-------------end 2017/8/23 11:36:43-------------
-------------start 2017/8/23 11:36:43-------------/Admin/Ads/AdPageList.aspx
SELECT * FROM AdSiteInfo  WHERE 1=1  AND [Id]='0'  
-------------end 2017/8/23 11:36:43-------------
-------------start 2017/8/23 11:36:43-------------/Admin/Ads/AdPageList.aspx
SELECT * FROM AdTypeInfo  WHERE 1=1  AND [Id]='0'  
-------------end 2017/8/23 11:36:43-------------
-------------start 2017/8/23 11:36:43-------------/Admin/Ads/AdPageList.aspx
SELECT * FROM AdSiteInfo  WHERE 1=1  AND [Id]='0'  
-------------end 2017/8/23 11:36:43-------------
-------------start 2017/8/23 11:36:43-------------/Admin/Ads/AdPageList.aspx
SELECT * FROM AdTypeInfo  WHERE 1=1  AND [Id]='0'  
-------------end 2017/8/23 11:36:43-------------
-------------start 2017/8/23 11:36:43-------------/Admin/Ads/AdPageList.aspx
SELECT * FROM AdSiteInfo  WHERE 1=1  AND [Id]='0'  
-------------end 2017/8/23 11:36:43-------------
-------------start 2017/8/23 11:36:43-------------/Admin/Ads/AdPageList.aspx
SELECT * FROM AdTypeInfo  WHERE 1=1  AND [Id]='0'  
-------------end 2017/8/23 11:36:43-------------
-------------start 2017/8/23 11:36:43-------------/Admin/Ads/AdPageList.aspx
SELECT * FROM AdSiteInfo  WHERE 1=1  AND [Id]='0'  
-------------end 2017/8/23 11:36:43-------------
-------------start 2017/8/23 11:36:43-------------/Admin/Ads/AdPageList.aspx
SELECT * FROM AdTypeInfo  WHERE 1=1  AND [Id]='0'  
-------------end 2017/8/23 11:36:43-------------
-------------start 2017/8/23 11:36:43-------------/Admin/Ads/AdPageList.aspx
SELECT * FROM AdSiteInfo  WHERE 1=1  AND [Id]='0'  
-------------end 2017/8/23 11:36:43-------------
-------------start 2017/8/23 11:36:43-------------/Admin/Ads/AdPageList.aspx
SELECT * FROM AdTypeInfo  WHERE 1=1  AND [Id]='0'  
-------------end 2017/8/23 11:36:43-------------
-------------start 2017/8/23 11:36:43-------------/Admin/Ads/AdPageList.aspx
SELECT * FROM AdSiteInfo  WHERE 1=1  AND [Id]='0'  
-------------end 2017/8/23 11:36:43-------------
-------------start 2017/8/23 11:36:43-------------/Admin/Ads/AdPageList.aspx
SELECT * FROM AdTypeInfo  WHERE 1=1  AND [Id]='0'  
-------------end 2017/8/23 11:36:43-------------
-------------start 2017/8/23 11:36:43-------------/Admin/Ads/AdPageList.aspx
SELECT * FROM AdSiteInfo  WHERE 1=1  AND [Id]='0'  
-------------end 2017/8/23 11:36:43-------------
-------------start 2017/8/23 11:36:43-------------/Admin/Ads/AdPageList.aspx
SELECT * FROM AdTypeInfo  WHERE 1=1  AND [Id]='0'  
-------------end 2017/8/23 11:36:43-------------
-------------start 2017/8/23 11:36:43-------------/Admin/Ads/AdPageList.aspx
SELECT * FROM AdSiteInfo  WHERE 1=1  AND [Id]='0'  
-------------end 2017/8/23 11:36:43-------------
-------------start 2017/8/23 11:36:43-------------/Admin/Ads/AdPageList.aspx
SELECT * FROM AdTypeInfo  WHERE 1=1  AND [Id]='0'  
-------------end 2017/8/23 11:36:43-------------
-------------start 2017/8/23 11:36:43-------------/Admin/Ads/AdPageList.aspx
SELECT * FROM AdSiteInfo  WHERE 1=1  AND [Id]='0'  
-------------end 2017/8/23 11:36:43-------------
-------------start 2017/8/23 11:37:41-------------/Admin/Ads/AdPageEdit.aspx?id=233
SELECT * FROM AccountInfo  WHERE 1=1  AND UserType <> 100 
 
-------------end 2017/8/23 11:37:41-------------
-------------start 2017/8/23 11:37:41-------------/Admin/Ads/AdPageEdit.aspx?id=233
SELECT * FROM AdPageInfo  WHERE 1=1  AND [Id]='233'  
-------------end 2017/8/23 11:37:41-------------
