-------------start 2017/9/26 11:36:43-------------/Login.aspx
SELECT * FROM AccountInfo  WHERE 1=1  AND [UserName]='admin' 
 
-------------end 2017/9/26 11:36:43-------------
-------------start 2017/9/26 11:36:44-------------/Admin/Index.aspx
SELECT * FROM AccountInfo  WHERE 1=1  AND [UserName]='admin' 
 
-------------end 2017/9/26 11:36:44-------------
-------------start 2017/9/26 11:36:49-------------/Admin/Ads/AdPageList.aspx
SELECT * FROM AccountInfo  WHERE 1=1  AND UserType <> 100 
 
-------------end 2017/9/26 11:36:49-------------
-------------start 2017/9/26 11:36:49-------------/Admin/Ads/AdPageList.aspx
SELECT * FROM AdTypeInfo  WHERE 1=1  
-------------end 2017/9/26 11:36:49-------------
-------------start 2017/9/26 11:36:49-------------/Admin/Ads/AdPageList.aspx
SELECT * FROM AdSiteInfo  WHERE 1=1  
-------------end 2017/9/26 11:36:49-------------
-------------start 2017/9/26 11:36:49-------------/Admin/Ads/AdPageList.aspx
SELECT * FROM AdPageInfo  WHERE 1=1  
-------------end 2017/9/26 11:36:49-------------
-------------start 2017/9/26 11:36:49-------------/Admin/Ads/AdPageList.aspx
SELECT TOP 10 * FROM [AdPageInfo]  WHERE 1=1  AND [IsDel]='0'  AND Id NOT IN (SELECT TOP 0 Id FROM [AdPageInfo]  WHERE 1=1  AND [IsDel]='0'   order by  id desc )   order by  id desc 
-------------end 2017/9/26 11:36:49-------------
-------------start 2017/9/26 11:36:49-------------/Admin/Ads/AdPageList.aspx
SELECT * FROM AccountInfo  WHERE 1=1  AND [Id]='26' 
 
-------------end 2017/9/26 11:36:49-------------
-------------start 2017/9/26 11:36:49-------------/Admin/Ads/AdPageList.aspx
SELECT * FROM AdTypeInfo  WHERE 1=1  AND [Id]='0'  
-------------end 2017/9/26 11:36:49-------------
-------------start 2017/9/26 11:36:49-------------/Admin/Ads/AdPageList.aspx
SELECT * FROM AdSiteInfo  WHERE 1=1  AND [Id]='0'  
-------------end 2017/9/26 11:36:49-------------
-------------start 2017/9/26 11:36:49-------------/Admin/Ads/AdPageList.aspx
SELECT * FROM AdTypeInfo  WHERE 1=1  AND [Id]='0'  
-------------end 2017/9/26 11:36:49-------------
-------------start 2017/9/26 11:36:49-------------/Admin/Ads/AdPageList.aspx
SELECT * FROM AdSiteInfo  WHERE 1=1  AND [Id]='0'  
-------------end 2017/9/26 11:36:49-------------
-------------start 2017/9/26 11:36:49-------------/Admin/Ads/AdPageList.aspx
SELECT * FROM AdTypeInfo  WHERE 1=1  AND [Id]='0'  
-------------end 2017/9/26 11:36:49-------------
-------------start 2017/9/26 11:36:49-------------/Admin/Ads/AdPageList.aspx
SELECT * FROM AdSiteInfo  WHERE 1=1  AND [Id]='0'  
-------------end 2017/9/26 11:36:49-------------
-------------start 2017/9/26 11:36:49-------------/Admin/Ads/AdPageList.aspx
SELECT * FROM AccountInfo  WHERE 1=1  AND [Id]='25' 
 
-------------end 2017/9/26 11:36:49-------------
-------------start 2017/9/26 11:36:49-------------/Admin/Ads/AdPageList.aspx
SELECT * FROM AdTypeInfo  WHERE 1=1  AND [Id]='0'  
-------------end 2017/9/26 11:36:49-------------
-------------start 2017/9/26 11:36:49-------------/Admin/Ads/AdPageList.aspx
SELECT * FROM AdSiteInfo  WHERE 1=1  AND [Id]='0'  
-------------end 2017/9/26 11:36:49-------------
-------------start 2017/9/26 11:36:49-------------/Admin/Ads/AdPageList.aspx
SELECT * FROM AccountInfo  WHERE 1=1  AND [Id]='2' 
 
-------------end 2017/9/26 11:36:49-------------
-------------start 2017/9/26 11:36:49-------------/Admin/Ads/AdPageList.aspx
SELECT * FROM AdTypeInfo  WHERE 1=1  AND [Id]='0'  
-------------end 2017/9/26 11:36:49-------------
-------------start 2017/9/26 11:36:49-------------/Admin/Ads/AdPageList.aspx
SELECT * FROM AdSiteInfo  WHERE 1=1  AND [Id]='0'  
-------------end 2017/9/26 11:36:49-------------
-------------start 2017/9/26 11:36:49-------------/Admin/Ads/AdPageList.aspx
SELECT * FROM AdTypeInfo  WHERE 1=1  AND [Id]='0'  
-------------end 2017/9/26 11:36:49-------------
-------------start 2017/9/26 11:36:49-------------/Admin/Ads/AdPageList.aspx
SELECT * FROM AdSiteInfo  WHERE 1=1  AND [Id]='0'  
-------------end 2017/9/26 11:36:49-------------
-------------start 2017/9/26 11:36:49-------------/Admin/Ads/AdPageList.aspx
SELECT * FROM AdTypeInfo  WHERE 1=1  AND [Id]='0'  
-------------end 2017/9/26 11:36:49-------------
-------------start 2017/9/26 11:36:49-------------/Admin/Ads/AdPageList.aspx
SELECT * FROM AdSiteInfo  WHERE 1=1  AND [Id]='0'  
-------------end 2017/9/26 11:36:49-------------
-------------start 2017/9/26 11:36:49-------------/Admin/Ads/AdPageList.aspx
SELECT * FROM AccountInfo  WHERE 1=1  AND [Id]='24' 
 
-------------end 2017/9/26 11:36:49-------------
-------------start 2017/9/26 11:36:49-------------/Admin/Ads/AdPageList.aspx
SELECT * FROM AdTypeInfo  WHERE 1=1  AND [Id]='0'  
-------------end 2017/9/26 11:36:49-------------
-------------start 2017/9/26 11:36:49-------------/Admin/Ads/AdPageList.aspx
SELECT * FROM AdSiteInfo  WHERE 1=1  AND [Id]='0'  
-------------end 2017/9/26 11:36:49-------------
-------------start 2017/9/26 11:36:49-------------/Admin/Ads/AdPageList.aspx
SELECT * FROM AccountInfo  WHERE 1=1  AND [Id]='23' 
 
-------------end 2017/9/26 11:36:49-------------
-------------start 2017/9/26 11:36:49-------------/Admin/Ads/AdPageList.aspx
SELECT * FROM AdTypeInfo  WHERE 1=1  AND [Id]='0'  
-------------end 2017/9/26 11:36:49-------------
-------------start 2017/9/26 11:36:49-------------/Admin/Ads/AdPageList.aspx
SELECT * FROM AdSiteInfo  WHERE 1=1  AND [Id]='0'  
-------------end 2017/9/26 11:36:49-------------
-------------start 2017/9/26 11:36:49-------------/Admin/Ads/AdPageList.aspx
SELECT * FROM AccountInfo  WHERE 1=1  AND [Id]='22' 
 
-------------end 2017/9/26 11:36:49-------------
-------------start 2017/9/26 11:36:49-------------/Admin/Ads/AdPageList.aspx
SELECT * FROM AdTypeInfo  WHERE 1=1  AND [Id]='0'  
-------------end 2017/9/26 11:36:49-------------
-------------start 2017/9/26 11:36:49-------------/Admin/Ads/AdPageList.aspx
SELECT * FROM AdSiteInfo  WHERE 1=1  AND [Id]='0'  
-------------end 2017/9/26 11:36:49-------------
-------------start 2017/9/26 11:36:52-------------/Admin/Ads/AdPageEdit.aspx?id=237
SELECT * FROM AccountInfo  WHERE 1=1  AND UserType <> 100 
 
-------------end 2017/9/26 11:36:52-------------
-------------start 2017/9/26 11:36:52-------------/Admin/Ads/AdPageEdit.aspx?id=237
SELECT * FROM AdPageInfo  WHERE 1=1  AND [Id]='237'  
-------------end 2017/9/26 11:36:52-------------
-------------start 2017/9/26 11:36:57-------------/Admin/Ads/AdPageEdit.aspx?id=234
SELECT * FROM AccountInfo  WHERE 1=1  AND UserType <> 100 
 
-------------end 2017/9/26 11:36:57-------------
-------------start 2017/9/26 11:36:57-------------/Admin/Ads/AdPageEdit.aspx?id=234
SELECT * FROM AdPageInfo  WHERE 1=1  AND [Id]='234'  
-------------end 2017/9/26 11:36:57-------------
-------------start 2017/9/26 11:37:02-------------/Admin/Ads/AdPageEdit.aspx?id=237
SELECT * FROM AccountInfo  WHERE 1=1  AND UserType <> 100 
 
-------------end 2017/9/26 11:37:02-------------
-------------start 2017/9/26 11:37:02-------------/Admin/Ads/AdPageEdit.aspx?id=237
SELECT * FROM AdPageInfo  WHERE 1=1  AND [Id]='237'  
-------------end 2017/9/26 11:37:02-------------
-------------start 2017/9/26 11:37:20-------------/Admin/Ads/AdPageEdit.aspx?id=237
SELECT * FROM AdPageInfo  WHERE 1=1  AND [Id]='237'  
-------------end 2017/9/26 11:37:20-------------
-------------start 2017/9/26 11:37:20-------------/Admin/Ads/AdPageEdit.aspx?id=237
SELECT * FROM AdPageInfo  WHERE 1=1  AND [Id]='237'  
-------------end 2017/9/26 11:37:20-------------
-------------start 2017/9/26 11:37:20-------------/Admin/Ads/AdPageEdit.aspx?id=237
SELECT * FROM ArticleInfo  WHERE 1=1  
-------------end 2017/9/26 11:37:20-------------
-------------start 2017/9/26 11:37:20-------------/Admin/Ads/AdPageEdit.aspx?id=237
SELECT * FROM AdPageInfo  WHERE 1=1  
-------------end 2017/9/26 11:37:20-------------
-------------start 2017/9/26 11:37:20-------------/Admin/Ads/AdPageEdit.aspx?id=237
SELECT * FROM AdPageInfo  WHERE 1=1  
-------------end 2017/9/26 11:37:20-------------
-------------start 2017/9/26 11:37:20-------------/Admin/Ads/AdPageList.aspx
SELECT * FROM AccountInfo  WHERE 1=1  AND UserType <> 100 
 
-------------end 2017/9/26 11:37:20-------------
-------------start 2017/9/26 11:37:20-------------/Admin/Ads/AdPageList.aspx
SELECT * FROM AdTypeInfo  WHERE 1=1  
-------------end 2017/9/26 11:37:20-------------
-------------start 2017/9/26 11:37:20-------------/Admin/Ads/AdPageList.aspx
SELECT * FROM AdSiteInfo  WHERE 1=1  
-------------end 2017/9/26 11:37:20-------------
-------------start 2017/9/26 11:37:20-------------/Admin/Ads/AdPageList.aspx
SELECT TOP 10 * FROM [AdPageInfo]  WHERE 1=1  AND [IsDel]='0'  AND Id NOT IN (SELECT TOP 0 Id FROM [AdPageInfo]  WHERE 1=1  AND [IsDel]='0'   order by  id desc )   order by  id desc 
-------------end 2017/9/26 11:37:20-------------
-------------start 2017/9/26 11:37:20-------------/Admin/Ads/AdPageList.aspx
SELECT * FROM AdTypeInfo  WHERE 1=1  AND [Id]='0'  
-------------end 2017/9/26 11:37:20-------------
-------------start 2017/9/26 11:37:20-------------/Admin/Ads/AdPageList.aspx
SELECT * FROM AdSiteInfo  WHERE 1=1  AND [Id]='0'  
-------------end 2017/9/26 11:37:20-------------
-------------start 2017/9/26 11:37:20-------------/Admin/Ads/AdPageList.aspx
SELECT * FROM AdTypeInfo  WHERE 1=1  AND [Id]='0'  
-------------end 2017/9/26 11:37:20-------------
-------------start 2017/9/26 11:37:20-------------/Admin/Ads/AdPageList.aspx
SELECT * FROM AdSiteInfo  WHERE 1=1  AND [Id]='0'  
-------------end 2017/9/26 11:37:20-------------
-------------start 2017/9/26 11:37:20-------------/Admin/Ads/AdPageList.aspx
SELECT * FROM AdTypeInfo  WHERE 1=1  AND [Id]='0'  
-------------end 2017/9/26 11:37:20-------------
-------------start 2017/9/26 11:37:20-------------/Admin/Ads/AdPageList.aspx
SELECT * FROM AdSiteInfo  WHERE 1=1  AND [Id]='0'  
-------------end 2017/9/26 11:37:20-------------
-------------start 2017/9/26 11:37:20-------------/Admin/Ads/AdPageList.aspx
SELECT * FROM AdTypeInfo  WHERE 1=1  AND [Id]='0'  
-------------end 2017/9/26 11:37:20-------------
-------------start 2017/9/26 11:37:20-------------/Admin/Ads/AdPageList.aspx
SELECT * FROM AdSiteInfo  WHERE 1=1  AND [Id]='0'  
-------------end 2017/9/26 11:37:20-------------
-------------start 2017/9/26 11:37:20-------------/Admin/Ads/AdPageList.aspx
SELECT * FROM AdTypeInfo  WHERE 1=1  AND [Id]='0'  
-------------end 2017/9/26 11:37:20-------------
-------------start 2017/9/26 11:37:20-------------/Admin/Ads/AdPageList.aspx
SELECT * FROM AdSiteInfo  WHERE 1=1  AND [Id]='0'  
-------------end 2017/9/26 11:37:20-------------
-------------start 2017/9/26 11:37:20-------------/Admin/Ads/AdPageList.aspx
SELECT * FROM AdTypeInfo  WHERE 1=1  AND [Id]='0'  
-------------end 2017/9/26 11:37:20-------------
-------------start 2017/9/26 11:37:20-------------/Admin/Ads/AdPageList.aspx
SELECT * FROM AdSiteInfo  WHERE 1=1  AND [Id]='0'  
-------------end 2017/9/26 11:37:20-------------
-------------start 2017/9/26 11:37:20-------------/Admin/Ads/AdPageList.aspx
SELECT * FROM AdTypeInfo  WHERE 1=1  AND [Id]='0'  
-------------end 2017/9/26 11:37:20-------------
-------------start 2017/9/26 11:37:20-------------/Admin/Ads/AdPageList.aspx
SELECT * FROM AdSiteInfo  WHERE 1=1  AND [Id]='0'  
-------------end 2017/9/26 11:37:20-------------
-------------start 2017/9/26 11:37:20-------------/Admin/Ads/AdPageList.aspx
SELECT * FROM AdTypeInfo  WHERE 1=1  AND [Id]='0'  
-------------end 2017/9/26 11:37:20-------------
-------------start 2017/9/26 11:37:20-------------/Admin/Ads/AdPageList.aspx
SELECT * FROM AdSiteInfo  WHERE 1=1  AND [Id]='0'  
-------------end 2017/9/26 11:37:20-------------
-------------start 2017/9/26 11:37:20-------------/Admin/Ads/AdPageList.aspx
SELECT * FROM AdTypeInfo  WHERE 1=1  AND [Id]='0'  
-------------end 2017/9/26 11:37:20-------------
-------------start 2017/9/26 11:37:20-------------/Admin/Ads/AdPageList.aspx
SELECT * FROM AdSiteInfo  WHERE 1=1  AND [Id]='0'  
-------------end 2017/9/26 11:37:20-------------
-------------start 2017/9/26 11:37:20-------------/Admin/Ads/AdPageList.aspx
SELECT * FROM AdTypeInfo  WHERE 1=1  AND [Id]='0'  
-------------end 2017/9/26 11:37:20-------------
-------------start 2017/9/26 11:37:20-------------/Admin/Ads/AdPageList.aspx
SELECT * FROM AdSiteInfo  WHERE 1=1  AND [Id]='0'  
-------------end 2017/9/26 11:37:20-------------
-------------start 2017/9/26 11:37:22-------------/Admin/Ads/AdPageEdit.aspx?id=237
SELECT * FROM AccountInfo  WHERE 1=1  AND UserType <> 100 
 
-------------end 2017/9/26 11:37:22-------------
-------------start 2017/9/26 11:37:22-------------/Admin/Ads/AdPageEdit.aspx?id=237
SELECT * FROM AdPageInfo  WHERE 1=1  AND [Id]='237'  
-------------end 2017/9/26 11:37:22-------------
-------------start 2017/9/26 11:37:55-------------/Admin/Ads/AdPageEdit.aspx?id=237
SELECT * FROM AdPageInfo  WHERE 1=1  AND [Id]='237'  
-------------end 2017/9/26 11:37:55-------------
-------------start 2017/9/26 11:37:55-------------/Admin/Ads/AdPageEdit.aspx?id=237
SELECT * FROM AdPageInfo  WHERE 1=1  AND [Id]='237'  
-------------end 2017/9/26 11:37:55-------------
-------------start 2017/9/26 11:37:55-------------/Admin/Ads/AdPageEdit.aspx?id=237
SELECT * FROM AdPageInfo  WHERE 1=1  
-------------end 2017/9/26 11:37:55-------------
-------------start 2017/9/26 11:37:55-------------/Admin/Ads/AdPageEdit.aspx?id=237
SELECT * FROM AdPageInfo  WHERE 1=1  
-------------end 2017/9/26 11:37:55-------------
-------------start 2017/9/26 11:37:56-------------/Admin/Ads/AdPageList.aspx
SELECT * FROM AccountInfo  WHERE 1=1  AND UserType <> 100 
 
-------------end 2017/9/26 11:37:56-------------
-------------start 2017/9/26 11:37:56-------------/Admin/Ads/AdPageList.aspx
SELECT * FROM AdTypeInfo  WHERE 1=1  
-------------end 2017/9/26 11:37:56-------------
-------------start 2017/9/26 11:37:56-------------/Admin/Ads/AdPageList.aspx
SELECT * FROM AdSiteInfo  WHERE 1=1  
-------------end 2017/9/26 11:37:56-------------
-------------start 2017/9/26 11:37:56-------------/Admin/Ads/AdPageList.aspx
SELECT TOP 10 * FROM [AdPageInfo]  WHERE 1=1  AND [IsDel]='0'  AND Id NOT IN (SELECT TOP 0 Id FROM [AdPageInfo]  WHERE 1=1  AND [IsDel]='0'   order by  id desc )   order by  id desc 
-------------end 2017/9/26 11:37:56-------------
-------------start 2017/9/26 11:37:56-------------/Admin/Ads/AdPageList.aspx
SELECT * FROM AdTypeInfo  WHERE 1=1  AND [Id]='0'  
-------------end 2017/9/26 11:37:56-------------
-------------start 2017/9/26 11:37:56-------------/Admin/Ads/AdPageList.aspx
SELECT * FROM AdSiteInfo  WHERE 1=1  AND [Id]='0'  
-------------end 2017/9/26 11:37:56-------------
-------------start 2017/9/26 11:37:56-------------/Admin/Ads/AdPageList.aspx
SELECT * FROM AdTypeInfo  WHERE 1=1  AND [Id]='0'  
-------------end 2017/9/26 11:37:56-------------
-------------start 2017/9/26 11:37:56-------------/Admin/Ads/AdPageList.aspx
SELECT * FROM AdSiteInfo  WHERE 1=1  AND [Id]='0'  
-------------end 2017/9/26 11:37:56-------------
-------------start 2017/9/26 11:37:56-------------/Admin/Ads/AdPageList.aspx
SELECT * FROM AdTypeInfo  WHERE 1=1  AND [Id]='0'  
-------------end 2017/9/26 11:37:56-------------
-------------start 2017/9/26 11:37:56-------------/Admin/Ads/AdPageList.aspx
SELECT * FROM AdSiteInfo  WHERE 1=1  AND [Id]='0'  
-------------end 2017/9/26 11:37:56-------------
-------------start 2017/9/26 11:37:56-------------/Admin/Ads/AdPageList.aspx
SELECT * FROM AdTypeInfo  WHERE 1=1  AND [Id]='0'  
-------------end 2017/9/26 11:37:56-------------
-------------start 2017/9/26 11:37:56-------------/Admin/Ads/AdPageList.aspx
SELECT * FROM AdSiteInfo  WHERE 1=1  AND [Id]='0'  
-------------end 2017/9/26 11:37:56-------------
-------------start 2017/9/26 11:37:56-------------/Admin/Ads/AdPageList.aspx
SELECT * FROM AdTypeInfo  WHERE 1=1  AND [Id]='0'  
-------------end 2017/9/26 11:37:56-------------
-------------start 2017/9/26 11:37:56-------------/Admin/Ads/AdPageList.aspx
SELECT * FROM AdSiteInfo  WHERE 1=1  AND [Id]='0'  
-------------end 2017/9/26 11:37:56-------------
-------------start 2017/9/26 11:37:56-------------/Admin/Ads/AdPageList.aspx
SELECT * FROM AdTypeInfo  WHERE 1=1  AND [Id]='0'  
-------------end 2017/9/26 11:37:56-------------
-------------start 2017/9/26 11:37:56-------------/Admin/Ads/AdPageList.aspx
SELECT * FROM AdSiteInfo  WHERE 1=1  AND [Id]='0'  
-------------end 2017/9/26 11:37:56-------------
-------------start 2017/9/26 11:37:56-------------/Admin/Ads/AdPageList.aspx
SELECT * FROM AdTypeInfo  WHERE 1=1  AND [Id]='0'  
-------------end 2017/9/26 11:37:56-------------
-------------start 2017/9/26 11:37:56-------------/Admin/Ads/AdPageList.aspx
SELECT * FROM AdSiteInfo  WHERE 1=1  AND [Id]='0'  
-------------end 2017/9/26 11:37:56-------------
-------------start 2017/9/26 11:37:56-------------/Admin/Ads/AdPageList.aspx
SELECT * FROM AdTypeInfo  WHERE 1=1  AND [Id]='0'  
-------------end 2017/9/26 11:37:56-------------
-------------start 2017/9/26 11:37:56-------------/Admin/Ads/AdPageList.aspx
SELECT * FROM AdSiteInfo  WHERE 1=1  AND [Id]='0'  
-------------end 2017/9/26 11:37:56-------------
-------------start 2017/9/26 11:37:56-------------/Admin/Ads/AdPageList.aspx
SELECT * FROM AdTypeInfo  WHERE 1=1  AND [Id]='0'  
-------------end 2017/9/26 11:37:56-------------
-------------start 2017/9/26 11:37:56-------------/Admin/Ads/AdPageList.aspx
SELECT * FROM AdSiteInfo  WHERE 1=1  AND [Id]='0'  
-------------end 2017/9/26 11:37:56-------------
-------------start 2017/9/26 11:37:56-------------/Admin/Ads/AdPageList.aspx
SELECT * FROM AdTypeInfo  WHERE 1=1  AND [Id]='0'  
-------------end 2017/9/26 11:37:56-------------
-------------start 2017/9/26 11:37:56-------------/Admin/Ads/AdPageList.aspx
SELECT * FROM AdSiteInfo  WHERE 1=1  AND [Id]='0'  
-------------end 2017/9/26 11:37:56-------------
-------------start 2017/9/26 11:37:58-------------/Admin/Ads/AdPageEdit.aspx?id=237
SELECT * FROM AccountInfo  WHERE 1=1  AND UserType <> 100 
 
-------------end 2017/9/26 11:37:58-------------
-------------start 2017/9/26 11:37:58-------------/Admin/Ads/AdPageEdit.aspx?id=237
SELECT * FROM AdPageInfo  WHERE 1=1  AND [Id]='237'  
-------------end 2017/9/26 11:37:58-------------
