-------------start 2017/8/1 11:12:40-------------/Login.aspx
SELECT * FROM AccountInfo  WHERE 1=1  AND [UserName]='admin' 
 
-------------end 2017/8/1 11:12:40-------------
-------------start 2017/8/1 11:12:42-------------/Admin/Index.aspx
SELECT * FROM AccountInfo  WHERE 1=1  AND [UserName]='admin' 
 
-------------end 2017/8/1 11:12:42-------------
-------------start 2017/8/1 11:29:07-------------/Admin/Ads/AdPageList.aspx
SELECT * FROM AccountInfo  WHERE 1=1  AND [UserType]='0' 
 
-------------end 2017/8/1 11:29:07-------------
-------------start 2017/8/1 11:29:07-------------/Admin/Ads/AdPageList.aspx
SELECT * FROM AdTypeInfo  WHERE 1=1  
-------------end 2017/8/1 11:29:07-------------
-------------start 2017/8/1 11:29:07-------------/Admin/Ads/AdPageList.aspx
SELECT * FROM AdSiteInfo  WHERE 1=1  
-------------end 2017/8/1 11:29:07-------------
-------------start 2017/8/1 11:29:07-------------/Admin/Ads/AdPageList.aspx
SELECT * FROM AdPageInfo  WHERE 1=1  
-------------end 2017/8/1 11:29:07-------------
-------------start 2017/8/1 11:29:08-------------/Admin/Ads/AdPageList.aspx
SELECT TOP 10 * FROM [AdPageInfo]  WHERE 1=1  AND [IsDel]='0'  AND Id NOT IN (SELECT TOP 0 Id FROM [AdPageInfo]  WHERE 1=1  AND [IsDel]='0'   order by  id desc )   order by  id desc 
-------------end 2017/8/1 11:29:08-------------
-------------start 2017/8/1 11:29:08-------------/Admin/Ads/AdPageList.aspx
SELECT * FROM AccountInfo  WHERE 1=1  AND [Id]='17' 
 
-------------end 2017/8/1 11:29:08-------------
-------------start 2017/8/1 11:29:08-------------/Admin/Ads/AdPageList.aspx
SELECT * FROM AdTypeInfo  WHERE 1=1  AND [Id]='0'  
-------------end 2017/8/1 11:29:08-------------
-------------start 2017/8/1 11:29:08-------------/Admin/Ads/AdPageList.aspx
SELECT * FROM AdSiteInfo  WHERE 1=1  AND [Id]='0'  
-------------end 2017/8/1 11:29:08-------------
-------------start 2017/8/1 11:29:08-------------/Admin/Ads/AdPageList.aspx
SELECT * FROM AccountInfo  WHERE 1=1  AND [Id]='13' 
 
-------------end 2017/8/1 11:29:08-------------
-------------start 2017/8/1 11:29:08-------------/Admin/Ads/AdPageList.aspx
SELECT * FROM AdTypeInfo  WHERE 1=1  AND [Id]='0'  
-------------end 2017/8/1 11:29:08-------------
-------------start 2017/8/1 11:29:08-------------/Admin/Ads/AdPageList.aspx
SELECT * FROM AdSiteInfo  WHERE 1=1  AND [Id]='0'  
-------------end 2017/8/1 11:29:08-------------
-------------start 2017/8/1 11:29:08-------------/Admin/Ads/AdPageList.aspx
SELECT * FROM AccountInfo  WHERE 1=1  AND [Id]='2' 
 
-------------end 2017/8/1 11:29:08-------------
-------------start 2017/8/1 11:29:08-------------/Admin/Ads/AdPageList.aspx
SELECT * FROM AdTypeInfo  WHERE 1=1  AND [Id]='0'  
-------------end 2017/8/1 11:29:08-------------
-------------start 2017/8/1 11:29:08-------------/Admin/Ads/AdPageList.aspx
SELECT * FROM AdSiteInfo  WHERE 1=1  AND [Id]='0'  
-------------end 2017/8/1 11:29:08-------------
-------------start 2017/8/1 11:29:08-------------/Admin/Ads/AdPageList.aspx
SELECT * FROM AccountInfo  WHERE 1=1  AND [Id]='5' 
 
-------------end 2017/8/1 11:29:08-------------
-------------start 2017/8/1 11:29:08-------------/Admin/Ads/AdPageList.aspx
SELECT * FROM AdTypeInfo  WHERE 1=1  AND [Id]='0'  
-------------end 2017/8/1 11:29:08-------------
-------------start 2017/8/1 11:29:08-------------/Admin/Ads/AdPageList.aspx
SELECT * FROM AdSiteInfo  WHERE 1=1  AND [Id]='0'  
-------------end 2017/8/1 11:29:08-------------
-------------start 2017/8/1 11:29:08-------------/Admin/Ads/AdPageList.aspx
SELECT * FROM AdTypeInfo  WHERE 1=1  AND [Id]='0'  
-------------end 2017/8/1 11:29:08-------------
-------------start 2017/8/1 11:29:08-------------/Admin/Ads/AdPageList.aspx
SELECT * FROM AdSiteInfo  WHERE 1=1  AND [Id]='0'  
-------------end 2017/8/1 11:29:08-------------
-------------start 2017/8/1 11:29:08-------------/Admin/Ads/AdPageList.aspx
SELECT * FROM AdTypeInfo  WHERE 1=1  AND [Id]='0'  
-------------end 2017/8/1 11:29:08-------------
-------------start 2017/8/1 11:29:08-------------/Admin/Ads/AdPageList.aspx
SELECT * FROM AdSiteInfo  WHERE 1=1  AND [Id]='0'  
-------------end 2017/8/1 11:29:08-------------
-------------start 2017/8/1 11:29:08-------------/Admin/Ads/AdPageList.aspx
SELECT * FROM AdTypeInfo  WHERE 1=1  AND [Id]='0'  
-------------end 2017/8/1 11:29:08-------------
-------------start 2017/8/1 11:29:08-------------/Admin/Ads/AdPageList.aspx
SELECT * FROM AdSiteInfo  WHERE 1=1  AND [Id]='0'  
-------------end 2017/8/1 11:29:08-------------
-------------start 2017/8/1 11:29:08-------------/Admin/Ads/AdPageList.aspx
SELECT * FROM AdTypeInfo  WHERE 1=1  AND [Id]='0'  
-------------end 2017/8/1 11:29:08-------------
-------------start 2017/8/1 11:29:08-------------/Admin/Ads/AdPageList.aspx
SELECT * FROM AdSiteInfo  WHERE 1=1  AND [Id]='0'  
-------------end 2017/8/1 11:29:08-------------
-------------start 2017/8/1 11:29:08-------------/Admin/Ads/AdPageList.aspx
SELECT * FROM AdTypeInfo  WHERE 1=1  AND [Id]='0'  
-------------end 2017/8/1 11:29:08-------------
-------------start 2017/8/1 11:29:08-------------/Admin/Ads/AdPageList.aspx
SELECT * FROM AdSiteInfo  WHERE 1=1  AND [Id]='0'  
-------------end 2017/8/1 11:29:08-------------
-------------start 2017/8/1 11:29:08-------------/Admin/Ads/AdPageList.aspx
SELECT * FROM AdTypeInfo  WHERE 1=1  AND [Id]='0'  
-------------end 2017/8/1 11:29:08-------------
-------------start 2017/8/1 11:29:08-------------/Admin/Ads/AdPageList.aspx
SELECT * FROM AdSiteInfo  WHERE 1=1  AND [Id]='0'  
-------------end 2017/8/1 11:29:08-------------
-------------start 2017/8/1 11:29:26-------------/Admin/Ads/AdPageEdit.aspx?id=223
SELECT * FROM AccountInfo  WHERE 1=1  AND UserType IN (0,2)
 
-------------end 2017/8/1 11:29:26-------------
-------------start 2017/8/1 11:29:26-------------/Admin/Ads/AdPageEdit.aspx?id=223
SELECT * FROM AdPageInfo  WHERE 1=1  AND [Id]='223'  
-------------end 2017/8/1 11:29:26-------------
-------------start 2017/8/1 11:29:37-------------/Admin/Ads/AdPageEdit.aspx?id=223
SELECT * FROM AdPageInfo  WHERE 1=1  AND [Id]='223'  
-------------end 2017/8/1 11:29:37-------------
-------------start 2017/8/1 11:29:37-------------/Admin/Ads/AdPageEdit.aspx?id=223
SELECT * FROM AdPageInfo  WHERE 1=1  AND [Id]='223'  
-------------end 2017/8/1 11:29:37-------------
-------------start 2017/8/1 11:29:37-------------/Admin/Ads/AdPageEdit.aspx?id=223
SELECT * FROM ArticleInfo  WHERE 1=1  
-------------end 2017/8/1 11:29:37-------------
-------------start 2017/8/1 11:29:37-------------/Admin/Ads/AdPageEdit.aspx?id=223
SELECT * FROM AdPageInfo  WHERE 1=1  
-------------end 2017/8/1 11:29:37-------------
-------------start 2017/8/1 11:29:37-------------/Admin/Ads/AdPageEdit.aspx?id=223
SELECT * FROM AdPageInfo  WHERE 1=1  
-------------end 2017/8/1 11:29:37-------------
-------------start 2017/8/1 11:29:37-------------/Admin/Ads/AdPageList.aspx
SELECT * FROM AccountInfo  WHERE 1=1  AND [UserType]='0' 
 
-------------end 2017/8/1 11:29:37-------------
-------------start 2017/8/1 11:29:37-------------/Admin/Ads/AdPageList.aspx
SELECT * FROM AdTypeInfo  WHERE 1=1  
-------------end 2017/8/1 11:29:37-------------
-------------start 2017/8/1 11:29:37-------------/Admin/Ads/AdPageList.aspx
SELECT * FROM AdSiteInfo  WHERE 1=1  
-------------end 2017/8/1 11:29:37-------------
-------------start 2017/8/1 11:29:37-------------/Admin/Ads/AdPageList.aspx
SELECT TOP 10 * FROM [AdPageInfo]  WHERE 1=1  AND [IsDel]='0'  AND Id NOT IN (SELECT TOP 0 Id FROM [AdPageInfo]  WHERE 1=1  AND [IsDel]='0'   order by  id desc )   order by  id desc 
-------------end 2017/8/1 11:29:37-------------
-------------start 2017/8/1 11:29:37-------------/Admin/Ads/AdPageList.aspx
SELECT * FROM AdTypeInfo  WHERE 1=1  AND [Id]='0'  
-------------end 2017/8/1 11:29:37-------------
-------------start 2017/8/1 11:29:37-------------/Admin/Ads/AdPageList.aspx
SELECT * FROM AdSiteInfo  WHERE 1=1  AND [Id]='0'  
-------------end 2017/8/1 11:29:37-------------
-------------start 2017/8/1 11:29:37-------------/Admin/Ads/AdPageList.aspx
SELECT * FROM AdTypeInfo  WHERE 1=1  AND [Id]='0'  
-------------end 2017/8/1 11:29:37-------------
-------------start 2017/8/1 11:29:37-------------/Admin/Ads/AdPageList.aspx
SELECT * FROM AdSiteInfo  WHERE 1=1  AND [Id]='0'  
-------------end 2017/8/1 11:29:37-------------
-------------start 2017/8/1 11:29:37-------------/Admin/Ads/AdPageList.aspx
SELECT * FROM AdTypeInfo  WHERE 1=1  AND [Id]='0'  
-------------end 2017/8/1 11:29:37-------------
-------------start 2017/8/1 11:29:37-------------/Admin/Ads/AdPageList.aspx
SELECT * FROM AdSiteInfo  WHERE 1=1  AND [Id]='0'  
-------------end 2017/8/1 11:29:37-------------
-------------start 2017/8/1 11:29:37-------------/Admin/Ads/AdPageList.aspx
SELECT * FROM AdTypeInfo  WHERE 1=1  AND [Id]='0'  
-------------end 2017/8/1 11:29:37-------------
-------------start 2017/8/1 11:29:37-------------/Admin/Ads/AdPageList.aspx
SELECT * FROM AdSiteInfo  WHERE 1=1  AND [Id]='0'  
-------------end 2017/8/1 11:29:37-------------
-------------start 2017/8/1 11:29:37-------------/Admin/Ads/AdPageList.aspx
SELECT * FROM AdTypeInfo  WHERE 1=1  AND [Id]='0'  
-------------end 2017/8/1 11:29:37-------------
-------------start 2017/8/1 11:29:37-------------/Admin/Ads/AdPageList.aspx
SELECT * FROM AdSiteInfo  WHERE 1=1  AND [Id]='0'  
-------------end 2017/8/1 11:29:37-------------
-------------start 2017/8/1 11:29:37-------------/Admin/Ads/AdPageList.aspx
SELECT * FROM AdTypeInfo  WHERE 1=1  AND [Id]='0'  
-------------end 2017/8/1 11:29:37-------------
-------------start 2017/8/1 11:29:37-------------/Admin/Ads/AdPageList.aspx
SELECT * FROM AdSiteInfo  WHERE 1=1  AND [Id]='0'  
-------------end 2017/8/1 11:29:37-------------
-------------start 2017/8/1 11:29:37-------------/Admin/Ads/AdPageList.aspx
SELECT * FROM AdTypeInfo  WHERE 1=1  AND [Id]='0'  
-------------end 2017/8/1 11:29:37-------------
-------------start 2017/8/1 11:29:37-------------/Admin/Ads/AdPageList.aspx
SELECT * FROM AdSiteInfo  WHERE 1=1  AND [Id]='0'  
-------------end 2017/8/1 11:29:37-------------
-------------start 2017/8/1 11:29:37-------------/Admin/Ads/AdPageList.aspx
SELECT * FROM AdTypeInfo  WHERE 1=1  AND [Id]='0'  
-------------end 2017/8/1 11:29:37-------------
-------------start 2017/8/1 11:29:37-------------/Admin/Ads/AdPageList.aspx
SELECT * FROM AdSiteInfo  WHERE 1=1  AND [Id]='0'  
-------------end 2017/8/1 11:29:37-------------
-------------start 2017/8/1 11:29:37-------------/Admin/Ads/AdPageList.aspx
SELECT * FROM AdTypeInfo  WHERE 1=1  AND [Id]='0'  
-------------end 2017/8/1 11:29:37-------------
-------------start 2017/8/1 11:29:37-------------/Admin/Ads/AdPageList.aspx
SELECT * FROM AdSiteInfo  WHERE 1=1  AND [Id]='0'  
-------------end 2017/8/1 11:29:37-------------
-------------start 2017/8/1 11:29:37-------------/Admin/Ads/AdPageList.aspx
SELECT * FROM AdTypeInfo  WHERE 1=1  AND [Id]='0'  
-------------end 2017/8/1 11:29:37-------------
-------------start 2017/8/1 11:29:37-------------/Admin/Ads/AdPageList.aspx
SELECT * FROM AdSiteInfo  WHERE 1=1  AND [Id]='0'  
-------------end 2017/8/1 11:29:37-------------
