-------------start 2017/8/17 20:21:31-------------/Login.aspx?ReturnUrl=%2fAccVir%2fIndex.aspx
SELECT * FROM AccountInfo  WHERE 1=1  AND [UserName]='vipdz001' 
 
-------------end 2017/8/17 20:21:31-------------
-------------start 2017/8/17 20:21:35-------------/AccVir/Index.aspx
SELECT * FROM AccountInfo  WHERE 1=1  AND [UserName]='vipdz001' 
 
-------------end 2017/8/17 20:21:35-------------
-------------start 2017/8/17 20:21:35-------------/AccVir/Index.aspx
SELECT * FROM AdPageInfo  WHERE 1=1  
-------------end 2017/8/17 20:21:35-------------
-------------start 2017/8/17 20:21:35-------------/AccVir/Index.aspx
SELECT TOP 10 * FROM [AdPageInfo]  WHERE 1=1  AND [UserId]='22'  AND Id NOT IN (SELECT TOP 0 Id FROM [AdPageInfo]  WHERE 1=1  AND [UserId]='22'  )  
-------------end 2017/8/17 20:21:35-------------
-------------start 2017/8/17 20:21:55-------------/AccVir/Index.aspx
SELECT TOP 10 * FROM [AdPageInfo]  WHERE 1=1  AND [UserId]='22'  AND Id NOT IN (SELECT TOP 0 Id FROM [AdPageInfo]  WHERE 1=1  AND [UserId]='22'  )  
-------------end 2017/8/17 20:21:55-------------
-------------start 2017/8/17 20:22:08-------------/AccVir/Index.aspx
SELECT TOP 10 * FROM [AdPageInfo]  WHERE 1=1  AND [UserId]='22'  AND Id NOT IN (SELECT TOP 0 Id FROM [AdPageInfo]  WHERE 1=1  AND [UserId]='22'  )  
-------------end 2017/8/17 20:22:08-------------
-------------start 2017/8/17 20:26:56-------------/AccVir/Index.aspx
SELECT * FROM AccountInfo  WHERE 1=1  AND [UserName]='vipdz001' 
 
-------------end 2017/8/17 20:26:56-------------
-------------start 2017/8/17 20:26:57-------------/AccVir/Index.aspx
SELECT * FROM AdPageInfo  WHERE 1=1  
-------------end 2017/8/17 20:26:57-------------
-------------start 2017/8/17 20:26:57-------------/AccVir/Index.aspx
SELECT TOP 10 * FROM [AdPageInfo]  WHERE 1=1  AND [UserId]='22'  AND Id NOT IN (SELECT TOP 0 Id FROM [AdPageInfo]  WHERE 1=1  AND [UserId]='22'  )  
-------------end 2017/8/17 20:26:57-------------
-------------start 2017/8/17 20:29:06-------------/Login.aspx
SELECT * FROM AccountInfo  WHERE 1=1  AND [UserName]='vipdz001' 
 
-------------end 2017/8/17 20:29:06-------------
-------------start 2017/8/17 20:29:07-------------/AccVir/Index.aspx
SELECT * FROM AccountInfo  WHERE 1=1  AND [UserName]='vipdz001' 
 
-------------end 2017/8/17 20:29:07-------------
-------------start 2017/8/17 20:29:07-------------/AccVir/Index.aspx
SELECT * FROM AdPageInfo  WHERE 1=1  
-------------end 2017/8/17 20:29:07-------------
-------------start 2017/8/17 20:29:07-------------/AccVir/Index.aspx
SELECT TOP 10 * FROM [AdPageInfo]  WHERE 1=1  AND [UserId]='22'  AND Id NOT IN (SELECT TOP 0 Id FROM [AdPageInfo]  WHERE 1=1  AND [UserId]='22'  )  
-------------end 2017/8/17 20:29:07-------------
-------------start 2017/8/17 20:31:22-------------/Login.aspx
SELECT * FROM AccountInfo  WHERE 1=1  AND [UserName]='vipdz001' 
 
-------------end 2017/8/17 20:31:22-------------
-------------start 2017/8/17 20:31:24-------------/AccVir/Index.aspx
SELECT * FROM AccountInfo  WHERE 1=1  AND [UserName]='vipdz001' 
 
-------------end 2017/8/17 20:31:24-------------
-------------start 2017/8/17 20:31:24-------------/AccVir/Index.aspx
SELECT * FROM AdPageInfo  WHERE 1=1  
-------------end 2017/8/17 20:31:24-------------
-------------start 2017/8/17 20:31:24-------------/AccVir/Index.aspx
SELECT TOP 10 * FROM [AdPageInfo]  WHERE 1=1  AND [UserId]='22'  AND Id NOT IN (SELECT TOP 0 Id FROM [AdPageInfo]  WHERE 1=1  AND [UserId]='22'  )  
-------------end 2017/8/17 20:31:24-------------
-------------start 2017/8/17 20:31:31-------------/AccVir/Index.aspx
SELECT TOP 10 * FROM [AdPageInfo]  WHERE 1=1  AND [UserId]='22'  AND Id NOT IN (SELECT TOP 0 Id FROM [AdPageInfo]  WHERE 1=1  AND [UserId]='22'  )  
-------------end 2017/8/17 20:31:31-------------
-------------start 2017/8/17 20:33:48-------------/Login.aspx
SELECT * FROM AccountInfo  WHERE 1=1  AND [UserName]='vipdz001' 
 
-------------end 2017/8/17 20:33:48-------------
-------------start 2017/8/17 20:33:49-------------/AccVir/Index.aspx
SELECT * FROM AccountInfo  WHERE 1=1  AND [UserName]='vipdz001' 
 
-------------end 2017/8/17 20:33:49-------------
-------------start 2017/8/17 20:33:49-------------/AccVir/Index.aspx
SELECT * FROM AdPageInfo  WHERE 1=1  
-------------end 2017/8/17 20:33:49-------------
-------------start 2017/8/17 20:33:49-------------/AccVir/Index.aspx
SELECT TOP 10 * FROM [AdPageInfo]  WHERE 1=1  AND [UserId]='22'  AND Id NOT IN (SELECT TOP 0 Id FROM [AdPageInfo]  WHERE 1=1  AND [UserId]='22'  )  
-------------end 2017/8/17 20:33:49-------------
-------------start 2017/8/17 20:34:12-------------/AccVir/Index.aspx
SELECT TOP 10 * FROM [AdPageInfo]  WHERE 1=1  AND [UserId]='22'  AND Id NOT IN (SELECT TOP 0 Id FROM [AdPageInfo]  WHERE 1=1  AND [UserId]='22'  )  
-------------end 2017/8/17 20:34:12-------------
-------------start 2017/8/17 20:35:29-------------/AccVir/Index.aspx
SELECT * FROM AccountInfo  WHERE 1=1  AND [UserName]='vipdz001' 
 
-------------end 2017/8/17 20:35:29-------------
-------------start 2017/8/17 20:35:29-------------/AccVir/Index.aspx
SELECT * FROM AdPageInfo  WHERE 1=1  
-------------end 2017/8/17 20:35:29-------------
-------------start 2017/8/17 20:35:29-------------/AccVir/Index.aspx
SELECT TOP 10 * FROM [AdPageInfo]  WHERE 1=1  AND [UserId]='22'  AND Id NOT IN (SELECT TOP 0 Id FROM [AdPageInfo]  WHERE 1=1  AND [UserId]='22'  )  
-------------end 2017/8/17 20:35:29-------------
-------------start 2017/8/17 20:41:35-------------/Login.aspx
SELECT * FROM AccountInfo  WHERE 1=1  AND [UserName]='admin' 
 
-------------end 2017/8/17 20:41:35-------------
-------------start 2017/8/17 20:41:40-------------/Admin/Index.aspx
SELECT * FROM AccountInfo  WHERE 1=1  AND [UserName]='admin' 
 
-------------end 2017/8/17 20:41:40-------------
-------------start 2017/8/17 20:44:00-------------/Login.aspx
SELECT * FROM AccountInfo  WHERE 1=1  AND [UserName]='admin' 
 
-------------end 2017/8/17 20:44:00-------------
-------------start 2017/8/17 20:44:06-------------/Admin/Users/UserList.aspx
SELECT TOP 10 * FROM [AccountInfo]  WHERE 1=1 
 AND Id NOT IN (SELECT TOP 0 Id FROM [AccountInfo]  WHERE 1=1 
  order by  id desc )   order by  id desc 
-------------end 2017/8/17 20:44:06-------------
-------------start 2017/8/17 20:44:24-------------/Admin/Users/UserEdit.aspx
SELECT * FROM AccountInfo  WHERE 1=1  AND [UserName]='viplsr020' 
 
-------------end 2017/8/17 20:44:24-------------
-------------start 2017/8/17 20:44:24-------------/Admin/Users/UserList.aspx
SELECT TOP 10 * FROM [AccountInfo]  WHERE 1=1 
 AND Id NOT IN (SELECT TOP 0 Id FROM [AccountInfo]  WHERE 1=1 
  order by  id desc )   order by  id desc 
-------------end 2017/8/17 20:44:24-------------
-------------start 2017/8/17 20:44:34-------------/Admin/Ads/AdPageList.aspx
SELECT * FROM AccountInfo  WHERE 1=1  AND UserType <> 100 
 
-------------end 2017/8/17 20:44:34-------------
-------------start 2017/8/17 20:44:34-------------/Admin/Ads/AdPageList.aspx
SELECT * FROM AdTypeInfo  WHERE 1=1  
-------------end 2017/8/17 20:44:34-------------
-------------start 2017/8/17 20:44:34-------------/Admin/Ads/AdPageList.aspx
SELECT * FROM AdSiteInfo  WHERE 1=1  
-------------end 2017/8/17 20:44:34-------------
-------------start 2017/8/17 20:44:34-------------/Admin/Ads/AdPageList.aspx
SELECT * FROM AdPageInfo  WHERE 1=1  
-------------end 2017/8/17 20:44:34-------------
-------------start 2017/8/17 20:44:34-------------/Admin/Ads/AdPageList.aspx
SELECT TOP 10 * FROM [AdPageInfo]  WHERE 1=1  AND [IsDel]='0'  AND Id NOT IN (SELECT TOP 0 Id FROM [AdPageInfo]  WHERE 1=1  AND [IsDel]='0'   order by  id desc )   order by  id desc 
-------------end 2017/8/17 20:44:34-------------
-------------start 2017/8/17 20:44:34-------------/Admin/Ads/AdPageList.aspx
SELECT * FROM AccountInfo  WHERE 1=1  AND [Id]='22' 
 
-------------end 2017/8/17 20:44:34-------------
-------------start 2017/8/17 20:44:34-------------/Admin/Ads/AdPageList.aspx
SELECT * FROM AdTypeInfo  WHERE 1=1  AND [Id]='0'  
-------------end 2017/8/17 20:44:34-------------
-------------start 2017/8/17 20:44:34-------------/Admin/Ads/AdPageList.aspx
SELECT * FROM AdSiteInfo  WHERE 1=1  AND [Id]='0'  
-------------end 2017/8/17 20:44:34-------------
-------------start 2017/8/17 20:44:34-------------/Admin/Ads/AdPageList.aspx
SELECT * FROM AccountInfo  WHERE 1=1  AND [Id]='21' 
 
-------------end 2017/8/17 20:44:34-------------
-------------start 2017/8/17 20:44:34-------------/Admin/Ads/AdPageList.aspx
SELECT * FROM AdTypeInfo  WHERE 1=1  AND [Id]='0'  
-------------end 2017/8/17 20:44:34-------------
-------------start 2017/8/17 20:44:34-------------/Admin/Ads/AdPageList.aspx
SELECT * FROM AdSiteInfo  WHERE 1=1  AND [Id]='0'  
-------------end 2017/8/17 20:44:34-------------
-------------start 2017/8/17 20:44:34-------------/Admin/Ads/AdPageList.aspx
SELECT * FROM AccountInfo  WHERE 1=1  AND [Id]='2' 
 
-------------end 2017/8/17 20:44:34-------------
-------------start 2017/8/17 20:44:34-------------/Admin/Ads/AdPageList.aspx
SELECT * FROM AdTypeInfo  WHERE 1=1  AND [Id]='0'  
-------------end 2017/8/17 20:44:34-------------
-------------start 2017/8/17 20:44:34-------------/Admin/Ads/AdPageList.aspx
SELECT * FROM AdSiteInfo  WHERE 1=1  AND [Id]='0'  
-------------end 2017/8/17 20:44:34-------------
-------------start 2017/8/17 20:44:34-------------/Admin/Ads/AdPageList.aspx
SELECT * FROM AccountInfo  WHERE 1=1  AND [Id]='20' 
 
-------------end 2017/8/17 20:44:34-------------
-------------start 2017/8/17 20:44:34-------------/Admin/Ads/AdPageList.aspx
SELECT * FROM AdTypeInfo  WHERE 1=1  AND [Id]='0'  
-------------end 2017/8/17 20:44:34-------------
-------------start 2017/8/17 20:44:34-------------/Admin/Ads/AdPageList.aspx
SELECT * FROM AdSiteInfo  WHERE 1=1  AND [Id]='0'  
-------------end 2017/8/17 20:44:34-------------
-------------start 2017/8/17 20:44:34-------------/Admin/Ads/AdPageList.aspx
SELECT * FROM AccountInfo  WHERE 1=1  AND [Id]='19' 
 
-------------end 2017/8/17 20:44:34-------------
-------------start 2017/8/17 20:44:34-------------/Admin/Ads/AdPageList.aspx
SELECT * FROM AdTypeInfo  WHERE 1=1  AND [Id]='0'  
-------------end 2017/8/17 20:44:34-------------
-------------start 2017/8/17 20:44:34-------------/Admin/Ads/AdPageList.aspx
SELECT * FROM AdSiteInfo  WHERE 1=1  AND [Id]='0'  
-------------end 2017/8/17 20:44:34-------------
-------------start 2017/8/17 20:44:34-------------/Admin/Ads/AdPageList.aspx
SELECT * FROM AccountInfo  WHERE 1=1  AND [Id]='17' 
 
-------------end 2017/8/17 20:44:34-------------
-------------start 2017/8/17 20:44:34-------------/Admin/Ads/AdPageList.aspx
SELECT * FROM AdTypeInfo  WHERE 1=1  AND [Id]='0'  
-------------end 2017/8/17 20:44:34-------------
-------------start 2017/8/17 20:44:34-------------/Admin/Ads/AdPageList.aspx
SELECT * FROM AdSiteInfo  WHERE 1=1  AND [Id]='0'  
-------------end 2017/8/17 20:44:34-------------
-------------start 2017/8/17 20:44:34-------------/Admin/Ads/AdPageList.aspx
SELECT * FROM AccountInfo  WHERE 1=1  AND [Id]='13' 
 
-------------end 2017/8/17 20:44:34-------------
-------------start 2017/8/17 20:44:34-------------/Admin/Ads/AdPageList.aspx
SELECT * FROM AdTypeInfo  WHERE 1=1  AND [Id]='0'  
-------------end 2017/8/17 20:44:34-------------
-------------start 2017/8/17 20:44:34-------------/Admin/Ads/AdPageList.aspx
SELECT * FROM AdSiteInfo  WHERE 1=1  AND [Id]='0'  
-------------end 2017/8/17 20:44:34-------------
-------------start 2017/8/17 20:44:34-------------/Admin/Ads/AdPageList.aspx
SELECT * FROM AdTypeInfo  WHERE 1=1  AND [Id]='0'  
-------------end 2017/8/17 20:44:34-------------
-------------start 2017/8/17 20:44:34-------------/Admin/Ads/AdPageList.aspx
SELECT * FROM AdSiteInfo  WHERE 1=1  AND [Id]='0'  
-------------end 2017/8/17 20:44:34-------------
-------------start 2017/8/17 20:44:34-------------/Admin/Ads/AdPageList.aspx
SELECT * FROM AccountInfo  WHERE 1=1  AND [Id]='5' 
 
-------------end 2017/8/17 20:44:34-------------
-------------start 2017/8/17 20:44:34-------------/Admin/Ads/AdPageList.aspx
SELECT * FROM AdTypeInfo  WHERE 1=1  AND [Id]='0'  
-------------end 2017/8/17 20:44:34-------------
-------------start 2017/8/17 20:44:34-------------/Admin/Ads/AdPageList.aspx
SELECT * FROM AdSiteInfo  WHERE 1=1  AND [Id]='0'  
-------------end 2017/8/17 20:44:34-------------
-------------start 2017/8/17 20:44:34-------------/Admin/Ads/AdPageList.aspx
SELECT * FROM AdTypeInfo  WHERE 1=1  AND [Id]='0'  
-------------end 2017/8/17 20:44:34-------------
-------------start 2017/8/17 20:44:34-------------/Admin/Ads/AdPageList.aspx
SELECT * FROM AdSiteInfo  WHERE 1=1  AND [Id]='0'  
-------------end 2017/8/17 20:44:34-------------
-------------start 2017/8/17 20:44:56-------------/Admin/Ads/AdPageEdit.aspx
SELECT * FROM AccountInfo  WHERE 1=1  AND UserType <> 100 
 
-------------end 2017/8/17 20:44:56-------------
-------------start 2017/8/17 20:45:02-------------/Admin/Ads/AdPageEdit.aspx
SELECT * FROM AdPageInfo  WHERE 1=1  AND [Id]='229'  
-------------end 2017/8/17 20:45:02-------------
-------------start 2017/8/17 20:45:02-------------/Admin/Ads/AdPageEdit.aspx
SELECT * FROM ArticleInfo  WHERE 1=1  
-------------end 2017/8/17 20:45:02-------------
-------------start 2017/8/17 20:45:02-------------/Admin/Ads/AdPageList.aspx
SELECT * FROM AccountInfo  WHERE 1=1  AND UserType <> 100 
 
-------------end 2017/8/17 20:45:02-------------
-------------start 2017/8/17 20:45:02-------------/Admin/Ads/AdPageList.aspx
SELECT * FROM AdTypeInfo  WHERE 1=1  
-------------end 2017/8/17 20:45:02-------------
-------------start 2017/8/17 20:45:02-------------/Admin/Ads/AdPageList.aspx
SELECT * FROM AdSiteInfo  WHERE 1=1  
-------------end 2017/8/17 20:45:02-------------
-------------start 2017/8/17 20:45:02-------------/Admin/Ads/AdPageList.aspx
SELECT TOP 10 * FROM [AdPageInfo]  WHERE 1=1  AND [IsDel]='0'  AND Id NOT IN (SELECT TOP 0 Id FROM [AdPageInfo]  WHERE 1=1  AND [IsDel]='0'   order by  id desc )   order by  id desc 
-------------end 2017/8/17 20:45:02-------------
-------------start 2017/8/17 20:45:02-------------/Admin/Ads/AdPageList.aspx
SELECT * FROM AccountInfo  WHERE 1=1  AND [Id]='23' 
 
-------------end 2017/8/17 20:45:02-------------
-------------start 2017/8/17 20:45:02-------------/Admin/Ads/AdPageList.aspx
SELECT * FROM AdTypeInfo  WHERE 1=1  AND [Id]='0'  
-------------end 2017/8/17 20:45:02-------------
-------------start 2017/8/17 20:45:02-------------/Admin/Ads/AdPageList.aspx
SELECT * FROM AdSiteInfo  WHERE 1=1  AND [Id]='0'  
-------------end 2017/8/17 20:45:02-------------
-------------start 2017/8/17 20:45:02-------------/Admin/Ads/AdPageList.aspx
SELECT * FROM AdTypeInfo  WHERE 1=1  AND [Id]='0'  
-------------end 2017/8/17 20:45:02-------------
-------------start 2017/8/17 20:45:02-------------/Admin/Ads/AdPageList.aspx
SELECT * FROM AdSiteInfo  WHERE 1=1  AND [Id]='0'  
-------------end 2017/8/17 20:45:02-------------
-------------start 2017/8/17 20:45:02-------------/Admin/Ads/AdPageList.aspx
SELECT * FROM AdTypeInfo  WHERE 1=1  AND [Id]='0'  
-------------end 2017/8/17 20:45:02-------------
-------------start 2017/8/17 20:45:02-------------/Admin/Ads/AdPageList.aspx
SELECT * FROM AdSiteInfo  WHERE 1=1  AND [Id]='0'  
-------------end 2017/8/17 20:45:02-------------
-------------start 2017/8/17 20:45:02-------------/Admin/Ads/AdPageList.aspx
SELECT * FROM AdTypeInfo  WHERE 1=1  AND [Id]='0'  
-------------end 2017/8/17 20:45:02-------------
-------------start 2017/8/17 20:45:02-------------/Admin/Ads/AdPageList.aspx
SELECT * FROM AdSiteInfo  WHERE 1=1  AND [Id]='0'  
-------------end 2017/8/17 20:45:02-------------
-------------start 2017/8/17 20:45:02-------------/Admin/Ads/AdPageList.aspx
SELECT * FROM AdTypeInfo  WHERE 1=1  AND [Id]='0'  
-------------end 2017/8/17 20:45:02-------------
-------------start 2017/8/17 20:45:02-------------/Admin/Ads/AdPageList.aspx
SELECT * FROM AdSiteInfo  WHERE 1=1  AND [Id]='0'  
-------------end 2017/8/17 20:45:02-------------
-------------start 2017/8/17 20:45:02-------------/Admin/Ads/AdPageList.aspx
SELECT * FROM AdTypeInfo  WHERE 1=1  AND [Id]='0'  
-------------end 2017/8/17 20:45:02-------------
-------------start 2017/8/17 20:45:02-------------/Admin/Ads/AdPageList.aspx
SELECT * FROM AdSiteInfo  WHERE 1=1  AND [Id]='0'  
-------------end 2017/8/17 20:45:02-------------
-------------start 2017/8/17 20:45:02-------------/Admin/Ads/AdPageList.aspx
SELECT * FROM AdTypeInfo  WHERE 1=1  AND [Id]='0'  
-------------end 2017/8/17 20:45:02-------------
-------------start 2017/8/17 20:45:02-------------/Admin/Ads/AdPageList.aspx
SELECT * FROM AdSiteInfo  WHERE 1=1  AND [Id]='0'  
-------------end 2017/8/17 20:45:02-------------
-------------start 2017/8/17 20:45:02-------------/Admin/Ads/AdPageList.aspx
SELECT * FROM AdTypeInfo  WHERE 1=1  AND [Id]='0'  
-------------end 2017/8/17 20:45:02-------------
-------------start 2017/8/17 20:45:02-------------/Admin/Ads/AdPageList.aspx
SELECT * FROM AdSiteInfo  WHERE 1=1  AND [Id]='0'  
-------------end 2017/8/17 20:45:02-------------
-------------start 2017/8/17 20:45:02-------------/Admin/Ads/AdPageList.aspx
SELECT * FROM AdTypeInfo  WHERE 1=1  AND [Id]='0'  
-------------end 2017/8/17 20:45:02-------------
-------------start 2017/8/17 20:45:02-------------/Admin/Ads/AdPageList.aspx
SELECT * FROM AdSiteInfo  WHERE 1=1  AND [Id]='0'  
-------------end 2017/8/17 20:45:02-------------
-------------start 2017/8/17 20:45:02-------------/Admin/Ads/AdPageList.aspx
SELECT * FROM AdTypeInfo  WHERE 1=1  AND [Id]='0'  
-------------end 2017/8/17 20:45:02-------------
-------------start 2017/8/17 20:45:02-------------/Admin/Ads/AdPageList.aspx
SELECT * FROM AdSiteInfo  WHERE 1=1  AND [Id]='0'  
-------------end 2017/8/17 20:45:02-------------
-------------start 2017/8/17 20:47:04-------------/Login.aspx
SELECT * FROM AccountInfo  WHERE 1=1  AND [UserName]='viplsr020' 
 
-------------end 2017/8/17 20:47:04-------------
-------------start 2017/8/17 20:47:14-------------/Login.aspx
SELECT * FROM AccountInfo  WHERE 1=1  AND [UserName]='admin' 
 
-------------end 2017/8/17 20:47:14-------------
-------------start 2017/8/17 20:47:16-------------/Admin/Users/UserList.aspx
SELECT TOP 10 * FROM [AccountInfo]  WHERE 1=1 
 AND Id NOT IN (SELECT TOP 0 Id FROM [AccountInfo]  WHERE 1=1 
  order by  id desc )   order by  id desc 
-------------end 2017/8/17 20:47:16-------------
-------------start 2017/8/17 20:47:19-------------/Admin/Users/UserEdit.aspx?userid=23
SELECT * FROM AccountInfo  WHERE 1=1  AND [Id]='23' 
 
-------------end 2017/8/17 20:47:19-------------
-------------start 2017/8/17 20:47:21-------------/Admin/Users/UserEdit.aspx?userid=23
SELECT * FROM AccountInfo  WHERE 1=1  AND [Id]='23' 
 
-------------end 2017/8/17 20:47:21-------------
-------------start 2017/8/17 20:47:26-------------/Login.aspx
SELECT * FROM AccountInfo  WHERE 1=1  AND [UserName]='viplsr020' 
 
-------------end 2017/8/17 20:47:26-------------
-------------start 2017/8/17 20:47:30-------------/AccVir/Index.aspx
SELECT TOP 10 * FROM [AdPageInfo]  WHERE 1=1  AND [UserId]='23'  AND Id NOT IN (SELECT TOP 0 Id FROM [AdPageInfo]  WHERE 1=1  AND [UserId]='23'  )  
-------------end 2017/8/17 20:47:30-------------
-------------start 2017/8/17 20:48:16-------------/Login.aspx
SELECT * FROM AccountInfo  WHERE 1=1  AND [UserName]='admin' 
 
-------------end 2017/8/17 20:48:16-------------
-------------start 2017/8/17 20:48:17-------------/Admin/Users/UserList.aspx
SELECT TOP 10 * FROM [AccountInfo]  WHERE 1=1 
 AND Id NOT IN (SELECT TOP 0 Id FROM [AccountInfo]  WHERE 1=1 
  order by  id desc )   order by  id desc 
-------------end 2017/8/17 20:48:17-------------
-------------start 2017/8/17 20:48:24-------------/Admin/Users/UserEdit.aspx
SELECT * FROM AccountInfo  WHERE 1=1  AND [UserName]='viplsr030' 
 
-------------end 2017/8/17 20:48:24-------------
-------------start 2017/8/17 20:48:24-------------/Admin/Users/UserList.aspx
SELECT TOP 10 * FROM [AccountInfo]  WHERE 1=1 
 AND Id NOT IN (SELECT TOP 0 Id FROM [AccountInfo]  WHERE 1=1 
  order by  id desc )   order by  id desc 
-------------end 2017/8/17 20:48:24-------------
-------------start 2017/8/17 20:48:30-------------/Admin/Ads/AdPageList.aspx
SELECT * FROM AccountInfo  WHERE 1=1  AND UserType <> 100 
 
-------------end 2017/8/17 20:48:30-------------
-------------start 2017/8/17 20:48:30-------------/Admin/Ads/AdPageList.aspx
SELECT * FROM AdTypeInfo  WHERE 1=1  
-------------end 2017/8/17 20:48:30-------------
-------------start 2017/8/17 20:48:30-------------/Admin/Ads/AdPageList.aspx
SELECT * FROM AdSiteInfo  WHERE 1=1  
-------------end 2017/8/17 20:48:30-------------
-------------start 2017/8/17 20:48:30-------------/Admin/Ads/AdPageList.aspx
SELECT TOP 10 * FROM [AdPageInfo]  WHERE 1=1  AND [IsDel]='0'  AND Id NOT IN (SELECT TOP 0 Id FROM [AdPageInfo]  WHERE 1=1  AND [IsDel]='0'   order by  id desc )   order by  id desc 
-------------end 2017/8/17 20:48:30-------------
-------------start 2017/8/17 20:48:30-------------/Admin/Ads/AdPageList.aspx
SELECT * FROM AdTypeInfo  WHERE 1=1  AND [Id]='0'  
-------------end 2017/8/17 20:48:30-------------
-------------start 2017/8/17 20:48:30-------------/Admin/Ads/AdPageList.aspx
SELECT * FROM AdSiteInfo  WHERE 1=1  AND [Id]='0'  
-------------end 2017/8/17 20:48:30-------------
-------------start 2017/8/17 20:48:30-------------/Admin/Ads/AdPageList.aspx
SELECT * FROM AdTypeInfo  WHERE 1=1  AND [Id]='0'  
-------------end 2017/8/17 20:48:30-------------
-------------start 2017/8/17 20:48:30-------------/Admin/Ads/AdPageList.aspx
SELECT * FROM AdSiteInfo  WHERE 1=1  AND [Id]='0'  
-------------end 2017/8/17 20:48:30-------------
-------------start 2017/8/17 20:48:30-------------/Admin/Ads/AdPageList.aspx
SELECT * FROM AdTypeInfo  WHERE 1=1  AND [Id]='0'  
-------------end 2017/8/17 20:48:30-------------
-------------start 2017/8/17 20:48:30-------------/Admin/Ads/AdPageList.aspx
SELECT * FROM AdSiteInfo  WHERE 1=1  AND [Id]='0'  
-------------end 2017/8/17 20:48:30-------------
-------------start 2017/8/17 20:48:30-------------/Admin/Ads/AdPageList.aspx
SELECT * FROM AdTypeInfo  WHERE 1=1  AND [Id]='0'  
-------------end 2017/8/17 20:48:30-------------
-------------start 2017/8/17 20:48:30-------------/Admin/Ads/AdPageList.aspx
SELECT * FROM AdSiteInfo  WHERE 1=1  AND [Id]='0'  
-------------end 2017/8/17 20:48:30-------------
-------------start 2017/8/17 20:48:30-------------/Admin/Ads/AdPageList.aspx
SELECT * FROM AdTypeInfo  WHERE 1=1  AND [Id]='0'  
-------------end 2017/8/17 20:48:30-------------
-------------start 2017/8/17 20:48:30-------------/Admin/Ads/AdPageList.aspx
SELECT * FROM AdSiteInfo  WHERE 1=1  AND [Id]='0'  
-------------end 2017/8/17 20:48:30-------------
-------------start 2017/8/17 20:48:30-------------/Admin/Ads/AdPageList.aspx
SELECT * FROM AdTypeInfo  WHERE 1=1  AND [Id]='0'  
-------------end 2017/8/17 20:48:30-------------
-------------start 2017/8/17 20:48:30-------------/Admin/Ads/AdPageList.aspx
SELECT * FROM AdSiteInfo  WHERE 1=1  AND [Id]='0'  
-------------end 2017/8/17 20:48:30-------------
-------------start 2017/8/17 20:48:30-------------/Admin/Ads/AdPageList.aspx
SELECT * FROM AdTypeInfo  WHERE 1=1  AND [Id]='0'  
-------------end 2017/8/17 20:48:30-------------
-------------start 2017/8/17 20:48:30-------------/Admin/Ads/AdPageList.aspx
SELECT * FROM AdSiteInfo  WHERE 1=1  AND [Id]='0'  
-------------end 2017/8/17 20:48:30-------------
-------------start 2017/8/17 20:48:30-------------/Admin/Ads/AdPageList.aspx
SELECT * FROM AdTypeInfo  WHERE 1=1  AND [Id]='0'  
-------------end 2017/8/17 20:48:30-------------
-------------start 2017/8/17 20:48:30-------------/Admin/Ads/AdPageList.aspx
SELECT * FROM AdSiteInfo  WHERE 1=1  AND [Id]='0'  
-------------end 2017/8/17 20:48:30-------------
-------------start 2017/8/17 20:48:30-------------/Admin/Ads/AdPageList.aspx
SELECT * FROM AdTypeInfo  WHERE 1=1  AND [Id]='0'  
-------------end 2017/8/17 20:48:30-------------
-------------start 2017/8/17 20:48:30-------------/Admin/Ads/AdPageList.aspx
SELECT * FROM AdSiteInfo  WHERE 1=1  AND [Id]='0'  
-------------end 2017/8/17 20:48:30-------------
-------------start 2017/8/17 20:48:30-------------/Admin/Ads/AdPageList.aspx
SELECT * FROM AdTypeInfo  WHERE 1=1  AND [Id]='0'  
-------------end 2017/8/17 20:48:30-------------
-------------start 2017/8/17 20:48:30-------------/Admin/Ads/AdPageList.aspx
SELECT * FROM AdSiteInfo  WHERE 1=1  AND [Id]='0'  
-------------end 2017/8/17 20:48:30-------------
-------------start 2017/8/17 20:48:47-------------/Admin/Ads/AdPageEdit.aspx
SELECT * FROM AccountInfo  WHERE 1=1  AND UserType <> 100 
 
-------------end 2017/8/17 20:48:47-------------
-------------start 2017/8/17 20:49:07-------------/Admin/Ads/AdPageEdit.aspx
SELECT * FROM AdPageInfo  WHERE 1=1  AND [Id]='230'  
-------------end 2017/8/17 20:49:07-------------
-------------start 2017/8/17 20:49:07-------------/Admin/Ads/AdPageList.aspx
SELECT * FROM AccountInfo  WHERE 1=1  AND UserType <> 100 
 
-------------end 2017/8/17 20:49:07-------------
-------------start 2017/8/17 20:49:07-------------/Admin/Ads/AdPageList.aspx
SELECT * FROM AdTypeInfo  WHERE 1=1  
-------------end 2017/8/17 20:49:07-------------
-------------start 2017/8/17 20:49:07-------------/Admin/Ads/AdPageList.aspx
SELECT * FROM AdSiteInfo  WHERE 1=1  
-------------end 2017/8/17 20:49:07-------------
-------------start 2017/8/17 20:49:07-------------/Admin/Ads/AdPageList.aspx
SELECT TOP 10 * FROM [AdPageInfo]  WHERE 1=1  AND [IsDel]='0'  AND Id NOT IN (SELECT TOP 0 Id FROM [AdPageInfo]  WHERE 1=1  AND [IsDel]='0'   order by  id desc )   order by  id desc 
-------------end 2017/8/17 20:49:07-------------
-------------start 2017/8/17 20:49:07-------------/Admin/Ads/AdPageList.aspx
SELECT * FROM AdTypeInfo  WHERE 1=1  AND [Id]='0'  
-------------end 2017/8/17 20:49:07-------------
-------------start 2017/8/17 20:49:07-------------/Admin/Ads/AdPageList.aspx
SELECT * FROM AdSiteInfo  WHERE 1=1  AND [Id]='0'  
-------------end 2017/8/17 20:49:07-------------
-------------start 2017/8/17 20:49:07-------------/Admin/Ads/AdPageList.aspx
SELECT * FROM AdTypeInfo  WHERE 1=1  AND [Id]='0'  
-------------end 2017/8/17 20:49:07-------------
-------------start 2017/8/17 20:49:07-------------/Admin/Ads/AdPageList.aspx
SELECT * FROM AdSiteInfo  WHERE 1=1  AND [Id]='0'  
-------------end 2017/8/17 20:49:07-------------
-------------start 2017/8/17 20:49:07-------------/Admin/Ads/AdPageList.aspx
SELECT * FROM AdTypeInfo  WHERE 1=1  AND [Id]='0'  
-------------end 2017/8/17 20:49:07-------------
-------------start 2017/8/17 20:49:07-------------/Admin/Ads/AdPageList.aspx
SELECT * FROM AdSiteInfo  WHERE 1=1  AND [Id]='0'  
-------------end 2017/8/17 20:49:07-------------
-------------start 2017/8/17 20:49:07-------------/Admin/Ads/AdPageList.aspx
SELECT * FROM AdTypeInfo  WHERE 1=1  AND [Id]='0'  
-------------end 2017/8/17 20:49:07-------------
-------------start 2017/8/17 20:49:07-------------/Admin/Ads/AdPageList.aspx
SELECT * FROM AdSiteInfo  WHERE 1=1  AND [Id]='0'  
-------------end 2017/8/17 20:49:07-------------
-------------start 2017/8/17 20:49:07-------------/Admin/Ads/AdPageList.aspx
SELECT * FROM AdTypeInfo  WHERE 1=1  AND [Id]='0'  
-------------end 2017/8/17 20:49:07-------------
-------------start 2017/8/17 20:49:07-------------/Admin/Ads/AdPageList.aspx
SELECT * FROM AdSiteInfo  WHERE 1=1  AND [Id]='0'  
-------------end 2017/8/17 20:49:07-------------
-------------start 2017/8/17 20:49:07-------------/Admin/Ads/AdPageList.aspx
SELECT * FROM AdTypeInfo  WHERE 1=1  AND [Id]='0'  
-------------end 2017/8/17 20:49:07-------------
-------------start 2017/8/17 20:49:07-------------/Admin/Ads/AdPageList.aspx
SELECT * FROM AdSiteInfo  WHERE 1=1  AND [Id]='0'  
-------------end 2017/8/17 20:49:07-------------
-------------start 2017/8/17 20:49:07-------------/Admin/Ads/AdPageList.aspx
SELECT * FROM AdTypeInfo  WHERE 1=1  AND [Id]='0'  
-------------end 2017/8/17 20:49:07-------------
-------------start 2017/8/17 20:49:07-------------/Admin/Ads/AdPageList.aspx
SELECT * FROM AdSiteInfo  WHERE 1=1  AND [Id]='0'  
-------------end 2017/8/17 20:49:07-------------
-------------start 2017/8/17 20:49:07-------------/Admin/Ads/AdPageList.aspx
SELECT * FROM AdTypeInfo  WHERE 1=1  AND [Id]='0'  
-------------end 2017/8/17 20:49:07-------------
-------------start 2017/8/17 20:49:07-------------/Admin/Ads/AdPageList.aspx
SELECT * FROM AdSiteInfo  WHERE 1=1  AND [Id]='0'  
-------------end 2017/8/17 20:49:07-------------
-------------start 2017/8/17 20:49:07-------------/Admin/Ads/AdPageList.aspx
SELECT * FROM AdTypeInfo  WHERE 1=1  AND [Id]='0'  
-------------end 2017/8/17 20:49:07-------------
-------------start 2017/8/17 20:49:07-------------/Admin/Ads/AdPageList.aspx
SELECT * FROM AdSiteInfo  WHERE 1=1  AND [Id]='0'  
-------------end 2017/8/17 20:49:07-------------
-------------start 2017/8/17 20:49:07-------------/Admin/Ads/AdPageList.aspx
SELECT * FROM AdTypeInfo  WHERE 1=1  AND [Id]='0'  
-------------end 2017/8/17 20:49:07-------------
-------------start 2017/8/17 20:49:07-------------/Admin/Ads/AdPageList.aspx
SELECT * FROM AdSiteInfo  WHERE 1=1  AND [Id]='0'  
-------------end 2017/8/17 20:49:07-------------
-------------start 2017/8/17 20:49:58-------------/Login.aspx
SELECT * FROM AccountInfo  WHERE 1=1  AND [UserName]='viplsr030' 
 
-------------end 2017/8/17 20:49:58-------------
-------------start 2017/8/17 20:49:58-------------/AccVir/Index.aspx
SELECT * FROM AccountInfo  WHERE 1=1  AND [UserName]='viplsr030' 
 
-------------end 2017/8/17 20:49:58-------------
-------------start 2017/8/17 20:49:58-------------/AccVir/Index.aspx
SELECT TOP 10 * FROM [AdPageInfo]  WHERE 1=1  AND [UserId]='24'  AND Id NOT IN (SELECT TOP 0 Id FROM [AdPageInfo]  WHERE 1=1  AND [UserId]='24'  )  
-------------end 2017/8/17 20:49:58-------------
-------------start 2017/8/17 20:50:08-------------/Login.aspx
SELECT * FROM AccountInfo  WHERE 1=1  AND [UserName]='admin' 
 
-------------end 2017/8/17 20:50:08-------------
-------------start 2017/8/17 20:50:10-------------/Admin/Ads/AdPageList.aspx
SELECT * FROM AccountInfo  WHERE 1=1  AND UserType <> 100 
 
-------------end 2017/8/17 20:50:10-------------
-------------start 2017/8/17 20:50:10-------------/Admin/Ads/AdPageList.aspx
SELECT * FROM AdTypeInfo  WHERE 1=1  
-------------end 2017/8/17 20:50:10-------------
-------------start 2017/8/17 20:50:10-------------/Admin/Ads/AdPageList.aspx
SELECT * FROM AdSiteInfo  WHERE 1=1  
-------------end 2017/8/17 20:50:10-------------
-------------start 2017/8/17 20:50:10-------------/Admin/Ads/AdPageList.aspx
SELECT TOP 10 * FROM [AdPageInfo]  WHERE 1=1  AND [IsDel]='0'  AND Id NOT IN (SELECT TOP 0 Id FROM [AdPageInfo]  WHERE 1=1  AND [IsDel]='0'   order by  id desc )   order by  id desc 
-------------end 2017/8/17 20:50:10-------------
-------------start 2017/8/17 20:50:10-------------/Admin/Ads/AdPageList.aspx
SELECT * FROM AdTypeInfo  WHERE 1=1  AND [Id]='0'  
-------------end 2017/8/17 20:50:10-------------
-------------start 2017/8/17 20:50:10-------------/Admin/Ads/AdPageList.aspx
SELECT * FROM AdSiteInfo  WHERE 1=1  AND [Id]='0'  
-------------end 2017/8/17 20:50:10-------------
-------------start 2017/8/17 20:50:10-------------/Admin/Ads/AdPageList.aspx
SELECT * FROM AdTypeInfo  WHERE 1=1  AND [Id]='0'  
-------------end 2017/8/17 20:50:10-------------
-------------start 2017/8/17 20:50:10-------------/Admin/Ads/AdPageList.aspx
SELECT * FROM AdSiteInfo  WHERE 1=1  AND [Id]='0'  
-------------end 2017/8/17 20:50:10-------------
-------------start 2017/8/17 20:50:10-------------/Admin/Ads/AdPageList.aspx
SELECT * FROM AdTypeInfo  WHERE 1=1  AND [Id]='0'  
-------------end 2017/8/17 20:50:10-------------
-------------start 2017/8/17 20:50:10-------------/Admin/Ads/AdPageList.aspx
SELECT * FROM AdSiteInfo  WHERE 1=1  AND [Id]='0'  
-------------end 2017/8/17 20:50:10-------------
-------------start 2017/8/17 20:50:10-------------/Admin/Ads/AdPageList.aspx
SELECT * FROM AdTypeInfo  WHERE 1=1  AND [Id]='0'  
-------------end 2017/8/17 20:50:10-------------
-------------start 2017/8/17 20:50:10-------------/Admin/Ads/AdPageList.aspx
SELECT * FROM AdSiteInfo  WHERE 1=1  AND [Id]='0'  
-------------end 2017/8/17 20:50:10-------------
-------------start 2017/8/17 20:50:10-------------/Admin/Ads/AdPageList.aspx
SELECT * FROM AdTypeInfo  WHERE 1=1  AND [Id]='0'  
-------------end 2017/8/17 20:50:10-------------
-------------start 2017/8/17 20:50:10-------------/Admin/Ads/AdPageList.aspx
SELECT * FROM AdSiteInfo  WHERE 1=1  AND [Id]='0'  
-------------end 2017/8/17 20:50:10-------------
-------------start 2017/8/17 20:50:10-------------/Admin/Ads/AdPageList.aspx
SELECT * FROM AdTypeInfo  WHERE 1=1  AND [Id]='0'  
-------------end 2017/8/17 20:50:10-------------
-------------start 2017/8/17 20:50:10-------------/Admin/Ads/AdPageList.aspx
SELECT * FROM AdSiteInfo  WHERE 1=1  AND [Id]='0'  
-------------end 2017/8/17 20:50:10-------------
-------------start 2017/8/17 20:50:10-------------/Admin/Ads/AdPageList.aspx
SELECT * FROM AdTypeInfo  WHERE 1=1  AND [Id]='0'  
-------------end 2017/8/17 20:50:10-------------
-------------start 2017/8/17 20:50:10-------------/Admin/Ads/AdPageList.aspx
SELECT * FROM AdSiteInfo  WHERE 1=1  AND [Id]='0'  
-------------end 2017/8/17 20:50:10-------------
-------------start 2017/8/17 20:50:10-------------/Admin/Ads/AdPageList.aspx
SELECT * FROM AdTypeInfo  WHERE 1=1  AND [Id]='0'  
-------------end 2017/8/17 20:50:10-------------
-------------start 2017/8/17 20:50:10-------------/Admin/Ads/AdPageList.aspx
SELECT * FROM AdSiteInfo  WHERE 1=1  AND [Id]='0'  
-------------end 2017/8/17 20:50:10-------------
-------------start 2017/8/17 20:50:10-------------/Admin/Ads/AdPageList.aspx
SELECT * FROM AdTypeInfo  WHERE 1=1  AND [Id]='0'  
-------------end 2017/8/17 20:50:10-------------
-------------start 2017/8/17 20:50:10-------------/Admin/Ads/AdPageList.aspx
SELECT * FROM AdSiteInfo  WHERE 1=1  AND [Id]='0'  
-------------end 2017/8/17 20:50:10-------------
-------------start 2017/8/17 20:50:10-------------/Admin/Ads/AdPageList.aspx
SELECT * FROM AdTypeInfo  WHERE 1=1  AND [Id]='0'  
-------------end 2017/8/17 20:50:10-------------
-------------start 2017/8/17 20:50:10-------------/Admin/Ads/AdPageList.aspx
SELECT * FROM AdSiteInfo  WHERE 1=1  AND [Id]='0'  
-------------end 2017/8/17 20:50:10-------------
-------------start 2017/8/17 20:50:13-------------/Admin/Ads/AdPageEdit.aspx?id=230
SELECT * FROM AccountInfo  WHERE 1=1  AND UserType <> 100 
 
-------------end 2017/8/17 20:50:13-------------
-------------start 2017/8/17 20:50:13-------------/Admin/Ads/AdPageEdit.aspx?id=230
SELECT * FROM AdPageInfo  WHERE 1=1  AND [Id]='230'  
-------------end 2017/8/17 20:50:13-------------
-------------start 2017/8/17 20:50:18-------------/Admin/Ads/AdPageEdit.aspx?id=230
SELECT * FROM AdPageInfo  WHERE 1=1  AND [Id]='230'  
-------------end 2017/8/17 20:50:18-------------
-------------start 2017/8/17 20:50:18-------------/Admin/Ads/AdPageEdit.aspx?id=230
SELECT * FROM AdPageInfo  WHERE 1=1  AND [Id]='230'  
-------------end 2017/8/17 20:50:18-------------
-------------start 2017/8/17 20:50:18-------------/Admin/Ads/AdPageEdit.aspx?id=230
SELECT * FROM AdPageInfo  WHERE 1=1  
-------------end 2017/8/17 20:50:18-------------
-------------start 2017/8/17 20:50:18-------------/Admin/Ads/AdPageEdit.aspx?id=230
SELECT * FROM AdPageInfo  WHERE 1=1  
-------------end 2017/8/17 20:50:18-------------
-------------start 2017/8/17 20:50:18-------------/Admin/Ads/AdPageList.aspx
SELECT * FROM AccountInfo  WHERE 1=1  AND UserType <> 100 
 
-------------end 2017/8/17 20:50:18-------------
-------------start 2017/8/17 20:50:18-------------/Admin/Ads/AdPageList.aspx
SELECT * FROM AdTypeInfo  WHERE 1=1  
-------------end 2017/8/17 20:50:18-------------
-------------start 2017/8/17 20:50:18-------------/Admin/Ads/AdPageList.aspx
SELECT * FROM AdSiteInfo  WHERE 1=1  
-------------end 2017/8/17 20:50:18-------------
-------------start 2017/8/17 20:50:18-------------/Admin/Ads/AdPageList.aspx
SELECT TOP 10 * FROM [AdPageInfo]  WHERE 1=1  AND [IsDel]='0'  AND Id NOT IN (SELECT TOP 0 Id FROM [AdPageInfo]  WHERE 1=1  AND [IsDel]='0'   order by  id desc )   order by  id desc 
-------------end 2017/8/17 20:50:18-------------
-------------start 2017/8/17 20:50:18-------------/Admin/Ads/AdPageList.aspx
SELECT * FROM AdTypeInfo  WHERE 1=1  AND [Id]='0'  
-------------end 2017/8/17 20:50:18-------------
-------------start 2017/8/17 20:50:18-------------/Admin/Ads/AdPageList.aspx
SELECT * FROM AdSiteInfo  WHERE 1=1  AND [Id]='0'  
-------------end 2017/8/17 20:50:18-------------
-------------start 2017/8/17 20:50:18-------------/Admin/Ads/AdPageList.aspx
SELECT * FROM AdTypeInfo  WHERE 1=1  AND [Id]='0'  
-------------end 2017/8/17 20:50:18-------------
-------------start 2017/8/17 20:50:18-------------/Admin/Ads/AdPageList.aspx
SELECT * FROM AdSiteInfo  WHERE 1=1  AND [Id]='0'  
-------------end 2017/8/17 20:50:18-------------
-------------start 2017/8/17 20:50:18-------------/Admin/Ads/AdPageList.aspx
SELECT * FROM AdTypeInfo  WHERE 1=1  AND [Id]='0'  
-------------end 2017/8/17 20:50:18-------------
-------------start 2017/8/17 20:50:18-------------/Admin/Ads/AdPageList.aspx
SELECT * FROM AdSiteInfo  WHERE 1=1  AND [Id]='0'  
-------------end 2017/8/17 20:50:18-------------
-------------start 2017/8/17 20:50:18-------------/Admin/Ads/AdPageList.aspx
SELECT * FROM AdTypeInfo  WHERE 1=1  AND [Id]='0'  
-------------end 2017/8/17 20:50:18-------------
-------------start 2017/8/17 20:50:18-------------/Admin/Ads/AdPageList.aspx
SELECT * FROM AdSiteInfo  WHERE 1=1  AND [Id]='0'  
-------------end 2017/8/17 20:50:18-------------
-------------start 2017/8/17 20:50:18-------------/Admin/Ads/AdPageList.aspx
SELECT * FROM AdTypeInfo  WHERE 1=1  AND [Id]='0'  
-------------end 2017/8/17 20:50:18-------------
-------------start 2017/8/17 20:50:18-------------/Admin/Ads/AdPageList.aspx
SELECT * FROM AdSiteInfo  WHERE 1=1  AND [Id]='0'  
-------------end 2017/8/17 20:50:18-------------
-------------start 2017/8/17 20:50:18-------------/Admin/Ads/AdPageList.aspx
SELECT * FROM AdTypeInfo  WHERE 1=1  AND [Id]='0'  
-------------end 2017/8/17 20:50:18-------------
-------------start 2017/8/17 20:50:18-------------/Admin/Ads/AdPageList.aspx
SELECT * FROM AdSiteInfo  WHERE 1=1  AND [Id]='0'  
-------------end 2017/8/17 20:50:18-------------
-------------start 2017/8/17 20:50:18-------------/Admin/Ads/AdPageList.aspx
SELECT * FROM AdTypeInfo  WHERE 1=1  AND [Id]='0'  
-------------end 2017/8/17 20:50:18-------------
-------------start 2017/8/17 20:50:18-------------/Admin/Ads/AdPageList.aspx
SELECT * FROM AdSiteInfo  WHERE 1=1  AND [Id]='0'  
-------------end 2017/8/17 20:50:18-------------
-------------start 2017/8/17 20:50:18-------------/Admin/Ads/AdPageList.aspx
SELECT * FROM AdTypeInfo  WHERE 1=1  AND [Id]='0'  
-------------end 2017/8/17 20:50:18-------------
-------------start 2017/8/17 20:50:18-------------/Admin/Ads/AdPageList.aspx
SELECT * FROM AdSiteInfo  WHERE 1=1  AND [Id]='0'  
-------------end 2017/8/17 20:50:18-------------
-------------start 2017/8/17 20:50:18-------------/Admin/Ads/AdPageList.aspx
SELECT * FROM AdTypeInfo  WHERE 1=1  AND [Id]='0'  
-------------end 2017/8/17 20:50:18-------------
-------------start 2017/8/17 20:50:18-------------/Admin/Ads/AdPageList.aspx
SELECT * FROM AdSiteInfo  WHERE 1=1  AND [Id]='0'  
-------------end 2017/8/17 20:50:18-------------
-------------start 2017/8/17 20:50:18-------------/Admin/Ads/AdPageList.aspx
SELECT * FROM AdTypeInfo  WHERE 1=1  AND [Id]='0'  
-------------end 2017/8/17 20:50:18-------------
-------------start 2017/8/17 20:50:18-------------/Admin/Ads/AdPageList.aspx
SELECT * FROM AdSiteInfo  WHERE 1=1  AND [Id]='0'  
-------------end 2017/8/17 20:50:18-------------
-------------start 2017/8/17 20:50:22-------------/AccVir/Index.aspx
SELECT TOP 10 * FROM [AdPageInfo]  WHERE 1=1  AND [UserId]='1'  AND Id NOT IN (SELECT TOP 0 Id FROM [AdPageInfo]  WHERE 1=1  AND [UserId]='1'  )  
-------------end 2017/8/17 20:50:22-------------
-------------start 2017/8/17 20:50:29-------------/Login.aspx
SELECT * FROM AccountInfo  WHERE 1=1  AND [UserName]='viplsr030' 
 
-------------end 2017/8/17 20:50:29-------------
-------------start 2017/8/17 20:50:29-------------/AccVir/Index.aspx
SELECT TOP 10 * FROM [AdPageInfo]  WHERE 1=1  AND [UserId]='24'  AND Id NOT IN (SELECT TOP 0 Id FROM [AdPageInfo]  WHERE 1=1  AND [UserId]='24'  )  
-------------end 2017/8/17 20:50:29-------------
