-------------start 2017/9/8 17:27:06-------------/Login.aspx
SELECT * FROM AccountInfo  WHERE 1=1  AND [UserName]='admin' 
 
-------------end 2017/9/8 17:27:06-------------
-------------start 2017/9/8 17:27:07-------------/Admin/Index.aspx
SELECT * FROM AccountInfo  WHERE 1=1  AND [UserName]='admin' 
 
-------------end 2017/9/8 17:27:07-------------
-------------start 2017/9/8 17:27:13-------------/Admin/Users/UserList.aspx
SELECT TOP 10 * FROM [AccountInfo]  WHERE 1=1 
 AND Id NOT IN (SELECT TOP 0 Id FROM [AccountInfo]  WHERE 1=1 
  order by  id desc )   order by  id desc 
-------------end 2017/9/8 17:27:13-------------
-------------start 2017/9/8 17:27:36-------------/Admin/Ads/AdPageList.aspx
SELECT * FROM AccountInfo  WHERE 1=1  AND UserType <> 100 
 
-------------end 2017/9/8 17:27:36-------------
-------------start 2017/9/8 17:27:36-------------/Admin/Ads/AdPageList.aspx
SELECT * FROM AdTypeInfo  WHERE 1=1  
-------------end 2017/9/8 17:27:36-------------
-------------start 2017/9/8 17:27:36-------------/Admin/Ads/AdPageList.aspx
SELECT * FROM AdSiteInfo  WHERE 1=1  
-------------end 2017/9/8 17:27:36-------------
-------------start 2017/9/8 17:27:36-------------/Admin/Ads/AdPageList.aspx
SELECT * FROM AdPageInfo  WHERE 1=1  
-------------end 2017/9/8 17:27:36-------------
-------------start 2017/9/8 17:27:36-------------/Admin/Ads/AdPageList.aspx
SELECT TOP 10 * FROM [AdPageInfo]  WHERE 1=1  AND [IsDel]='0'  AND Id NOT IN (SELECT TOP 0 Id FROM [AdPageInfo]  WHERE 1=1  AND [IsDel]='0'   order by  id desc )   order by  id desc 
-------------end 2017/9/8 17:27:36-------------
-------------start 2017/9/8 17:27:37-------------/Admin/Ads/AdPageList.aspx
SELECT * FROM AccountInfo  WHERE 1=1  AND [Id]='26' 
 
-------------end 2017/9/8 17:27:37-------------
-------------start 2017/9/8 17:27:37-------------/Admin/Ads/AdPageList.aspx
SELECT * FROM AdTypeInfo  WHERE 1=1  AND [Id]='0'  
-------------end 2017/9/8 17:27:37-------------
-------------start 2017/9/8 17:27:37-------------/Admin/Ads/AdPageList.aspx
SELECT * FROM AdSiteInfo  WHERE 1=1  AND [Id]='0'  
-------------end 2017/9/8 17:27:37-------------
-------------start 2017/9/8 17:27:37-------------/Admin/Ads/AdPageList.aspx
SELECT * FROM AdTypeInfo  WHERE 1=1  AND [Id]='0'  
-------------end 2017/9/8 17:27:37-------------
-------------start 2017/9/8 17:27:37-------------/Admin/Ads/AdPageList.aspx
SELECT * FROM AdSiteInfo  WHERE 1=1  AND [Id]='0'  
-------------end 2017/9/8 17:27:37-------------
-------------start 2017/9/8 17:27:37-------------/Admin/Ads/AdPageList.aspx
SELECT * FROM AccountInfo  WHERE 1=1  AND [Id]='25' 
 
-------------end 2017/9/8 17:27:37-------------
-------------start 2017/9/8 17:27:37-------------/Admin/Ads/AdPageList.aspx
SELECT * FROM AdTypeInfo  WHERE 1=1  AND [Id]='0'  
-------------end 2017/9/8 17:27:37-------------
-------------start 2017/9/8 17:27:37-------------/Admin/Ads/AdPageList.aspx
SELECT * FROM AdSiteInfo  WHERE 1=1  AND [Id]='0'  
-------------end 2017/9/8 17:27:37-------------
-------------start 2017/9/8 17:27:37-------------/Admin/Ads/AdPageList.aspx
SELECT * FROM AccountInfo  WHERE 1=1  AND [Id]='2' 
 
-------------end 2017/9/8 17:27:37-------------
-------------start 2017/9/8 17:27:37-------------/Admin/Ads/AdPageList.aspx
SELECT * FROM AdTypeInfo  WHERE 1=1  AND [Id]='0'  
-------------end 2017/9/8 17:27:37-------------
-------------start 2017/9/8 17:27:37-------------/Admin/Ads/AdPageList.aspx
SELECT * FROM AdSiteInfo  WHERE 1=1  AND [Id]='0'  
-------------end 2017/9/8 17:27:37-------------
-------------start 2017/9/8 17:27:37-------------/Admin/Ads/AdPageList.aspx
SELECT * FROM AdTypeInfo  WHERE 1=1  AND [Id]='0'  
-------------end 2017/9/8 17:27:37-------------
-------------start 2017/9/8 17:27:37-------------/Admin/Ads/AdPageList.aspx
SELECT * FROM AdSiteInfo  WHERE 1=1  AND [Id]='0'  
-------------end 2017/9/8 17:27:37-------------
-------------start 2017/9/8 17:27:37-------------/Admin/Ads/AdPageList.aspx
SELECT * FROM AdTypeInfo  WHERE 1=1  AND [Id]='0'  
-------------end 2017/9/8 17:27:37-------------
-------------start 2017/9/8 17:27:37-------------/Admin/Ads/AdPageList.aspx
SELECT * FROM AdSiteInfo  WHERE 1=1  AND [Id]='0'  
-------------end 2017/9/8 17:27:37-------------
-------------start 2017/9/8 17:27:37-------------/Admin/Ads/AdPageList.aspx
SELECT * FROM AccountInfo  WHERE 1=1  AND [Id]='24' 
 
-------------end 2017/9/8 17:27:37-------------
-------------start 2017/9/8 17:27:37-------------/Admin/Ads/AdPageList.aspx
SELECT * FROM AdTypeInfo  WHERE 1=1  AND [Id]='0'  
-------------end 2017/9/8 17:27:37-------------
-------------start 2017/9/8 17:27:37-------------/Admin/Ads/AdPageList.aspx
SELECT * FROM AdSiteInfo  WHERE 1=1  AND [Id]='0'  
-------------end 2017/9/8 17:27:37-------------
-------------start 2017/9/8 17:27:37-------------/Admin/Ads/AdPageList.aspx
SELECT * FROM AccountInfo  WHERE 1=1  AND [Id]='23' 
 
-------------end 2017/9/8 17:27:37-------------
-------------start 2017/9/8 17:27:37-------------/Admin/Ads/AdPageList.aspx
SELECT * FROM AdTypeInfo  WHERE 1=1  AND [Id]='0'  
-------------end 2017/9/8 17:27:37-------------
-------------start 2017/9/8 17:27:37-------------/Admin/Ads/AdPageList.aspx
SELECT * FROM AdSiteInfo  WHERE 1=1  AND [Id]='0'  
-------------end 2017/9/8 17:27:37-------------
-------------start 2017/9/8 17:27:37-------------/Admin/Ads/AdPageList.aspx
SELECT * FROM AccountInfo  WHERE 1=1  AND [Id]='22' 
 
-------------end 2017/9/8 17:27:37-------------
-------------start 2017/9/8 17:27:37-------------/Admin/Ads/AdPageList.aspx
SELECT * FROM AdTypeInfo  WHERE 1=1  AND [Id]='0'  
-------------end 2017/9/8 17:27:37-------------
-------------start 2017/9/8 17:27:37-------------/Admin/Ads/AdPageList.aspx
SELECT * FROM AdSiteInfo  WHERE 1=1  AND [Id]='0'  
-------------end 2017/9/8 17:27:37-------------
-------------start 2017/9/8 17:27:37-------------/Admin/Ads/AdPageList.aspx
SELECT * FROM AccountInfo  WHERE 1=1  AND [Id]='21' 
 
-------------end 2017/9/8 17:27:37-------------
-------------start 2017/9/8 17:27:37-------------/Admin/Ads/AdPageList.aspx
SELECT * FROM AdTypeInfo  WHERE 1=1  AND [Id]='0'  
-------------end 2017/9/8 17:27:37-------------
-------------start 2017/9/8 17:27:37-------------/Admin/Ads/AdPageList.aspx
SELECT * FROM AdSiteInfo  WHERE 1=1  AND [Id]='0'  
-------------end 2017/9/8 17:27:37-------------
-------------start 2017/9/8 17:27:39-------------/Admin/Ads/AdPageEdit.aspx
SELECT * FROM AccountInfo  WHERE 1=1  AND UserType <> 100 
 
-------------end 2017/9/8 17:27:39-------------
-------------start 2017/9/8 17:28:13-------------/Admin/Ads/AdPageEdit.aspx
SELECT * FROM AdPageInfo  WHERE 1=1  AND [Id]='237'  
-------------end 2017/9/8 17:28:13-------------
-------------start 2017/9/8 17:28:13-------------/Admin/Ads/AdPageEdit.aspx
SELECT * FROM ArticleInfo  WHERE 1=1  
-------------end 2017/9/8 17:28:13-------------
-------------start 2017/9/8 17:28:13-------------/Admin/Ads/AdPageList.aspx
SELECT * FROM AccountInfo  WHERE 1=1  AND UserType <> 100 
 
-------------end 2017/9/8 17:28:13-------------
-------------start 2017/9/8 17:28:13-------------/Admin/Ads/AdPageList.aspx
SELECT * FROM AdTypeInfo  WHERE 1=1  
-------------end 2017/9/8 17:28:13-------------
-------------start 2017/9/8 17:28:13-------------/Admin/Ads/AdPageList.aspx
SELECT * FROM AdSiteInfo  WHERE 1=1  
-------------end 2017/9/8 17:28:13-------------
-------------start 2017/9/8 17:28:13-------------/Admin/Ads/AdPageList.aspx
SELECT TOP 10 * FROM [AdPageInfo]  WHERE 1=1  AND [IsDel]='0'  AND Id NOT IN (SELECT TOP 0 Id FROM [AdPageInfo]  WHERE 1=1  AND [IsDel]='0'   order by  id desc )   order by  id desc 
-------------end 2017/9/8 17:28:13-------------
-------------start 2017/9/8 17:28:13-------------/Admin/Ads/AdPageList.aspx
SELECT * FROM AdTypeInfo  WHERE 1=1  AND [Id]='0'  
-------------end 2017/9/8 17:28:13-------------
-------------start 2017/9/8 17:28:13-------------/Admin/Ads/AdPageList.aspx
SELECT * FROM AdSiteInfo  WHERE 1=1  AND [Id]='0'  
-------------end 2017/9/8 17:28:13-------------
-------------start 2017/9/8 17:28:13-------------/Admin/Ads/AdPageList.aspx
SELECT * FROM AdTypeInfo  WHERE 1=1  AND [Id]='0'  
-------------end 2017/9/8 17:28:13-------------
-------------start 2017/9/8 17:28:13-------------/Admin/Ads/AdPageList.aspx
SELECT * FROM AdSiteInfo  WHERE 1=1  AND [Id]='0'  
-------------end 2017/9/8 17:28:13-------------
-------------start 2017/9/8 17:28:13-------------/Admin/Ads/AdPageList.aspx
SELECT * FROM AdTypeInfo  WHERE 1=1  AND [Id]='0'  
-------------end 2017/9/8 17:28:13-------------
-------------start 2017/9/8 17:28:13-------------/Admin/Ads/AdPageList.aspx
SELECT * FROM AdSiteInfo  WHERE 1=1  AND [Id]='0'  
-------------end 2017/9/8 17:28:13-------------
-------------start 2017/9/8 17:28:13-------------/Admin/Ads/AdPageList.aspx
SELECT * FROM AdTypeInfo  WHERE 1=1  AND [Id]='0'  
-------------end 2017/9/8 17:28:13-------------
-------------start 2017/9/8 17:28:13-------------/Admin/Ads/AdPageList.aspx
SELECT * FROM AdSiteInfo  WHERE 1=1  AND [Id]='0'  
-------------end 2017/9/8 17:28:13-------------
-------------start 2017/9/8 17:28:13-------------/Admin/Ads/AdPageList.aspx
SELECT * FROM AdTypeInfo  WHERE 1=1  AND [Id]='0'  
-------------end 2017/9/8 17:28:13-------------
-------------start 2017/9/8 17:28:13-------------/Admin/Ads/AdPageList.aspx
SELECT * FROM AdSiteInfo  WHERE 1=1  AND [Id]='0'  
-------------end 2017/9/8 17:28:13-------------
-------------start 2017/9/8 17:28:13-------------/Admin/Ads/AdPageList.aspx
SELECT * FROM AdTypeInfo  WHERE 1=1  AND [Id]='0'  
-------------end 2017/9/8 17:28:13-------------
-------------start 2017/9/8 17:28:13-------------/Admin/Ads/AdPageList.aspx
SELECT * FROM AdSiteInfo  WHERE 1=1  AND [Id]='0'  
-------------end 2017/9/8 17:28:13-------------
-------------start 2017/9/8 17:28:13-------------/Admin/Ads/AdPageList.aspx
SELECT * FROM AdTypeInfo  WHERE 1=1  AND [Id]='0'  
-------------end 2017/9/8 17:28:13-------------
-------------start 2017/9/8 17:28:13-------------/Admin/Ads/AdPageList.aspx
SELECT * FROM AdSiteInfo  WHERE 1=1  AND [Id]='0'  
-------------end 2017/9/8 17:28:13-------------
-------------start 2017/9/8 17:28:13-------------/Admin/Ads/AdPageList.aspx
SELECT * FROM AdTypeInfo  WHERE 1=1  AND [Id]='0'  
-------------end 2017/9/8 17:28:13-------------
-------------start 2017/9/8 17:28:13-------------/Admin/Ads/AdPageList.aspx
SELECT * FROM AdSiteInfo  WHERE 1=1  AND [Id]='0'  
-------------end 2017/9/8 17:28:13-------------
-------------start 2017/9/8 17:28:13-------------/Admin/Ads/AdPageList.aspx
SELECT * FROM AdTypeInfo  WHERE 1=1  AND [Id]='0'  
-------------end 2017/9/8 17:28:13-------------
-------------start 2017/9/8 17:28:13-------------/Admin/Ads/AdPageList.aspx
SELECT * FROM AdSiteInfo  WHERE 1=1  AND [Id]='0'  
-------------end 2017/9/8 17:28:13-------------
-------------start 2017/9/8 17:28:13-------------/Admin/Ads/AdPageList.aspx
SELECT * FROM AdTypeInfo  WHERE 1=1  AND [Id]='0'  
-------------end 2017/9/8 17:28:13-------------
-------------start 2017/9/8 17:28:13-------------/Admin/Ads/AdPageList.aspx
SELECT * FROM AdSiteInfo  WHERE 1=1  AND [Id]='0'  
-------------end 2017/9/8 17:28:13-------------
-------------start 2017/9/8 17:41:09-------------/Login.aspx
SELECT * FROM AccountInfo  WHERE 1=1  AND [UserName]='viptest1' 
 
-------------end 2017/9/8 17:41:09-------------
-------------start 2017/9/8 17:41:10-------------/AccVir/Index.aspx
SELECT * FROM AccountInfo  WHERE 1=1  AND [UserName]='viptest1' 
 
-------------end 2017/9/8 17:41:10-------------
-------------start 2017/9/8 17:41:10-------------/AccVir/Index.aspx
SELECT * FROM AdPageInfo  WHERE 1=1  
-------------end 2017/9/8 17:41:10-------------
-------------start 2017/9/8 17:41:11-------------/AccVir/Index.aspx
SELECT TOP 10 * FROM [AdPageInfo]  WHERE 1=1  AND [UserId]='26'  AND Id NOT IN (SELECT TOP 0 Id FROM [AdPageInfo]  WHERE 1=1  AND [UserId]='26'  )  
-------------end 2017/9/8 17:41:11-------------
-------------start 2017/9/8 17:46:42-------------/Login.aspx?ReturnUrl=%2fAccVir%2fIndex.aspx
SELECT * FROM AccountInfo  WHERE 1=1  AND [UserName]='viptest1' 
 
-------------end 2017/9/8 17:46:42-------------
-------------start 2017/9/8 17:46:48-------------/AccVir/Index.aspx
SELECT * FROM AccountInfo  WHERE 1=1  AND [UserName]='viptest1' 
 
-------------end 2017/9/8 17:46:48-------------
-------------start 2017/9/8 17:46:48-------------/AccVir/Index.aspx
SELECT * FROM AdPageInfo  WHERE 1=1  
-------------end 2017/9/8 17:46:48-------------
-------------start 2017/9/8 17:46:48-------------/AccVir/Index.aspx
SELECT TOP 10 * FROM [AdPageInfo]  WHERE 1=1  AND [UserId]='26'  AND Id NOT IN (SELECT TOP 0 Id FROM [AdPageInfo]  WHERE 1=1  AND [UserId]='26'  )  
-------------end 2017/9/8 17:46:48-------------
-------------start 2017/9/8 17:52:48-------------/AccVir/Index.aspx
SELECT TOP 10 * FROM [AdPageInfo]  WHERE 1=1  AND [UserId]='26'  AND Id NOT IN (SELECT TOP 0 Id FROM [AdPageInfo]  WHERE 1=1  AND [UserId]='26'  )  
-------------end 2017/9/8 17:52:48-------------
-------------start 2017/9/8 17:53:18-------------/Login.aspx
SELECT * FROM AccountInfo  WHERE 1=1  AND [UserName]='admin' 
 
-------------end 2017/9/8 17:53:18-------------
-------------start 2017/9/8 17:53:23-------------/Admin/Index.aspx
SELECT * FROM AccountInfo  WHERE 1=1  AND [UserName]='admin' 
 
-------------end 2017/9/8 17:53:23-------------
-------------start 2017/9/8 17:53:28-------------/Admin/Ads/AdPageList.aspx
SELECT * FROM AccountInfo  WHERE 1=1  AND UserType <> 100 
 
-------------end 2017/9/8 17:53:28-------------
-------------start 2017/9/8 17:53:28-------------/Admin/Ads/AdPageList.aspx
SELECT * FROM AdTypeInfo  WHERE 1=1  
-------------end 2017/9/8 17:53:28-------------
-------------start 2017/9/8 17:53:28-------------/Admin/Ads/AdPageList.aspx
SELECT * FROM AdSiteInfo  WHERE 1=1  
-------------end 2017/9/8 17:53:28-------------
-------------start 2017/9/8 17:53:28-------------/Admin/Ads/AdPageList.aspx
SELECT TOP 10 * FROM [AdPageInfo]  WHERE 1=1  AND [IsDel]='0'  AND Id NOT IN (SELECT TOP 0 Id FROM [AdPageInfo]  WHERE 1=1  AND [IsDel]='0'   order by  id desc )   order by  id desc 
-------------end 2017/9/8 17:53:28-------------
-------------start 2017/9/8 17:53:28-------------/Admin/Ads/AdPageList.aspx
SELECT * FROM AccountInfo  WHERE 1=1  AND [Id]='2' 
 
-------------end 2017/9/8 17:53:28-------------
-------------start 2017/9/8 17:53:28-------------/Admin/Ads/AdPageList.aspx
SELECT * FROM AdTypeInfo  WHERE 1=1  AND [Id]='0'  
-------------end 2017/9/8 17:53:28-------------
-------------start 2017/9/8 17:53:28-------------/Admin/Ads/AdPageList.aspx
SELECT * FROM AdSiteInfo  WHERE 1=1  AND [Id]='0'  
-------------end 2017/9/8 17:53:28-------------
-------------start 2017/9/8 17:53:28-------------/Admin/Ads/AdPageList.aspx
SELECT * FROM AdTypeInfo  WHERE 1=1  AND [Id]='0'  
-------------end 2017/9/8 17:53:28-------------
-------------start 2017/9/8 17:53:28-------------/Admin/Ads/AdPageList.aspx
SELECT * FROM AdSiteInfo  WHERE 1=1  AND [Id]='0'  
-------------end 2017/9/8 17:53:28-------------
-------------start 2017/9/8 17:53:28-------------/Admin/Ads/AdPageList.aspx
SELECT * FROM AdTypeInfo  WHERE 1=1  AND [Id]='0'  
-------------end 2017/9/8 17:53:28-------------
-------------start 2017/9/8 17:53:28-------------/Admin/Ads/AdPageList.aspx
SELECT * FROM AdSiteInfo  WHERE 1=1  AND [Id]='0'  
-------------end 2017/9/8 17:53:28-------------
-------------start 2017/9/8 17:53:28-------------/Admin/Ads/AdPageList.aspx
SELECT * FROM AccountInfo  WHERE 1=1  AND [Id]='25' 
 
-------------end 2017/9/8 17:53:28-------------
-------------start 2017/9/8 17:53:29-------------/Admin/Ads/AdPageList.aspx
SELECT * FROM AdTypeInfo  WHERE 1=1  AND [Id]='0'  
-------------end 2017/9/8 17:53:29-------------
-------------start 2017/9/8 17:53:29-------------/Admin/Ads/AdPageList.aspx
SELECT * FROM AdSiteInfo  WHERE 1=1  AND [Id]='0'  
-------------end 2017/9/8 17:53:29-------------
-------------start 2017/9/8 17:53:29-------------/Admin/Ads/AdPageList.aspx
SELECT * FROM AdTypeInfo  WHERE 1=1  AND [Id]='0'  
-------------end 2017/9/8 17:53:29-------------
-------------start 2017/9/8 17:53:29-------------/Admin/Ads/AdPageList.aspx
SELECT * FROM AdSiteInfo  WHERE 1=1  AND [Id]='0'  
-------------end 2017/9/8 17:53:29-------------
-------------start 2017/9/8 17:53:29-------------/Admin/Ads/AdPageList.aspx
SELECT * FROM AdTypeInfo  WHERE 1=1  AND [Id]='0'  
-------------end 2017/9/8 17:53:29-------------
-------------start 2017/9/8 17:53:29-------------/Admin/Ads/AdPageList.aspx
SELECT * FROM AdSiteInfo  WHERE 1=1  AND [Id]='0'  
-------------end 2017/9/8 17:53:29-------------
-------------start 2017/9/8 17:53:29-------------/Admin/Ads/AdPageList.aspx
SELECT * FROM AdTypeInfo  WHERE 1=1  AND [Id]='0'  
-------------end 2017/9/8 17:53:29-------------
-------------start 2017/9/8 17:53:29-------------/Admin/Ads/AdPageList.aspx
SELECT * FROM AdSiteInfo  WHERE 1=1  AND [Id]='0'  
-------------end 2017/9/8 17:53:29-------------
-------------start 2017/9/8 17:53:29-------------/Admin/Ads/AdPageList.aspx
SELECT * FROM AccountInfo  WHERE 1=1  AND [Id]='24' 
 
-------------end 2017/9/8 17:53:29-------------
-------------start 2017/9/8 17:53:29-------------/Admin/Ads/AdPageList.aspx
SELECT * FROM AdTypeInfo  WHERE 1=1  AND [Id]='0'  
-------------end 2017/9/8 17:53:29-------------
-------------start 2017/9/8 17:53:29-------------/Admin/Ads/AdPageList.aspx
SELECT * FROM AdSiteInfo  WHERE 1=1  AND [Id]='0'  
-------------end 2017/9/8 17:53:29-------------
-------------start 2017/9/8 17:53:29-------------/Admin/Ads/AdPageList.aspx
SELECT * FROM AccountInfo  WHERE 1=1  AND [Id]='23' 
 
-------------end 2017/9/8 17:53:29-------------
-------------start 2017/9/8 17:53:29-------------/Admin/Ads/AdPageList.aspx
SELECT * FROM AdTypeInfo  WHERE 1=1  AND [Id]='0'  
-------------end 2017/9/8 17:53:29-------------
-------------start 2017/9/8 17:53:29-------------/Admin/Ads/AdPageList.aspx
SELECT * FROM AdSiteInfo  WHERE 1=1  AND [Id]='0'  
-------------end 2017/9/8 17:53:29-------------
-------------start 2017/9/8 17:53:29-------------/Admin/Ads/AdPageList.aspx
SELECT * FROM AccountInfo  WHERE 1=1  AND [Id]='22' 
 
-------------end 2017/9/8 17:53:29-------------
-------------start 2017/9/8 17:53:29-------------/Admin/Ads/AdPageList.aspx
SELECT * FROM AdTypeInfo  WHERE 1=1  AND [Id]='0'  
-------------end 2017/9/8 17:53:29-------------
-------------start 2017/9/8 17:53:29-------------/Admin/Ads/AdPageList.aspx
SELECT * FROM AdSiteInfo  WHERE 1=1  AND [Id]='0'  
-------------end 2017/9/8 17:53:29-------------
-------------start 2017/9/8 17:53:31-------------/Admin/Ads/AdPageEdit.aspx?id=237
SELECT * FROM AccountInfo  WHERE 1=1  AND UserType <> 100 
 
-------------end 2017/9/8 17:53:31-------------
-------------start 2017/9/8 17:53:31-------------/Admin/Ads/AdPageEdit.aspx?id=237
SELECT * FROM AdPageInfo  WHERE 1=1  AND [Id]='237'  
-------------end 2017/9/8 17:53:31-------------
-------------start 2017/9/8 17:53:36-------------/Admin/Ads/AdPageEdit.aspx?id=237
SELECT * FROM AdPageInfo  WHERE 1=1  AND [Id]='237'  
-------------end 2017/9/8 17:53:36-------------
-------------start 2017/9/8 17:53:36-------------/Admin/Ads/AdPageEdit.aspx?id=237
SELECT * FROM AdPageInfo  WHERE 1=1  AND [Id]='237'  
-------------end 2017/9/8 17:53:36-------------
-------------start 2017/9/8 17:53:37-------------/Admin/Ads/AdPageEdit.aspx?id=237
SELECT * FROM ArticleInfo  WHERE 1=1  
-------------end 2017/9/8 17:53:37-------------
-------------start 2017/9/8 17:53:37-------------/Admin/Ads/AdPageEdit.aspx?id=237
SELECT * FROM AdPageInfo  WHERE 1=1  
-------------end 2017/9/8 17:53:37-------------
-------------start 2017/9/8 17:53:37-------------/Admin/Ads/AdPageEdit.aspx?id=237
SELECT * FROM AdPageInfo  WHERE 1=1  
-------------end 2017/9/8 17:53:37-------------
-------------start 2017/9/8 17:53:37-------------/Admin/Ads/AdPageList.aspx
SELECT * FROM AccountInfo  WHERE 1=1  AND UserType <> 100 
 
-------------end 2017/9/8 17:53:37-------------
-------------start 2017/9/8 17:53:37-------------/Admin/Ads/AdPageList.aspx
SELECT * FROM AdTypeInfo  WHERE 1=1  
-------------end 2017/9/8 17:53:37-------------
-------------start 2017/9/8 17:53:37-------------/Admin/Ads/AdPageList.aspx
SELECT * FROM AdSiteInfo  WHERE 1=1  
-------------end 2017/9/8 17:53:37-------------
-------------start 2017/9/8 17:53:37-------------/Admin/Ads/AdPageList.aspx
SELECT TOP 10 * FROM [AdPageInfo]  WHERE 1=1  AND [IsDel]='0'  AND Id NOT IN (SELECT TOP 0 Id FROM [AdPageInfo]  WHERE 1=1  AND [IsDel]='0'   order by  id desc )   order by  id desc 
-------------end 2017/9/8 17:53:37-------------
-------------start 2017/9/8 17:53:37-------------/Admin/Ads/AdPageList.aspx
SELECT * FROM AdTypeInfo  WHERE 1=1  AND [Id]='0'  
-------------end 2017/9/8 17:53:37-------------
-------------start 2017/9/8 17:53:37-------------/Admin/Ads/AdPageList.aspx
SELECT * FROM AdSiteInfo  WHERE 1=1  AND [Id]='0'  
-------------end 2017/9/8 17:53:37-------------
-------------start 2017/9/8 17:53:37-------------/Admin/Ads/AdPageList.aspx
SELECT * FROM AdTypeInfo  WHERE 1=1  AND [Id]='0'  
-------------end 2017/9/8 17:53:37-------------
-------------start 2017/9/8 17:53:37-------------/Admin/Ads/AdPageList.aspx
SELECT * FROM AdSiteInfo  WHERE 1=1  AND [Id]='0'  
-------------end 2017/9/8 17:53:37-------------
-------------start 2017/9/8 17:53:37-------------/Admin/Ads/AdPageList.aspx
SELECT * FROM AdTypeInfo  WHERE 1=1  AND [Id]='0'  
-------------end 2017/9/8 17:53:37-------------
-------------start 2017/9/8 17:53:37-------------/Admin/Ads/AdPageList.aspx
SELECT * FROM AdSiteInfo  WHERE 1=1  AND [Id]='0'  
-------------end 2017/9/8 17:53:37-------------
-------------start 2017/9/8 17:53:37-------------/Admin/Ads/AdPageList.aspx
SELECT * FROM AdTypeInfo  WHERE 1=1  AND [Id]='0'  
-------------end 2017/9/8 17:53:37-------------
-------------start 2017/9/8 17:53:37-------------/Admin/Ads/AdPageList.aspx
SELECT * FROM AdSiteInfo  WHERE 1=1  AND [Id]='0'  
-------------end 2017/9/8 17:53:37-------------
-------------start 2017/9/8 17:53:37-------------/Admin/Ads/AdPageList.aspx
SELECT * FROM AdTypeInfo  WHERE 1=1  AND [Id]='0'  
-------------end 2017/9/8 17:53:37-------------
-------------start 2017/9/8 17:53:37-------------/Admin/Ads/AdPageList.aspx
SELECT * FROM AdSiteInfo  WHERE 1=1  AND [Id]='0'  
-------------end 2017/9/8 17:53:37-------------
-------------start 2017/9/8 17:53:37-------------/Admin/Ads/AdPageList.aspx
SELECT * FROM AdTypeInfo  WHERE 1=1  AND [Id]='0'  
-------------end 2017/9/8 17:53:37-------------
-------------start 2017/9/8 17:53:37-------------/Admin/Ads/AdPageList.aspx
SELECT * FROM AdSiteInfo  WHERE 1=1  AND [Id]='0'  
-------------end 2017/9/8 17:53:37-------------
-------------start 2017/9/8 17:53:37-------------/Admin/Ads/AdPageList.aspx
SELECT * FROM AdTypeInfo  WHERE 1=1  AND [Id]='0'  
-------------end 2017/9/8 17:53:37-------------
-------------start 2017/9/8 17:53:37-------------/Admin/Ads/AdPageList.aspx
SELECT * FROM AdSiteInfo  WHERE 1=1  AND [Id]='0'  
-------------end 2017/9/8 17:53:37-------------
-------------start 2017/9/8 17:53:37-------------/Admin/Ads/AdPageList.aspx
SELECT * FROM AdTypeInfo  WHERE 1=1  AND [Id]='0'  
-------------end 2017/9/8 17:53:37-------------
-------------start 2017/9/8 17:53:37-------------/Admin/Ads/AdPageList.aspx
SELECT * FROM AdSiteInfo  WHERE 1=1  AND [Id]='0'  
-------------end 2017/9/8 17:53:37-------------
-------------start 2017/9/8 17:53:37-------------/Admin/Ads/AdPageList.aspx
SELECT * FROM AdTypeInfo  WHERE 1=1  AND [Id]='0'  
-------------end 2017/9/8 17:53:37-------------
-------------start 2017/9/8 17:53:37-------------/Admin/Ads/AdPageList.aspx
SELECT * FROM AdSiteInfo  WHERE 1=1  AND [Id]='0'  
-------------end 2017/9/8 17:53:37-------------
-------------start 2017/9/8 17:53:37-------------/Admin/Ads/AdPageList.aspx
SELECT * FROM AdTypeInfo  WHERE 1=1  AND [Id]='0'  
-------------end 2017/9/8 17:53:37-------------
-------------start 2017/9/8 17:53:37-------------/Admin/Ads/AdPageList.aspx
SELECT * FROM AdSiteInfo  WHERE 1=1  AND [Id]='0'  
-------------end 2017/9/8 17:53:37-------------
-------------start 2017/9/8 17:53:41-------------/Login.aspx
SELECT * FROM AccountInfo  WHERE 1=1  AND [UserName]='viptest1' 
 
-------------end 2017/9/8 17:53:41-------------
-------------start 2017/9/8 17:53:41-------------/AccVir/Index.aspx
SELECT TOP 10 * FROM [AdPageInfo]  WHERE 1=1  AND [UserId]='26'  AND Id NOT IN (SELECT TOP 0 Id FROM [AdPageInfo]  WHERE 1=1  AND [UserId]='26'  )  
-------------end 2017/9/8 17:53:41-------------
