-------------start 2017/7/27 14:45:55-------------/Login.aspx
SELECT * FROM AccountInfo  WHERE 1=1  AND [UserName]='zgliu' 
 
-------------end 2017/7/27 14:45:55-------------
-------------start 2017/7/27 14:46:13-------------/AccAnalysis/Index.aspx
SELECT * FROM AccountInfo  WHERE 1=1  AND [UserName]='zgliu' 
 
-------------end 2017/7/27 14:46:13-------------
-------------start 2017/7/27 14:46:13-------------/AccAnalysis/Index.aspx

select 
time,AdId 
,count(*) as pvcount
,count(distinct(clientid)) as uvcount
,count(distinct(clientip)) as ipcount  
,count(distinct(clientid)) /count(*) as useravg 
from  [LogBrowse]
where 1=1  and AdUserId = 2  and time = 20170727 
group by time,AdId   order by  time desc 
-------------end 2017/7/27 14:46:13-------------
-------------start 2017/7/27 14:46:15-------------/AccAnalysis/Vir/Index.aspx
SELECT * FROM AdPageInfo  WHERE 1=1  
-------------end 2017/7/27 14:46:15-------------
-------------start 2017/7/27 14:46:16-------------/AccAnalysis/Vir/Index.aspx
SELECT TOP 10 * FROM [AdPageInfo]  WHERE 1=1  AND [UserId]='2'  AND Id NOT IN (SELECT TOP 0 Id FROM [AdPageInfo]  WHERE 1=1  AND [UserId]='2'  )  
-------------end 2017/7/27 14:46:16-------------
-------------start 2017/7/27 14:46:32-------------/Accounts/Order/OrderList.aspx
SELECT TOP 10 * FROM [CustomerInfo]  WHERE 1=1  AND [IsDelete]='0'  AND Id NOT IN (SELECT TOP 0 Id FROM [CustomerInfo]  WHERE 1=1  AND [IsDelete]='0'   order by  id desc )   order by  id desc 
-------------end 2017/7/27 14:46:32-------------
-------------start 2017/7/27 14:47:10-------------/Accounts/Order/OrderList.aspx?id=1&isdel=1
SELECT * FROM CustomerInfo  WHERE 1=1  AND [Id]='1'  
-------------end 2017/7/27 14:47:10-------------
-------------start 2017/7/27 14:47:10-------------/Accounts/Order/OrderList.aspx?id=1&isdel=1
SELECT TOP 10 * FROM [CustomerInfo]  WHERE 1=1  AND [IsDelete]='0'  AND Id NOT IN (SELECT TOP 0 Id FROM [CustomerInfo]  WHERE 1=1  AND [IsDelete]='0'   order by  id desc )   order by  id desc 
-------------end 2017/7/27 14:47:10-------------
-------------start 2017/7/27 14:47:15-------------/Accounts/Order/OrderList.aspx?id=4&isdel=1
SELECT * FROM CustomerInfo  WHERE 1=1  AND [Id]='4'  
-------------end 2017/7/27 14:47:15-------------
-------------start 2017/7/27 14:47:15-------------/Accounts/Order/OrderList.aspx?id=4&isdel=1
SELECT TOP 10 * FROM [CustomerInfo]  WHERE 1=1  AND [IsDelete]='0'  AND Id NOT IN (SELECT TOP 0 Id FROM [CustomerInfo]  WHERE 1=1  AND [IsDelete]='0'   order by  id desc )   order by  id desc 
-------------end 2017/7/27 14:47:15-------------
-------------start 2017/7/27 14:47:18-------------/Accounts/Order/OrderList.aspx?id=3&isdel=1
SELECT * FROM CustomerInfo  WHERE 1=1  AND [Id]='3'  
-------------end 2017/7/27 14:47:18-------------
-------------start 2017/7/27 14:47:18-------------/Accounts/Order/OrderList.aspx?id=3&isdel=1
SELECT TOP 10 * FROM [CustomerInfo]  WHERE 1=1  AND [IsDelete]='0'  AND Id NOT IN (SELECT TOP 0 Id FROM [CustomerInfo]  WHERE 1=1  AND [IsDelete]='0'   order by  id desc )   order by  id desc 
-------------end 2017/7/27 14:47:18-------------
-------------start 2017/7/27 14:47:20-------------/Accounts/Order/OrderList.aspx?id=2&isdel=1
SELECT * FROM CustomerInfo  WHERE 1=1  AND [Id]='2'  
-------------end 2017/7/27 14:47:20-------------
-------------start 2017/7/27 14:47:20-------------/Accounts/Order/OrderList.aspx?id=2&isdel=1
SELECT TOP 10 * FROM [CustomerInfo]  WHERE 1=1  AND [IsDelete]='0'  AND Id NOT IN (SELECT TOP 0 Id FROM [CustomerInfo]  WHERE 1=1  AND [IsDelete]='0'   order by  id desc )   order by  id desc 
-------------end 2017/7/27 14:47:20-------------
-------------start 2017/7/27 14:47:22-------------/Accounts/Order/OrderList.aspx
SELECT TOP 10 * FROM [CustomerInfo]  WHERE 1=1  AND [IsDelete]='0'  AND Id NOT IN (SELECT TOP 0 Id FROM [CustomerInfo]  WHERE 1=1  AND [IsDelete]='0'   order by  id desc )   order by  id desc 
-------------end 2017/7/27 14:47:22-------------
