-------------start 2017/8/18 9:17:07-------------/Login.aspx
SELECT * FROM AccountInfo  WHERE 1=1  AND [UserName]='viplsr020' 
 
-------------end 2017/8/18 9:17:07-------------
-------------start 2017/8/18 9:17:11-------------/Login.aspx
SELECT * FROM AccountInfo  WHERE 1=1  AND [UserName]='viplsr020' 
 
-------------end 2017/8/18 9:17:11-------------
-------------start 2017/8/18 9:17:16-------------/AccVir/Index.aspx
SELECT * FROM AccountInfo  WHERE 1=1  AND [UserName]='viplsr020' 
 
-------------end 2017/8/18 9:17:16-------------
-------------start 2017/8/18 9:17:16-------------/AccVir/Index.aspx
SELECT * FROM AdPageInfo  WHERE 1=1  
-------------end 2017/8/18 9:17:16-------------
-------------start 2017/8/18 9:17:16-------------/AccVir/Index.aspx
SELECT TOP 10 * FROM [AdPageInfo]  WHERE 1=1  AND [UserId]='23'  AND Id NOT IN (SELECT TOP 0 Id FROM [AdPageInfo]  WHERE 1=1  AND [UserId]='23'  )  
-------------end 2017/8/18 9:17:16-------------
-------------start 2017/8/18 9:18:09-------------/AccVir/Index.aspx
SELECT TOP 10 * FROM [AdPageInfo]  WHERE 1=1  AND [UserId]='23'  AND Id NOT IN (SELECT TOP 0 Id FROM [AdPageInfo]  WHERE 1=1  AND [UserId]='23'  )  
-------------end 2017/8/18 9:18:09-------------
-------------start 2017/8/18 9:18:12-------------/AccVir/Index.aspx
SELECT TOP 10 * FROM [AdPageInfo]  WHERE 1=1  AND [UserId]='23'  AND Id NOT IN (SELECT TOP 0 Id FROM [AdPageInfo]  WHERE 1=1  AND [UserId]='23'  )  
-------------end 2017/8/18 9:18:12-------------
-------------start 2017/8/18 9:19:03-------------/AccVir/Index.aspx
SELECT * FROM AccountInfo  WHERE 1=1  AND [UserName]='viplsr020' 
 
-------------end 2017/8/18 9:19:03-------------
-------------start 2017/8/18 9:19:03-------------/AccVir/Index.aspx
SELECT * FROM AdPageInfo  WHERE 1=1  
-------------end 2017/8/18 9:19:03-------------
-------------start 2017/8/18 9:19:03-------------/AccVir/Index.aspx
SELECT TOP 10 * FROM [AdPageInfo]  WHERE 1=1  AND [UserId]='23'  AND Id NOT IN (SELECT TOP 0 Id FROM [AdPageInfo]  WHERE 1=1  AND [UserId]='23'  )  
-------------end 2017/8/18 9:19:03-------------
-------------start 2017/8/18 9:42:54-------------/Login.aspx
SELECT * FROM AccountInfo  WHERE 1=1  AND [UserName]='viplsr020' 
 
-------------end 2017/8/18 9:42:54-------------
-------------start 2017/8/18 9:42:59-------------/AccVir/Index.aspx
SELECT * FROM AccountInfo  WHERE 1=1  AND [UserName]='viplsr020' 
 
-------------end 2017/8/18 9:42:59-------------
-------------start 2017/8/18 9:42:59-------------/AccVir/Index.aspx
SELECT * FROM AdPageInfo  WHERE 1=1  
-------------end 2017/8/18 9:42:59-------------
-------------start 2017/8/18 9:42:59-------------/AccVir/Index.aspx
SELECT TOP 10 * FROM [AdPageInfo]  WHERE 1=1  AND [UserId]='23'  AND Id NOT IN (SELECT TOP 0 Id FROM [AdPageInfo]  WHERE 1=1  AND [UserId]='23'  )  
-------------end 2017/8/18 9:42:59-------------
-------------start 2017/8/18 9:43:22-------------/AccVir/Index.aspx
SELECT TOP 10 * FROM [AdPageInfo]  WHERE 1=1  AND [UserId]='23'  AND Id NOT IN (SELECT TOP 0 Id FROM [AdPageInfo]  WHERE 1=1  AND [UserId]='23'  )  
-------------end 2017/8/18 9:43:22-------------
-------------start 2017/8/18 9:50:16-------------/Login.aspx
SELECT * FROM AccountInfo  WHERE 1=1  AND [UserName]='viplsr020' 
 
-------------end 2017/8/18 9:50:16-------------
-------------start 2017/8/18 9:50:16-------------/AccVir/Index.aspx
SELECT * FROM AccountInfo  WHERE 1=1  AND [UserName]='viplsr020' 
 
-------------end 2017/8/18 9:50:16-------------
-------------start 2017/8/18 9:50:16-------------/AccVir/Index.aspx
SELECT * FROM AdPageInfo  WHERE 1=1  
-------------end 2017/8/18 9:50:16-------------
-------------start 2017/8/18 9:50:16-------------/AccVir/Index.aspx
SELECT TOP 10 * FROM [AdPageInfo]  WHERE 1=1  AND [UserId]='23'  AND Id NOT IN (SELECT TOP 0 Id FROM [AdPageInfo]  WHERE 1=1  AND [UserId]='23'  )  
-------------end 2017/8/18 9:50:16-------------
-------------start 2017/8/18 9:52:03-------------/AccVir/Index.aspx
SELECT * FROM AccountInfo  WHERE 1=1  AND [UserName]='viplsr020' 
 
-------------end 2017/8/18 9:52:03-------------
-------------start 2017/8/18 9:52:03-------------/AccVir/Index.aspx
SELECT * FROM AdPageInfo  WHERE 1=1  
-------------end 2017/8/18 9:52:03-------------
-------------start 2017/8/18 9:52:04-------------/AccVir/Index.aspx
SELECT TOP 10 * FROM [AdPageInfo]  WHERE 1=1  AND [UserId]='23'  AND Id NOT IN (SELECT TOP 0 Id FROM [AdPageInfo]  WHERE 1=1  AND [UserId]='23'  )  
-------------end 2017/8/18 9:52:04-------------
-------------start 2017/8/18 9:52:19-------------/AccVir/Index.aspx
SELECT * FROM AccountInfo  WHERE 1=1  AND [UserName]='viplsr020' 
 
-------------end 2017/8/18 9:52:19-------------
-------------start 2017/8/18 9:52:20-------------/AccVir/Index.aspx
SELECT * FROM AdPageInfo  WHERE 1=1  
-------------end 2017/8/18 9:52:20-------------
-------------start 2017/8/18 9:52:21-------------/AccVir/Index.aspx
SELECT TOP 10 * FROM [AdPageInfo]  WHERE 1=1  AND [UserId]='23'  AND Id NOT IN (SELECT TOP 0 Id FROM [AdPageInfo]  WHERE 1=1  AND [UserId]='23'  )  
-------------end 2017/8/18 9:52:21-------------
-------------start 2017/8/18 9:52:29-------------/Login.aspx
SELECT * FROM AccountInfo  WHERE 1=1  AND [UserName]='vipdz001' 
 
-------------end 2017/8/18 9:52:29-------------
-------------start 2017/8/18 9:52:29-------------/AccVir/Index.aspx
SELECT * FROM AccountInfo  WHERE 1=1  AND [UserName]='vipdz001' 
 
-------------end 2017/8/18 9:52:29-------------
-------------start 2017/8/18 9:52:29-------------/AccVir/Index.aspx
SELECT TOP 10 * FROM [AdPageInfo]  WHERE 1=1  AND [UserId]='22'  AND Id NOT IN (SELECT TOP 0 Id FROM [AdPageInfo]  WHERE 1=1  AND [UserId]='22'  )  
-------------end 2017/8/18 9:52:29-------------
-------------start 2017/8/18 9:56:09-------------/AccVir/Index.aspx
SELECT * FROM AccountInfo  WHERE 1=1  AND [UserName]='vipdz001' 
 
-------------end 2017/8/18 9:56:09-------------
-------------start 2017/8/18 9:56:09-------------/AccVir/Index.aspx
SELECT * FROM AdPageInfo  WHERE 1=1  
-------------end 2017/8/18 9:56:09-------------
-------------start 2017/8/18 9:56:10-------------/AccVir/Index.aspx
SELECT TOP 10 * FROM [AdPageInfo]  WHERE 1=1  AND [UserId]='22'  AND Id NOT IN (SELECT TOP 0 Id FROM [AdPageInfo]  WHERE 1=1  AND [UserId]='22'  )  
-------------end 2017/8/18 9:56:10-------------
-------------start 2017/8/18 9:56:31-------------/Login.aspx
SELECT * FROM AccountInfo  WHERE 1=1  AND [UserName]='viplsr020' 
 
-------------end 2017/8/18 9:56:31-------------
-------------start 2017/8/18 9:56:31-------------/AccVir/Index.aspx
SELECT * FROM AccountInfo  WHERE 1=1  AND [UserName]='viplsr020' 
 
-------------end 2017/8/18 9:56:31-------------
-------------start 2017/8/18 9:56:31-------------/AccVir/Index.aspx
SELECT TOP 10 * FROM [AdPageInfo]  WHERE 1=1  AND [UserId]='23'  AND Id NOT IN (SELECT TOP 0 Id FROM [AdPageInfo]  WHERE 1=1  AND [UserId]='23'  )  
-------------end 2017/8/18 9:56:31-------------
