-------------start 2017/8/17 18:01:53-------------/AccVir/Index.aspx
SELECT * FROM AccountInfo  WHERE 1=1  AND [UserName]='vipdz001' 
 
-------------end 2017/8/17 18:01:53-------------
-------------start 2017/8/17 18:01:53-------------/AccVir/Index.aspx
SELECT * FROM AdPageInfo  WHERE 1=1  
-------------end 2017/8/17 18:01:53-------------
-------------start 2017/8/17 18:01:53-------------/AccVir/Index.aspx
SELECT TOP 10 * FROM [AdPageInfo]  WHERE 1=1  AND [UserId]='22'  AND Id NOT IN (SELECT TOP 0 Id FROM [AdPageInfo]  WHERE 1=1  AND [UserId]='22'  )  
-------------end 2017/8/17 18:01:53-------------
-------------start 2017/8/17 18:07:43-------------/Login.aspx
SELECT * FROM AccountInfo  WHERE 1=1  AND [UserName]='vipdz001' 
 
-------------end 2017/8/17 18:07:43-------------
-------------start 2017/8/17 18:07:45-------------/AccVir/Index.aspx
SELECT * FROM AccountInfo  WHERE 1=1  AND [UserName]='vipdz001' 
 
-------------end 2017/8/17 18:07:45-------------
-------------start 2017/8/17 18:07:45-------------/AccVir/Index.aspx
SELECT * FROM AdPageInfo  WHERE 1=1  
-------------end 2017/8/17 18:07:45-------------
-------------start 2017/8/17 18:07:45-------------/AccVir/Index.aspx
SELECT TOP 10 * FROM [AdPageInfo]  WHERE 1=1  AND [UserId]='22'  AND Id NOT IN (SELECT TOP 0 Id FROM [AdPageInfo]  WHERE 1=1  AND [UserId]='22'  )  
-------------end 2017/8/17 18:07:45-------------
-------------start 2017/8/17 18:24:52-------------/Login.aspx
SELECT * FROM AccountInfo  WHERE 1=1  AND [UserName]='vipdz001' 
 
-------------end 2017/8/17 18:24:52-------------
-------------start 2017/8/17 18:24:57-------------/AccVir/Index.aspx
SELECT * FROM AccountInfo  WHERE 1=1  AND [UserName]='vipdz001' 
 
-------------end 2017/8/17 18:24:57-------------
-------------start 2017/8/17 18:24:57-------------/AccVir/Index.aspx
SELECT * FROM AdPageInfo  WHERE 1=1  
-------------end 2017/8/17 18:24:57-------------
-------------start 2017/8/17 18:24:57-------------/AccVir/Index.aspx
SELECT TOP 10 * FROM [AdPageInfo]  WHERE 1=1  AND [UserId]='22'  AND Id NOT IN (SELECT TOP 0 Id FROM [AdPageInfo]  WHERE 1=1  AND [UserId]='22'  )  
-------------end 2017/8/17 18:24:57-------------
-------------start 2017/8/17 18:30:52-------------/AccVir/Index.aspx
SELECT * FROM AccountInfo  WHERE 1=1  AND [UserName]='vipdz001' 
 
-------------end 2017/8/17 18:30:52-------------
-------------start 2017/8/17 18:30:52-------------/AccVir/Index.aspx
SELECT * FROM AdPageInfo  WHERE 1=1  
-------------end 2017/8/17 18:30:52-------------
-------------start 2017/8/17 18:30:53-------------/AccVir/Index.aspx
SELECT TOP 10 * FROM [AdPageInfo]  WHERE 1=1  AND [UserId]='22'  AND Id NOT IN (SELECT TOP 0 Id FROM [AdPageInfo]  WHERE 1=1  AND [UserId]='22'  )  
-------------end 2017/8/17 18:30:53-------------
-------------start 2017/8/17 18:32:24-------------/AccVir/Index.aspx
SELECT * FROM AccountInfo  WHERE 1=1  AND [UserName]='vipdz001' 
 
-------------end 2017/8/17 18:32:24-------------
-------------start 2017/8/17 18:32:24-------------/AccVir/Index.aspx
SELECT * FROM AdPageInfo  WHERE 1=1  
-------------end 2017/8/17 18:32:24-------------
-------------start 2017/8/17 18:32:24-------------/AccVir/Index.aspx
SELECT TOP 10 * FROM [AdPageInfo]  WHERE 1=1  AND [UserId]='22'  AND Id NOT IN (SELECT TOP 0 Id FROM [AdPageInfo]  WHERE 1=1  AND [UserId]='22'  )  
-------------end 2017/8/17 18:32:24-------------
-------------start 2017/8/17 18:32:37-------------/AccVir/Index.aspx
SELECT TOP 10 * FROM [AdPageInfo]  WHERE 1=1  AND [UserId]='22'  AND Id NOT IN (SELECT TOP 0 Id FROM [AdPageInfo]  WHERE 1=1  AND [UserId]='22'  )  
-------------end 2017/8/17 18:32:37-------------
-------------start 2017/8/17 18:32:53-------------/AccVir/Index.aspx
SELECT TOP 10 * FROM [AdPageInfo]  WHERE 1=1  AND [UserId]='22'  AND Id NOT IN (SELECT TOP 0 Id FROM [AdPageInfo]  WHERE 1=1  AND [UserId]='22'  )  
-------------end 2017/8/17 18:32:53-------------
