-------------start 2017/11/9 16:47:42-------------/Login.aspx
SELECT * FROM AccountInfo  WHERE 1=1  AND [UserName]='admin' 
 
-------------end 2017/11/9 16:47:42-------------
-------------start 2017/11/9 16:47:43-------------/Admin/Index.aspx
SELECT * FROM AccountInfo  WHERE 1=1  AND [UserName]='admin' 
 
-------------end 2017/11/9 16:47:43-------------
-------------start 2017/11/9 16:48:08-------------/Admin/Shop/ProducteList.aspx
SELECT TOP 10 * FROM [ProductInfo]  WHERE 1=1  AND Id NOT IN (SELECT TOP 0 Id FROM [ProductInfo]  WHERE 1=1   order by  id desc )   order by  id desc 
-------------end 2017/11/9 16:48:08-------------
-------------start 2017/11/9 16:48:08-------------/Admin/Shop/ProducteList.aspx
SELECT * FROM AccountInfo  WHERE 1=1  AND [Id]='17' 
 
-------------end 2017/11/9 16:48:08-------------
-------------start 2017/11/9 16:48:08-------------/Admin/Shop/ProducteList.aspx
SELECT * FROM AdPageInfo  WHERE 1=1  
-------------end 2017/11/9 16:48:08-------------
-------------start 2017/11/9 16:48:09-------------/Admin/Shop/ProducteList.aspx
SELECT * FROM AdPageInfo  WHERE 1=1  
-------------end 2017/11/9 16:48:09-------------
-------------start 2017/11/9 16:48:09-------------/Admin/Shop/ProducteList.aspx
SELECT * FROM AdPageInfo  WHERE 1=1  
-------------end 2017/11/9 16:48:09-------------
-------------start 2017/11/9 16:48:09-------------/Admin/Shop/ProducteList.aspx
SELECT * FROM AdPageInfo  WHERE 1=1  
-------------end 2017/11/9 16:48:09-------------
-------------start 2017/11/9 16:48:09-------------/Admin/Shop/ProducteList.aspx
SELECT * FROM AdPageInfo  WHERE 1=1  
-------------end 2017/11/9 16:48:09-------------
-------------start 2017/11/9 16:48:09-------------/Admin/Shop/ProducteList.aspx
SELECT * FROM AccountInfo  WHERE 1=1  AND [Id]='5' 
 
-------------end 2017/11/9 16:48:09-------------
-------------start 2017/11/9 16:48:09-------------/Admin/Shop/ProducteList.aspx
SELECT * FROM AdPageInfo  WHERE 1=1  
-------------end 2017/11/9 16:48:09-------------
-------------start 2017/11/9 16:48:09-------------/Admin/Shop/ProducteList.aspx
SELECT * FROM AdPageInfo  WHERE 1=1  
-------------end 2017/11/9 16:48:09-------------
-------------start 2017/11/9 16:48:09-------------/Admin/Shop/ProducteList.aspx
SELECT * FROM AdPageInfo  WHERE 1=1  
-------------end 2017/11/9 16:48:09-------------
-------------start 2017/11/9 16:48:09-------------/Admin/Shop/ProducteList.aspx
SELECT * FROM AdPageInfo  WHERE 1=1  
-------------end 2017/11/9 16:48:09-------------
-------------start 2017/11/9 16:48:09-------------/Admin/Shop/ProducteList.aspx
SELECT * FROM AccountInfo  WHERE 1=1  AND [Id]='2' 
 
-------------end 2017/11/9 16:48:09-------------
-------------start 2017/11/9 16:48:09-------------/Admin/Shop/ProducteList.aspx
SELECT * FROM AdPageInfo  WHERE 1=1  
-------------end 2017/11/9 16:48:09-------------
-------------start 2017/11/9 16:48:09-------------/Admin/Shop/ProducteList.aspx
SELECT * FROM AdPageInfo  WHERE 1=1  
-------------end 2017/11/9 16:48:09-------------
-------------start 2017/11/9 16:48:09-------------/Admin/Shop/ProducteList.aspx
SELECT * FROM AdPageInfo  WHERE 1=1  
-------------end 2017/11/9 16:48:09-------------
-------------start 2017/11/9 16:48:09-------------/Admin/Shop/ProducteList.aspx
SELECT * FROM AdPageInfo  WHERE 1=1  
-------------end 2017/11/9 16:48:09-------------
-------------start 2017/11/9 16:48:09-------------/Admin/Shop/ProducteList.aspx
SELECT * FROM AdPageInfo  WHERE 1=1  
-------------end 2017/11/9 16:48:09-------------
-------------start 2017/11/9 16:48:09-------------/Admin/Shop/ProducteList.aspx
SELECT * FROM AdPageInfo  WHERE 1=1  
-------------end 2017/11/9 16:48:09-------------
-------------start 2017/11/9 16:48:09-------------/Admin/Shop/ProducteList.aspx
SELECT * FROM AdPageInfo  WHERE 1=1  
-------------end 2017/11/9 16:48:09-------------
-------------start 2017/11/9 16:48:09-------------/Admin/Shop/ProducteList.aspx
SELECT * FROM AdPageInfo  WHERE 1=1  
-------------end 2017/11/9 16:48:09-------------
-------------start 2017/11/9 16:48:09-------------/Admin/Shop/ProducteList.aspx
SELECT * FROM AdPageInfo  WHERE 1=1  
-------------end 2017/11/9 16:48:09-------------
-------------start 2017/11/9 16:48:09-------------/Admin/Shop/ProducteList.aspx
SELECT * FROM AdPageInfo  WHERE 1=1  
-------------end 2017/11/9 16:48:09-------------
-------------start 2017/11/9 16:48:09-------------/Admin/Shop/ProducteList.aspx
SELECT * FROM AdPageInfo  WHERE 1=1  
-------------end 2017/11/9 16:48:09-------------
-------------start 2017/11/9 16:48:09-------------/Admin/Shop/ProducteList.aspx
SELECT * FROM AdPageInfo  WHERE 1=1  
-------------end 2017/11/9 16:48:09-------------
-------------start 2017/11/9 16:48:09-------------/Admin/Shop/ProducteList.aspx
SELECT * FROM AdPageInfo  WHERE 1=1  
-------------end 2017/11/9 16:48:09-------------
-------------start 2017/11/9 16:48:09-------------/Admin/Shop/ProducteList.aspx
SELECT * FROM AdPageInfo  WHERE 1=1  
-------------end 2017/11/9 16:48:09-------------
-------------start 2017/11/9 16:48:09-------------/Admin/Shop/ProducteList.aspx
SELECT * FROM AdPageInfo  WHERE 1=1  
-------------end 2017/11/9 16:48:09-------------
-------------start 2017/11/9 16:48:09-------------/Admin/Shop/ProducteList.aspx
SELECT * FROM AdPageInfo  WHERE 1=1  
-------------end 2017/11/9 16:48:09-------------
-------------start 2017/11/9 16:48:09-------------/Admin/Shop/ProducteList.aspx
SELECT * FROM AdPageInfo  WHERE 1=1  
-------------end 2017/11/9 16:48:09-------------
-------------start 2017/11/9 16:48:09-------------/Admin/Shop/ProducteList.aspx
SELECT * FROM AdPageInfo  WHERE 1=1  
-------------end 2017/11/9 16:48:09-------------
-------------start 2017/11/9 16:48:09-------------/Admin/Shop/ProducteList.aspx
SELECT * FROM AdPageInfo  WHERE 1=1  
-------------end 2017/11/9 16:48:09-------------
-------------start 2017/11/9 16:48:09-------------/Admin/Shop/ProducteList.aspx
SELECT * FROM AdPageInfo  WHERE 1=1  
-------------end 2017/11/9 16:48:09-------------
-------------start 2017/11/9 16:48:09-------------/Admin/Shop/ProducteList.aspx
SELECT * FROM AdPageInfo  WHERE 1=1  
-------------end 2017/11/9 16:48:09-------------
-------------start 2017/11/9 16:48:09-------------/Admin/Shop/ProducteList.aspx
SELECT * FROM AdPageInfo  WHERE 1=1  
-------------end 2017/11/9 16:48:09-------------
-------------start 2017/11/9 16:48:09-------------/Admin/Shop/ProducteList.aspx
SELECT * FROM AdPageInfo  WHERE 1=1  
-------------end 2017/11/9 16:48:09-------------
-------------start 2017/11/9 16:48:09-------------/Admin/Shop/ProducteList.aspx
SELECT * FROM AdPageInfo  WHERE 1=1  
-------------end 2017/11/9 16:48:09-------------
-------------start 2017/11/9 16:48:09-------------/Admin/Shop/ProducteList.aspx
SELECT * FROM AdPageInfo  WHERE 1=1  
-------------end 2017/11/9 16:48:09-------------
-------------start 2017/11/9 16:48:09-------------/Admin/Shop/ProducteList.aspx
SELECT * FROM AdPageInfo  WHERE 1=1  
-------------end 2017/11/9 16:48:09-------------
-------------start 2017/11/9 16:48:09-------------/Admin/Shop/ProducteList.aspx
SELECT * FROM AdPageInfo  WHERE 1=1  
-------------end 2017/11/9 16:48:09-------------
-------------start 2017/11/9 16:48:10-------------/Admin/Shop/ProducteList.aspx
SELECT * FROM AdPageInfo  WHERE 1=1  
-------------end 2017/11/9 16:48:10-------------
-------------start 2017/11/9 16:48:10-------------/Admin/Shop/ProducteList.aspx
SELECT * FROM AdPageInfo  WHERE 1=1  
-------------end 2017/11/9 16:48:10-------------
-------------start 2017/11/9 16:48:10-------------/Admin/Shop/ProducteList.aspx
SELECT * FROM AdPageInfo  WHERE 1=1  
-------------end 2017/11/9 16:48:10-------------
-------------start 2017/11/9 16:48:10-------------/Admin/Shop/ProducteList.aspx
SELECT * FROM AdPageInfo  WHERE 1=1  
-------------end 2017/11/9 16:48:10-------------
-------------start 2017/11/9 16:48:10-------------/Admin/Shop/ProducteList.aspx
SELECT * FROM AdPageInfo  WHERE 1=1  
-------------end 2017/11/9 16:48:10-------------
-------------start 2017/11/9 16:48:36-------------/Admin/Shop/ProducteList.aspx
SELECT TOP 10 * FROM [ProductInfo]  WHERE 1=1  AND Id NOT IN (SELECT TOP 0 Id FROM [ProductInfo]  WHERE 1=1   order by  id desc )   order by  id desc 
-------------end 2017/11/9 16:48:36-------------
-------------start 2017/11/9 16:48:36-------------/Admin/Shop/ProducteList.aspx
SELECT * FROM AdPageInfo  WHERE 1=1  
-------------end 2017/11/9 16:48:36-------------
-------------start 2017/11/9 16:48:36-------------/Admin/Shop/ProducteList.aspx
SELECT * FROM AdPageInfo  WHERE 1=1  
-------------end 2017/11/9 16:48:36-------------
-------------start 2017/11/9 16:48:36-------------/Admin/Shop/ProducteList.aspx
SELECT * FROM AdPageInfo  WHERE 1=1  
-------------end 2017/11/9 16:48:36-------------
-------------start 2017/11/9 16:48:36-------------/Admin/Shop/ProducteList.aspx
SELECT * FROM AdPageInfo  WHERE 1=1  
-------------end 2017/11/9 16:48:36-------------
-------------start 2017/11/9 16:48:36-------------/Admin/Shop/ProducteList.aspx
SELECT * FROM AdPageInfo  WHERE 1=1  
-------------end 2017/11/9 16:48:36-------------
-------------start 2017/11/9 16:48:36-------------/Admin/Shop/ProducteList.aspx
SELECT * FROM AdPageInfo  WHERE 1=1  
-------------end 2017/11/9 16:48:36-------------
-------------start 2017/11/9 16:48:36-------------/Admin/Shop/ProducteList.aspx
SELECT * FROM AdPageInfo  WHERE 1=1  
-------------end 2017/11/9 16:48:36-------------
-------------start 2017/11/9 16:48:36-------------/Admin/Shop/ProducteList.aspx
SELECT * FROM AdPageInfo  WHERE 1=1  
-------------end 2017/11/9 16:48:36-------------
-------------start 2017/11/9 16:48:36-------------/Admin/Shop/ProducteList.aspx
SELECT * FROM AdPageInfo  WHERE 1=1  
-------------end 2017/11/9 16:48:36-------------
-------------start 2017/11/9 16:48:36-------------/Admin/Shop/ProducteList.aspx
SELECT * FROM AdPageInfo  WHERE 1=1  
-------------end 2017/11/9 16:48:36-------------
-------------start 2017/11/9 16:48:36-------------/Admin/Shop/ProducteList.aspx
SELECT * FROM AdPageInfo  WHERE 1=1  
-------------end 2017/11/9 16:48:36-------------
-------------start 2017/11/9 16:48:36-------------/Admin/Shop/ProducteList.aspx
SELECT * FROM AdPageInfo  WHERE 1=1  
-------------end 2017/11/9 16:48:36-------------
-------------start 2017/11/9 16:48:36-------------/Admin/Shop/ProducteList.aspx
SELECT * FROM AdPageInfo  WHERE 1=1  
-------------end 2017/11/9 16:48:36-------------
-------------start 2017/11/9 16:48:36-------------/Admin/Shop/ProducteList.aspx
SELECT * FROM AdPageInfo  WHERE 1=1  
-------------end 2017/11/9 16:48:36-------------
-------------start 2017/11/9 16:48:36-------------/Admin/Shop/ProducteList.aspx
SELECT * FROM AdPageInfo  WHERE 1=1  
-------------end 2017/11/9 16:48:36-------------
-------------start 2017/11/9 16:48:37-------------/Admin/Shop/ProducteList.aspx
SELECT * FROM AdPageInfo  WHERE 1=1  
-------------end 2017/11/9 16:48:37-------------
-------------start 2017/11/9 16:48:37-------------/Admin/Shop/ProducteList.aspx
SELECT * FROM AdPageInfo  WHERE 1=1  
-------------end 2017/11/9 16:48:37-------------
-------------start 2017/11/9 16:48:37-------------/Admin/Shop/ProducteList.aspx
SELECT * FROM AdPageInfo  WHERE 1=1  
-------------end 2017/11/9 16:48:37-------------
-------------start 2017/11/9 16:48:37-------------/Admin/Shop/ProducteList.aspx
SELECT * FROM AdPageInfo  WHERE 1=1  
-------------end 2017/11/9 16:48:37-------------
-------------start 2017/11/9 16:48:37-------------/Admin/Shop/ProducteList.aspx
SELECT * FROM AdPageInfo  WHERE 1=1  
-------------end 2017/11/9 16:48:37-------------
-------------start 2017/11/9 16:48:37-------------/Admin/Shop/ProducteList.aspx
SELECT * FROM AdPageInfo  WHERE 1=1  
-------------end 2017/11/9 16:48:37-------------
-------------start 2017/11/9 16:48:37-------------/Admin/Shop/ProducteList.aspx
SELECT * FROM AdPageInfo  WHERE 1=1  
-------------end 2017/11/9 16:48:37-------------
-------------start 2017/11/9 16:48:37-------------/Admin/Shop/ProducteList.aspx
SELECT * FROM AdPageInfo  WHERE 1=1  
-------------end 2017/11/9 16:48:37-------------
-------------start 2017/11/9 16:48:37-------------/Admin/Shop/ProducteList.aspx
SELECT * FROM AdPageInfo  WHERE 1=1  
-------------end 2017/11/9 16:48:37-------------
-------------start 2017/11/9 16:48:37-------------/Admin/Shop/ProducteList.aspx
SELECT * FROM AdPageInfo  WHERE 1=1  
-------------end 2017/11/9 16:48:37-------------
-------------start 2017/11/9 16:48:37-------------/Admin/Shop/ProducteList.aspx
SELECT * FROM AdPageInfo  WHERE 1=1  
-------------end 2017/11/9 16:48:37-------------
-------------start 2017/11/9 16:48:37-------------/Admin/Shop/ProducteList.aspx
SELECT * FROM AdPageInfo  WHERE 1=1  
-------------end 2017/11/9 16:48:37-------------
-------------start 2017/11/9 16:48:37-------------/Admin/Shop/ProducteList.aspx
SELECT * FROM AdPageInfo  WHERE 1=1  
-------------end 2017/11/9 16:48:37-------------
-------------start 2017/11/9 16:48:37-------------/Admin/Shop/ProducteList.aspx
SELECT * FROM AdPageInfo  WHERE 1=1  
-------------end 2017/11/9 16:48:37-------------
-------------start 2017/11/9 16:48:37-------------/Admin/Shop/ProducteList.aspx
SELECT * FROM AdPageInfo  WHERE 1=1  
-------------end 2017/11/9 16:48:37-------------
-------------start 2017/11/9 16:48:37-------------/Admin/Shop/ProducteList.aspx
SELECT * FROM AdPageInfo  WHERE 1=1  
-------------end 2017/11/9 16:48:37-------------
-------------start 2017/11/9 16:48:37-------------/Admin/Shop/ProducteList.aspx
SELECT * FROM AdPageInfo  WHERE 1=1  
-------------end 2017/11/9 16:48:37-------------
-------------start 2017/11/9 16:48:37-------------/Admin/Shop/ProducteList.aspx
SELECT * FROM AdPageInfo  WHERE 1=1  
-------------end 2017/11/9 16:48:37-------------
-------------start 2017/11/9 16:48:37-------------/Admin/Shop/ProducteList.aspx
SELECT * FROM AdPageInfo  WHERE 1=1  
-------------end 2017/11/9 16:48:37-------------
-------------start 2017/11/9 16:48:37-------------/Admin/Shop/ProducteList.aspx
SELECT * FROM AdPageInfo  WHERE 1=1  
-------------end 2017/11/9 16:48:37-------------
-------------start 2017/11/9 16:48:37-------------/Admin/Shop/ProducteList.aspx
SELECT * FROM AdPageInfo  WHERE 1=1  
-------------end 2017/11/9 16:48:37-------------
-------------start 2017/11/9 16:48:37-------------/Admin/Shop/ProducteList.aspx
SELECT * FROM AdPageInfo  WHERE 1=1  
-------------end 2017/11/9 16:48:37-------------
-------------start 2017/11/9 16:48:37-------------/Admin/Shop/ProducteList.aspx
SELECT * FROM AdPageInfo  WHERE 1=1  
-------------end 2017/11/9 16:48:37-------------
-------------start 2017/11/9 16:48:37-------------/Admin/Shop/ProducteList.aspx
SELECT * FROM AdPageInfo  WHERE 1=1  
-------------end 2017/11/9 16:48:37-------------
-------------start 2017/11/9 16:48:37-------------/Admin/Shop/ProducteList.aspx
SELECT * FROM AdPageInfo  WHERE 1=1  
-------------end 2017/11/9 16:48:37-------------
-------------start 2017/11/9 16:49:32-------------/Admin/Shop/ProducteList.aspx
SELECT TOP 10 * FROM [ProductInfo]  WHERE 1=1  AND Id NOT IN (SELECT TOP 0 Id FROM [ProductInfo]  WHERE 1=1   order by  id desc )   order by  id desc 
-------------end 2017/11/9 16:49:32-------------
-------------start 2017/11/9 16:49:32-------------/Admin/Shop/ProducteList.aspx
SELECT * FROM AdPageInfo  WHERE 1=1  
-------------end 2017/11/9 16:49:32-------------
-------------start 2017/11/9 16:49:32-------------/Admin/Shop/ProducteList.aspx
SELECT * FROM AdPageInfo  WHERE 1=1  
-------------end 2017/11/9 16:49:32-------------
-------------start 2017/11/9 16:49:32-------------/Admin/Shop/ProducteList.aspx
SELECT * FROM AdPageInfo  WHERE 1=1  
-------------end 2017/11/9 16:49:32-------------
-------------start 2017/11/9 16:49:32-------------/Admin/Shop/ProducteList.aspx
SELECT * FROM AdPageInfo  WHERE 1=1  
-------------end 2017/11/9 16:49:32-------------
-------------start 2017/11/9 16:49:32-------------/Admin/Shop/ProducteList.aspx
SELECT * FROM AdPageInfo  WHERE 1=1  
-------------end 2017/11/9 16:49:32-------------
-------------start 2017/11/9 16:49:33-------------/Admin/Shop/ProducteList.aspx
SELECT * FROM AdPageInfo  WHERE 1=1  
-------------end 2017/11/9 16:49:33-------------
-------------start 2017/11/9 16:49:33-------------/Admin/Shop/ProducteList.aspx
SELECT * FROM AdPageInfo  WHERE 1=1  
-------------end 2017/11/9 16:49:33-------------
-------------start 2017/11/9 16:49:33-------------/Admin/Shop/ProducteList.aspx
SELECT * FROM AdPageInfo  WHERE 1=1  
-------------end 2017/11/9 16:49:33-------------
-------------start 2017/11/9 16:49:33-------------/Admin/Shop/ProducteList.aspx
SELECT * FROM AdPageInfo  WHERE 1=1  
-------------end 2017/11/9 16:49:33-------------
-------------start 2017/11/9 16:49:33-------------/Admin/Shop/ProducteList.aspx
SELECT * FROM AdPageInfo  WHERE 1=1  
-------------end 2017/11/9 16:49:33-------------
-------------start 2017/11/9 16:49:33-------------/Admin/Shop/ProducteList.aspx
SELECT * FROM AdPageInfo  WHERE 1=1  
-------------end 2017/11/9 16:49:33-------------
-------------start 2017/11/9 16:49:33-------------/Admin/Shop/ProducteList.aspx
SELECT * FROM AdPageInfo  WHERE 1=1  
-------------end 2017/11/9 16:49:33-------------
-------------start 2017/11/9 16:49:33-------------/Admin/Shop/ProducteList.aspx
SELECT * FROM AdPageInfo  WHERE 1=1  
-------------end 2017/11/9 16:49:33-------------
-------------start 2017/11/9 16:49:33-------------/Admin/Shop/ProducteList.aspx
SELECT * FROM AdPageInfo  WHERE 1=1  
-------------end 2017/11/9 16:49:33-------------
-------------start 2017/11/9 16:49:33-------------/Admin/Shop/ProducteList.aspx
SELECT * FROM AdPageInfo  WHERE 1=1  
-------------end 2017/11/9 16:49:33-------------
-------------start 2017/11/9 16:49:33-------------/Admin/Shop/ProducteList.aspx
SELECT * FROM AdPageInfo  WHERE 1=1  
-------------end 2017/11/9 16:49:33-------------
-------------start 2017/11/9 16:49:33-------------/Admin/Shop/ProducteList.aspx
SELECT * FROM AdPageInfo  WHERE 1=1  
-------------end 2017/11/9 16:49:33-------------
-------------start 2017/11/9 16:49:34-------------/Admin/Shop/ProducteList.aspx
SELECT * FROM AdPageInfo  WHERE 1=1  
-------------end 2017/11/9 16:49:34-------------
-------------start 2017/11/9 16:49:34-------------/Admin/Shop/ProducteList.aspx
SELECT * FROM AdPageInfo  WHERE 1=1  
-------------end 2017/11/9 16:49:34-------------
-------------start 2017/11/9 16:49:34-------------/Admin/Shop/ProducteList.aspx
SELECT * FROM AdPageInfo  WHERE 1=1  
-------------end 2017/11/9 16:49:34-------------
-------------start 2017/11/9 16:49:34-------------/Admin/Shop/ProducteList.aspx
SELECT * FROM AdPageInfo  WHERE 1=1  
-------------end 2017/11/9 16:49:34-------------
-------------start 2017/11/9 16:49:34-------------/Admin/Shop/ProducteList.aspx
SELECT * FROM AdPageInfo  WHERE 1=1  
-------------end 2017/11/9 16:49:34-------------
-------------start 2017/11/9 16:49:34-------------/Admin/Shop/ProducteList.aspx
SELECT * FROM AdPageInfo  WHERE 1=1  
-------------end 2017/11/9 16:49:34-------------
-------------start 2017/11/9 16:49:34-------------/Admin/Shop/ProducteList.aspx
SELECT * FROM AdPageInfo  WHERE 1=1  
-------------end 2017/11/9 16:49:34-------------
-------------start 2017/11/9 16:49:34-------------/Admin/Shop/ProducteList.aspx
SELECT * FROM AdPageInfo  WHERE 1=1  
-------------end 2017/11/9 16:49:34-------------
-------------start 2017/11/9 16:49:34-------------/Admin/Shop/ProducteList.aspx
SELECT * FROM AdPageInfo  WHERE 1=1  
-------------end 2017/11/9 16:49:34-------------
-------------start 2017/11/9 16:49:34-------------/Admin/Shop/ProducteList.aspx
SELECT * FROM AdPageInfo  WHERE 1=1  
-------------end 2017/11/9 16:49:34-------------
-------------start 2017/11/9 16:49:34-------------/Admin/Shop/ProducteList.aspx
SELECT * FROM AdPageInfo  WHERE 1=1  
-------------end 2017/11/9 16:49:34-------------
-------------start 2017/11/9 16:49:34-------------/Admin/Shop/ProducteList.aspx
SELECT * FROM AdPageInfo  WHERE 1=1  
-------------end 2017/11/9 16:49:34-------------
-------------start 2017/11/9 16:49:34-------------/Admin/Shop/ProducteList.aspx
SELECT * FROM AdPageInfo  WHERE 1=1  
-------------end 2017/11/9 16:49:34-------------
-------------start 2017/11/9 16:49:34-------------/Admin/Shop/ProducteList.aspx
SELECT * FROM AdPageInfo  WHERE 1=1  
-------------end 2017/11/9 16:49:34-------------
-------------start 2017/11/9 16:49:34-------------/Admin/Shop/ProducteList.aspx
SELECT * FROM AdPageInfo  WHERE 1=1  
-------------end 2017/11/9 16:49:34-------------
-------------start 2017/11/9 16:49:34-------------/Admin/Shop/ProducteList.aspx
SELECT * FROM AdPageInfo  WHERE 1=1  
-------------end 2017/11/9 16:49:34-------------
-------------start 2017/11/9 16:49:35-------------/Admin/Shop/ProducteList.aspx
SELECT * FROM AdPageInfo  WHERE 1=1  
-------------end 2017/11/9 16:49:35-------------
-------------start 2017/11/9 16:49:35-------------/Admin/Shop/ProducteList.aspx
SELECT * FROM AdPageInfo  WHERE 1=1  
-------------end 2017/11/9 16:49:35-------------
-------------start 2017/11/9 16:49:35-------------/Admin/Shop/ProducteList.aspx
SELECT * FROM AdPageInfo  WHERE 1=1  
-------------end 2017/11/9 16:49:35-------------
-------------start 2017/11/9 16:49:35-------------/Admin/Shop/ProducteList.aspx
SELECT * FROM AdPageInfo  WHERE 1=1  
-------------end 2017/11/9 16:49:35-------------
-------------start 2017/11/9 16:49:35-------------/Admin/Shop/ProducteList.aspx
SELECT * FROM AdPageInfo  WHERE 1=1  
-------------end 2017/11/9 16:49:35-------------
-------------start 2017/11/9 16:49:35-------------/Admin/Shop/ProducteList.aspx
SELECT * FROM AdPageInfo  WHERE 1=1  
-------------end 2017/11/9 16:49:35-------------
-------------start 2017/11/9 16:49:35-------------/Admin/Shop/ProducteList.aspx
SELECT * FROM AdPageInfo  WHERE 1=1  
-------------end 2017/11/9 16:49:35-------------
-------------start 2017/11/9 16:49:37-------------/Admin/Shop/ProducteList.aspx
SELECT TOP 10 * FROM [ProductInfo]  WHERE 1=1  AND Id NOT IN (SELECT TOP 0 Id FROM [ProductInfo]  WHERE 1=1   order by  id desc )   order by  id desc 
-------------end 2017/11/9 16:49:37-------------
-------------start 2017/11/9 16:49:37-------------/Admin/Shop/ProducteList.aspx
SELECT * FROM AdPageInfo  WHERE 1=1  
-------------end 2017/11/9 16:49:37-------------
-------------start 2017/11/9 16:49:37-------------/Admin/Shop/ProducteList.aspx
SELECT * FROM AdPageInfo  WHERE 1=1  
-------------end 2017/11/9 16:49:37-------------
-------------start 2017/11/9 16:49:37-------------/Admin/Shop/ProducteList.aspx
SELECT * FROM AdPageInfo  WHERE 1=1  
-------------end 2017/11/9 16:49:37-------------
-------------start 2017/11/9 16:49:37-------------/Admin/Shop/ProducteList.aspx
SELECT * FROM AdPageInfo  WHERE 1=1  
-------------end 2017/11/9 16:49:37-------------
-------------start 2017/11/9 16:49:37-------------/Admin/Shop/ProducteList.aspx
SELECT * FROM AdPageInfo  WHERE 1=1  
-------------end 2017/11/9 16:49:37-------------
-------------start 2017/11/9 16:49:37-------------/Admin/Shop/ProducteList.aspx
SELECT * FROM AdPageInfo  WHERE 1=1  
-------------end 2017/11/9 16:49:37-------------
-------------start 2017/11/9 16:49:37-------------/Admin/Shop/ProducteList.aspx
SELECT * FROM AdPageInfo  WHERE 1=1  
-------------end 2017/11/9 16:49:37-------------
-------------start 2017/11/9 16:49:38-------------/Admin/Shop/ProducteList.aspx
SELECT * FROM AdPageInfo  WHERE 1=1  
-------------end 2017/11/9 16:49:38-------------
-------------start 2017/11/9 16:49:38-------------/Admin/Shop/ProducteList.aspx
SELECT * FROM AdPageInfo  WHERE 1=1  
-------------end 2017/11/9 16:49:38-------------
-------------start 2017/11/9 16:49:38-------------/Admin/Shop/ProducteList.aspx
SELECT * FROM AdPageInfo  WHERE 1=1  
-------------end 2017/11/9 16:49:38-------------
-------------start 2017/11/9 16:49:38-------------/Admin/Shop/ProducteList.aspx
SELECT * FROM AdPageInfo  WHERE 1=1  
-------------end 2017/11/9 16:49:38-------------
-------------start 2017/11/9 16:49:38-------------/Admin/Shop/ProducteList.aspx
SELECT * FROM AdPageInfo  WHERE 1=1  
-------------end 2017/11/9 16:49:38-------------
-------------start 2017/11/9 16:49:38-------------/Admin/Shop/ProducteList.aspx
SELECT * FROM AdPageInfo  WHERE 1=1  
-------------end 2017/11/9 16:49:38-------------
-------------start 2017/11/9 16:49:38-------------/Admin/Shop/ProducteList.aspx
SELECT * FROM AdPageInfo  WHERE 1=1  
-------------end 2017/11/9 16:49:38-------------
-------------start 2017/11/9 16:49:38-------------/Admin/Shop/ProducteList.aspx
SELECT * FROM AdPageInfo  WHERE 1=1  
-------------end 2017/11/9 16:49:38-------------
-------------start 2017/11/9 16:49:38-------------/Admin/Shop/ProducteList.aspx
SELECT * FROM AdPageInfo  WHERE 1=1  
-------------end 2017/11/9 16:49:38-------------
-------------start 2017/11/9 16:49:38-------------/Admin/Shop/ProducteList.aspx
SELECT * FROM AdPageInfo  WHERE 1=1  
-------------end 2017/11/9 16:49:38-------------
-------------start 2017/11/9 16:49:38-------------/Admin/Shop/ProducteList.aspx
SELECT * FROM AdPageInfo  WHERE 1=1  
-------------end 2017/11/9 16:49:38-------------
-------------start 2017/11/9 16:49:38-------------/Admin/Shop/ProducteList.aspx
SELECT * FROM AdPageInfo  WHERE 1=1  
-------------end 2017/11/9 16:49:38-------------
-------------start 2017/11/9 16:49:38-------------/Admin/Shop/ProducteList.aspx
SELECT * FROM AdPageInfo  WHERE 1=1  
-------------end 2017/11/9 16:49:38-------------
-------------start 2017/11/9 16:49:38-------------/Admin/Shop/ProducteList.aspx
SELECT * FROM AdPageInfo  WHERE 1=1  
-------------end 2017/11/9 16:49:38-------------
-------------start 2017/11/9 16:49:38-------------/Admin/Shop/ProducteList.aspx
SELECT * FROM AdPageInfo  WHERE 1=1  
-------------end 2017/11/9 16:49:38-------------
-------------start 2017/11/9 16:49:39-------------/Admin/Shop/ProducteList.aspx
SELECT * FROM AdPageInfo  WHERE 1=1  
-------------end 2017/11/9 16:49:39-------------
-------------start 2017/11/9 16:49:39-------------/Admin/Shop/ProducteList.aspx
SELECT * FROM AdPageInfo  WHERE 1=1  
-------------end 2017/11/9 16:49:39-------------
-------------start 2017/11/9 16:49:39-------------/Admin/Shop/ProducteList.aspx
SELECT * FROM AdPageInfo  WHERE 1=1  
-------------end 2017/11/9 16:49:39-------------
-------------start 2017/11/9 16:49:39-------------/Admin/Shop/ProducteList.aspx
SELECT * FROM AdPageInfo  WHERE 1=1  
-------------end 2017/11/9 16:49:39-------------
-------------start 2017/11/9 16:49:39-------------/Admin/Shop/ProducteList.aspx
SELECT * FROM AdPageInfo  WHERE 1=1  
-------------end 2017/11/9 16:49:39-------------
-------------start 2017/11/9 16:49:39-------------/Admin/Shop/ProducteList.aspx
SELECT * FROM AdPageInfo  WHERE 1=1  
-------------end 2017/11/9 16:49:39-------------
-------------start 2017/11/9 16:49:39-------------/Admin/Shop/ProducteList.aspx
SELECT * FROM AdPageInfo  WHERE 1=1  
-------------end 2017/11/9 16:49:39-------------
-------------start 2017/11/9 16:49:39-------------/Admin/Shop/ProducteList.aspx
SELECT * FROM AdPageInfo  WHERE 1=1  
-------------end 2017/11/9 16:49:39-------------
-------------start 2017/11/9 16:49:39-------------/Admin/Shop/ProducteList.aspx
SELECT * FROM AdPageInfo  WHERE 1=1  
-------------end 2017/11/9 16:49:39-------------
-------------start 2017/11/9 16:49:39-------------/Admin/Shop/ProducteList.aspx
SELECT * FROM AdPageInfo  WHERE 1=1  
-------------end 2017/11/9 16:49:39-------------
-------------start 2017/11/9 16:49:39-------------/Admin/Shop/ProducteList.aspx
SELECT * FROM AdPageInfo  WHERE 1=1  
-------------end 2017/11/9 16:49:39-------------
-------------start 2017/11/9 16:49:39-------------/Admin/Shop/ProducteList.aspx
SELECT * FROM AdPageInfo  WHERE 1=1  
-------------end 2017/11/9 16:49:39-------------
-------------start 2017/11/9 16:49:39-------------/Admin/Shop/ProducteList.aspx
SELECT * FROM AdPageInfo  WHERE 1=1  
-------------end 2017/11/9 16:49:39-------------
-------------start 2017/11/9 16:49:39-------------/Admin/Shop/ProducteList.aspx
SELECT * FROM AdPageInfo  WHERE 1=1  
-------------end 2017/11/9 16:49:39-------------
-------------start 2017/11/9 16:49:39-------------/Admin/Shop/ProducteList.aspx
SELECT * FROM AdPageInfo  WHERE 1=1  
-------------end 2017/11/9 16:49:39-------------
-------------start 2017/11/9 16:49:39-------------/Admin/Shop/ProducteList.aspx
SELECT * FROM AdPageInfo  WHERE 1=1  
-------------end 2017/11/9 16:49:39-------------
-------------start 2017/11/9 16:49:39-------------/Admin/Shop/ProducteList.aspx
SELECT * FROM AdPageInfo  WHERE 1=1  
-------------end 2017/11/9 16:49:39-------------
-------------start 2017/11/9 16:49:39-------------/Admin/Shop/ProducteList.aspx
SELECT * FROM AdPageInfo  WHERE 1=1  
-------------end 2017/11/9 16:49:39-------------
-------------start 2017/11/9 16:52:25-------------/Admin/Ads/AdPageList.aspx
SELECT * FROM AccountInfo  WHERE 1=1  AND UserType <> 100 
 
-------------end 2017/11/9 16:52:25-------------
-------------start 2017/11/9 16:52:25-------------/Admin/Ads/AdPageList.aspx
SELECT * FROM AdTypeInfo  WHERE 1=1  
-------------end 2017/11/9 16:52:25-------------
-------------start 2017/11/9 16:52:25-------------/Admin/Ads/AdPageList.aspx
SELECT * FROM AdSiteInfo  WHERE 1=1  
-------------end 2017/11/9 16:52:25-------------
-------------start 2017/11/9 16:52:25-------------/Admin/Ads/AdPageList.aspx
SELECT TOP 10 * FROM [AdPageInfo]  WHERE 1=1  AND [IsDel]='0'  AND Id NOT IN (SELECT TOP 0 Id FROM [AdPageInfo]  WHERE 1=1  AND [IsDel]='0'   order by  id desc )   order by  id desc 
-------------end 2017/11/9 16:52:25-------------
-------------start 2017/11/9 16:52:25-------------/Admin/Ads/AdPageList.aspx
SELECT * FROM AdTypeInfo  WHERE 1=1  AND [Id]='0'  
-------------end 2017/11/9 16:52:25-------------
-------------start 2017/11/9 16:52:25-------------/Admin/Ads/AdPageList.aspx
SELECT * FROM AdSiteInfo  WHERE 1=1  AND [Id]='0'  
-------------end 2017/11/9 16:52:25-------------
-------------start 2017/11/9 16:52:25-------------/Admin/Ads/AdPageList.aspx
SELECT * FROM AccountInfo  WHERE 1=1  AND [Id]='27' 
 
-------------end 2017/11/9 16:52:25-------------
-------------start 2017/11/9 16:52:25-------------/Admin/Ads/AdPageList.aspx
SELECT * FROM AdTypeInfo  WHERE 1=1  AND [Id]='0'  
-------------end 2017/11/9 16:52:25-------------
-------------start 2017/11/9 16:52:25-------------/Admin/Ads/AdPageList.aspx
SELECT * FROM AdSiteInfo  WHERE 1=1  AND [Id]='0'  
-------------end 2017/11/9 16:52:25-------------
-------------start 2017/11/9 16:52:25-------------/Admin/Ads/AdPageList.aspx
SELECT * FROM AdTypeInfo  WHERE 1=1  AND [Id]='0'  
-------------end 2017/11/9 16:52:25-------------
-------------start 2017/11/9 16:52:25-------------/Admin/Ads/AdPageList.aspx
SELECT * FROM AdSiteInfo  WHERE 1=1  AND [Id]='0'  
-------------end 2017/11/9 16:52:25-------------
-------------start 2017/11/9 16:52:25-------------/Admin/Ads/AdPageList.aspx
SELECT * FROM AdTypeInfo  WHERE 1=1  AND [Id]='0'  
-------------end 2017/11/9 16:52:25-------------
-------------start 2017/11/9 16:52:25-------------/Admin/Ads/AdPageList.aspx
SELECT * FROM AdSiteInfo  WHERE 1=1  AND [Id]='0'  
-------------end 2017/11/9 16:52:25-------------
-------------start 2017/11/9 16:52:25-------------/Admin/Ads/AdPageList.aspx
SELECT * FROM AccountInfo  WHERE 1=1  AND [Id]='26' 
 
-------------end 2017/11/9 16:52:25-------------
-------------start 2017/11/9 16:52:25-------------/Admin/Ads/AdPageList.aspx
SELECT * FROM AdTypeInfo  WHERE 1=1  AND [Id]='0'  
-------------end 2017/11/9 16:52:25-------------
-------------start 2017/11/9 16:52:25-------------/Admin/Ads/AdPageList.aspx
SELECT * FROM AdSiteInfo  WHERE 1=1  AND [Id]='0'  
-------------end 2017/11/9 16:52:25-------------
-------------start 2017/11/9 16:52:25-------------/Admin/Ads/AdPageList.aspx
SELECT * FROM AdTypeInfo  WHERE 1=1  AND [Id]='0'  
-------------end 2017/11/9 16:52:25-------------
-------------start 2017/11/9 16:52:25-------------/Admin/Ads/AdPageList.aspx
SELECT * FROM AdSiteInfo  WHERE 1=1  AND [Id]='0'  
-------------end 2017/11/9 16:52:25-------------
-------------start 2017/11/9 16:52:25-------------/Admin/Ads/AdPageList.aspx
SELECT * FROM AdTypeInfo  WHERE 1=1  AND [Id]='0'  
-------------end 2017/11/9 16:52:25-------------
-------------start 2017/11/9 16:52:25-------------/Admin/Ads/AdPageList.aspx
SELECT * FROM AdSiteInfo  WHERE 1=1  AND [Id]='0'  
-------------end 2017/11/9 16:52:25-------------
-------------start 2017/11/9 16:52:25-------------/Admin/Ads/AdPageList.aspx
SELECT * FROM AccountInfo  WHERE 1=1  AND [Id]='25' 
 
-------------end 2017/11/9 16:52:25-------------
-------------start 2017/11/9 16:52:25-------------/Admin/Ads/AdPageList.aspx
SELECT * FROM AdTypeInfo  WHERE 1=1  AND [Id]='0'  
-------------end 2017/11/9 16:52:25-------------
-------------start 2017/11/9 16:52:25-------------/Admin/Ads/AdPageList.aspx
SELECT * FROM AdSiteInfo  WHERE 1=1  AND [Id]='0'  
-------------end 2017/11/9 16:52:25-------------
-------------start 2017/11/9 16:52:25-------------/Admin/Ads/AdPageList.aspx
SELECT * FROM AdTypeInfo  WHERE 1=1  AND [Id]='0'  
-------------end 2017/11/9 16:52:25-------------
-------------start 2017/11/9 16:52:25-------------/Admin/Ads/AdPageList.aspx
SELECT * FROM AdSiteInfo  WHERE 1=1  AND [Id]='0'  
-------------end 2017/11/9 16:52:25-------------
-------------start 2017/11/9 16:52:25-------------/Admin/Ads/AdPageList.aspx
SELECT * FROM AdTypeInfo  WHERE 1=1  AND [Id]='0'  
-------------end 2017/11/9 16:52:25-------------
-------------start 2017/11/9 16:52:25-------------/Admin/Ads/AdPageList.aspx
SELECT * FROM AdSiteInfo  WHERE 1=1  AND [Id]='0'  
-------------end 2017/11/9 16:52:25-------------
-------------start 2017/11/9 16:52:32-------------/Admin/Ads/AdPageEdit.aspx
SELECT * FROM AccountInfo  WHERE 1=1  AND UserType <> 100 
 
-------------end 2017/11/9 16:52:32-------------
-------------start 2017/11/9 16:52:37-------------/Admin/Ads/AdPageList.aspx
SELECT * FROM AccountInfo  WHERE 1=1  AND UserType <> 100 
 
-------------end 2017/11/9 16:52:37-------------
-------------start 2017/11/9 16:52:37-------------/Admin/Ads/AdPageList.aspx
SELECT * FROM AdTypeInfo  WHERE 1=1  
-------------end 2017/11/9 16:52:37-------------
-------------start 2017/11/9 16:52:37-------------/Admin/Ads/AdPageList.aspx
SELECT * FROM AdSiteInfo  WHERE 1=1  
-------------end 2017/11/9 16:52:37-------------
-------------start 2017/11/9 16:52:37-------------/Admin/Ads/AdPageList.aspx
SELECT TOP 10 * FROM [AdPageInfo]  WHERE 1=1  AND [IsDel]='0'  AND Id NOT IN (SELECT TOP 0 Id FROM [AdPageInfo]  WHERE 1=1  AND [IsDel]='0'   order by  id desc )   order by  id desc 
-------------end 2017/11/9 16:52:37-------------
-------------start 2017/11/9 16:52:37-------------/Admin/Ads/AdPageList.aspx
SELECT * FROM AdTypeInfo  WHERE 1=1  AND [Id]='0'  
-------------end 2017/11/9 16:52:37-------------
-------------start 2017/11/9 16:52:37-------------/Admin/Ads/AdPageList.aspx
SELECT * FROM AdSiteInfo  WHERE 1=1  AND [Id]='0'  
-------------end 2017/11/9 16:52:37-------------
-------------start 2017/11/9 16:52:37-------------/Admin/Ads/AdPageList.aspx
SELECT * FROM AdTypeInfo  WHERE 1=1  AND [Id]='0'  
-------------end 2017/11/9 16:52:37-------------
-------------start 2017/11/9 16:52:37-------------/Admin/Ads/AdPageList.aspx
SELECT * FROM AdSiteInfo  WHERE 1=1  AND [Id]='0'  
-------------end 2017/11/9 16:52:37-------------
-------------start 2017/11/9 16:52:37-------------/Admin/Ads/AdPageList.aspx
SELECT * FROM AdTypeInfo  WHERE 1=1  AND [Id]='0'  
-------------end 2017/11/9 16:52:37-------------
-------------start 2017/11/9 16:52:37-------------/Admin/Ads/AdPageList.aspx
SELECT * FROM AdSiteInfo  WHERE 1=1  AND [Id]='0'  
-------------end 2017/11/9 16:52:37-------------
-------------start 2017/11/9 16:52:37-------------/Admin/Ads/AdPageList.aspx
SELECT * FROM AdTypeInfo  WHERE 1=1  AND [Id]='0'  
-------------end 2017/11/9 16:52:37-------------
-------------start 2017/11/9 16:52:37-------------/Admin/Ads/AdPageList.aspx
SELECT * FROM AdSiteInfo  WHERE 1=1  AND [Id]='0'  
-------------end 2017/11/9 16:52:37-------------
-------------start 2017/11/9 16:52:37-------------/Admin/Ads/AdPageList.aspx
SELECT * FROM AdTypeInfo  WHERE 1=1  AND [Id]='0'  
-------------end 2017/11/9 16:52:37-------------
-------------start 2017/11/9 16:52:37-------------/Admin/Ads/AdPageList.aspx
SELECT * FROM AdSiteInfo  WHERE 1=1  AND [Id]='0'  
-------------end 2017/11/9 16:52:37-------------
-------------start 2017/11/9 16:52:37-------------/Admin/Ads/AdPageList.aspx
SELECT * FROM AdTypeInfo  WHERE 1=1  AND [Id]='0'  
-------------end 2017/11/9 16:52:37-------------
-------------start 2017/11/9 16:52:37-------------/Admin/Ads/AdPageList.aspx
SELECT * FROM AdSiteInfo  WHERE 1=1  AND [Id]='0'  
-------------end 2017/11/9 16:52:37-------------
-------------start 2017/11/9 16:52:37-------------/Admin/Ads/AdPageList.aspx
SELECT * FROM AdTypeInfo  WHERE 1=1  AND [Id]='0'  
-------------end 2017/11/9 16:52:37-------------
-------------start 2017/11/9 16:52:37-------------/Admin/Ads/AdPageList.aspx
SELECT * FROM AdSiteInfo  WHERE 1=1  AND [Id]='0'  
-------------end 2017/11/9 16:52:37-------------
-------------start 2017/11/9 16:52:37-------------/Admin/Ads/AdPageList.aspx
SELECT * FROM AdTypeInfo  WHERE 1=1  AND [Id]='0'  
-------------end 2017/11/9 16:52:37-------------
-------------start 2017/11/9 16:52:37-------------/Admin/Ads/AdPageList.aspx
SELECT * FROM AdSiteInfo  WHERE 1=1  AND [Id]='0'  
-------------end 2017/11/9 16:52:37-------------
-------------start 2017/11/9 16:52:37-------------/Admin/Ads/AdPageList.aspx
SELECT * FROM AdTypeInfo  WHERE 1=1  AND [Id]='0'  
-------------end 2017/11/9 16:52:37-------------
-------------start 2017/11/9 16:52:37-------------/Admin/Ads/AdPageList.aspx
SELECT * FROM AdSiteInfo  WHERE 1=1  AND [Id]='0'  
-------------end 2017/11/9 16:52:37-------------
-------------start 2017/11/9 16:52:37-------------/Admin/Ads/AdPageList.aspx
SELECT * FROM AdTypeInfo  WHERE 1=1  AND [Id]='0'  
-------------end 2017/11/9 16:52:37-------------
-------------start 2017/11/9 16:52:37-------------/Admin/Ads/AdPageList.aspx
SELECT * FROM AdSiteInfo  WHERE 1=1  AND [Id]='0'  
-------------end 2017/11/9 16:52:37-------------
-------------start 2017/11/9 16:53:17-------------/Admin/Ads/AdPageEdit.aspx
SELECT * FROM AccountInfo  WHERE 1=1  AND UserType <> 100 
 
-------------end 2017/11/9 16:53:17-------------
