-------------start 2017-12-07 15:19:42-------------/Login.aspx
SELECT * FROM AccountInfo  WHERE 1=1  AND [UserName]='admin' 
 
-------------end 2017-12-07 15:19:42-------------
-------------start 2017-12-07 15:21:32-------------/Login.aspx
SELECT * FROM AccountInfo  WHERE 1=1  AND [UserName]='admin' 
 
-------------end 2017-12-07 15:21:32-------------
-------------start 2017-12-07 15:21:34-------------/Admin/Index.aspx
SELECT * FROM AccountInfo  WHERE 1=1  AND [UserName]='admin' 
 
-------------end 2017-12-07 15:21:34-------------
-------------start 2017-12-07 15:21:54-------------/Admin/Ads/AdPageList.aspx
SELECT * FROM AccountInfo  WHERE 1=1  AND UserType <> 100 
 
-------------end 2017-12-07 15:21:54-------------
-------------start 2017-12-07 15:21:54-------------/Admin/Ads/AdPageList.aspx
SELECT * FROM AdTypeInfo  WHERE 1=1  
-------------end 2017-12-07 15:21:54-------------
-------------start 2017-12-07 15:21:54-------------/Admin/Ads/AdPageList.aspx
SELECT * FROM AdSiteInfo  WHERE 1=1  
-------------end 2017-12-07 15:21:54-------------
-------------start 2017-12-07 15:21:54-------------/Admin/Ads/AdPageList.aspx
SELECT * FROM AdPageInfo  WHERE 1=1  
-------------end 2017-12-07 15:21:54-------------
-------------start 2017-12-07 15:21:55-------------/Admin/Ads/AdPageList.aspx
SELECT TOP 10 * FROM [AdPageInfo]  WHERE 1=1  AND [IsDel]='0'  AND Id NOT IN (SELECT TOP 0 Id FROM [AdPageInfo]  WHERE 1=1  AND [IsDel]='0'   order by  id desc )   order by  id desc 
-------------end 2017-12-07 15:21:55-------------
-------------start 2017-12-07 15:21:55-------------/Admin/Ads/AdPageList.aspx
SELECT * FROM AccountInfo  WHERE 1=1  AND [Id]='2' 
 
-------------end 2017-12-07 15:21:55-------------
-------------start 2017-12-07 15:21:55-------------/Admin/Ads/AdPageList.aspx
SELECT * FROM AdTypeInfo  WHERE 1=1  AND [Id]='0'  
-------------end 2017-12-07 15:21:55-------------
-------------start 2017-12-07 15:21:55-------------/Admin/Ads/AdPageList.aspx
SELECT * FROM AdSiteInfo  WHERE 1=1  AND [Id]='0'  
-------------end 2017-12-07 15:21:55-------------
-------------start 2017-12-07 15:21:55-------------/Admin/Ads/AdPageList.aspx
SELECT * FROM AccountInfo  WHERE 1=1  AND [Id]='27' 
 
-------------end 2017-12-07 15:21:55-------------
-------------start 2017-12-07 15:21:55-------------/Admin/Ads/AdPageList.aspx
SELECT * FROM AdTypeInfo  WHERE 1=1  AND [Id]='0'  
-------------end 2017-12-07 15:21:55-------------
-------------start 2017-12-07 15:21:55-------------/Admin/Ads/AdPageList.aspx
SELECT * FROM AdSiteInfo  WHERE 1=1  AND [Id]='0'  
-------------end 2017-12-07 15:21:55-------------
-------------start 2017-12-07 15:21:55-------------/Admin/Ads/AdPageList.aspx
SELECT * FROM AdTypeInfo  WHERE 1=1  AND [Id]='0'  
-------------end 2017-12-07 15:21:55-------------
-------------start 2017-12-07 15:21:55-------------/Admin/Ads/AdPageList.aspx
SELECT * FROM AdSiteInfo  WHERE 1=1  AND [Id]='0'  
-------------end 2017-12-07 15:21:55-------------
-------------start 2017-12-07 15:21:55-------------/Admin/Ads/AdPageList.aspx
SELECT * FROM AdTypeInfo  WHERE 1=1  AND [Id]='0'  
-------------end 2017-12-07 15:21:55-------------
-------------start 2017-12-07 15:21:55-------------/Admin/Ads/AdPageList.aspx
SELECT * FROM AdSiteInfo  WHERE 1=1  AND [Id]='0'  
-------------end 2017-12-07 15:21:55-------------
-------------start 2017-12-07 15:21:55-------------/Admin/Ads/AdPageList.aspx
SELECT * FROM AccountInfo  WHERE 1=1  AND [Id]='26' 
 
-------------end 2017-12-07 15:21:55-------------
-------------start 2017-12-07 15:21:55-------------/Admin/Ads/AdPageList.aspx
SELECT * FROM AdTypeInfo  WHERE 1=1  AND [Id]='0'  
-------------end 2017-12-07 15:21:55-------------
-------------start 2017-12-07 15:21:55-------------/Admin/Ads/AdPageList.aspx
SELECT * FROM AdSiteInfo  WHERE 1=1  AND [Id]='0'  
-------------end 2017-12-07 15:21:55-------------
-------------start 2017-12-07 15:21:55-------------/Admin/Ads/AdPageList.aspx
SELECT * FROM AdTypeInfo  WHERE 1=1  AND [Id]='0'  
-------------end 2017-12-07 15:21:55-------------
-------------start 2017-12-07 15:21:55-------------/Admin/Ads/AdPageList.aspx
SELECT * FROM AdSiteInfo  WHERE 1=1  AND [Id]='0'  
-------------end 2017-12-07 15:21:55-------------
-------------start 2017-12-07 15:21:55-------------/Admin/Ads/AdPageList.aspx
SELECT * FROM AdTypeInfo  WHERE 1=1  AND [Id]='0'  
-------------end 2017-12-07 15:21:55-------------
-------------start 2017-12-07 15:21:55-------------/Admin/Ads/AdPageList.aspx
SELECT * FROM AdSiteInfo  WHERE 1=1  AND [Id]='0'  
-------------end 2017-12-07 15:21:55-------------
-------------start 2017-12-07 15:21:55-------------/Admin/Ads/AdPageList.aspx
SELECT * FROM AccountInfo  WHERE 1=1  AND [Id]='25' 
 
-------------end 2017-12-07 15:21:55-------------
-------------start 2017-12-07 15:21:55-------------/Admin/Ads/AdPageList.aspx
SELECT * FROM AdTypeInfo  WHERE 1=1  AND [Id]='0'  
-------------end 2017-12-07 15:21:55-------------
-------------start 2017-12-07 15:21:55-------------/Admin/Ads/AdPageList.aspx
SELECT * FROM AdSiteInfo  WHERE 1=1  AND [Id]='0'  
-------------end 2017-12-07 15:21:55-------------
-------------start 2017-12-07 15:21:55-------------/Admin/Ads/AdPageList.aspx
SELECT * FROM AdTypeInfo  WHERE 1=1  AND [Id]='0'  
-------------end 2017-12-07 15:21:55-------------
-------------start 2017-12-07 15:21:55-------------/Admin/Ads/AdPageList.aspx
SELECT * FROM AdSiteInfo  WHERE 1=1  AND [Id]='0'  
-------------end 2017-12-07 15:21:55-------------
-------------start 2017-12-07 15:21:55-------------/Admin/Ads/AdPageList.aspx
SELECT * FROM AdTypeInfo  WHERE 1=1  AND [Id]='0'  
-------------end 2017-12-07 15:21:55-------------
-------------start 2017-12-07 15:21:55-------------/Admin/Ads/AdPageList.aspx
SELECT * FROM AdSiteInfo  WHERE 1=1  AND [Id]='0'  
-------------end 2017-12-07 15:21:55-------------
-------------start 2017-12-07 15:22:18-------------/Admin/Pages/FtpList.aspx
SELECT TOP 10 * FROM [FtpInfo]  WHERE 1=1  AND Id NOT IN (SELECT TOP 0 Id FROM [FtpInfo]  WHERE 1=1  )  
-------------end 2017-12-07 15:22:18-------------
-------------start 2017-12-07 15:22:23-------------/Admin/Vir/VirAdBrowseList.aspx
SELECT * FROM AdPageInfo  WHERE 1=1  
-------------end 2017-12-07 15:22:23-------------
-------------start 2017-12-07 15:22:23-------------/Admin/Vir/VirAdBrowseList.aspx
SELECT TOP 10 * FROM [VirAdBrowse]  WHERE 1=1  AND Id NOT IN (SELECT TOP 0 Id FROM [VirAdBrowse]  WHERE 1=1   order by  id desc )   order by  id desc 
-------------end 2017-12-07 15:22:23-------------
-------------start 2017-12-07 15:22:57-------------/Admin/Shop/ProducteList.aspx
SELECT TOP 10 * FROM [ProductInfo]  WHERE 1=1  AND Id NOT IN (SELECT TOP 0 Id FROM [ProductInfo]  WHERE 1=1   order by  id desc )   order by  id desc 
-------------end 2017-12-07 15:22:57-------------
-------------start 2017-12-07 15:22:57-------------/Admin/Shop/ProducteList.aspx
SELECT * FROM AccountInfo  WHERE 1=1  AND [Id]='17' 
 
-------------end 2017-12-07 15:22:57-------------
-------------start 2017-12-07 15:22:57-------------/Admin/Shop/ProducteList.aspx
SELECT * FROM AdPageInfo  WHERE 1=1  
-------------end 2017-12-07 15:22:57-------------
-------------start 2017-12-07 15:22:57-------------/Admin/Shop/ProducteList.aspx
SELECT * FROM AdPageInfo  WHERE 1=1  
-------------end 2017-12-07 15:22:57-------------
-------------start 2017-12-07 15:22:57-------------/Admin/Shop/ProducteList.aspx
SELECT * FROM AdPageInfo  WHERE 1=1  
-------------end 2017-12-07 15:22:57-------------
-------------start 2017-12-07 15:22:57-------------/Admin/Shop/ProducteList.aspx
SELECT * FROM AdPageInfo  WHERE 1=1  
-------------end 2017-12-07 15:22:57-------------
-------------start 2017-12-07 15:22:57-------------/Admin/Shop/ProducteList.aspx
SELECT * FROM AccountInfo  WHERE 1=1  AND [Id]='5' 
 
-------------end 2017-12-07 15:22:57-------------
-------------start 2017-12-07 15:22:57-------------/Admin/Shop/ProducteList.aspx
SELECT * FROM AdPageInfo  WHERE 1=1  
-------------end 2017-12-07 15:22:57-------------
-------------start 2017-12-07 15:22:57-------------/Admin/Shop/ProducteList.aspx
SELECT * FROM AdPageInfo  WHERE 1=1  
-------------end 2017-12-07 15:22:57-------------
-------------start 2017-12-07 15:22:57-------------/Admin/Shop/ProducteList.aspx
SELECT * FROM AdPageInfo  WHERE 1=1  
-------------end 2017-12-07 15:22:57-------------
-------------start 2017-12-07 15:22:57-------------/Admin/Shop/ProducteList.aspx
SELECT * FROM AdPageInfo  WHERE 1=1  
-------------end 2017-12-07 15:22:57-------------
-------------start 2017-12-07 15:22:58-------------/Admin/Shop/ProducteList.aspx
SELECT * FROM AdPageInfo  WHERE 1=1  
-------------end 2017-12-07 15:22:58-------------
-------------start 2017-12-07 15:22:58-------------/Admin/Shop/ProducteList.aspx
SELECT * FROM AdPageInfo  WHERE 1=1  
-------------end 2017-12-07 15:22:58-------------
-------------start 2017-12-07 15:22:58-------------/Admin/Shop/ProducteList.aspx
SELECT * FROM AdPageInfo  WHERE 1=1  
-------------end 2017-12-07 15:22:58-------------
-------------start 2017-12-07 15:22:58-------------/Admin/Shop/ProducteList.aspx
SELECT * FROM AdPageInfo  WHERE 1=1  
-------------end 2017-12-07 15:22:58-------------
-------------start 2017-12-07 15:22:58-------------/Admin/Shop/ProducteList.aspx
SELECT * FROM AdPageInfo  WHERE 1=1  
-------------end 2017-12-07 15:22:58-------------
-------------start 2017-12-07 15:22:58-------------/Admin/Shop/ProducteList.aspx
SELECT * FROM AdPageInfo  WHERE 1=1  
-------------end 2017-12-07 15:22:58-------------
-------------start 2017-12-07 15:22:58-------------/Admin/Shop/ProducteList.aspx
SELECT * FROM AdPageInfo  WHERE 1=1  
-------------end 2017-12-07 15:22:58-------------
-------------start 2017-12-07 15:22:58-------------/Admin/Shop/ProducteList.aspx
SELECT * FROM AdPageInfo  WHERE 1=1  
-------------end 2017-12-07 15:22:58-------------
-------------start 2017-12-07 15:22:58-------------/Admin/Shop/ProducteList.aspx
SELECT * FROM AdPageInfo  WHERE 1=1  
-------------end 2017-12-07 15:22:58-------------
-------------start 2017-12-07 15:22:58-------------/Admin/Shop/ProducteList.aspx
SELECT * FROM AdPageInfo  WHERE 1=1  
-------------end 2017-12-07 15:22:58-------------
-------------start 2017-12-07 15:22:58-------------/Admin/Shop/ProducteList.aspx
SELECT * FROM AdPageInfo  WHERE 1=1  
-------------end 2017-12-07 15:22:58-------------
-------------start 2017-12-07 15:22:58-------------/Admin/Shop/ProducteList.aspx
SELECT * FROM AdPageInfo  WHERE 1=1  
-------------end 2017-12-07 15:22:58-------------
-------------start 2017-12-07 15:22:58-------------/Admin/Shop/ProducteList.aspx
SELECT * FROM AdPageInfo  WHERE 1=1  
-------------end 2017-12-07 15:22:58-------------
-------------start 2017-12-07 15:22:58-------------/Admin/Shop/ProducteList.aspx
SELECT * FROM AdPageInfo  WHERE 1=1  
-------------end 2017-12-07 15:22:58-------------
-------------start 2017-12-07 15:22:58-------------/Admin/Shop/ProducteList.aspx
SELECT * FROM AdPageInfo  WHERE 1=1  
-------------end 2017-12-07 15:22:58-------------
-------------start 2017-12-07 15:22:58-------------/Admin/Shop/ProducteList.aspx
SELECT * FROM AdPageInfo  WHERE 1=1  
-------------end 2017-12-07 15:22:58-------------
-------------start 2017-12-07 15:22:58-------------/Admin/Shop/ProducteList.aspx
SELECT * FROM AdPageInfo  WHERE 1=1  
-------------end 2017-12-07 15:22:58-------------
-------------start 2017-12-07 15:22:58-------------/Admin/Shop/ProducteList.aspx
SELECT * FROM AdPageInfo  WHERE 1=1  
-------------end 2017-12-07 15:22:58-------------
-------------start 2017-12-07 15:22:58-------------/Admin/Shop/ProducteList.aspx
SELECT * FROM AdPageInfo  WHERE 1=1  
-------------end 2017-12-07 15:22:58-------------
-------------start 2017-12-07 15:22:59-------------/Admin/Shop/ProducteList.aspx
SELECT * FROM AdPageInfo  WHERE 1=1  
-------------end 2017-12-07 15:22:59-------------
-------------start 2017-12-07 15:22:59-------------/Admin/Shop/ProducteList.aspx
SELECT * FROM AdPageInfo  WHERE 1=1  
-------------end 2017-12-07 15:22:59-------------
-------------start 2017-12-07 15:22:59-------------/Admin/Shop/ProducteList.aspx
SELECT * FROM AdPageInfo  WHERE 1=1  
-------------end 2017-12-07 15:22:59-------------
-------------start 2017-12-07 15:22:59-------------/Admin/Shop/ProducteList.aspx
SELECT * FROM AdPageInfo  WHERE 1=1  
-------------end 2017-12-07 15:22:59-------------
-------------start 2017-12-07 15:22:59-------------/Admin/Shop/ProducteList.aspx
SELECT * FROM AdPageInfo  WHERE 1=1  
-------------end 2017-12-07 15:22:59-------------
-------------start 2017-12-07 15:22:59-------------/Admin/Shop/ProducteList.aspx
SELECT * FROM AdPageInfo  WHERE 1=1  
-------------end 2017-12-07 15:22:59-------------
-------------start 2017-12-07 15:22:59-------------/Admin/Shop/ProducteList.aspx
SELECT * FROM AdPageInfo  WHERE 1=1  
-------------end 2017-12-07 15:22:59-------------
-------------start 2017-12-07 15:22:59-------------/Admin/Shop/ProducteList.aspx
SELECT * FROM AdPageInfo  WHERE 1=1  
-------------end 2017-12-07 15:22:59-------------
-------------start 2017-12-07 15:22:59-------------/Admin/Shop/ProducteList.aspx
SELECT * FROM AdPageInfo  WHERE 1=1  
-------------end 2017-12-07 15:22:59-------------
-------------start 2017-12-07 15:22:59-------------/Admin/Shop/ProducteList.aspx
SELECT * FROM AdPageInfo  WHERE 1=1  
-------------end 2017-12-07 15:22:59-------------
-------------start 2017-12-07 15:22:59-------------/Admin/Shop/ProducteList.aspx
SELECT * FROM AdPageInfo  WHERE 1=1  
-------------end 2017-12-07 15:22:59-------------
-------------start 2017-12-07 15:22:59-------------/Admin/Shop/ProducteList.aspx
SELECT * FROM AdPageInfo  WHERE 1=1  
-------------end 2017-12-07 15:22:59-------------
-------------start 2017-12-07 15:22:59-------------/Admin/Shop/ProducteList.aspx
SELECT * FROM AdPageInfo  WHERE 1=1  
-------------end 2017-12-07 15:22:59-------------
-------------start 2017-12-07 15:23:00-------------/Admin/Shop/ProducteList.aspx
SELECT TOP 10 * FROM [ProductInfo]  WHERE 1=1  AND Id NOT IN (SELECT TOP 0 Id FROM [ProductInfo]  WHERE 1=1   order by  id desc )   order by  id desc 
-------------end 2017-12-07 15:23:00-------------
-------------start 2017-12-07 15:23:00-------------/Admin/Shop/ProducteList.aspx
SELECT * FROM AdPageInfo  WHERE 1=1  
-------------end 2017-12-07 15:23:00-------------
-------------start 2017-12-07 15:23:00-------------/Admin/Shop/ProducteList.aspx
SELECT * FROM AdPageInfo  WHERE 1=1  
-------------end 2017-12-07 15:23:00-------------
-------------start 2017-12-07 15:23:00-------------/Admin/Shop/ProducteList.aspx
SELECT * FROM AdPageInfo  WHERE 1=1  
-------------end 2017-12-07 15:23:00-------------
-------------start 2017-12-07 15:23:00-------------/Admin/Shop/ProducteList.aspx
SELECT * FROM AdPageInfo  WHERE 1=1  
-------------end 2017-12-07 15:23:00-------------
-------------start 2017-12-07 15:23:00-------------/Admin/Shop/ProducteList.aspx
SELECT * FROM AdPageInfo  WHERE 1=1  
-------------end 2017-12-07 15:23:00-------------
-------------start 2017-12-07 15:23:00-------------/Admin/Shop/ProducteList.aspx
SELECT * FROM AdPageInfo  WHERE 1=1  
-------------end 2017-12-07 15:23:00-------------
-------------start 2017-12-07 15:23:00-------------/Admin/Shop/ProducteList.aspx
SELECT * FROM AdPageInfo  WHERE 1=1  
-------------end 2017-12-07 15:23:00-------------
-------------start 2017-12-07 15:23:00-------------/Admin/Shop/ProducteList.aspx
SELECT * FROM AdPageInfo  WHERE 1=1  
-------------end 2017-12-07 15:23:00-------------
-------------start 2017-12-07 15:23:00-------------/Admin/Shop/ProducteList.aspx
SELECT * FROM AdPageInfo  WHERE 1=1  
-------------end 2017-12-07 15:23:00-------------
-------------start 2017-12-07 15:23:00-------------/Admin/Shop/ProducteList.aspx
SELECT * FROM AdPageInfo  WHERE 1=1  
-------------end 2017-12-07 15:23:00-------------
-------------start 2017-12-07 15:23:00-------------/Admin/Shop/ProducteList.aspx
SELECT * FROM AdPageInfo  WHERE 1=1  
-------------end 2017-12-07 15:23:00-------------
-------------start 2017-12-07 15:23:01-------------/Admin/Shop/ProducteList.aspx
SELECT * FROM AdPageInfo  WHERE 1=1  
-------------end 2017-12-07 15:23:01-------------
-------------start 2017-12-07 15:23:01-------------/Admin/Shop/ProducteList.aspx
SELECT * FROM AdPageInfo  WHERE 1=1  
-------------end 2017-12-07 15:23:01-------------
-------------start 2017-12-07 15:23:01-------------/Admin/Shop/ProducteList.aspx
SELECT * FROM AdPageInfo  WHERE 1=1  
-------------end 2017-12-07 15:23:01-------------
-------------start 2017-12-07 15:23:01-------------/Admin/Shop/ProducteList.aspx
SELECT * FROM AdPageInfo  WHERE 1=1  
-------------end 2017-12-07 15:23:01-------------
-------------start 2017-12-07 15:23:01-------------/Admin/Shop/ProducteList.aspx
SELECT * FROM AdPageInfo  WHERE 1=1  
-------------end 2017-12-07 15:23:01-------------
-------------start 2017-12-07 15:23:01-------------/Admin/Shop/ProducteList.aspx
SELECT * FROM AdPageInfo  WHERE 1=1  
-------------end 2017-12-07 15:23:01-------------
-------------start 2017-12-07 15:23:01-------------/Admin/Shop/ProducteList.aspx
SELECT * FROM AdPageInfo  WHERE 1=1  
-------------end 2017-12-07 15:23:01-------------
-------------start 2017-12-07 15:23:01-------------/Admin/Shop/ProducteList.aspx
SELECT * FROM AdPageInfo  WHERE 1=1  
-------------end 2017-12-07 15:23:01-------------
-------------start 2017-12-07 15:23:01-------------/Admin/Shop/ProducteList.aspx
SELECT * FROM AdPageInfo  WHERE 1=1  
-------------end 2017-12-07 15:23:01-------------
-------------start 2017-12-07 15:23:01-------------/Admin/Shop/ProducteList.aspx
SELECT * FROM AdPageInfo  WHERE 1=1  
-------------end 2017-12-07 15:23:01-------------
-------------start 2017-12-07 15:23:01-------------/Admin/Shop/ProducteList.aspx
SELECT * FROM AdPageInfo  WHERE 1=1  
-------------end 2017-12-07 15:23:01-------------
-------------start 2017-12-07 15:23:01-------------/Admin/Shop/ProducteList.aspx
SELECT * FROM AdPageInfo  WHERE 1=1  
-------------end 2017-12-07 15:23:01-------------
-------------start 2017-12-07 15:23:01-------------/Admin/Shop/ProducteList.aspx
SELECT * FROM AdPageInfo  WHERE 1=1  
-------------end 2017-12-07 15:23:01-------------
-------------start 2017-12-07 15:23:01-------------/Admin/Shop/ProducteList.aspx
SELECT * FROM AdPageInfo  WHERE 1=1  
-------------end 2017-12-07 15:23:01-------------
-------------start 2017-12-07 15:23:01-------------/Admin/Shop/ProducteList.aspx
SELECT * FROM AdPageInfo  WHERE 1=1  
-------------end 2017-12-07 15:23:01-------------
-------------start 2017-12-07 15:23:01-------------/Admin/Shop/ProducteList.aspx
SELECT * FROM AdPageInfo  WHERE 1=1  
-------------end 2017-12-07 15:23:01-------------
-------------start 2017-12-07 15:23:02-------------/Admin/Shop/ProducteList.aspx
SELECT * FROM AdPageInfo  WHERE 1=1  
-------------end 2017-12-07 15:23:02-------------
-------------start 2017-12-07 15:23:02-------------/Admin/Shop/ProducteList.aspx
SELECT * FROM AdPageInfo  WHERE 1=1  
-------------end 2017-12-07 15:23:02-------------
-------------start 2017-12-07 15:23:02-------------/Admin/Shop/ProducteList.aspx
SELECT * FROM AdPageInfo  WHERE 1=1  
-------------end 2017-12-07 15:23:02-------------
-------------start 2017-12-07 15:23:02-------------/Admin/Shop/ProducteList.aspx
SELECT * FROM AdPageInfo  WHERE 1=1  
-------------end 2017-12-07 15:23:02-------------
-------------start 2017-12-07 15:23:02-------------/Admin/Shop/ProducteList.aspx
SELECT * FROM AdPageInfo  WHERE 1=1  
-------------end 2017-12-07 15:23:02-------------
-------------start 2017-12-07 15:23:02-------------/Admin/Shop/ProducteList.aspx
SELECT * FROM AdPageInfo  WHERE 1=1  
-------------end 2017-12-07 15:23:02-------------
-------------start 2017-12-07 15:23:02-------------/Admin/Shop/ProducteList.aspx
SELECT * FROM AdPageInfo  WHERE 1=1  
-------------end 2017-12-07 15:23:02-------------
-------------start 2017-12-07 15:23:02-------------/Admin/Shop/ProducteList.aspx
SELECT * FROM AdPageInfo  WHERE 1=1  
-------------end 2017-12-07 15:23:02-------------
-------------start 2017-12-07 15:23:02-------------/Admin/Shop/ProducteList.aspx
SELECT * FROM AdPageInfo  WHERE 1=1  
-------------end 2017-12-07 15:23:02-------------
-------------start 2017-12-07 15:23:02-------------/Admin/Shop/ProducteList.aspx
SELECT * FROM AdPageInfo  WHERE 1=1  
-------------end 2017-12-07 15:23:02-------------
-------------start 2017-12-07 15:23:02-------------/Admin/Shop/ProducteList.aspx
SELECT * FROM AdPageInfo  WHERE 1=1  
-------------end 2017-12-07 15:23:02-------------
-------------start 2017-12-07 15:23:02-------------/Admin/Shop/ProducteList.aspx
SELECT * FROM AdPageInfo  WHERE 1=1  
-------------end 2017-12-07 15:23:02-------------
-------------start 2017-12-07 15:23:02-------------/Admin/Shop/ProducteList.aspx
SELECT * FROM AdPageInfo  WHERE 1=1  
-------------end 2017-12-07 15:23:02-------------
-------------start 2017-12-07 15:23:13-------------/Admin/Shop/ProdcuteEdit.aspx?id=15
SELECT * FROM AdPageInfo  WHERE 1=1  
-------------end 2017-12-07 15:23:13-------------
-------------start 2017-12-07 15:23:13-------------/Admin/Shop/ProdcuteEdit.aspx?id=15
SELECT * FROM AccountInfo  WHERE 1=1  AND UserType <> 100 
 
-------------end 2017-12-07 15:23:13-------------
-------------start 2017-12-07 15:23:13-------------/Admin/Shop/ProdcuteEdit.aspx?id=15
SELECT * FROM ProductInfo  WHERE 1=1  AND [Id]='15'  
-------------end 2017-12-07 15:23:13-------------
