-------------start 2017/8/13 18:01:36-------------/Login.aspx
SELECT * FROM AccountInfo  WHERE 1=1  AND [UserName]='admin' 
 
-------------end 2017/8/13 18:01:36-------------
-------------start 2017/8/13 18:01:36-------------/Admin/Index.aspx
SELECT * FROM AccountInfo  WHERE 1=1  AND [UserName]='admin' 
 
-------------end 2017/8/13 18:01:36-------------
-------------start 2017/8/13 18:01:39-------------/Admin/Ads/AdPageList.aspx
SELECT * FROM AccountInfo  WHERE 1=1  AND UserType IN (0,1,2,3)
 
-------------end 2017/8/13 18:01:39-------------
-------------start 2017/8/13 18:01:39-------------/Admin/Ads/AdPageList.aspx
SELECT * FROM AdTypeInfo  WHERE 1=1  
-------------end 2017/8/13 18:01:39-------------
-------------start 2017/8/13 18:01:39-------------/Admin/Ads/AdPageList.aspx
SELECT * FROM AdSiteInfo  WHERE 1=1  
-------------end 2017/8/13 18:01:39-------------
-------------start 2017/8/13 18:01:39-------------/Admin/Ads/AdPageList.aspx
SELECT * FROM AdPageInfo  WHERE 1=1  
-------------end 2017/8/13 18:01:39-------------
-------------start 2017/8/13 18:01:40-------------/Admin/Ads/AdPageList.aspx
SELECT TOP 10 * FROM [AdPageInfo]  WHERE 1=1  AND [IsDel]='0'  AND Id NOT IN (SELECT TOP 0 Id FROM [AdPageInfo]  WHERE 1=1  AND [IsDel]='0'   order by  id desc )   order by  id desc 
-------------end 2017/8/13 18:01:40-------------
-------------start 2017/8/13 18:01:40-------------/Admin/Ads/AdPageList.aspx
SELECT * FROM AccountInfo  WHERE 1=1  AND [Id]='2' 
 
-------------end 2017/8/13 18:01:40-------------
-------------start 2017/8/13 18:01:40-------------/Admin/Ads/AdPageList.aspx
SELECT * FROM AdTypeInfo  WHERE 1=1  AND [Id]='0'  
-------------end 2017/8/13 18:01:40-------------
-------------start 2017/8/13 18:01:40-------------/Admin/Ads/AdPageList.aspx
SELECT * FROM AdSiteInfo  WHERE 1=1  AND [Id]='0'  
-------------end 2017/8/13 18:01:40-------------
-------------start 2017/8/13 18:01:40-------------/Admin/Ads/AdPageList.aspx
SELECT * FROM AccountInfo  WHERE 1=1  AND [Id]='20' 
 
-------------end 2017/8/13 18:01:40-------------
-------------start 2017/8/13 18:01:40-------------/Admin/Ads/AdPageList.aspx
SELECT * FROM AdTypeInfo  WHERE 1=1  AND [Id]='0'  
-------------end 2017/8/13 18:01:40-------------
-------------start 2017/8/13 18:01:40-------------/Admin/Ads/AdPageList.aspx
SELECT * FROM AdSiteInfo  WHERE 1=1  AND [Id]='0'  
-------------end 2017/8/13 18:01:40-------------
-------------start 2017/8/13 18:01:40-------------/Admin/Ads/AdPageList.aspx
SELECT * FROM AccountInfo  WHERE 1=1  AND [Id]='19' 
 
-------------end 2017/8/13 18:01:40-------------
-------------start 2017/8/13 18:01:40-------------/Admin/Ads/AdPageList.aspx
SELECT * FROM AdTypeInfo  WHERE 1=1  AND [Id]='0'  
-------------end 2017/8/13 18:01:40-------------
-------------start 2017/8/13 18:01:40-------------/Admin/Ads/AdPageList.aspx
SELECT * FROM AdSiteInfo  WHERE 1=1  AND [Id]='0'  
-------------end 2017/8/13 18:01:40-------------
-------------start 2017/8/13 18:01:40-------------/Admin/Ads/AdPageList.aspx
SELECT * FROM AccountInfo  WHERE 1=1  AND [Id]='17' 
 
-------------end 2017/8/13 18:01:40-------------
-------------start 2017/8/13 18:01:40-------------/Admin/Ads/AdPageList.aspx
SELECT * FROM AdTypeInfo  WHERE 1=1  AND [Id]='0'  
-------------end 2017/8/13 18:01:40-------------
-------------start 2017/8/13 18:01:40-------------/Admin/Ads/AdPageList.aspx
SELECT * FROM AdSiteInfo  WHERE 1=1  AND [Id]='0'  
-------------end 2017/8/13 18:01:40-------------
-------------start 2017/8/13 18:01:40-------------/Admin/Ads/AdPageList.aspx
SELECT * FROM AccountInfo  WHERE 1=1  AND [Id]='13' 
 
-------------end 2017/8/13 18:01:40-------------
-------------start 2017/8/13 18:01:40-------------/Admin/Ads/AdPageList.aspx
SELECT * FROM AdTypeInfo  WHERE 1=1  AND [Id]='0'  
-------------end 2017/8/13 18:01:40-------------
-------------start 2017/8/13 18:01:40-------------/Admin/Ads/AdPageList.aspx
SELECT * FROM AdSiteInfo  WHERE 1=1  AND [Id]='0'  
-------------end 2017/8/13 18:01:40-------------
-------------start 2017/8/13 18:01:40-------------/Admin/Ads/AdPageList.aspx
SELECT * FROM AdTypeInfo  WHERE 1=1  AND [Id]='0'  
-------------end 2017/8/13 18:01:40-------------
-------------start 2017/8/13 18:01:40-------------/Admin/Ads/AdPageList.aspx
SELECT * FROM AdSiteInfo  WHERE 1=1  AND [Id]='0'  
-------------end 2017/8/13 18:01:40-------------
-------------start 2017/8/13 18:01:40-------------/Admin/Ads/AdPageList.aspx
SELECT * FROM AccountInfo  WHERE 1=1  AND [Id]='5' 
 
-------------end 2017/8/13 18:01:40-------------
-------------start 2017/8/13 18:01:40-------------/Admin/Ads/AdPageList.aspx
SELECT * FROM AdTypeInfo  WHERE 1=1  AND [Id]='0'  
-------------end 2017/8/13 18:01:40-------------
-------------start 2017/8/13 18:01:40-------------/Admin/Ads/AdPageList.aspx
SELECT * FROM AdSiteInfo  WHERE 1=1  AND [Id]='0'  
-------------end 2017/8/13 18:01:40-------------
-------------start 2017/8/13 18:01:40-------------/Admin/Ads/AdPageList.aspx
SELECT * FROM AdTypeInfo  WHERE 1=1  AND [Id]='0'  
-------------end 2017/8/13 18:01:40-------------
-------------start 2017/8/13 18:01:40-------------/Admin/Ads/AdPageList.aspx
SELECT * FROM AdSiteInfo  WHERE 1=1  AND [Id]='0'  
-------------end 2017/8/13 18:01:40-------------
-------------start 2017/8/13 18:01:40-------------/Admin/Ads/AdPageList.aspx
SELECT * FROM AdTypeInfo  WHERE 1=1  AND [Id]='0'  
-------------end 2017/8/13 18:01:40-------------
-------------start 2017/8/13 18:01:40-------------/Admin/Ads/AdPageList.aspx
SELECT * FROM AdSiteInfo  WHERE 1=1  AND [Id]='0'  
-------------end 2017/8/13 18:01:40-------------
-------------start 2017/8/13 18:01:40-------------/Admin/Ads/AdPageList.aspx
SELECT * FROM AdTypeInfo  WHERE 1=1  AND [Id]='0'  
-------------end 2017/8/13 18:01:40-------------
-------------start 2017/8/13 18:01:40-------------/Admin/Ads/AdPageList.aspx
SELECT * FROM AdSiteInfo  WHERE 1=1  AND [Id]='0'  
-------------end 2017/8/13 18:01:40-------------
-------------start 2017/8/13 18:01:42-------------/Admin/Ads/AdPageEdit.aspx?id=226
SELECT * FROM AccountInfo  WHERE 1=1  AND UserType IN (0,2)
 
-------------end 2017/8/13 18:01:42-------------
-------------start 2017/8/13 18:01:42-------------/Admin/Ads/AdPageEdit.aspx?id=226
SELECT * FROM AdPageInfo  WHERE 1=1  AND [Id]='226'  
-------------end 2017/8/13 18:01:42-------------
-------------start 2017/8/13 18:01:51-------------/Admin/Ads/AdPageEdit.aspx?id=226
SELECT * FROM AdPageInfo  WHERE 1=1  AND [Id]='226'  
-------------end 2017/8/13 18:01:51-------------
-------------start 2017/8/13 18:01:51-------------/Admin/Ads/AdPageEdit.aspx?id=226
SELECT * FROM AdPageInfo  WHERE 1=1  AND [Id]='226'  
-------------end 2017/8/13 18:01:51-------------
-------------start 2017/8/13 18:01:51-------------/Admin/Ads/AdPageEdit.aspx?id=226
SELECT * FROM ArticleInfo  WHERE 1=1  
-------------end 2017/8/13 18:01:51-------------
-------------start 2017/8/13 18:01:51-------------/Admin/Ads/AdPageEdit.aspx?id=226
SELECT * FROM AdPageInfo  WHERE 1=1  
-------------end 2017/8/13 18:01:51-------------
-------------start 2017/8/13 18:01:51-------------/Admin/Ads/AdPageEdit.aspx?id=226
SELECT * FROM AdPageInfo  WHERE 1=1  
-------------end 2017/8/13 18:01:51-------------
-------------start 2017/8/13 18:01:51-------------/Admin/Ads/AdPageList.aspx
SELECT * FROM AccountInfo  WHERE 1=1  AND UserType IN (0,1,2,3)
 
-------------end 2017/8/13 18:01:51-------------
-------------start 2017/8/13 18:01:51-------------/Admin/Ads/AdPageList.aspx
SELECT * FROM AdTypeInfo  WHERE 1=1  
-------------end 2017/8/13 18:01:51-------------
-------------start 2017/8/13 18:01:51-------------/Admin/Ads/AdPageList.aspx
SELECT * FROM AdSiteInfo  WHERE 1=1  
-------------end 2017/8/13 18:01:51-------------
-------------start 2017/8/13 18:01:51-------------/Admin/Ads/AdPageList.aspx
SELECT TOP 10 * FROM [AdPageInfo]  WHERE 1=1  AND [IsDel]='0'  AND Id NOT IN (SELECT TOP 0 Id FROM [AdPageInfo]  WHERE 1=1  AND [IsDel]='0'   order by  id desc )   order by  id desc 
-------------end 2017/8/13 18:01:51-------------
-------------start 2017/8/13 18:01:51-------------/Admin/Ads/AdPageList.aspx
SELECT * FROM AdTypeInfo  WHERE 1=1  AND [Id]='0'  
-------------end 2017/8/13 18:01:51-------------
-------------start 2017/8/13 18:01:51-------------/Admin/Ads/AdPageList.aspx
SELECT * FROM AdSiteInfo  WHERE 1=1  AND [Id]='0'  
-------------end 2017/8/13 18:01:51-------------
-------------start 2017/8/13 18:01:51-------------/Admin/Ads/AdPageList.aspx
SELECT * FROM AdTypeInfo  WHERE 1=1  AND [Id]='0'  
-------------end 2017/8/13 18:01:51-------------
-------------start 2017/8/13 18:01:51-------------/Admin/Ads/AdPageList.aspx
SELECT * FROM AdSiteInfo  WHERE 1=1  AND [Id]='0'  
-------------end 2017/8/13 18:01:51-------------
-------------start 2017/8/13 18:01:51-------------/Admin/Ads/AdPageList.aspx
SELECT * FROM AdTypeInfo  WHERE 1=1  AND [Id]='0'  
-------------end 2017/8/13 18:01:51-------------
-------------start 2017/8/13 18:01:51-------------/Admin/Ads/AdPageList.aspx
SELECT * FROM AdSiteInfo  WHERE 1=1  AND [Id]='0'  
-------------end 2017/8/13 18:01:51-------------
-------------start 2017/8/13 18:01:51-------------/Admin/Ads/AdPageList.aspx
SELECT * FROM AdTypeInfo  WHERE 1=1  AND [Id]='0'  
-------------end 2017/8/13 18:01:51-------------
-------------start 2017/8/13 18:01:51-------------/Admin/Ads/AdPageList.aspx
SELECT * FROM AdSiteInfo  WHERE 1=1  AND [Id]='0'  
-------------end 2017/8/13 18:01:51-------------
-------------start 2017/8/13 18:01:51-------------/Admin/Ads/AdPageList.aspx
SELECT * FROM AdTypeInfo  WHERE 1=1  AND [Id]='0'  
-------------end 2017/8/13 18:01:51-------------
-------------start 2017/8/13 18:01:51-------------/Admin/Ads/AdPageList.aspx
SELECT * FROM AdSiteInfo  WHERE 1=1  AND [Id]='0'  
-------------end 2017/8/13 18:01:51-------------
-------------start 2017/8/13 18:01:51-------------/Admin/Ads/AdPageList.aspx
SELECT * FROM AdTypeInfo  WHERE 1=1  AND [Id]='0'  
-------------end 2017/8/13 18:01:51-------------
-------------start 2017/8/13 18:01:51-------------/Admin/Ads/AdPageList.aspx
SELECT * FROM AdSiteInfo  WHERE 1=1  AND [Id]='0'  
-------------end 2017/8/13 18:01:51-------------
-------------start 2017/8/13 18:01:51-------------/Admin/Ads/AdPageList.aspx
SELECT * FROM AdTypeInfo  WHERE 1=1  AND [Id]='0'  
-------------end 2017/8/13 18:01:51-------------
-------------start 2017/8/13 18:01:51-------------/Admin/Ads/AdPageList.aspx
SELECT * FROM AdSiteInfo  WHERE 1=1  AND [Id]='0'  
-------------end 2017/8/13 18:01:51-------------
-------------start 2017/8/13 18:01:51-------------/Admin/Ads/AdPageList.aspx
SELECT * FROM AdTypeInfo  WHERE 1=1  AND [Id]='0'  
-------------end 2017/8/13 18:01:51-------------
-------------start 2017/8/13 18:01:51-------------/Admin/Ads/AdPageList.aspx
SELECT * FROM AdSiteInfo  WHERE 1=1  AND [Id]='0'  
-------------end 2017/8/13 18:01:51-------------
-------------start 2017/8/13 18:01:51-------------/Admin/Ads/AdPageList.aspx
SELECT * FROM AdTypeInfo  WHERE 1=1  AND [Id]='0'  
-------------end 2017/8/13 18:01:51-------------
-------------start 2017/8/13 18:01:51-------------/Admin/Ads/AdPageList.aspx
SELECT * FROM AdSiteInfo  WHERE 1=1  AND [Id]='0'  
-------------end 2017/8/13 18:01:51-------------
-------------start 2017/8/13 18:01:51-------------/Admin/Ads/AdPageList.aspx
SELECT * FROM AdTypeInfo  WHERE 1=1  AND [Id]='0'  
-------------end 2017/8/13 18:01:51-------------
-------------start 2017/8/13 18:01:51-------------/Admin/Ads/AdPageList.aspx
SELECT * FROM AdSiteInfo  WHERE 1=1  AND [Id]='0'  
-------------end 2017/8/13 18:01:51-------------
