-------------start 2017/8/23 14:32:37-------------/Login.aspx
SELECT * FROM AccountInfo  WHERE 1=1  AND [UserName]='admin' 
 
-------------end 2017/8/23 14:32:37-------------
-------------start 2017/8/23 14:32:38-------------/Admin/Index.aspx
SELECT * FROM AccountInfo  WHERE 1=1  AND [UserName]='admin' 
 
-------------end 2017/8/23 14:32:38-------------
-------------start 2017/8/23 14:33:30-------------/Admin/Users/UserList.aspx
SELECT TOP 10 * FROM [AccountInfo]  WHERE 1=1 
 AND Id NOT IN (SELECT TOP 0 Id FROM [AccountInfo]  WHERE 1=1 
  order by  id desc )   order by  id desc 
-------------end 2017/8/23 14:33:30-------------
-------------start 2017/8/23 14:34:31-------------/Admin/Users/UserEdit.aspx
SELECT * FROM AccountInfo  WHERE 1=1  AND [UserName]='viplsrzz8' 
 
-------------end 2017/8/23 14:34:31-------------
-------------start 2017/8/23 14:34:31-------------/Admin/Users/UserList.aspx
SELECT TOP 10 * FROM [AccountInfo]  WHERE 1=1 
 AND Id NOT IN (SELECT TOP 0 Id FROM [AccountInfo]  WHERE 1=1 
  order by  id desc )   order by  id desc 
-------------end 2017/8/23 14:34:31-------------
-------------start 2017/8/23 14:34:44-------------/Admin/Ads/AdPageList.aspx
SELECT * FROM AccountInfo  WHERE 1=1  AND UserType <> 100 
 
-------------end 2017/8/23 14:34:44-------------
-------------start 2017/8/23 14:34:44-------------/Admin/Ads/AdPageList.aspx
SELECT * FROM AdTypeInfo  WHERE 1=1  
-------------end 2017/8/23 14:34:44-------------
-------------start 2017/8/23 14:34:44-------------/Admin/Ads/AdPageList.aspx
SELECT * FROM AdSiteInfo  WHERE 1=1  
-------------end 2017/8/23 14:34:44-------------
-------------start 2017/8/23 14:34:44-------------/Admin/Ads/AdPageList.aspx
SELECT * FROM AdPageInfo  WHERE 1=1  
-------------end 2017/8/23 14:34:44-------------
-------------start 2017/8/23 14:34:45-------------/Admin/Ads/AdPageList.aspx
SELECT TOP 10 * FROM [AdPageInfo]  WHERE 1=1  AND [IsDel]='0'  AND Id NOT IN (SELECT TOP 0 Id FROM [AdPageInfo]  WHERE 1=1  AND [IsDel]='0'   order by  id desc )   order by  id desc 
-------------end 2017/8/23 14:34:45-------------
-------------start 2017/8/23 14:34:45-------------/Admin/Ads/AdPageList.aspx
SELECT * FROM AccountInfo  WHERE 1=1  AND [Id]='2' 
 
-------------end 2017/8/23 14:34:45-------------
-------------start 2017/8/23 14:34:45-------------/Admin/Ads/AdPageList.aspx
SELECT * FROM AdTypeInfo  WHERE 1=1  AND [Id]='0'  
-------------end 2017/8/23 14:34:45-------------
-------------start 2017/8/23 14:34:45-------------/Admin/Ads/AdPageList.aspx
SELECT * FROM AdSiteInfo  WHERE 1=1  AND [Id]='0'  
-------------end 2017/8/23 14:34:45-------------
-------------start 2017/8/23 14:34:45-------------/Admin/Ads/AdPageList.aspx
SELECT * FROM AdTypeInfo  WHERE 1=1  AND [Id]='0'  
-------------end 2017/8/23 14:34:45-------------
-------------start 2017/8/23 14:34:45-------------/Admin/Ads/AdPageList.aspx
SELECT * FROM AdSiteInfo  WHERE 1=1  AND [Id]='0'  
-------------end 2017/8/23 14:34:45-------------
-------------start 2017/8/23 14:34:45-------------/Admin/Ads/AdPageList.aspx
SELECT * FROM AdTypeInfo  WHERE 1=1  AND [Id]='0'  
-------------end 2017/8/23 14:34:45-------------
-------------start 2017/8/23 14:34:45-------------/Admin/Ads/AdPageList.aspx
SELECT * FROM AdSiteInfo  WHERE 1=1  AND [Id]='0'  
-------------end 2017/8/23 14:34:45-------------
-------------start 2017/8/23 14:34:45-------------/Admin/Ads/AdPageList.aspx
SELECT * FROM AccountInfo  WHERE 1=1  AND [Id]='24' 
 
-------------end 2017/8/23 14:34:45-------------
-------------start 2017/8/23 14:34:45-------------/Admin/Ads/AdPageList.aspx
SELECT * FROM AdTypeInfo  WHERE 1=1  AND [Id]='0'  
-------------end 2017/8/23 14:34:45-------------
-------------start 2017/8/23 14:34:45-------------/Admin/Ads/AdPageList.aspx
SELECT * FROM AdSiteInfo  WHERE 1=1  AND [Id]='0'  
-------------end 2017/8/23 14:34:45-------------
-------------start 2017/8/23 14:34:45-------------/Admin/Ads/AdPageList.aspx
SELECT * FROM AccountInfo  WHERE 1=1  AND [Id]='23' 
 
-------------end 2017/8/23 14:34:45-------------
-------------start 2017/8/23 14:34:45-------------/Admin/Ads/AdPageList.aspx
SELECT * FROM AdTypeInfo  WHERE 1=1  AND [Id]='0'  
-------------end 2017/8/23 14:34:45-------------
-------------start 2017/8/23 14:34:45-------------/Admin/Ads/AdPageList.aspx
SELECT * FROM AdSiteInfo  WHERE 1=1  AND [Id]='0'  
-------------end 2017/8/23 14:34:45-------------
-------------start 2017/8/23 14:34:45-------------/Admin/Ads/AdPageList.aspx
SELECT * FROM AccountInfo  WHERE 1=1  AND [Id]='22' 
 
-------------end 2017/8/23 14:34:45-------------
-------------start 2017/8/23 14:34:45-------------/Admin/Ads/AdPageList.aspx
SELECT * FROM AdTypeInfo  WHERE 1=1  AND [Id]='0'  
-------------end 2017/8/23 14:34:45-------------
-------------start 2017/8/23 14:34:45-------------/Admin/Ads/AdPageList.aspx
SELECT * FROM AdSiteInfo  WHERE 1=1  AND [Id]='0'  
-------------end 2017/8/23 14:34:45-------------
-------------start 2017/8/23 14:34:45-------------/Admin/Ads/AdPageList.aspx
SELECT * FROM AccountInfo  WHERE 1=1  AND [Id]='21' 
 
-------------end 2017/8/23 14:34:45-------------
-------------start 2017/8/23 14:34:45-------------/Admin/Ads/AdPageList.aspx
SELECT * FROM AdTypeInfo  WHERE 1=1  AND [Id]='0'  
-------------end 2017/8/23 14:34:45-------------
-------------start 2017/8/23 14:34:45-------------/Admin/Ads/AdPageList.aspx
SELECT * FROM AdSiteInfo  WHERE 1=1  AND [Id]='0'  
-------------end 2017/8/23 14:34:45-------------
-------------start 2017/8/23 14:34:45-------------/Admin/Ads/AdPageList.aspx
SELECT * FROM AdTypeInfo  WHERE 1=1  AND [Id]='0'  
-------------end 2017/8/23 14:34:45-------------
-------------start 2017/8/23 14:34:45-------------/Admin/Ads/AdPageList.aspx
SELECT * FROM AdSiteInfo  WHERE 1=1  AND [Id]='0'  
-------------end 2017/8/23 14:34:45-------------
-------------start 2017/8/23 14:34:45-------------/Admin/Ads/AdPageList.aspx
SELECT * FROM AccountInfo  WHERE 1=1  AND [Id]='20' 
 
-------------end 2017/8/23 14:34:45-------------
-------------start 2017/8/23 14:34:45-------------/Admin/Ads/AdPageList.aspx
SELECT * FROM AdTypeInfo  WHERE 1=1  AND [Id]='0'  
-------------end 2017/8/23 14:34:45-------------
-------------start 2017/8/23 14:34:45-------------/Admin/Ads/AdPageList.aspx
SELECT * FROM AdSiteInfo  WHERE 1=1  AND [Id]='0'  
-------------end 2017/8/23 14:34:45-------------
-------------start 2017/8/23 14:34:45-------------/Admin/Ads/AdPageList.aspx
SELECT * FROM AccountInfo  WHERE 1=1  AND [Id]='19' 
 
-------------end 2017/8/23 14:34:45-------------
-------------start 2017/8/23 14:34:45-------------/Admin/Ads/AdPageList.aspx
SELECT * FROM AdTypeInfo  WHERE 1=1  AND [Id]='0'  
-------------end 2017/8/23 14:34:45-------------
-------------start 2017/8/23 14:34:45-------------/Admin/Ads/AdPageList.aspx
SELECT * FROM AdSiteInfo  WHERE 1=1  AND [Id]='0'  
-------------end 2017/8/23 14:34:45-------------
-------------start 2017/8/23 14:34:55-------------/Admin/Ads/AdPageEdit.aspx
SELECT * FROM AccountInfo  WHERE 1=1  AND UserType <> 100 
 
-------------end 2017/8/23 14:34:55-------------
-------------start 2017/8/23 14:35:09-------------/Admin/Ads/AdPageEdit.aspx
SELECT * FROM AdPageInfo  WHERE 1=1  AND [Id]='234'  
-------------end 2017/8/23 14:35:09-------------
-------------start 2017/8/23 14:35:09-------------/Admin/Ads/AdPageEdit.aspx
SELECT * FROM ArticleInfo  WHERE 1=1  
-------------end 2017/8/23 14:35:09-------------
-------------start 2017/8/23 14:35:09-------------/Admin/Ads/AdPageList.aspx
SELECT * FROM AccountInfo  WHERE 1=1  AND UserType <> 100 
 
-------------end 2017/8/23 14:35:09-------------
-------------start 2017/8/23 14:35:09-------------/Admin/Ads/AdPageList.aspx
SELECT * FROM AdTypeInfo  WHERE 1=1  
-------------end 2017/8/23 14:35:09-------------
-------------start 2017/8/23 14:35:09-------------/Admin/Ads/AdPageList.aspx
SELECT * FROM AdSiteInfo  WHERE 1=1  
-------------end 2017/8/23 14:35:09-------------
-------------start 2017/8/23 14:35:09-------------/Admin/Ads/AdPageList.aspx
SELECT TOP 10 * FROM [AdPageInfo]  WHERE 1=1  AND [IsDel]='0'  AND Id NOT IN (SELECT TOP 0 Id FROM [AdPageInfo]  WHERE 1=1  AND [IsDel]='0'   order by  id desc )   order by  id desc 
-------------end 2017/8/23 14:35:09-------------
-------------start 2017/8/23 14:35:09-------------/Admin/Ads/AdPageList.aspx
SELECT * FROM AccountInfo  WHERE 1=1  AND [Id]='25' 
 
-------------end 2017/8/23 14:35:09-------------
-------------start 2017/8/23 14:35:09-------------/Admin/Ads/AdPageList.aspx
SELECT * FROM AdTypeInfo  WHERE 1=1  AND [Id]='0'  
-------------end 2017/8/23 14:35:09-------------
-------------start 2017/8/23 14:35:09-------------/Admin/Ads/AdPageList.aspx
SELECT * FROM AdSiteInfo  WHERE 1=1  AND [Id]='0'  
-------------end 2017/8/23 14:35:09-------------
-------------start 2017/8/23 14:35:09-------------/Admin/Ads/AdPageList.aspx
SELECT * FROM AdTypeInfo  WHERE 1=1  AND [Id]='0'  
-------------end 2017/8/23 14:35:09-------------
-------------start 2017/8/23 14:35:09-------------/Admin/Ads/AdPageList.aspx
SELECT * FROM AdSiteInfo  WHERE 1=1  AND [Id]='0'  
-------------end 2017/8/23 14:35:09-------------
-------------start 2017/8/23 14:35:09-------------/Admin/Ads/AdPageList.aspx
SELECT * FROM AdTypeInfo  WHERE 1=1  AND [Id]='0'  
-------------end 2017/8/23 14:35:09-------------
-------------start 2017/8/23 14:35:09-------------/Admin/Ads/AdPageList.aspx
SELECT * FROM AdSiteInfo  WHERE 1=1  AND [Id]='0'  
-------------end 2017/8/23 14:35:09-------------
-------------start 2017/8/23 14:35:09-------------/Admin/Ads/AdPageList.aspx
SELECT * FROM AdTypeInfo  WHERE 1=1  AND [Id]='0'  
-------------end 2017/8/23 14:35:09-------------
-------------start 2017/8/23 14:35:09-------------/Admin/Ads/AdPageList.aspx
SELECT * FROM AdSiteInfo  WHERE 1=1  AND [Id]='0'  
-------------end 2017/8/23 14:35:09-------------
-------------start 2017/8/23 14:35:09-------------/Admin/Ads/AdPageList.aspx
SELECT * FROM AdTypeInfo  WHERE 1=1  AND [Id]='0'  
-------------end 2017/8/23 14:35:09-------------
-------------start 2017/8/23 14:35:09-------------/Admin/Ads/AdPageList.aspx
SELECT * FROM AdSiteInfo  WHERE 1=1  AND [Id]='0'  
-------------end 2017/8/23 14:35:09-------------
-------------start 2017/8/23 14:35:09-------------/Admin/Ads/AdPageList.aspx
SELECT * FROM AdTypeInfo  WHERE 1=1  AND [Id]='0'  
-------------end 2017/8/23 14:35:09-------------
-------------start 2017/8/23 14:35:09-------------/Admin/Ads/AdPageList.aspx
SELECT * FROM AdSiteInfo  WHERE 1=1  AND [Id]='0'  
-------------end 2017/8/23 14:35:09-------------
-------------start 2017/8/23 14:35:09-------------/Admin/Ads/AdPageList.aspx
SELECT * FROM AdTypeInfo  WHERE 1=1  AND [Id]='0'  
-------------end 2017/8/23 14:35:09-------------
-------------start 2017/8/23 14:35:09-------------/Admin/Ads/AdPageList.aspx
SELECT * FROM AdSiteInfo  WHERE 1=1  AND [Id]='0'  
-------------end 2017/8/23 14:35:09-------------
-------------start 2017/8/23 14:35:09-------------/Admin/Ads/AdPageList.aspx
SELECT * FROM AdTypeInfo  WHERE 1=1  AND [Id]='0'  
-------------end 2017/8/23 14:35:09-------------
-------------start 2017/8/23 14:35:09-------------/Admin/Ads/AdPageList.aspx
SELECT * FROM AdSiteInfo  WHERE 1=1  AND [Id]='0'  
-------------end 2017/8/23 14:35:09-------------
-------------start 2017/8/23 14:35:09-------------/Admin/Ads/AdPageList.aspx
SELECT * FROM AdTypeInfo  WHERE 1=1  AND [Id]='0'  
-------------end 2017/8/23 14:35:09-------------
-------------start 2017/8/23 14:35:09-------------/Admin/Ads/AdPageList.aspx
SELECT * FROM AdSiteInfo  WHERE 1=1  AND [Id]='0'  
-------------end 2017/8/23 14:35:09-------------
-------------start 2017/8/23 14:35:09-------------/Admin/Ads/AdPageList.aspx
SELECT * FROM AdTypeInfo  WHERE 1=1  AND [Id]='0'  
-------------end 2017/8/23 14:35:09-------------
-------------start 2017/8/23 14:35:09-------------/Admin/Ads/AdPageList.aspx
SELECT * FROM AdSiteInfo  WHERE 1=1  AND [Id]='0'  
-------------end 2017/8/23 14:35:09-------------
-------------start 2017/8/23 14:35:19-------------/Login.aspx
SELECT * FROM AccountInfo  WHERE 1=1  AND [UserName]='viplsrzz8' 
 
-------------end 2017/8/23 14:35:19-------------
-------------start 2017/8/23 14:35:22-------------/AccVir/Index.aspx
SELECT TOP 10 * FROM [AdPageInfo]  WHERE 1=1  AND [UserId]='25'  AND Id NOT IN (SELECT TOP 0 Id FROM [AdPageInfo]  WHERE 1=1  AND [UserId]='25'  )  
-------------end 2017/8/23 14:35:22-------------
-------------start 2017/8/23 14:36:52-------------/AccVir/Index.aspx
SELECT * FROM AccountInfo  WHERE 1=1  AND [UserName]='viplsrzz8' 
 
-------------end 2017/8/23 14:36:52-------------
-------------start 2017/8/23 14:36:52-------------/AccVir/Index.aspx
SELECT * FROM AdPageInfo  WHERE 1=1  
-------------end 2017/8/23 14:36:52-------------
-------------start 2017/8/23 14:36:52-------------/AccVir/Index.aspx
SELECT TOP 10 * FROM [AdPageInfo]  WHERE 1=1  AND [UserId]='25'  AND Id NOT IN (SELECT TOP 0 Id FROM [AdPageInfo]  WHERE 1=1  AND [UserId]='25'  )  
-------------end 2017/8/23 14:36:52-------------
-------------start 2017/8/23 14:37:19-------------/AccVir/Index.aspx
SELECT * FROM AccountInfo  WHERE 1=1  AND [UserName]='viplsrzz8' 
 
-------------end 2017/8/23 14:37:19-------------
-------------start 2017/8/23 14:37:19-------------/AccVir/Index.aspx
SELECT * FROM AdPageInfo  WHERE 1=1  
-------------end 2017/8/23 14:37:19-------------
-------------start 2017/8/23 14:37:19-------------/AccVir/Index.aspx
SELECT TOP 10 * FROM [AdPageInfo]  WHERE 1=1  AND [UserId]='25'  AND Id NOT IN (SELECT TOP 0 Id FROM [AdPageInfo]  WHERE 1=1  AND [UserId]='25'  )  
-------------end 2017/8/23 14:37:19-------------
-------------start 2017/8/23 14:38:43-------------/AccVir/Index.aspx
SELECT TOP 10 * FROM [AdPageInfo]  WHERE 1=1  AND [UserId]='25'  AND Id NOT IN (SELECT TOP 0 Id FROM [AdPageInfo]  WHERE 1=1  AND [UserId]='25'  )  
-------------end 2017/8/23 14:38:43-------------
