-------------start 2017/8/13 17:12:03-------------/Login.aspx
SELECT * FROM AccountInfo  WHERE 1=1  AND [UserName]='admin' 
 
-------------end 2017/8/13 17:12:03-------------
-------------start 2017/8/13 17:12:07-------------/Admin/Index.aspx
SELECT * FROM AccountInfo  WHERE 1=1  AND [UserName]='admin' 
 
-------------end 2017/8/13 17:12:07-------------
-------------start 2017/8/13 17:12:12-------------/Admin/Ads/AdPageList.aspx
SELECT * FROM AccountInfo  WHERE 1=1  AND UserType IN (0,1,2,3)
 
-------------end 2017/8/13 17:12:12-------------
-------------start 2017/8/13 17:12:12-------------/Admin/Ads/AdPageList.aspx
SELECT * FROM AdTypeInfo  WHERE 1=1  
-------------end 2017/8/13 17:12:12-------------
-------------start 2017/8/13 17:12:12-------------/Admin/Ads/AdPageList.aspx
SELECT * FROM AdSiteInfo  WHERE 1=1  
-------------end 2017/8/13 17:12:12-------------
-------------start 2017/8/13 17:12:12-------------/Admin/Ads/AdPageList.aspx
SELECT * FROM AdPageInfo  WHERE 1=1  
-------------end 2017/8/13 17:12:12-------------
-------------start 2017/8/13 17:12:12-------------/Admin/Ads/AdPageList.aspx
SELECT TOP 10 * FROM [AdPageInfo]  WHERE 1=1  AND [IsDel]='0'  AND Id NOT IN (SELECT TOP 0 Id FROM [AdPageInfo]  WHERE 1=1  AND [IsDel]='0'   order by  id desc )   order by  id desc 
-------------end 2017/8/13 17:12:12-------------
-------------start 2017/8/13 17:12:12-------------/Admin/Ads/AdPageList.aspx
SELECT * FROM AccountInfo  WHERE 1=1  AND [Id]='20' 
 
-------------end 2017/8/13 17:12:12-------------
-------------start 2017/8/13 17:12:12-------------/Admin/Ads/AdPageList.aspx
SELECT * FROM AdTypeInfo  WHERE 1=1  AND [Id]='0'  
-------------end 2017/8/13 17:12:12-------------
-------------start 2017/8/13 17:12:12-------------/Admin/Ads/AdPageList.aspx
SELECT * FROM AdSiteInfo  WHERE 1=1  AND [Id]='0'  
-------------end 2017/8/13 17:12:12-------------
-------------start 2017/8/13 17:12:12-------------/Admin/Ads/AdPageList.aspx
SELECT * FROM AccountInfo  WHERE 1=1  AND [Id]='19' 
 
-------------end 2017/8/13 17:12:12-------------
-------------start 2017/8/13 17:12:12-------------/Admin/Ads/AdPageList.aspx
SELECT * FROM AdTypeInfo  WHERE 1=1  AND [Id]='0'  
-------------end 2017/8/13 17:12:12-------------
-------------start 2017/8/13 17:12:12-------------/Admin/Ads/AdPageList.aspx
SELECT * FROM AdSiteInfo  WHERE 1=1  AND [Id]='0'  
-------------end 2017/8/13 17:12:12-------------
-------------start 2017/8/13 17:12:12-------------/Admin/Ads/AdPageList.aspx
SELECT * FROM AccountInfo  WHERE 1=1  AND [Id]='17' 
 
-------------end 2017/8/13 17:12:12-------------
-------------start 2017/8/13 17:12:13-------------/Admin/Ads/AdPageList.aspx
SELECT * FROM AdTypeInfo  WHERE 1=1  AND [Id]='0'  
-------------end 2017/8/13 17:12:13-------------
-------------start 2017/8/13 17:12:13-------------/Admin/Ads/AdPageList.aspx
SELECT * FROM AdSiteInfo  WHERE 1=1  AND [Id]='0'  
-------------end 2017/8/13 17:12:13-------------
-------------start 2017/8/13 17:12:13-------------/Admin/Ads/AdPageList.aspx
SELECT * FROM AccountInfo  WHERE 1=1  AND [Id]='13' 
 
-------------end 2017/8/13 17:12:13-------------
-------------start 2017/8/13 17:12:13-------------/Admin/Ads/AdPageList.aspx
SELECT * FROM AdTypeInfo  WHERE 1=1  AND [Id]='0'  
-------------end 2017/8/13 17:12:13-------------
-------------start 2017/8/13 17:12:13-------------/Admin/Ads/AdPageList.aspx
SELECT * FROM AdSiteInfo  WHERE 1=1  AND [Id]='0'  
-------------end 2017/8/13 17:12:13-------------
-------------start 2017/8/13 17:12:13-------------/Admin/Ads/AdPageList.aspx
SELECT * FROM AccountInfo  WHERE 1=1  AND [Id]='2' 
 
-------------end 2017/8/13 17:12:13-------------
-------------start 2017/8/13 17:12:13-------------/Admin/Ads/AdPageList.aspx
SELECT * FROM AdTypeInfo  WHERE 1=1  AND [Id]='0'  
-------------end 2017/8/13 17:12:13-------------
-------------start 2017/8/13 17:12:13-------------/Admin/Ads/AdPageList.aspx
SELECT * FROM AdSiteInfo  WHERE 1=1  AND [Id]='0'  
-------------end 2017/8/13 17:12:13-------------
-------------start 2017/8/13 17:12:13-------------/Admin/Ads/AdPageList.aspx
SELECT * FROM AccountInfo  WHERE 1=1  AND [Id]='5' 
 
-------------end 2017/8/13 17:12:13-------------
-------------start 2017/8/13 17:12:13-------------/Admin/Ads/AdPageList.aspx
SELECT * FROM AdTypeInfo  WHERE 1=1  AND [Id]='0'  
-------------end 2017/8/13 17:12:13-------------
-------------start 2017/8/13 17:12:13-------------/Admin/Ads/AdPageList.aspx
SELECT * FROM AdSiteInfo  WHERE 1=1  AND [Id]='0'  
-------------end 2017/8/13 17:12:13-------------
-------------start 2017/8/13 17:12:13-------------/Admin/Ads/AdPageList.aspx
SELECT * FROM AdTypeInfo  WHERE 1=1  AND [Id]='0'  
-------------end 2017/8/13 17:12:13-------------
-------------start 2017/8/13 17:12:13-------------/Admin/Ads/AdPageList.aspx
SELECT * FROM AdSiteInfo  WHERE 1=1  AND [Id]='0'  
-------------end 2017/8/13 17:12:13-------------
-------------start 2017/8/13 17:12:13-------------/Admin/Ads/AdPageList.aspx
SELECT * FROM AdTypeInfo  WHERE 1=1  AND [Id]='0'  
-------------end 2017/8/13 17:12:13-------------
-------------start 2017/8/13 17:12:13-------------/Admin/Ads/AdPageList.aspx
SELECT * FROM AdSiteInfo  WHERE 1=1  AND [Id]='0'  
-------------end 2017/8/13 17:12:13-------------
-------------start 2017/8/13 17:12:13-------------/Admin/Ads/AdPageList.aspx
SELECT * FROM AdTypeInfo  WHERE 1=1  AND [Id]='0'  
-------------end 2017/8/13 17:12:13-------------
-------------start 2017/8/13 17:12:13-------------/Admin/Ads/AdPageList.aspx
SELECT * FROM AdSiteInfo  WHERE 1=1  AND [Id]='0'  
-------------end 2017/8/13 17:12:13-------------
-------------start 2017/8/13 17:12:13-------------/Admin/Ads/AdPageList.aspx
SELECT * FROM AdTypeInfo  WHERE 1=1  AND [Id]='0'  
-------------end 2017/8/13 17:12:13-------------
-------------start 2017/8/13 17:12:13-------------/Admin/Ads/AdPageList.aspx
SELECT * FROM AdSiteInfo  WHERE 1=1  AND [Id]='0'  
-------------end 2017/8/13 17:12:13-------------
-------------start 2017/8/13 17:12:14-------------/Admin/Ads/AdPageEdit.aspx
SELECT * FROM AccountInfo  WHERE 1=1  AND UserType IN (0,2)
 
-------------end 2017/8/13 17:12:14-------------
-------------start 2017/8/13 17:12:24-------------/Admin/Ads/AdPageEdit.aspx
SELECT * FROM AdPageInfo  WHERE 1=1  AND [Id]='226'  
-------------end 2017/8/13 17:12:24-------------
-------------start 2017/8/13 17:12:24-------------/Admin/Ads/AdPageEdit.aspx
SELECT * FROM ArticleInfo  WHERE 1=1  
-------------end 2017/8/13 17:12:24-------------
-------------start 2017/8/13 17:12:24-------------/Admin/Ads/AdPageList.aspx
SELECT * FROM AccountInfo  WHERE 1=1  AND UserType IN (0,1,2,3)
 
-------------end 2017/8/13 17:12:24-------------
-------------start 2017/8/13 17:12:24-------------/Admin/Ads/AdPageList.aspx
SELECT * FROM AdTypeInfo  WHERE 1=1  
-------------end 2017/8/13 17:12:24-------------
-------------start 2017/8/13 17:12:24-------------/Admin/Ads/AdPageList.aspx
SELECT * FROM AdSiteInfo  WHERE 1=1  
-------------end 2017/8/13 17:12:24-------------
-------------start 2017/8/13 17:12:24-------------/Admin/Ads/AdPageList.aspx
SELECT TOP 10 * FROM [AdPageInfo]  WHERE 1=1  AND [IsDel]='0'  AND Id NOT IN (SELECT TOP 0 Id FROM [AdPageInfo]  WHERE 1=1  AND [IsDel]='0'   order by  id desc )   order by  id desc 
-------------end 2017/8/13 17:12:24-------------
-------------start 2017/8/13 17:12:24-------------/Admin/Ads/AdPageList.aspx
SELECT * FROM AdTypeInfo  WHERE 1=1  AND [Id]='0'  
-------------end 2017/8/13 17:12:24-------------
-------------start 2017/8/13 17:12:24-------------/Admin/Ads/AdPageList.aspx
SELECT * FROM AdSiteInfo  WHERE 1=1  AND [Id]='0'  
-------------end 2017/8/13 17:12:24-------------
-------------start 2017/8/13 17:12:24-------------/Admin/Ads/AdPageList.aspx
SELECT * FROM AdTypeInfo  WHERE 1=1  AND [Id]='0'  
-------------end 2017/8/13 17:12:24-------------
-------------start 2017/8/13 17:12:24-------------/Admin/Ads/AdPageList.aspx
SELECT * FROM AdSiteInfo  WHERE 1=1  AND [Id]='0'  
-------------end 2017/8/13 17:12:24-------------
-------------start 2017/8/13 17:12:24-------------/Admin/Ads/AdPageList.aspx
SELECT * FROM AdTypeInfo  WHERE 1=1  AND [Id]='0'  
-------------end 2017/8/13 17:12:24-------------
-------------start 2017/8/13 17:12:24-------------/Admin/Ads/AdPageList.aspx
SELECT * FROM AdSiteInfo  WHERE 1=1  AND [Id]='0'  
-------------end 2017/8/13 17:12:24-------------
-------------start 2017/8/13 17:12:24-------------/Admin/Ads/AdPageList.aspx
SELECT * FROM AdTypeInfo  WHERE 1=1  AND [Id]='0'  
-------------end 2017/8/13 17:12:24-------------
-------------start 2017/8/13 17:12:24-------------/Admin/Ads/AdPageList.aspx
SELECT * FROM AdSiteInfo  WHERE 1=1  AND [Id]='0'  
-------------end 2017/8/13 17:12:24-------------
-------------start 2017/8/13 17:12:24-------------/Admin/Ads/AdPageList.aspx
SELECT * FROM AdTypeInfo  WHERE 1=1  AND [Id]='0'  
-------------end 2017/8/13 17:12:24-------------
-------------start 2017/8/13 17:12:24-------------/Admin/Ads/AdPageList.aspx
SELECT * FROM AdSiteInfo  WHERE 1=1  AND [Id]='0'  
-------------end 2017/8/13 17:12:24-------------
-------------start 2017/8/13 17:12:24-------------/Admin/Ads/AdPageList.aspx
SELECT * FROM AdTypeInfo  WHERE 1=1  AND [Id]='0'  
-------------end 2017/8/13 17:12:24-------------
-------------start 2017/8/13 17:12:24-------------/Admin/Ads/AdPageList.aspx
SELECT * FROM AdSiteInfo  WHERE 1=1  AND [Id]='0'  
-------------end 2017/8/13 17:12:24-------------
-------------start 2017/8/13 17:12:24-------------/Admin/Ads/AdPageList.aspx
SELECT * FROM AdTypeInfo  WHERE 1=1  AND [Id]='0'  
-------------end 2017/8/13 17:12:24-------------
-------------start 2017/8/13 17:12:24-------------/Admin/Ads/AdPageList.aspx
SELECT * FROM AdSiteInfo  WHERE 1=1  AND [Id]='0'  
-------------end 2017/8/13 17:12:24-------------
-------------start 2017/8/13 17:12:24-------------/Admin/Ads/AdPageList.aspx
SELECT * FROM AdTypeInfo  WHERE 1=1  AND [Id]='0'  
-------------end 2017/8/13 17:12:24-------------
-------------start 2017/8/13 17:12:24-------------/Admin/Ads/AdPageList.aspx
SELECT * FROM AdSiteInfo  WHERE 1=1  AND [Id]='0'  
-------------end 2017/8/13 17:12:24-------------
-------------start 2017/8/13 17:12:24-------------/Admin/Ads/AdPageList.aspx
SELECT * FROM AdTypeInfo  WHERE 1=1  AND [Id]='0'  
-------------end 2017/8/13 17:12:24-------------
-------------start 2017/8/13 17:12:24-------------/Admin/Ads/AdPageList.aspx
SELECT * FROM AdSiteInfo  WHERE 1=1  AND [Id]='0'  
-------------end 2017/8/13 17:12:24-------------
-------------start 2017/8/13 17:12:24-------------/Admin/Ads/AdPageList.aspx
SELECT * FROM AdTypeInfo  WHERE 1=1  AND [Id]='0'  
-------------end 2017/8/13 17:12:24-------------
-------------start 2017/8/13 17:12:24-------------/Admin/Ads/AdPageList.aspx
SELECT * FROM AdSiteInfo  WHERE 1=1  AND [Id]='0'  
-------------end 2017/8/13 17:12:24-------------
-------------start 2017/8/13 17:18:30-------------/Admin/Ads/AdPageEdit.aspx?id=226
SELECT * FROM AccountInfo  WHERE 1=1  AND UserType IN (0,2)
 
-------------end 2017/8/13 17:18:30-------------
-------------start 2017/8/13 17:18:30-------------/Admin/Ads/AdPageEdit.aspx?id=226
SELECT * FROM AdPageInfo  WHERE 1=1  AND [Id]='226'  
-------------end 2017/8/13 17:18:30-------------
-------------start 2017/8/13 17:18:41-------------/Admin/Ads/AdPageEdit.aspx?id=226
SELECT * FROM AdPageInfo  WHERE 1=1  AND [Id]='226'  
-------------end 2017/8/13 17:18:41-------------
-------------start 2017/8/13 17:18:41-------------/Admin/Ads/AdPageEdit.aspx?id=226
SELECT * FROM AdPageInfo  WHERE 1=1  AND [Id]='226'  
-------------end 2017/8/13 17:18:41-------------
-------------start 2017/8/13 17:18:41-------------/Admin/Ads/AdPageEdit.aspx?id=226
SELECT * FROM AdPageInfo  WHERE 1=1  
-------------end 2017/8/13 17:18:41-------------
-------------start 2017/8/13 17:18:41-------------/Admin/Ads/AdPageEdit.aspx?id=226
SELECT * FROM AdPageInfo  WHERE 1=1  
-------------end 2017/8/13 17:18:41-------------
-------------start 2017/8/13 17:18:41-------------/Admin/Ads/AdPageList.aspx
SELECT * FROM AccountInfo  WHERE 1=1  AND UserType IN (0,1,2,3)
 
-------------end 2017/8/13 17:18:41-------------
-------------start 2017/8/13 17:18:41-------------/Admin/Ads/AdPageList.aspx
SELECT * FROM AdTypeInfo  WHERE 1=1  
-------------end 2017/8/13 17:18:41-------------
-------------start 2017/8/13 17:18:41-------------/Admin/Ads/AdPageList.aspx
SELECT * FROM AdSiteInfo  WHERE 1=1  
-------------end 2017/8/13 17:18:41-------------
-------------start 2017/8/13 17:18:41-------------/Admin/Ads/AdPageList.aspx
SELECT TOP 10 * FROM [AdPageInfo]  WHERE 1=1  AND [IsDel]='0'  AND Id NOT IN (SELECT TOP 0 Id FROM [AdPageInfo]  WHERE 1=1  AND [IsDel]='0'   order by  id desc )   order by  id desc 
-------------end 2017/8/13 17:18:41-------------
-------------start 2017/8/13 17:18:41-------------/Admin/Ads/AdPageList.aspx
SELECT * FROM AdTypeInfo  WHERE 1=1  AND [Id]='0'  
-------------end 2017/8/13 17:18:41-------------
-------------start 2017/8/13 17:18:41-------------/Admin/Ads/AdPageList.aspx
SELECT * FROM AdSiteInfo  WHERE 1=1  AND [Id]='0'  
-------------end 2017/8/13 17:18:41-------------
-------------start 2017/8/13 17:18:41-------------/Admin/Ads/AdPageList.aspx
SELECT * FROM AdTypeInfo  WHERE 1=1  AND [Id]='0'  
-------------end 2017/8/13 17:18:41-------------
-------------start 2017/8/13 17:18:41-------------/Admin/Ads/AdPageList.aspx
SELECT * FROM AdSiteInfo  WHERE 1=1  AND [Id]='0'  
-------------end 2017/8/13 17:18:41-------------
-------------start 2017/8/13 17:18:41-------------/Admin/Ads/AdPageList.aspx
SELECT * FROM AdTypeInfo  WHERE 1=1  AND [Id]='0'  
-------------end 2017/8/13 17:18:41-------------
-------------start 2017/8/13 17:18:41-------------/Admin/Ads/AdPageList.aspx
SELECT * FROM AdSiteInfo  WHERE 1=1  AND [Id]='0'  
-------------end 2017/8/13 17:18:41-------------
-------------start 2017/8/13 17:18:41-------------/Admin/Ads/AdPageList.aspx
SELECT * FROM AdTypeInfo  WHERE 1=1  AND [Id]='0'  
-------------end 2017/8/13 17:18:41-------------
-------------start 2017/8/13 17:18:41-------------/Admin/Ads/AdPageList.aspx
SELECT * FROM AdSiteInfo  WHERE 1=1  AND [Id]='0'  
-------------end 2017/8/13 17:18:41-------------
-------------start 2017/8/13 17:18:41-------------/Admin/Ads/AdPageList.aspx
SELECT * FROM AdTypeInfo  WHERE 1=1  AND [Id]='0'  
-------------end 2017/8/13 17:18:41-------------
-------------start 2017/8/13 17:18:41-------------/Admin/Ads/AdPageList.aspx
SELECT * FROM AdSiteInfo  WHERE 1=1  AND [Id]='0'  
-------------end 2017/8/13 17:18:41-------------
-------------start 2017/8/13 17:18:41-------------/Admin/Ads/AdPageList.aspx
SELECT * FROM AdTypeInfo  WHERE 1=1  AND [Id]='0'  
-------------end 2017/8/13 17:18:41-------------
-------------start 2017/8/13 17:18:41-------------/Admin/Ads/AdPageList.aspx
SELECT * FROM AdSiteInfo  WHERE 1=1  AND [Id]='0'  
-------------end 2017/8/13 17:18:41-------------
-------------start 2017/8/13 17:18:41-------------/Admin/Ads/AdPageList.aspx
SELECT * FROM AdTypeInfo  WHERE 1=1  AND [Id]='0'  
-------------end 2017/8/13 17:18:41-------------
-------------start 2017/8/13 17:18:41-------------/Admin/Ads/AdPageList.aspx
SELECT * FROM AdSiteInfo  WHERE 1=1  AND [Id]='0'  
-------------end 2017/8/13 17:18:41-------------
-------------start 2017/8/13 17:18:41-------------/Admin/Ads/AdPageList.aspx
SELECT * FROM AdTypeInfo  WHERE 1=1  AND [Id]='0'  
-------------end 2017/8/13 17:18:41-------------
-------------start 2017/8/13 17:18:41-------------/Admin/Ads/AdPageList.aspx
SELECT * FROM AdSiteInfo  WHERE 1=1  AND [Id]='0'  
-------------end 2017/8/13 17:18:41-------------
-------------start 2017/8/13 17:18:41-------------/Admin/Ads/AdPageList.aspx
SELECT * FROM AdTypeInfo  WHERE 1=1  AND [Id]='0'  
-------------end 2017/8/13 17:18:41-------------
-------------start 2017/8/13 17:18:41-------------/Admin/Ads/AdPageList.aspx
SELECT * FROM AdSiteInfo  WHERE 1=1  AND [Id]='0'  
-------------end 2017/8/13 17:18:41-------------
-------------start 2017/8/13 17:18:41-------------/Admin/Ads/AdPageList.aspx
SELECT * FROM AdTypeInfo  WHERE 1=1  AND [Id]='0'  
-------------end 2017/8/13 17:18:41-------------
-------------start 2017/8/13 17:18:41-------------/Admin/Ads/AdPageList.aspx
SELECT * FROM AdSiteInfo  WHERE 1=1  AND [Id]='0'  
-------------end 2017/8/13 17:18:41-------------
-------------start 2017/8/13 17:18:49-------------/Admin/Ads/AdPageEdit.aspx?id=226
SELECT * FROM AccountInfo  WHERE 1=1  AND UserType IN (0,2)
 
-------------end 2017/8/13 17:18:49-------------
-------------start 2017/8/13 17:18:49-------------/Admin/Ads/AdPageEdit.aspx?id=226
SELECT * FROM AdPageInfo  WHERE 1=1  AND [Id]='226'  
-------------end 2017/8/13 17:18:49-------------
-------------start 2017/8/13 17:18:52-------------/Admin/Ads/AdPageEdit.aspx?id=226
SELECT * FROM AdPageInfo  WHERE 1=1  AND [Id]='226'  
-------------end 2017/8/13 17:18:52-------------
-------------start 2017/8/13 17:18:52-------------/Admin/Ads/AdPageEdit.aspx?id=226
SELECT * FROM AdPageInfo  WHERE 1=1  AND [Id]='226'  
-------------end 2017/8/13 17:18:52-------------
-------------start 2017/8/13 17:18:52-------------/Admin/Ads/AdPageEdit.aspx?id=226
SELECT * FROM AdPageInfo  WHERE 1=1  
-------------end 2017/8/13 17:18:52-------------
-------------start 2017/8/13 17:18:53-------------/Admin/Ads/AdPageEdit.aspx?id=226
SELECT * FROM AdPageInfo  WHERE 1=1  
-------------end 2017/8/13 17:18:53-------------
-------------start 2017/8/13 17:18:53-------------/Admin/Ads/AdPageList.aspx
SELECT * FROM AccountInfo  WHERE 1=1  AND UserType IN (0,1,2,3)
 
-------------end 2017/8/13 17:18:53-------------
-------------start 2017/8/13 17:18:53-------------/Admin/Ads/AdPageList.aspx
SELECT * FROM AdTypeInfo  WHERE 1=1  
-------------end 2017/8/13 17:18:53-------------
-------------start 2017/8/13 17:18:53-------------/Admin/Ads/AdPageList.aspx
SELECT * FROM AdSiteInfo  WHERE 1=1  
-------------end 2017/8/13 17:18:53-------------
-------------start 2017/8/13 17:18:53-------------/Admin/Ads/AdPageList.aspx
SELECT TOP 10 * FROM [AdPageInfo]  WHERE 1=1  AND [IsDel]='0'  AND Id NOT IN (SELECT TOP 0 Id FROM [AdPageInfo]  WHERE 1=1  AND [IsDel]='0'   order by  id desc )   order by  id desc 
-------------end 2017/8/13 17:18:53-------------
-------------start 2017/8/13 17:18:53-------------/Admin/Ads/AdPageList.aspx
SELECT * FROM AdTypeInfo  WHERE 1=1  AND [Id]='0'  
-------------end 2017/8/13 17:18:53-------------
-------------start 2017/8/13 17:18:53-------------/Admin/Ads/AdPageList.aspx
SELECT * FROM AdSiteInfo  WHERE 1=1  AND [Id]='0'  
-------------end 2017/8/13 17:18:53-------------
-------------start 2017/8/13 17:18:53-------------/Admin/Ads/AdPageList.aspx
SELECT * FROM AdTypeInfo  WHERE 1=1  AND [Id]='0'  
-------------end 2017/8/13 17:18:53-------------
-------------start 2017/8/13 17:18:53-------------/Admin/Ads/AdPageList.aspx
SELECT * FROM AdSiteInfo  WHERE 1=1  AND [Id]='0'  
-------------end 2017/8/13 17:18:53-------------
-------------start 2017/8/13 17:18:53-------------/Admin/Ads/AdPageList.aspx
SELECT * FROM AdTypeInfo  WHERE 1=1  AND [Id]='0'  
-------------end 2017/8/13 17:18:53-------------
-------------start 2017/8/13 17:18:53-------------/Admin/Ads/AdPageList.aspx
SELECT * FROM AdSiteInfo  WHERE 1=1  AND [Id]='0'  
-------------end 2017/8/13 17:18:53-------------
-------------start 2017/8/13 17:18:53-------------/Admin/Ads/AdPageList.aspx
SELECT * FROM AdTypeInfo  WHERE 1=1  AND [Id]='0'  
-------------end 2017/8/13 17:18:53-------------
-------------start 2017/8/13 17:18:53-------------/Admin/Ads/AdPageList.aspx
SELECT * FROM AdSiteInfo  WHERE 1=1  AND [Id]='0'  
-------------end 2017/8/13 17:18:53-------------
-------------start 2017/8/13 17:18:53-------------/Admin/Ads/AdPageList.aspx
SELECT * FROM AdTypeInfo  WHERE 1=1  AND [Id]='0'  
-------------end 2017/8/13 17:18:53-------------
-------------start 2017/8/13 17:18:53-------------/Admin/Ads/AdPageList.aspx
SELECT * FROM AdSiteInfo  WHERE 1=1  AND [Id]='0'  
-------------end 2017/8/13 17:18:53-------------
-------------start 2017/8/13 17:18:53-------------/Admin/Ads/AdPageList.aspx
SELECT * FROM AdTypeInfo  WHERE 1=1  AND [Id]='0'  
-------------end 2017/8/13 17:18:53-------------
-------------start 2017/8/13 17:18:53-------------/Admin/Ads/AdPageList.aspx
SELECT * FROM AdSiteInfo  WHERE 1=1  AND [Id]='0'  
-------------end 2017/8/13 17:18:53-------------
-------------start 2017/8/13 17:18:53-------------/Admin/Ads/AdPageList.aspx
SELECT * FROM AdTypeInfo  WHERE 1=1  AND [Id]='0'  
-------------end 2017/8/13 17:18:53-------------
-------------start 2017/8/13 17:18:53-------------/Admin/Ads/AdPageList.aspx
SELECT * FROM AdSiteInfo  WHERE 1=1  AND [Id]='0'  
-------------end 2017/8/13 17:18:53-------------
-------------start 2017/8/13 17:18:53-------------/Admin/Ads/AdPageList.aspx
SELECT * FROM AdTypeInfo  WHERE 1=1  AND [Id]='0'  
-------------end 2017/8/13 17:18:53-------------
-------------start 2017/8/13 17:18:53-------------/Admin/Ads/AdPageList.aspx
SELECT * FROM AdSiteInfo  WHERE 1=1  AND [Id]='0'  
-------------end 2017/8/13 17:18:53-------------
-------------start 2017/8/13 17:18:53-------------/Admin/Ads/AdPageList.aspx
SELECT * FROM AdTypeInfo  WHERE 1=1  AND [Id]='0'  
-------------end 2017/8/13 17:18:53-------------
-------------start 2017/8/13 17:18:53-------------/Admin/Ads/AdPageList.aspx
SELECT * FROM AdSiteInfo  WHERE 1=1  AND [Id]='0'  
-------------end 2017/8/13 17:18:53-------------
-------------start 2017/8/13 17:18:53-------------/Admin/Ads/AdPageList.aspx
SELECT * FROM AdTypeInfo  WHERE 1=1  AND [Id]='0'  
-------------end 2017/8/13 17:18:53-------------
-------------start 2017/8/13 17:18:53-------------/Admin/Ads/AdPageList.aspx
SELECT * FROM AdSiteInfo  WHERE 1=1  AND [Id]='0'  
-------------end 2017/8/13 17:18:53-------------
-------------start 2017/8/13 17:18:56-------------/Admin/Ads/AdPageEdit.aspx?id=226
SELECT * FROM AccountInfo  WHERE 1=1  AND UserType IN (0,2)
 
-------------end 2017/8/13 17:18:56-------------
-------------start 2017/8/13 17:18:56-------------/Admin/Ads/AdPageEdit.aspx?id=226
SELECT * FROM AdPageInfo  WHERE 1=1  AND [Id]='226'  
-------------end 2017/8/13 17:18:56-------------
-------------start 2017/8/13 17:19:03-------------/Admin/Ads/AdPageEdit.aspx?id=226
SELECT * FROM AdPageInfo  WHERE 1=1  AND [Id]='226'  
-------------end 2017/8/13 17:19:03-------------
-------------start 2017/8/13 17:19:03-------------/Admin/Ads/AdPageEdit.aspx?id=226
SELECT * FROM AdPageInfo  WHERE 1=1  AND [Id]='226'  
-------------end 2017/8/13 17:19:03-------------
-------------start 2017/8/13 17:19:03-------------/Admin/Ads/AdPageEdit.aspx?id=226
SELECT * FROM AdPageInfo  WHERE 1=1  
-------------end 2017/8/13 17:19:03-------------
-------------start 2017/8/13 17:19:03-------------/Admin/Ads/AdPageEdit.aspx?id=226
SELECT * FROM AdPageInfo  WHERE 1=1  
-------------end 2017/8/13 17:19:03-------------
-------------start 2017/8/13 17:19:04-------------/Admin/Ads/AdPageList.aspx
SELECT * FROM AccountInfo  WHERE 1=1  AND UserType IN (0,1,2,3)
 
-------------end 2017/8/13 17:19:04-------------
-------------start 2017/8/13 17:19:04-------------/Admin/Ads/AdPageList.aspx
SELECT * FROM AdTypeInfo  WHERE 1=1  
-------------end 2017/8/13 17:19:04-------------
-------------start 2017/8/13 17:19:04-------------/Admin/Ads/AdPageList.aspx
SELECT * FROM AdSiteInfo  WHERE 1=1  
-------------end 2017/8/13 17:19:04-------------
-------------start 2017/8/13 17:19:04-------------/Admin/Ads/AdPageList.aspx
SELECT TOP 10 * FROM [AdPageInfo]  WHERE 1=1  AND [IsDel]='0'  AND Id NOT IN (SELECT TOP 0 Id FROM [AdPageInfo]  WHERE 1=1  AND [IsDel]='0'   order by  id desc )   order by  id desc 
-------------end 2017/8/13 17:19:04-------------
-------------start 2017/8/13 17:19:04-------------/Admin/Ads/AdPageList.aspx
SELECT * FROM AdTypeInfo  WHERE 1=1  AND [Id]='0'  
-------------end 2017/8/13 17:19:04-------------
-------------start 2017/8/13 17:19:04-------------/Admin/Ads/AdPageList.aspx
SELECT * FROM AdSiteInfo  WHERE 1=1  AND [Id]='0'  
-------------end 2017/8/13 17:19:04-------------
-------------start 2017/8/13 17:19:04-------------/Admin/Ads/AdPageList.aspx
SELECT * FROM AdTypeInfo  WHERE 1=1  AND [Id]='0'  
-------------end 2017/8/13 17:19:04-------------
-------------start 2017/8/13 17:19:04-------------/Admin/Ads/AdPageList.aspx
SELECT * FROM AdSiteInfo  WHERE 1=1  AND [Id]='0'  
-------------end 2017/8/13 17:19:04-------------
-------------start 2017/8/13 17:19:04-------------/Admin/Ads/AdPageList.aspx
SELECT * FROM AdTypeInfo  WHERE 1=1  AND [Id]='0'  
-------------end 2017/8/13 17:19:04-------------
-------------start 2017/8/13 17:19:04-------------/Admin/Ads/AdPageList.aspx
SELECT * FROM AdSiteInfo  WHERE 1=1  AND [Id]='0'  
-------------end 2017/8/13 17:19:04-------------
-------------start 2017/8/13 17:19:04-------------/Admin/Ads/AdPageList.aspx
SELECT * FROM AdTypeInfo  WHERE 1=1  AND [Id]='0'  
-------------end 2017/8/13 17:19:04-------------
-------------start 2017/8/13 17:19:04-------------/Admin/Ads/AdPageList.aspx
SELECT * FROM AdSiteInfo  WHERE 1=1  AND [Id]='0'  
-------------end 2017/8/13 17:19:04-------------
-------------start 2017/8/13 17:19:04-------------/Admin/Ads/AdPageList.aspx
SELECT * FROM AdTypeInfo  WHERE 1=1  AND [Id]='0'  
-------------end 2017/8/13 17:19:04-------------
-------------start 2017/8/13 17:19:04-------------/Admin/Ads/AdPageList.aspx
SELECT * FROM AdSiteInfo  WHERE 1=1  AND [Id]='0'  
-------------end 2017/8/13 17:19:04-------------
-------------start 2017/8/13 17:19:04-------------/Admin/Ads/AdPageList.aspx
SELECT * FROM AdTypeInfo  WHERE 1=1  AND [Id]='0'  
-------------end 2017/8/13 17:19:04-------------
-------------start 2017/8/13 17:19:04-------------/Admin/Ads/AdPageList.aspx
SELECT * FROM AdSiteInfo  WHERE 1=1  AND [Id]='0'  
-------------end 2017/8/13 17:19:04-------------
-------------start 2017/8/13 17:19:04-------------/Admin/Ads/AdPageList.aspx
SELECT * FROM AdTypeInfo  WHERE 1=1  AND [Id]='0'  
-------------end 2017/8/13 17:19:04-------------
-------------start 2017/8/13 17:19:04-------------/Admin/Ads/AdPageList.aspx
SELECT * FROM AdSiteInfo  WHERE 1=1  AND [Id]='0'  
-------------end 2017/8/13 17:19:04-------------
-------------start 2017/8/13 17:19:04-------------/Admin/Ads/AdPageList.aspx
SELECT * FROM AdTypeInfo  WHERE 1=1  AND [Id]='0'  
-------------end 2017/8/13 17:19:04-------------
-------------start 2017/8/13 17:19:04-------------/Admin/Ads/AdPageList.aspx
SELECT * FROM AdSiteInfo  WHERE 1=1  AND [Id]='0'  
-------------end 2017/8/13 17:19:04-------------
-------------start 2017/8/13 17:19:04-------------/Admin/Ads/AdPageList.aspx
SELECT * FROM AdTypeInfo  WHERE 1=1  AND [Id]='0'  
-------------end 2017/8/13 17:19:04-------------
-------------start 2017/8/13 17:19:04-------------/Admin/Ads/AdPageList.aspx
SELECT * FROM AdSiteInfo  WHERE 1=1  AND [Id]='0'  
-------------end 2017/8/13 17:19:04-------------
-------------start 2017/8/13 17:19:04-------------/Admin/Ads/AdPageList.aspx
SELECT * FROM AdTypeInfo  WHERE 1=1  AND [Id]='0'  
-------------end 2017/8/13 17:19:04-------------
-------------start 2017/8/13 17:19:04-------------/Admin/Ads/AdPageList.aspx
SELECT * FROM AdSiteInfo  WHERE 1=1  AND [Id]='0'  
-------------end 2017/8/13 17:19:04-------------
