-------------start 2017/9/6 14:44:21-------------/Login.aspx
SELECT * FROM AccountInfo  WHERE 1=1  AND [UserName]='admin' 
 
-------------end 2017/9/6 14:44:21-------------
-------------start 2017/9/6 14:44:26-------------/Admin/Index.aspx
SELECT * FROM AccountInfo  WHERE 1=1  AND [UserName]='admin' 
 
-------------end 2017/9/6 14:44:26-------------
-------------start 2017/9/6 14:44:42-------------/Admin/Users/UserList.aspx
SELECT TOP 10 * FROM [AccountInfo]  WHERE 1=1 
 AND Id NOT IN (SELECT TOP 0 Id FROM [AccountInfo]  WHERE 1=1 
  order by  id desc )   order by  id desc 
-------------end 2017/9/6 14:44:42-------------
-------------start 2017/9/6 14:45:00-------------/Admin/Users/UserEdit.aspx
SELECT * FROM AccountInfo  WHERE 1=1  AND [UserName]='viptest1' 
 
-------------end 2017/9/6 14:45:00-------------
-------------start 2017/9/6 14:45:00-------------/Admin/Users/UserList.aspx
SELECT TOP 10 * FROM [AccountInfo]  WHERE 1=1 
 AND Id NOT IN (SELECT TOP 0 Id FROM [AccountInfo]  WHERE 1=1 
  order by  id desc )   order by  id desc 
-------------end 2017/9/6 14:45:00-------------
-------------start 2017/9/6 14:45:12-------------/Admin/Ads/AdPageList.aspx
SELECT * FROM AccountInfo  WHERE 1=1  AND UserType <> 100 
 
-------------end 2017/9/6 14:45:12-------------
-------------start 2017/9/6 14:45:12-------------/Admin/Ads/AdPageList.aspx
SELECT * FROM AdTypeInfo  WHERE 1=1  
-------------end 2017/9/6 14:45:12-------------
-------------start 2017/9/6 14:45:12-------------/Admin/Ads/AdPageList.aspx
SELECT * FROM AdSiteInfo  WHERE 1=1  
-------------end 2017/9/6 14:45:12-------------
-------------start 2017/9/6 14:45:12-------------/Admin/Ads/AdPageList.aspx
SELECT * FROM AdPageInfo  WHERE 1=1  
-------------end 2017/9/6 14:45:12-------------
-------------start 2017/9/6 14:45:13-------------/Admin/Ads/AdPageList.aspx
SELECT TOP 10 * FROM [AdPageInfo]  WHERE 1=1  AND [IsDel]='0'  AND Id NOT IN (SELECT TOP 0 Id FROM [AdPageInfo]  WHERE 1=1  AND [IsDel]='0'   order by  id desc )   order by  id desc 
-------------end 2017/9/6 14:45:13-------------
-------------start 2017/9/6 14:45:13-------------/Admin/Ads/AdPageList.aspx
SELECT * FROM AccountInfo  WHERE 1=1  AND [Id]='25' 
 
-------------end 2017/9/6 14:45:13-------------
-------------start 2017/9/6 14:45:13-------------/Admin/Ads/AdPageList.aspx
SELECT * FROM AdTypeInfo  WHERE 1=1  AND [Id]='0'  
-------------end 2017/9/6 14:45:13-------------
-------------start 2017/9/6 14:45:13-------------/Admin/Ads/AdPageList.aspx
SELECT * FROM AdSiteInfo  WHERE 1=1  AND [Id]='0'  
-------------end 2017/9/6 14:45:13-------------
-------------start 2017/9/6 14:45:13-------------/Admin/Ads/AdPageList.aspx
SELECT * FROM AccountInfo  WHERE 1=1  AND [Id]='2' 
 
-------------end 2017/9/6 14:45:13-------------
-------------start 2017/9/6 14:45:13-------------/Admin/Ads/AdPageList.aspx
SELECT * FROM AdTypeInfo  WHERE 1=1  AND [Id]='0'  
-------------end 2017/9/6 14:45:13-------------
-------------start 2017/9/6 14:45:13-------------/Admin/Ads/AdPageList.aspx
SELECT * FROM AdSiteInfo  WHERE 1=1  AND [Id]='0'  
-------------end 2017/9/6 14:45:13-------------
-------------start 2017/9/6 14:45:13-------------/Admin/Ads/AdPageList.aspx
SELECT * FROM AdTypeInfo  WHERE 1=1  AND [Id]='0'  
-------------end 2017/9/6 14:45:13-------------
-------------start 2017/9/6 14:45:13-------------/Admin/Ads/AdPageList.aspx
SELECT * FROM AdSiteInfo  WHERE 1=1  AND [Id]='0'  
-------------end 2017/9/6 14:45:13-------------
-------------start 2017/9/6 14:45:13-------------/Admin/Ads/AdPageList.aspx
SELECT * FROM AdTypeInfo  WHERE 1=1  AND [Id]='0'  
-------------end 2017/9/6 14:45:13-------------
-------------start 2017/9/6 14:45:13-------------/Admin/Ads/AdPageList.aspx
SELECT * FROM AdSiteInfo  WHERE 1=1  AND [Id]='0'  
-------------end 2017/9/6 14:45:13-------------
-------------start 2017/9/6 14:45:13-------------/Admin/Ads/AdPageList.aspx
SELECT * FROM AccountInfo  WHERE 1=1  AND [Id]='24' 
 
-------------end 2017/9/6 14:45:13-------------
-------------start 2017/9/6 14:45:13-------------/Admin/Ads/AdPageList.aspx
SELECT * FROM AdTypeInfo  WHERE 1=1  AND [Id]='0'  
-------------end 2017/9/6 14:45:13-------------
-------------start 2017/9/6 14:45:13-------------/Admin/Ads/AdPageList.aspx
SELECT * FROM AdSiteInfo  WHERE 1=1  AND [Id]='0'  
-------------end 2017/9/6 14:45:13-------------
-------------start 2017/9/6 14:45:13-------------/Admin/Ads/AdPageList.aspx
SELECT * FROM AccountInfo  WHERE 1=1  AND [Id]='23' 
 
-------------end 2017/9/6 14:45:13-------------
-------------start 2017/9/6 14:45:13-------------/Admin/Ads/AdPageList.aspx
SELECT * FROM AdTypeInfo  WHERE 1=1  AND [Id]='0'  
-------------end 2017/9/6 14:45:13-------------
-------------start 2017/9/6 14:45:13-------------/Admin/Ads/AdPageList.aspx
SELECT * FROM AdSiteInfo  WHERE 1=1  AND [Id]='0'  
-------------end 2017/9/6 14:45:13-------------
-------------start 2017/9/6 14:45:13-------------/Admin/Ads/AdPageList.aspx
SELECT * FROM AccountInfo  WHERE 1=1  AND [Id]='22' 
 
-------------end 2017/9/6 14:45:13-------------
-------------start 2017/9/6 14:45:13-------------/Admin/Ads/AdPageList.aspx
SELECT * FROM AdTypeInfo  WHERE 1=1  AND [Id]='0'  
-------------end 2017/9/6 14:45:13-------------
-------------start 2017/9/6 14:45:13-------------/Admin/Ads/AdPageList.aspx
SELECT * FROM AdSiteInfo  WHERE 1=1  AND [Id]='0'  
-------------end 2017/9/6 14:45:13-------------
-------------start 2017/9/6 14:45:13-------------/Admin/Ads/AdPageList.aspx
SELECT * FROM AccountInfo  WHERE 1=1  AND [Id]='21' 
 
-------------end 2017/9/6 14:45:13-------------
-------------start 2017/9/6 14:45:13-------------/Admin/Ads/AdPageList.aspx
SELECT * FROM AdTypeInfo  WHERE 1=1  AND [Id]='0'  
-------------end 2017/9/6 14:45:13-------------
-------------start 2017/9/6 14:45:13-------------/Admin/Ads/AdPageList.aspx
SELECT * FROM AdSiteInfo  WHERE 1=1  AND [Id]='0'  
-------------end 2017/9/6 14:45:13-------------
-------------start 2017/9/6 14:45:13-------------/Admin/Ads/AdPageList.aspx
SELECT * FROM AdTypeInfo  WHERE 1=1  AND [Id]='0'  
-------------end 2017/9/6 14:45:13-------------
-------------start 2017/9/6 14:45:13-------------/Admin/Ads/AdPageList.aspx
SELECT * FROM AdSiteInfo  WHERE 1=1  AND [Id]='0'  
-------------end 2017/9/6 14:45:13-------------
-------------start 2017/9/6 14:45:13-------------/Admin/Ads/AdPageList.aspx
SELECT * FROM AccountInfo  WHERE 1=1  AND [Id]='20' 
 
-------------end 2017/9/6 14:45:13-------------
-------------start 2017/9/6 14:45:13-------------/Admin/Ads/AdPageList.aspx
SELECT * FROM AdTypeInfo  WHERE 1=1  AND [Id]='0'  
-------------end 2017/9/6 14:45:13-------------
-------------start 2017/9/6 14:45:13-------------/Admin/Ads/AdPageList.aspx
SELECT * FROM AdSiteInfo  WHERE 1=1  AND [Id]='0'  
-------------end 2017/9/6 14:45:13-------------
-------------start 2017/9/6 14:45:19-------------/Admin/Ads/AdPageEdit.aspx
SELECT * FROM AccountInfo  WHERE 1=1  AND UserType <> 100 
 
-------------end 2017/9/6 14:45:19-------------
-------------start 2017/9/6 14:45:40-------------/Admin/Ads/AdPageEdit.aspx
SELECT * FROM AdPageInfo  WHERE 1=1  AND [Id]='235'  
-------------end 2017/9/6 14:45:40-------------
-------------start 2017/9/6 14:45:40-------------/Admin/Ads/AdPageEdit.aspx
SELECT * FROM ArticleInfo  WHERE 1=1  
-------------end 2017/9/6 14:45:40-------------
-------------start 2017/9/6 14:45:40-------------/Admin/Ads/AdPageList.aspx
SELECT * FROM AccountInfo  WHERE 1=1  AND UserType <> 100 
 
-------------end 2017/9/6 14:45:40-------------
-------------start 2017/9/6 14:45:40-------------/Admin/Ads/AdPageList.aspx
SELECT * FROM AdTypeInfo  WHERE 1=1  
-------------end 2017/9/6 14:45:40-------------
-------------start 2017/9/6 14:45:40-------------/Admin/Ads/AdPageList.aspx
SELECT * FROM AdSiteInfo  WHERE 1=1  
-------------end 2017/9/6 14:45:40-------------
-------------start 2017/9/6 14:45:40-------------/Admin/Ads/AdPageList.aspx
SELECT TOP 10 * FROM [AdPageInfo]  WHERE 1=1  AND [IsDel]='0'  AND Id NOT IN (SELECT TOP 0 Id FROM [AdPageInfo]  WHERE 1=1  AND [IsDel]='0'   order by  id desc )   order by  id desc 
-------------end 2017/9/6 14:45:40-------------
-------------start 2017/9/6 14:45:40-------------/Admin/Ads/AdPageList.aspx
SELECT * FROM AccountInfo  WHERE 1=1  AND [Id]='26' 
 
-------------end 2017/9/6 14:45:40-------------
-------------start 2017/9/6 14:45:40-------------/Admin/Ads/AdPageList.aspx
SELECT * FROM AdTypeInfo  WHERE 1=1  AND [Id]='0'  
-------------end 2017/9/6 14:45:40-------------
-------------start 2017/9/6 14:45:40-------------/Admin/Ads/AdPageList.aspx
SELECT * FROM AdSiteInfo  WHERE 1=1  AND [Id]='0'  
-------------end 2017/9/6 14:45:40-------------
-------------start 2017/9/6 14:45:40-------------/Admin/Ads/AdPageList.aspx
SELECT * FROM AdTypeInfo  WHERE 1=1  AND [Id]='0'  
-------------end 2017/9/6 14:45:40-------------
-------------start 2017/9/6 14:45:40-------------/Admin/Ads/AdPageList.aspx
SELECT * FROM AdSiteInfo  WHERE 1=1  AND [Id]='0'  
-------------end 2017/9/6 14:45:40-------------
-------------start 2017/9/6 14:45:40-------------/Admin/Ads/AdPageList.aspx
SELECT * FROM AdTypeInfo  WHERE 1=1  AND [Id]='0'  
-------------end 2017/9/6 14:45:40-------------
-------------start 2017/9/6 14:45:40-------------/Admin/Ads/AdPageList.aspx
SELECT * FROM AdSiteInfo  WHERE 1=1  AND [Id]='0'  
-------------end 2017/9/6 14:45:40-------------
-------------start 2017/9/6 14:45:40-------------/Admin/Ads/AdPageList.aspx
SELECT * FROM AdTypeInfo  WHERE 1=1  AND [Id]='0'  
-------------end 2017/9/6 14:45:40-------------
-------------start 2017/9/6 14:45:40-------------/Admin/Ads/AdPageList.aspx
SELECT * FROM AdSiteInfo  WHERE 1=1  AND [Id]='0'  
-------------end 2017/9/6 14:45:40-------------
-------------start 2017/9/6 14:45:40-------------/Admin/Ads/AdPageList.aspx
SELECT * FROM AdTypeInfo  WHERE 1=1  AND [Id]='0'  
-------------end 2017/9/6 14:45:40-------------
-------------start 2017/9/6 14:45:40-------------/Admin/Ads/AdPageList.aspx
SELECT * FROM AdSiteInfo  WHERE 1=1  AND [Id]='0'  
-------------end 2017/9/6 14:45:40-------------
-------------start 2017/9/6 14:45:40-------------/Admin/Ads/AdPageList.aspx
SELECT * FROM AdTypeInfo  WHERE 1=1  AND [Id]='0'  
-------------end 2017/9/6 14:45:40-------------
-------------start 2017/9/6 14:45:40-------------/Admin/Ads/AdPageList.aspx
SELECT * FROM AdSiteInfo  WHERE 1=1  AND [Id]='0'  
-------------end 2017/9/6 14:45:40-------------
-------------start 2017/9/6 14:45:40-------------/Admin/Ads/AdPageList.aspx
SELECT * FROM AdTypeInfo  WHERE 1=1  AND [Id]='0'  
-------------end 2017/9/6 14:45:40-------------
-------------start 2017/9/6 14:45:40-------------/Admin/Ads/AdPageList.aspx
SELECT * FROM AdSiteInfo  WHERE 1=1  AND [Id]='0'  
-------------end 2017/9/6 14:45:40-------------
-------------start 2017/9/6 14:45:40-------------/Admin/Ads/AdPageList.aspx
SELECT * FROM AdTypeInfo  WHERE 1=1  AND [Id]='0'  
-------------end 2017/9/6 14:45:40-------------
-------------start 2017/9/6 14:45:40-------------/Admin/Ads/AdPageList.aspx
SELECT * FROM AdSiteInfo  WHERE 1=1  AND [Id]='0'  
-------------end 2017/9/6 14:45:40-------------
-------------start 2017/9/6 14:45:40-------------/Admin/Ads/AdPageList.aspx
SELECT * FROM AdTypeInfo  WHERE 1=1  AND [Id]='0'  
-------------end 2017/9/6 14:45:40-------------
-------------start 2017/9/6 14:45:40-------------/Admin/Ads/AdPageList.aspx
SELECT * FROM AdSiteInfo  WHERE 1=1  AND [Id]='0'  
-------------end 2017/9/6 14:45:40-------------
-------------start 2017/9/6 14:45:40-------------/Admin/Ads/AdPageList.aspx
SELECT * FROM AdTypeInfo  WHERE 1=1  AND [Id]='0'  
-------------end 2017/9/6 14:45:40-------------
-------------start 2017/9/6 14:45:40-------------/Admin/Ads/AdPageList.aspx
SELECT * FROM AdSiteInfo  WHERE 1=1  AND [Id]='0'  
-------------end 2017/9/6 14:45:40-------------
-------------start 2017/9/6 14:45:42-------------/Admin/Users/UserList.aspx
SELECT TOP 10 * FROM [AccountInfo]  WHERE 1=1 
 AND Id NOT IN (SELECT TOP 0 Id FROM [AccountInfo]  WHERE 1=1 
  order by  id desc )   order by  id desc 
-------------end 2017/9/6 14:45:42-------------
-------------start 2017/9/6 14:45:43-------------/Admin/Users/UserEdit.aspx?userid=26
SELECT * FROM AccountInfo  WHERE 1=1  AND [Id]='26' 
 
-------------end 2017/9/6 14:45:43-------------
-------------start 2017/9/6 14:45:48-------------/Admin/Users/UserEdit.aspx?userid=26
SELECT * FROM AccountInfo  WHERE 1=1  AND [Id]='26' 
 
-------------end 2017/9/6 14:45:48-------------
-------------start 2017/9/6 14:45:51-------------/Admin/Ads/AdPageList.aspx
SELECT * FROM AccountInfo  WHERE 1=1  AND UserType <> 100 
 
-------------end 2017/9/6 14:45:51-------------
-------------start 2017/9/6 14:45:51-------------/Admin/Ads/AdPageList.aspx
SELECT * FROM AdTypeInfo  WHERE 1=1  
-------------end 2017/9/6 14:45:51-------------
-------------start 2017/9/6 14:45:51-------------/Admin/Ads/AdPageList.aspx
SELECT * FROM AdSiteInfo  WHERE 1=1  
-------------end 2017/9/6 14:45:51-------------
-------------start 2017/9/6 14:45:51-------------/Admin/Ads/AdPageList.aspx
SELECT TOP 10 * FROM [AdPageInfo]  WHERE 1=1  AND [IsDel]='0'  AND Id NOT IN (SELECT TOP 0 Id FROM [AdPageInfo]  WHERE 1=1  AND [IsDel]='0'   order by  id desc )   order by  id desc 
-------------end 2017/9/6 14:45:51-------------
-------------start 2017/9/6 14:45:51-------------/Admin/Ads/AdPageList.aspx
SELECT * FROM AdTypeInfo  WHERE 1=1  AND [Id]='0'  
-------------end 2017/9/6 14:45:51-------------
-------------start 2017/9/6 14:45:51-------------/Admin/Ads/AdPageList.aspx
SELECT * FROM AdSiteInfo  WHERE 1=1  AND [Id]='0'  
-------------end 2017/9/6 14:45:51-------------
-------------start 2017/9/6 14:45:51-------------/Admin/Ads/AdPageList.aspx
SELECT * FROM AdTypeInfo  WHERE 1=1  AND [Id]='0'  
-------------end 2017/9/6 14:45:51-------------
-------------start 2017/9/6 14:45:51-------------/Admin/Ads/AdPageList.aspx
SELECT * FROM AdSiteInfo  WHERE 1=1  AND [Id]='0'  
-------------end 2017/9/6 14:45:51-------------
-------------start 2017/9/6 14:45:51-------------/Admin/Ads/AdPageList.aspx
SELECT * FROM AdTypeInfo  WHERE 1=1  AND [Id]='0'  
-------------end 2017/9/6 14:45:51-------------
-------------start 2017/9/6 14:45:51-------------/Admin/Ads/AdPageList.aspx
SELECT * FROM AdSiteInfo  WHERE 1=1  AND [Id]='0'  
-------------end 2017/9/6 14:45:51-------------
-------------start 2017/9/6 14:45:51-------------/Admin/Ads/AdPageList.aspx
SELECT * FROM AdTypeInfo  WHERE 1=1  AND [Id]='0'  
-------------end 2017/9/6 14:45:51-------------
-------------start 2017/9/6 14:45:51-------------/Admin/Ads/AdPageList.aspx
SELECT * FROM AdSiteInfo  WHERE 1=1  AND [Id]='0'  
-------------end 2017/9/6 14:45:51-------------
-------------start 2017/9/6 14:45:51-------------/Admin/Ads/AdPageList.aspx
SELECT * FROM AdTypeInfo  WHERE 1=1  AND [Id]='0'  
-------------end 2017/9/6 14:45:51-------------
-------------start 2017/9/6 14:45:51-------------/Admin/Ads/AdPageList.aspx
SELECT * FROM AdSiteInfo  WHERE 1=1  AND [Id]='0'  
-------------end 2017/9/6 14:45:51-------------
-------------start 2017/9/6 14:45:51-------------/Admin/Ads/AdPageList.aspx
SELECT * FROM AdTypeInfo  WHERE 1=1  AND [Id]='0'  
-------------end 2017/9/6 14:45:51-------------
-------------start 2017/9/6 14:45:51-------------/Admin/Ads/AdPageList.aspx
SELECT * FROM AdSiteInfo  WHERE 1=1  AND [Id]='0'  
-------------end 2017/9/6 14:45:51-------------
-------------start 2017/9/6 14:45:51-------------/Admin/Ads/AdPageList.aspx
SELECT * FROM AdTypeInfo  WHERE 1=1  AND [Id]='0'  
-------------end 2017/9/6 14:45:51-------------
-------------start 2017/9/6 14:45:51-------------/Admin/Ads/AdPageList.aspx
SELECT * FROM AdSiteInfo  WHERE 1=1  AND [Id]='0'  
-------------end 2017/9/6 14:45:51-------------
-------------start 2017/9/6 14:45:51-------------/Admin/Ads/AdPageList.aspx
SELECT * FROM AdTypeInfo  WHERE 1=1  AND [Id]='0'  
-------------end 2017/9/6 14:45:51-------------
-------------start 2017/9/6 14:45:51-------------/Admin/Ads/AdPageList.aspx
SELECT * FROM AdSiteInfo  WHERE 1=1  AND [Id]='0'  
-------------end 2017/9/6 14:45:51-------------
-------------start 2017/9/6 14:45:51-------------/Admin/Ads/AdPageList.aspx
SELECT * FROM AdTypeInfo  WHERE 1=1  AND [Id]='0'  
-------------end 2017/9/6 14:45:51-------------
-------------start 2017/9/6 14:45:51-------------/Admin/Ads/AdPageList.aspx
SELECT * FROM AdSiteInfo  WHERE 1=1  AND [Id]='0'  
-------------end 2017/9/6 14:45:51-------------
-------------start 2017/9/6 14:45:51-------------/Admin/Ads/AdPageList.aspx
SELECT * FROM AdTypeInfo  WHERE 1=1  AND [Id]='0'  
-------------end 2017/9/6 14:45:51-------------
-------------start 2017/9/6 14:45:51-------------/Admin/Ads/AdPageList.aspx
SELECT * FROM AdSiteInfo  WHERE 1=1  AND [Id]='0'  
-------------end 2017/9/6 14:45:51-------------
-------------start 2017/9/6 14:45:58-------------/Login.aspx
SELECT * FROM AccountInfo  WHERE 1=1  AND [UserName]='admin' 
 
-------------end 2017/9/6 14:45:58-------------
-------------start 2017/9/6 14:46:01-------------/Admin/Ads/AdPageList.aspx
SELECT * FROM AccountInfo  WHERE 1=1  AND UserType <> 100 
 
-------------end 2017/9/6 14:46:01-------------
-------------start 2017/9/6 14:46:01-------------/Admin/Ads/AdPageList.aspx
SELECT * FROM AdTypeInfo  WHERE 1=1  
-------------end 2017/9/6 14:46:01-------------
-------------start 2017/9/6 14:46:01-------------/Admin/Ads/AdPageList.aspx
SELECT * FROM AdSiteInfo  WHERE 1=1  
-------------end 2017/9/6 14:46:01-------------
-------------start 2017/9/6 14:46:01-------------/Admin/Ads/AdPageList.aspx
SELECT TOP 10 * FROM [AdPageInfo]  WHERE 1=1  AND [IsDel]='0'  AND Id NOT IN (SELECT TOP 0 Id FROM [AdPageInfo]  WHERE 1=1  AND [IsDel]='0'   order by  id desc )   order by  id desc 
-------------end 2017/9/6 14:46:01-------------
-------------start 2017/9/6 14:46:01-------------/Admin/Ads/AdPageList.aspx
SELECT * FROM AdTypeInfo  WHERE 1=1  AND [Id]='0'  
-------------end 2017/9/6 14:46:01-------------
-------------start 2017/9/6 14:46:01-------------/Admin/Ads/AdPageList.aspx
SELECT * FROM AdSiteInfo  WHERE 1=1  AND [Id]='0'  
-------------end 2017/9/6 14:46:01-------------
-------------start 2017/9/6 14:46:01-------------/Admin/Ads/AdPageList.aspx
SELECT * FROM AdTypeInfo  WHERE 1=1  AND [Id]='0'  
-------------end 2017/9/6 14:46:01-------------
-------------start 2017/9/6 14:46:01-------------/Admin/Ads/AdPageList.aspx
SELECT * FROM AdSiteInfo  WHERE 1=1  AND [Id]='0'  
-------------end 2017/9/6 14:46:01-------------
-------------start 2017/9/6 14:46:01-------------/Admin/Ads/AdPageList.aspx
SELECT * FROM AdTypeInfo  WHERE 1=1  AND [Id]='0'  
-------------end 2017/9/6 14:46:01-------------
-------------start 2017/9/6 14:46:01-------------/Admin/Ads/AdPageList.aspx
SELECT * FROM AdSiteInfo  WHERE 1=1  AND [Id]='0'  
-------------end 2017/9/6 14:46:01-------------
-------------start 2017/9/6 14:46:01-------------/Admin/Ads/AdPageList.aspx
SELECT * FROM AdTypeInfo  WHERE 1=1  AND [Id]='0'  
-------------end 2017/9/6 14:46:01-------------
-------------start 2017/9/6 14:46:01-------------/Admin/Ads/AdPageList.aspx
SELECT * FROM AdSiteInfo  WHERE 1=1  AND [Id]='0'  
-------------end 2017/9/6 14:46:01-------------
-------------start 2017/9/6 14:46:01-------------/Admin/Ads/AdPageList.aspx
SELECT * FROM AdTypeInfo  WHERE 1=1  AND [Id]='0'  
-------------end 2017/9/6 14:46:01-------------
-------------start 2017/9/6 14:46:01-------------/Admin/Ads/AdPageList.aspx
SELECT * FROM AdSiteInfo  WHERE 1=1  AND [Id]='0'  
-------------end 2017/9/6 14:46:01-------------
-------------start 2017/9/6 14:46:01-------------/Admin/Ads/AdPageList.aspx
SELECT * FROM AdTypeInfo  WHERE 1=1  AND [Id]='0'  
-------------end 2017/9/6 14:46:01-------------
-------------start 2017/9/6 14:46:01-------------/Admin/Ads/AdPageList.aspx
SELECT * FROM AdSiteInfo  WHERE 1=1  AND [Id]='0'  
-------------end 2017/9/6 14:46:01-------------
-------------start 2017/9/6 14:46:01-------------/Admin/Ads/AdPageList.aspx
SELECT * FROM AdTypeInfo  WHERE 1=1  AND [Id]='0'  
-------------end 2017/9/6 14:46:01-------------
-------------start 2017/9/6 14:46:01-------------/Admin/Ads/AdPageList.aspx
SELECT * FROM AdSiteInfo  WHERE 1=1  AND [Id]='0'  
-------------end 2017/9/6 14:46:01-------------
-------------start 2017/9/6 14:46:01-------------/Admin/Ads/AdPageList.aspx
SELECT * FROM AdTypeInfo  WHERE 1=1  AND [Id]='0'  
-------------end 2017/9/6 14:46:01-------------
-------------start 2017/9/6 14:46:01-------------/Admin/Ads/AdPageList.aspx
SELECT * FROM AdSiteInfo  WHERE 1=1  AND [Id]='0'  
-------------end 2017/9/6 14:46:01-------------
-------------start 2017/9/6 14:46:01-------------/Admin/Ads/AdPageList.aspx
SELECT * FROM AdTypeInfo  WHERE 1=1  AND [Id]='0'  
-------------end 2017/9/6 14:46:01-------------
-------------start 2017/9/6 14:46:01-------------/Admin/Ads/AdPageList.aspx
SELECT * FROM AdSiteInfo  WHERE 1=1  AND [Id]='0'  
-------------end 2017/9/6 14:46:01-------------
-------------start 2017/9/6 14:46:01-------------/Admin/Ads/AdPageList.aspx
SELECT * FROM AdTypeInfo  WHERE 1=1  AND [Id]='0'  
-------------end 2017/9/6 14:46:01-------------
-------------start 2017/9/6 14:46:01-------------/Admin/Ads/AdPageList.aspx
SELECT * FROM AdSiteInfo  WHERE 1=1  AND [Id]='0'  
-------------end 2017/9/6 14:46:01-------------
-------------start 2017/9/6 14:46:25-------------/Login.aspx
SELECT * FROM AccountInfo  WHERE 1=1  AND [UserName]='viptest1' 
 
-------------end 2017/9/6 14:46:25-------------
-------------start 2017/9/6 14:46:29-------------/AccVir/Index.aspx
SELECT TOP 10 * FROM [AdPageInfo]  WHERE 1=1  AND [UserId]='26'  AND Id NOT IN (SELECT TOP 0 Id FROM [AdPageInfo]  WHERE 1=1  AND [UserId]='26'  )  
-------------end 2017/9/6 14:46:29-------------
-------------start 2017/9/6 14:46:58-------------/AccVir/Index.aspx
SELECT * FROM AccountInfo  WHERE 1=1  AND [UserName]='viptest1' 
 
-------------end 2017/9/6 14:46:58-------------
-------------start 2017/9/6 14:46:58-------------/AccVir/Index.aspx
SELECT * FROM AdPageInfo  WHERE 1=1  
-------------end 2017/9/6 14:46:58-------------
-------------start 2017/9/6 14:46:58-------------/AccVir/Index.aspx
SELECT TOP 10 * FROM [AdPageInfo]  WHERE 1=1  AND [UserId]='26'  AND Id NOT IN (SELECT TOP 0 Id FROM [AdPageInfo]  WHERE 1=1  AND [UserId]='26'  )  
-------------end 2017/9/6 14:46:58-------------
-------------start 2017/9/6 14:47:41-------------/Login.aspx?ReturnUrl=%2fAdmin%2fAds%2fAdPageEdit.aspx%3fid%3d231&id=231
SELECT * FROM AccountInfo  WHERE 1=1  AND [UserName]='viptest1' 
 
-------------end 2017/9/6 14:47:41-------------
-------------start 2017/9/6 14:47:42-------------/AccVir/Index.aspx
SELECT * FROM AccountInfo  WHERE 1=1  AND [UserName]='viptest1' 
 
-------------end 2017/9/6 14:47:42-------------
-------------start 2017/9/6 14:47:42-------------/AccVir/Index.aspx
SELECT * FROM AdPageInfo  WHERE 1=1  
-------------end 2017/9/6 14:47:42-------------
-------------start 2017/9/6 14:47:42-------------/AccVir/Index.aspx
SELECT TOP 10 * FROM [AdPageInfo]  WHERE 1=1  AND [UserId]='26'  AND Id NOT IN (SELECT TOP 0 Id FROM [AdPageInfo]  WHERE 1=1  AND [UserId]='26'  )  
-------------end 2017/9/6 14:47:42-------------
-------------start 2017/9/6 14:48:31-------------/AccVir/Index.aspx
SELECT TOP 10 * FROM [AdPageInfo]  WHERE 1=1  AND [UserId]='26'  AND Id NOT IN (SELECT TOP 0 Id FROM [AdPageInfo]  WHERE 1=1  AND [UserId]='26'  )  
-------------end 2017/9/6 14:48:31-------------
