-------------start 2017/10/17 19:16:50-------------/Login.aspx
SELECT * FROM AccountInfo  WHERE 1=1  AND [UserName]='admin' 
 
-------------end 2017/10/17 19:16:50-------------
-------------start 2017/10/17 19:16:51-------------/Admin/Index.aspx
SELECT * FROM AccountInfo  WHERE 1=1  AND [UserName]='admin' 
 
-------------end 2017/10/17 19:16:51-------------
-------------start 2017/10/17 19:16:54-------------/Admin/Ads/AdPageList.aspx
SELECT * FROM AccountInfo  WHERE 1=1  AND UserType <> 100 
 
-------------end 2017/10/17 19:16:54-------------
-------------start 2017/10/17 19:16:54-------------/Admin/Ads/AdPageList.aspx
SELECT * FROM AdTypeInfo  WHERE 1=1  
-------------end 2017/10/17 19:16:54-------------
-------------start 2017/10/17 19:16:54-------------/Admin/Ads/AdPageList.aspx
SELECT * FROM AdSiteInfo  WHERE 1=1  
-------------end 2017/10/17 19:16:54-------------
-------------start 2017/10/17 19:16:54-------------/Admin/Ads/AdPageList.aspx
SELECT * FROM AdPageInfo  WHERE 1=1  
-------------end 2017/10/17 19:16:54-------------
-------------start 2017/10/17 19:16:54-------------/Admin/Ads/AdPageList.aspx
SELECT TOP 10 * FROM [AdPageInfo]  WHERE 1=1  AND [IsDel]='0'  AND Id NOT IN (SELECT TOP 0 Id FROM [AdPageInfo]  WHERE 1=1  AND [IsDel]='0'   order by  id desc )   order by  id desc 
-------------end 2017/10/17 19:16:54-------------
-------------start 2017/10/17 19:16:54-------------/Admin/Ads/AdPageList.aspx
SELECT * FROM AccountInfo  WHERE 1=1  AND [Id]='2' 
 
-------------end 2017/10/17 19:16:54-------------
-------------start 2017/10/17 19:16:54-------------/Admin/Ads/AdPageList.aspx
SELECT * FROM AdTypeInfo  WHERE 1=1  AND [Id]='0'  
-------------end 2017/10/17 19:16:54-------------
-------------start 2017/10/17 19:16:54-------------/Admin/Ads/AdPageList.aspx
SELECT * FROM AdSiteInfo  WHERE 1=1  AND [Id]='0'  
-------------end 2017/10/17 19:16:54-------------
-------------start 2017/10/17 19:16:54-------------/Admin/Ads/AdPageList.aspx
SELECT * FROM AccountInfo  WHERE 1=1  AND [Id]='26' 
 
-------------end 2017/10/17 19:16:54-------------
-------------start 2017/10/17 19:16:54-------------/Admin/Ads/AdPageList.aspx
SELECT * FROM AdTypeInfo  WHERE 1=1  AND [Id]='0'  
-------------end 2017/10/17 19:16:54-------------
-------------start 2017/10/17 19:16:54-------------/Admin/Ads/AdPageList.aspx
SELECT * FROM AdSiteInfo  WHERE 1=1  AND [Id]='0'  
-------------end 2017/10/17 19:16:54-------------
-------------start 2017/10/17 19:16:54-------------/Admin/Ads/AdPageList.aspx
SELECT * FROM AdTypeInfo  WHERE 1=1  AND [Id]='0'  
-------------end 2017/10/17 19:16:54-------------
-------------start 2017/10/17 19:16:54-------------/Admin/Ads/AdPageList.aspx
SELECT * FROM AdSiteInfo  WHERE 1=1  AND [Id]='0'  
-------------end 2017/10/17 19:16:54-------------
-------------start 2017/10/17 19:16:54-------------/Admin/Ads/AdPageList.aspx
SELECT * FROM AdTypeInfo  WHERE 1=1  AND [Id]='0'  
-------------end 2017/10/17 19:16:54-------------
-------------start 2017/10/17 19:16:54-------------/Admin/Ads/AdPageList.aspx
SELECT * FROM AdSiteInfo  WHERE 1=1  AND [Id]='0'  
-------------end 2017/10/17 19:16:54-------------
-------------start 2017/10/17 19:16:54-------------/Admin/Ads/AdPageList.aspx
SELECT * FROM AccountInfo  WHERE 1=1  AND [Id]='25' 
 
-------------end 2017/10/17 19:16:54-------------
-------------start 2017/10/17 19:16:54-------------/Admin/Ads/AdPageList.aspx
SELECT * FROM AdTypeInfo  WHERE 1=1  AND [Id]='0'  
-------------end 2017/10/17 19:16:54-------------
-------------start 2017/10/17 19:16:54-------------/Admin/Ads/AdPageList.aspx
SELECT * FROM AdSiteInfo  WHERE 1=1  AND [Id]='0'  
-------------end 2017/10/17 19:16:54-------------
-------------start 2017/10/17 19:16:54-------------/Admin/Ads/AdPageList.aspx
SELECT * FROM AdTypeInfo  WHERE 1=1  AND [Id]='0'  
-------------end 2017/10/17 19:16:54-------------
-------------start 2017/10/17 19:16:54-------------/Admin/Ads/AdPageList.aspx
SELECT * FROM AdSiteInfo  WHERE 1=1  AND [Id]='0'  
-------------end 2017/10/17 19:16:54-------------
-------------start 2017/10/17 19:16:54-------------/Admin/Ads/AdPageList.aspx
SELECT * FROM AdTypeInfo  WHERE 1=1  AND [Id]='0'  
-------------end 2017/10/17 19:16:54-------------
-------------start 2017/10/17 19:16:54-------------/Admin/Ads/AdPageList.aspx
SELECT * FROM AdSiteInfo  WHERE 1=1  AND [Id]='0'  
-------------end 2017/10/17 19:16:54-------------
-------------start 2017/10/17 19:16:54-------------/Admin/Ads/AdPageList.aspx
SELECT * FROM AdTypeInfo  WHERE 1=1  AND [Id]='0'  
-------------end 2017/10/17 19:16:54-------------
-------------start 2017/10/17 19:16:54-------------/Admin/Ads/AdPageList.aspx
SELECT * FROM AdSiteInfo  WHERE 1=1  AND [Id]='0'  
-------------end 2017/10/17 19:16:54-------------
-------------start 2017/10/17 19:16:54-------------/Admin/Ads/AdPageList.aspx
SELECT * FROM AccountInfo  WHERE 1=1  AND [Id]='24' 
 
-------------end 2017/10/17 19:16:54-------------
-------------start 2017/10/17 19:16:54-------------/Admin/Ads/AdPageList.aspx
SELECT * FROM AdTypeInfo  WHERE 1=1  AND [Id]='0'  
-------------end 2017/10/17 19:16:54-------------
-------------start 2017/10/17 19:16:54-------------/Admin/Ads/AdPageList.aspx
SELECT * FROM AdSiteInfo  WHERE 1=1  AND [Id]='0'  
-------------end 2017/10/17 19:16:54-------------
-------------start 2017/10/17 19:16:54-------------/Admin/Ads/AdPageList.aspx
SELECT * FROM AccountInfo  WHERE 1=1  AND [Id]='23' 
 
-------------end 2017/10/17 19:16:54-------------
-------------start 2017/10/17 19:16:54-------------/Admin/Ads/AdPageList.aspx
SELECT * FROM AdTypeInfo  WHERE 1=1  AND [Id]='0'  
-------------end 2017/10/17 19:16:54-------------
-------------start 2017/10/17 19:16:54-------------/Admin/Ads/AdPageList.aspx
SELECT * FROM AdSiteInfo  WHERE 1=1  AND [Id]='0'  
-------------end 2017/10/17 19:16:54-------------
-------------start 2017/10/17 19:16:56-------------/Admin/Ads/AdPageEdit.aspx
SELECT * FROM AccountInfo  WHERE 1=1  AND UserType <> 100 
 
-------------end 2017/10/17 19:16:56-------------
-------------start 2017/10/17 19:17:04-------------/Admin/Ads/AdPageEdit.aspx
SELECT * FROM AdPageInfo  WHERE 1=1  AND [Id]='239'  
-------------end 2017/10/17 19:17:04-------------
-------------start 2017/10/17 19:17:04-------------/Admin/Ads/AdPageEdit.aspx
SELECT * FROM ArticleInfo  WHERE 1=1  
-------------end 2017/10/17 19:17:04-------------
-------------start 2017/10/17 19:17:04-------------/Admin/Ads/AdPageList.aspx
SELECT * FROM AccountInfo  WHERE 1=1  AND UserType <> 100 
 
-------------end 2017/10/17 19:17:04-------------
-------------start 2017/10/17 19:17:04-------------/Admin/Ads/AdPageList.aspx
SELECT * FROM AdTypeInfo  WHERE 1=1  
-------------end 2017/10/17 19:17:04-------------
-------------start 2017/10/17 19:17:04-------------/Admin/Ads/AdPageList.aspx
SELECT * FROM AdSiteInfo  WHERE 1=1  
-------------end 2017/10/17 19:17:04-------------
-------------start 2017/10/17 19:17:04-------------/Admin/Ads/AdPageList.aspx
SELECT TOP 10 * FROM [AdPageInfo]  WHERE 1=1  AND [IsDel]='0'  AND Id NOT IN (SELECT TOP 0 Id FROM [AdPageInfo]  WHERE 1=1  AND [IsDel]='0'   order by  id desc )   order by  id desc 
-------------end 2017/10/17 19:17:04-------------
-------------start 2017/10/17 19:17:04-------------/Admin/Ads/AdPageList.aspx
SELECT * FROM AdTypeInfo  WHERE 1=1  AND [Id]='0'  
-------------end 2017/10/17 19:17:04-------------
-------------start 2017/10/17 19:17:04-------------/Admin/Ads/AdPageList.aspx
SELECT * FROM AdSiteInfo  WHERE 1=1  AND [Id]='0'  
-------------end 2017/10/17 19:17:04-------------
-------------start 2017/10/17 19:17:04-------------/Admin/Ads/AdPageList.aspx
SELECT * FROM AdTypeInfo  WHERE 1=1  AND [Id]='0'  
-------------end 2017/10/17 19:17:04-------------
-------------start 2017/10/17 19:17:04-------------/Admin/Ads/AdPageList.aspx
SELECT * FROM AdSiteInfo  WHERE 1=1  AND [Id]='0'  
-------------end 2017/10/17 19:17:04-------------
-------------start 2017/10/17 19:17:04-------------/Admin/Ads/AdPageList.aspx
SELECT * FROM AdTypeInfo  WHERE 1=1  AND [Id]='0'  
-------------end 2017/10/17 19:17:04-------------
-------------start 2017/10/17 19:17:04-------------/Admin/Ads/AdPageList.aspx
SELECT * FROM AdSiteInfo  WHERE 1=1  AND [Id]='0'  
-------------end 2017/10/17 19:17:04-------------
-------------start 2017/10/17 19:17:04-------------/Admin/Ads/AdPageList.aspx
SELECT * FROM AdTypeInfo  WHERE 1=1  AND [Id]='0'  
-------------end 2017/10/17 19:17:04-------------
-------------start 2017/10/17 19:17:04-------------/Admin/Ads/AdPageList.aspx
SELECT * FROM AdSiteInfo  WHERE 1=1  AND [Id]='0'  
-------------end 2017/10/17 19:17:04-------------
-------------start 2017/10/17 19:17:04-------------/Admin/Ads/AdPageList.aspx
SELECT * FROM AdTypeInfo  WHERE 1=1  AND [Id]='0'  
-------------end 2017/10/17 19:17:04-------------
-------------start 2017/10/17 19:17:04-------------/Admin/Ads/AdPageList.aspx
SELECT * FROM AdSiteInfo  WHERE 1=1  AND [Id]='0'  
-------------end 2017/10/17 19:17:04-------------
-------------start 2017/10/17 19:17:04-------------/Admin/Ads/AdPageList.aspx
SELECT * FROM AdTypeInfo  WHERE 1=1  AND [Id]='0'  
-------------end 2017/10/17 19:17:04-------------
-------------start 2017/10/17 19:17:04-------------/Admin/Ads/AdPageList.aspx
SELECT * FROM AdSiteInfo  WHERE 1=1  AND [Id]='0'  
-------------end 2017/10/17 19:17:04-------------
-------------start 2017/10/17 19:17:04-------------/Admin/Ads/AdPageList.aspx
SELECT * FROM AdTypeInfo  WHERE 1=1  AND [Id]='0'  
-------------end 2017/10/17 19:17:04-------------
-------------start 2017/10/17 19:17:04-------------/Admin/Ads/AdPageList.aspx
SELECT * FROM AdSiteInfo  WHERE 1=1  AND [Id]='0'  
-------------end 2017/10/17 19:17:04-------------
-------------start 2017/10/17 19:17:04-------------/Admin/Ads/AdPageList.aspx
SELECT * FROM AdTypeInfo  WHERE 1=1  AND [Id]='0'  
-------------end 2017/10/17 19:17:04-------------
-------------start 2017/10/17 19:17:04-------------/Admin/Ads/AdPageList.aspx
SELECT * FROM AdSiteInfo  WHERE 1=1  AND [Id]='0'  
-------------end 2017/10/17 19:17:04-------------
-------------start 2017/10/17 19:17:04-------------/Admin/Ads/AdPageList.aspx
SELECT * FROM AdTypeInfo  WHERE 1=1  AND [Id]='0'  
-------------end 2017/10/17 19:17:04-------------
-------------start 2017/10/17 19:17:04-------------/Admin/Ads/AdPageList.aspx
SELECT * FROM AdSiteInfo  WHERE 1=1  AND [Id]='0'  
-------------end 2017/10/17 19:17:04-------------
-------------start 2017/10/17 19:17:04-------------/Admin/Ads/AdPageList.aspx
SELECT * FROM AdTypeInfo  WHERE 1=1  AND [Id]='0'  
-------------end 2017/10/17 19:17:04-------------
-------------start 2017/10/17 19:17:04-------------/Admin/Ads/AdPageList.aspx
SELECT * FROM AdSiteInfo  WHERE 1=1  AND [Id]='0'  
-------------end 2017/10/17 19:17:04-------------
-------------start 2017/10/17 19:17:06-------------/Admin/Ads/AdPageEdit.aspx?id=239
SELECT * FROM AccountInfo  WHERE 1=1  AND UserType <> 100 
 
-------------end 2017/10/17 19:17:06-------------
-------------start 2017/10/17 19:17:06-------------/Admin/Ads/AdPageEdit.aspx?id=239
SELECT * FROM AdPageInfo  WHERE 1=1  AND [Id]='239'  
-------------end 2017/10/17 19:17:06-------------
-------------start 2017/10/17 19:19:06-------------/Admin/Ads/AdPageEdit.aspx?id=239
SELECT * FROM AdPageInfo  WHERE 1=1  AND [Id]='239'  
-------------end 2017/10/17 19:19:06-------------
-------------start 2017/10/17 19:19:06-------------/Admin/Ads/AdPageEdit.aspx?id=239
SELECT * FROM AdPageInfo  WHERE 1=1  AND [Id]='239'  
-------------end 2017/10/17 19:19:06-------------
-------------start 2017/10/17 19:19:06-------------/Admin/Ads/AdPageEdit.aspx?id=239
SELECT * FROM AdPageInfo  WHERE 1=1  
-------------end 2017/10/17 19:19:06-------------
-------------start 2017/10/17 19:19:06-------------/Admin/Ads/AdPageEdit.aspx?id=239
SELECT * FROM AdPageInfo  WHERE 1=1  
-------------end 2017/10/17 19:19:06-------------
-------------start 2017/10/17 19:19:06-------------/Admin/Ads/AdPageList.aspx
SELECT * FROM AccountInfo  WHERE 1=1  AND UserType <> 100 
 
-------------end 2017/10/17 19:19:06-------------
-------------start 2017/10/17 19:19:06-------------/Admin/Ads/AdPageList.aspx
SELECT * FROM AdTypeInfo  WHERE 1=1  
-------------end 2017/10/17 19:19:06-------------
-------------start 2017/10/17 19:19:06-------------/Admin/Ads/AdPageList.aspx
SELECT * FROM AdSiteInfo  WHERE 1=1  
-------------end 2017/10/17 19:19:06-------------
-------------start 2017/10/17 19:19:06-------------/Admin/Ads/AdPageList.aspx
SELECT TOP 10 * FROM [AdPageInfo]  WHERE 1=1  AND [IsDel]='0'  AND Id NOT IN (SELECT TOP 0 Id FROM [AdPageInfo]  WHERE 1=1  AND [IsDel]='0'   order by  id desc )   order by  id desc 
-------------end 2017/10/17 19:19:06-------------
-------------start 2017/10/17 19:19:06-------------/Admin/Ads/AdPageList.aspx
SELECT * FROM AdTypeInfo  WHERE 1=1  AND [Id]='0'  
-------------end 2017/10/17 19:19:06-------------
-------------start 2017/10/17 19:19:06-------------/Admin/Ads/AdPageList.aspx
SELECT * FROM AdSiteInfo  WHERE 1=1  AND [Id]='0'  
-------------end 2017/10/17 19:19:06-------------
-------------start 2017/10/17 19:19:06-------------/Admin/Ads/AdPageList.aspx
SELECT * FROM AdTypeInfo  WHERE 1=1  AND [Id]='0'  
-------------end 2017/10/17 19:19:06-------------
-------------start 2017/10/17 19:19:06-------------/Admin/Ads/AdPageList.aspx
SELECT * FROM AdSiteInfo  WHERE 1=1  AND [Id]='0'  
-------------end 2017/10/17 19:19:06-------------
-------------start 2017/10/17 19:19:06-------------/Admin/Ads/AdPageList.aspx
SELECT * FROM AdTypeInfo  WHERE 1=1  AND [Id]='0'  
-------------end 2017/10/17 19:19:06-------------
-------------start 2017/10/17 19:19:06-------------/Admin/Ads/AdPageList.aspx
SELECT * FROM AdSiteInfo  WHERE 1=1  AND [Id]='0'  
-------------end 2017/10/17 19:19:06-------------
-------------start 2017/10/17 19:19:06-------------/Admin/Ads/AdPageList.aspx
SELECT * FROM AdTypeInfo  WHERE 1=1  AND [Id]='0'  
-------------end 2017/10/17 19:19:06-------------
-------------start 2017/10/17 19:19:06-------------/Admin/Ads/AdPageList.aspx
SELECT * FROM AdSiteInfo  WHERE 1=1  AND [Id]='0'  
-------------end 2017/10/17 19:19:06-------------
-------------start 2017/10/17 19:19:06-------------/Admin/Ads/AdPageList.aspx
SELECT * FROM AdTypeInfo  WHERE 1=1  AND [Id]='0'  
-------------end 2017/10/17 19:19:06-------------
-------------start 2017/10/17 19:19:06-------------/Admin/Ads/AdPageList.aspx
SELECT * FROM AdSiteInfo  WHERE 1=1  AND [Id]='0'  
-------------end 2017/10/17 19:19:06-------------
-------------start 2017/10/17 19:19:06-------------/Admin/Ads/AdPageList.aspx
SELECT * FROM AdTypeInfo  WHERE 1=1  AND [Id]='0'  
-------------end 2017/10/17 19:19:06-------------
-------------start 2017/10/17 19:19:06-------------/Admin/Ads/AdPageList.aspx
SELECT * FROM AdSiteInfo  WHERE 1=1  AND [Id]='0'  
-------------end 2017/10/17 19:19:06-------------
-------------start 2017/10/17 19:19:06-------------/Admin/Ads/AdPageList.aspx
SELECT * FROM AdTypeInfo  WHERE 1=1  AND [Id]='0'  
-------------end 2017/10/17 19:19:06-------------
-------------start 2017/10/17 19:19:06-------------/Admin/Ads/AdPageList.aspx
SELECT * FROM AdSiteInfo  WHERE 1=1  AND [Id]='0'  
-------------end 2017/10/17 19:19:06-------------
-------------start 2017/10/17 19:19:06-------------/Admin/Ads/AdPageList.aspx
SELECT * FROM AdTypeInfo  WHERE 1=1  AND [Id]='0'  
-------------end 2017/10/17 19:19:06-------------
-------------start 2017/10/17 19:19:06-------------/Admin/Ads/AdPageList.aspx
SELECT * FROM AdSiteInfo  WHERE 1=1  AND [Id]='0'  
-------------end 2017/10/17 19:19:06-------------
-------------start 2017/10/17 19:19:06-------------/Admin/Ads/AdPageList.aspx
SELECT * FROM AdTypeInfo  WHERE 1=1  AND [Id]='0'  
-------------end 2017/10/17 19:19:06-------------
-------------start 2017/10/17 19:19:06-------------/Admin/Ads/AdPageList.aspx
SELECT * FROM AdSiteInfo  WHERE 1=1  AND [Id]='0'  
-------------end 2017/10/17 19:19:06-------------
-------------start 2017/10/17 19:19:06-------------/Admin/Ads/AdPageList.aspx
SELECT * FROM AdTypeInfo  WHERE 1=1  AND [Id]='0'  
-------------end 2017/10/17 19:19:06-------------
-------------start 2017/10/17 19:19:06-------------/Admin/Ads/AdPageList.aspx
SELECT * FROM AdSiteInfo  WHERE 1=1  AND [Id]='0'  
-------------end 2017/10/17 19:19:06-------------
-------------start 2017/10/17 19:19:25-------------/Admin/Ads/AdPageEdit.aspx?id=239
SELECT * FROM AccountInfo  WHERE 1=1  AND UserType <> 100 
 
-------------end 2017/10/17 19:19:25-------------
-------------start 2017/10/17 19:19:25-------------/Admin/Ads/AdPageEdit.aspx?id=239
SELECT * FROM AdPageInfo  WHERE 1=1  AND [Id]='239'  
-------------end 2017/10/17 19:19:25-------------
-------------start 2017/10/17 19:19:38-------------/Admin/Ads/AdPageEdit.aspx?id=239
SELECT * FROM AdPageInfo  WHERE 1=1  AND [Id]='239'  
-------------end 2017/10/17 19:19:38-------------
-------------start 2017/10/17 19:19:38-------------/Admin/Ads/AdPageEdit.aspx?id=239
SELECT * FROM AdPageInfo  WHERE 1=1  AND [Id]='239'  
-------------end 2017/10/17 19:19:38-------------
-------------start 2017/10/17 19:19:38-------------/Admin/Ads/AdPageEdit.aspx?id=239
SELECT * FROM AdPageInfo  WHERE 1=1  
-------------end 2017/10/17 19:19:38-------------
-------------start 2017/10/17 19:19:38-------------/Admin/Ads/AdPageEdit.aspx?id=239
SELECT * FROM AdPageInfo  WHERE 1=1  
-------------end 2017/10/17 19:19:38-------------
-------------start 2017/10/17 19:19:38-------------/Admin/Ads/AdPageList.aspx
SELECT * FROM AccountInfo  WHERE 1=1  AND UserType <> 100 
 
-------------end 2017/10/17 19:19:38-------------
-------------start 2017/10/17 19:19:38-------------/Admin/Ads/AdPageList.aspx
SELECT * FROM AdTypeInfo  WHERE 1=1  
-------------end 2017/10/17 19:19:38-------------
-------------start 2017/10/17 19:19:38-------------/Admin/Ads/AdPageList.aspx
SELECT * FROM AdSiteInfo  WHERE 1=1  
-------------end 2017/10/17 19:19:38-------------
-------------start 2017/10/17 19:19:38-------------/Admin/Ads/AdPageList.aspx
SELECT TOP 10 * FROM [AdPageInfo]  WHERE 1=1  AND [IsDel]='0'  AND Id NOT IN (SELECT TOP 0 Id FROM [AdPageInfo]  WHERE 1=1  AND [IsDel]='0'   order by  id desc )   order by  id desc 
-------------end 2017/10/17 19:19:38-------------
-------------start 2017/10/17 19:19:38-------------/Admin/Ads/AdPageList.aspx
SELECT * FROM AdTypeInfo  WHERE 1=1  AND [Id]='0'  
-------------end 2017/10/17 19:19:38-------------
-------------start 2017/10/17 19:19:38-------------/Admin/Ads/AdPageList.aspx
SELECT * FROM AdSiteInfo  WHERE 1=1  AND [Id]='0'  
-------------end 2017/10/17 19:19:38-------------
-------------start 2017/10/17 19:19:38-------------/Admin/Ads/AdPageList.aspx
SELECT * FROM AdTypeInfo  WHERE 1=1  AND [Id]='0'  
-------------end 2017/10/17 19:19:38-------------
-------------start 2017/10/17 19:19:38-------------/Admin/Ads/AdPageList.aspx
SELECT * FROM AdSiteInfo  WHERE 1=1  AND [Id]='0'  
-------------end 2017/10/17 19:19:38-------------
-------------start 2017/10/17 19:19:38-------------/Admin/Ads/AdPageList.aspx
SELECT * FROM AdTypeInfo  WHERE 1=1  AND [Id]='0'  
-------------end 2017/10/17 19:19:38-------------
-------------start 2017/10/17 19:19:38-------------/Admin/Ads/AdPageList.aspx
SELECT * FROM AdSiteInfo  WHERE 1=1  AND [Id]='0'  
-------------end 2017/10/17 19:19:38-------------
-------------start 2017/10/17 19:19:38-------------/Admin/Ads/AdPageList.aspx
SELECT * FROM AdTypeInfo  WHERE 1=1  AND [Id]='0'  
-------------end 2017/10/17 19:19:38-------------
-------------start 2017/10/17 19:19:38-------------/Admin/Ads/AdPageList.aspx
SELECT * FROM AdSiteInfo  WHERE 1=1  AND [Id]='0'  
-------------end 2017/10/17 19:19:38-------------
-------------start 2017/10/17 19:19:38-------------/Admin/Ads/AdPageList.aspx
SELECT * FROM AdTypeInfo  WHERE 1=1  AND [Id]='0'  
-------------end 2017/10/17 19:19:38-------------
-------------start 2017/10/17 19:19:38-------------/Admin/Ads/AdPageList.aspx
SELECT * FROM AdSiteInfo  WHERE 1=1  AND [Id]='0'  
-------------end 2017/10/17 19:19:38-------------
-------------start 2017/10/17 19:19:38-------------/Admin/Ads/AdPageList.aspx
SELECT * FROM AdTypeInfo  WHERE 1=1  AND [Id]='0'  
-------------end 2017/10/17 19:19:38-------------
-------------start 2017/10/17 19:19:38-------------/Admin/Ads/AdPageList.aspx
SELECT * FROM AdSiteInfo  WHERE 1=1  AND [Id]='0'  
-------------end 2017/10/17 19:19:38-------------
-------------start 2017/10/17 19:19:38-------------/Admin/Ads/AdPageList.aspx
SELECT * FROM AdTypeInfo  WHERE 1=1  AND [Id]='0'  
-------------end 2017/10/17 19:19:38-------------
-------------start 2017/10/17 19:19:38-------------/Admin/Ads/AdPageList.aspx
SELECT * FROM AdSiteInfo  WHERE 1=1  AND [Id]='0'  
-------------end 2017/10/17 19:19:38-------------
-------------start 2017/10/17 19:19:38-------------/Admin/Ads/AdPageList.aspx
SELECT * FROM AdTypeInfo  WHERE 1=1  AND [Id]='0'  
-------------end 2017/10/17 19:19:38-------------
-------------start 2017/10/17 19:19:38-------------/Admin/Ads/AdPageList.aspx
SELECT * FROM AdSiteInfo  WHERE 1=1  AND [Id]='0'  
-------------end 2017/10/17 19:19:38-------------
-------------start 2017/10/17 19:19:38-------------/Admin/Ads/AdPageList.aspx
SELECT * FROM AdTypeInfo  WHERE 1=1  AND [Id]='0'  
-------------end 2017/10/17 19:19:38-------------
-------------start 2017/10/17 19:19:38-------------/Admin/Ads/AdPageList.aspx
SELECT * FROM AdSiteInfo  WHERE 1=1  AND [Id]='0'  
-------------end 2017/10/17 19:19:38-------------
-------------start 2017/10/17 19:19:38-------------/Admin/Ads/AdPageList.aspx
SELECT * FROM AdTypeInfo  WHERE 1=1  AND [Id]='0'  
-------------end 2017/10/17 19:19:38-------------
-------------start 2017/10/17 19:19:38-------------/Admin/Ads/AdPageList.aspx
SELECT * FROM AdSiteInfo  WHERE 1=1  AND [Id]='0'  
-------------end 2017/10/17 19:19:38-------------
-------------start 2017/10/17 19:24:26-------------/Admin/Ads/AdPageEdit.aspx?id=239
SELECT * FROM AccountInfo  WHERE 1=1  AND UserType <> 100 
 
-------------end 2017/10/17 19:24:26-------------
-------------start 2017/10/17 19:24:26-------------/Admin/Ads/AdPageEdit.aspx?id=239
SELECT * FROM AdPageInfo  WHERE 1=1  AND [Id]='239'  
-------------end 2017/10/17 19:24:26-------------
-------------start 2017/10/17 19:24:32-------------/Admin/Ads/AdPageEdit.aspx?id=239
SELECT * FROM AdPageInfo  WHERE 1=1  AND [Id]='239'  
-------------end 2017/10/17 19:24:32-------------
-------------start 2017/10/17 19:24:32-------------/Admin/Ads/AdPageEdit.aspx?id=239
SELECT * FROM AdPageInfo  WHERE 1=1  AND [Id]='239'  
-------------end 2017/10/17 19:24:32-------------
-------------start 2017/10/17 19:24:32-------------/Admin/Ads/AdPageEdit.aspx?id=239
SELECT * FROM AdPageInfo  WHERE 1=1  
-------------end 2017/10/17 19:24:32-------------
-------------start 2017/10/17 19:24:32-------------/Admin/Ads/AdPageEdit.aspx?id=239
SELECT * FROM AdPageInfo  WHERE 1=1  
-------------end 2017/10/17 19:24:32-------------
-------------start 2017/10/17 19:24:32-------------/Admin/Ads/AdPageList.aspx
SELECT * FROM AccountInfo  WHERE 1=1  AND UserType <> 100 
 
-------------end 2017/10/17 19:24:32-------------
-------------start 2017/10/17 19:24:32-------------/Admin/Ads/AdPageList.aspx
SELECT * FROM AdTypeInfo  WHERE 1=1  
-------------end 2017/10/17 19:24:32-------------
-------------start 2017/10/17 19:24:32-------------/Admin/Ads/AdPageList.aspx
SELECT * FROM AdSiteInfo  WHERE 1=1  
-------------end 2017/10/17 19:24:32-------------
-------------start 2017/10/17 19:24:32-------------/Admin/Ads/AdPageList.aspx
SELECT TOP 10 * FROM [AdPageInfo]  WHERE 1=1  AND [IsDel]='0'  AND Id NOT IN (SELECT TOP 0 Id FROM [AdPageInfo]  WHERE 1=1  AND [IsDel]='0'   order by  id desc )   order by  id desc 
-------------end 2017/10/17 19:24:32-------------
-------------start 2017/10/17 19:24:32-------------/Admin/Ads/AdPageList.aspx
SELECT * FROM AdTypeInfo  WHERE 1=1  AND [Id]='0'  
-------------end 2017/10/17 19:24:32-------------
-------------start 2017/10/17 19:24:32-------------/Admin/Ads/AdPageList.aspx
SELECT * FROM AdSiteInfo  WHERE 1=1  AND [Id]='0'  
-------------end 2017/10/17 19:24:32-------------
-------------start 2017/10/17 19:24:32-------------/Admin/Ads/AdPageList.aspx
SELECT * FROM AdTypeInfo  WHERE 1=1  AND [Id]='0'  
-------------end 2017/10/17 19:24:32-------------
-------------start 2017/10/17 19:24:32-------------/Admin/Ads/AdPageList.aspx
SELECT * FROM AdSiteInfo  WHERE 1=1  AND [Id]='0'  
-------------end 2017/10/17 19:24:32-------------
-------------start 2017/10/17 19:24:32-------------/Admin/Ads/AdPageList.aspx
SELECT * FROM AdTypeInfo  WHERE 1=1  AND [Id]='0'  
-------------end 2017/10/17 19:24:32-------------
-------------start 2017/10/17 19:24:32-------------/Admin/Ads/AdPageList.aspx
SELECT * FROM AdSiteInfo  WHERE 1=1  AND [Id]='0'  
-------------end 2017/10/17 19:24:32-------------
-------------start 2017/10/17 19:24:32-------------/Admin/Ads/AdPageList.aspx
SELECT * FROM AdTypeInfo  WHERE 1=1  AND [Id]='0'  
-------------end 2017/10/17 19:24:32-------------
-------------start 2017/10/17 19:24:32-------------/Admin/Ads/AdPageList.aspx
SELECT * FROM AdSiteInfo  WHERE 1=1  AND [Id]='0'  
-------------end 2017/10/17 19:24:32-------------
-------------start 2017/10/17 19:24:32-------------/Admin/Ads/AdPageList.aspx
SELECT * FROM AdTypeInfo  WHERE 1=1  AND [Id]='0'  
-------------end 2017/10/17 19:24:32-------------
-------------start 2017/10/17 19:24:32-------------/Admin/Ads/AdPageList.aspx
SELECT * FROM AdSiteInfo  WHERE 1=1  AND [Id]='0'  
-------------end 2017/10/17 19:24:32-------------
-------------start 2017/10/17 19:24:32-------------/Admin/Ads/AdPageList.aspx
SELECT * FROM AdTypeInfo  WHERE 1=1  AND [Id]='0'  
-------------end 2017/10/17 19:24:32-------------
-------------start 2017/10/17 19:24:32-------------/Admin/Ads/AdPageList.aspx
SELECT * FROM AdSiteInfo  WHERE 1=1  AND [Id]='0'  
-------------end 2017/10/17 19:24:32-------------
-------------start 2017/10/17 19:24:32-------------/Admin/Ads/AdPageList.aspx
SELECT * FROM AdTypeInfo  WHERE 1=1  AND [Id]='0'  
-------------end 2017/10/17 19:24:32-------------
-------------start 2017/10/17 19:24:32-------------/Admin/Ads/AdPageList.aspx
SELECT * FROM AdSiteInfo  WHERE 1=1  AND [Id]='0'  
-------------end 2017/10/17 19:24:32-------------
-------------start 2017/10/17 19:24:32-------------/Admin/Ads/AdPageList.aspx
SELECT * FROM AdTypeInfo  WHERE 1=1  AND [Id]='0'  
-------------end 2017/10/17 19:24:32-------------
-------------start 2017/10/17 19:24:32-------------/Admin/Ads/AdPageList.aspx
SELECT * FROM AdSiteInfo  WHERE 1=1  AND [Id]='0'  
-------------end 2017/10/17 19:24:32-------------
-------------start 2017/10/17 19:24:32-------------/Admin/Ads/AdPageList.aspx
SELECT * FROM AdTypeInfo  WHERE 1=1  AND [Id]='0'  
-------------end 2017/10/17 19:24:32-------------
-------------start 2017/10/17 19:24:32-------------/Admin/Ads/AdPageList.aspx
SELECT * FROM AdSiteInfo  WHERE 1=1  AND [Id]='0'  
-------------end 2017/10/17 19:24:32-------------
-------------start 2017/10/17 19:24:32-------------/Admin/Ads/AdPageList.aspx
SELECT * FROM AdTypeInfo  WHERE 1=1  AND [Id]='0'  
-------------end 2017/10/17 19:24:32-------------
-------------start 2017/10/17 19:24:33-------------/Admin/Ads/AdPageList.aspx
SELECT * FROM AdSiteInfo  WHERE 1=1  AND [Id]='0'  
-------------end 2017/10/17 19:24:33-------------
-------------start 2017/10/17 19:26:06-------------/Admin/Ads/AdPageEdit.aspx?id=239
SELECT * FROM AccountInfo  WHERE 1=1  AND UserType <> 100 
 
-------------end 2017/10/17 19:26:06-------------
-------------start 2017/10/17 19:26:06-------------/Admin/Ads/AdPageEdit.aspx?id=239
SELECT * FROM AdPageInfo  WHERE 1=1  AND [Id]='239'  
-------------end 2017/10/17 19:26:06-------------
-------------start 2017/10/17 19:26:22-------------/Admin/Ads/AdPageEdit.aspx?id=239
SELECT * FROM AdPageInfo  WHERE 1=1  AND [Id]='239'  
-------------end 2017/10/17 19:26:22-------------
-------------start 2017/10/17 19:26:22-------------/Admin/Ads/AdPageEdit.aspx?id=239
SELECT * FROM AdPageInfo  WHERE 1=1  AND [Id]='239'  
-------------end 2017/10/17 19:26:22-------------
-------------start 2017/10/17 19:26:22-------------/Admin/Ads/AdPageEdit.aspx?id=239
SELECT * FROM AdPageInfo  WHERE 1=1  
-------------end 2017/10/17 19:26:22-------------
-------------start 2017/10/17 19:26:22-------------/Admin/Ads/AdPageEdit.aspx?id=239
SELECT * FROM AdPageInfo  WHERE 1=1  
-------------end 2017/10/17 19:26:22-------------
-------------start 2017/10/17 19:26:22-------------/Admin/Ads/AdPageList.aspx
SELECT * FROM AccountInfo  WHERE 1=1  AND UserType <> 100 
 
-------------end 2017/10/17 19:26:22-------------
-------------start 2017/10/17 19:26:22-------------/Admin/Ads/AdPageList.aspx
SELECT * FROM AdTypeInfo  WHERE 1=1  
-------------end 2017/10/17 19:26:22-------------
-------------start 2017/10/17 19:26:22-------------/Admin/Ads/AdPageList.aspx
SELECT * FROM AdSiteInfo  WHERE 1=1  
-------------end 2017/10/17 19:26:22-------------
-------------start 2017/10/17 19:26:22-------------/Admin/Ads/AdPageList.aspx
SELECT TOP 10 * FROM [AdPageInfo]  WHERE 1=1  AND [IsDel]='0'  AND Id NOT IN (SELECT TOP 0 Id FROM [AdPageInfo]  WHERE 1=1  AND [IsDel]='0'   order by  id desc )   order by  id desc 
-------------end 2017/10/17 19:26:22-------------
-------------start 2017/10/17 19:26:22-------------/Admin/Ads/AdPageList.aspx
SELECT * FROM AdTypeInfo  WHERE 1=1  AND [Id]='0'  
-------------end 2017/10/17 19:26:22-------------
-------------start 2017/10/17 19:26:22-------------/Admin/Ads/AdPageList.aspx
SELECT * FROM AdSiteInfo  WHERE 1=1  AND [Id]='0'  
-------------end 2017/10/17 19:26:22-------------
-------------start 2017/10/17 19:26:22-------------/Admin/Ads/AdPageList.aspx
SELECT * FROM AdTypeInfo  WHERE 1=1  AND [Id]='0'  
-------------end 2017/10/17 19:26:22-------------
-------------start 2017/10/17 19:26:22-------------/Admin/Ads/AdPageList.aspx
SELECT * FROM AdSiteInfo  WHERE 1=1  AND [Id]='0'  
-------------end 2017/10/17 19:26:22-------------
-------------start 2017/10/17 19:26:22-------------/Admin/Ads/AdPageList.aspx
SELECT * FROM AdTypeInfo  WHERE 1=1  AND [Id]='0'  
-------------end 2017/10/17 19:26:22-------------
-------------start 2017/10/17 19:26:22-------------/Admin/Ads/AdPageList.aspx
SELECT * FROM AdSiteInfo  WHERE 1=1  AND [Id]='0'  
-------------end 2017/10/17 19:26:22-------------
-------------start 2017/10/17 19:26:22-------------/Admin/Ads/AdPageList.aspx
SELECT * FROM AdTypeInfo  WHERE 1=1  AND [Id]='0'  
-------------end 2017/10/17 19:26:22-------------
-------------start 2017/10/17 19:26:22-------------/Admin/Ads/AdPageList.aspx
SELECT * FROM AdSiteInfo  WHERE 1=1  AND [Id]='0'  
-------------end 2017/10/17 19:26:22-------------
-------------start 2017/10/17 19:26:22-------------/Admin/Ads/AdPageList.aspx
SELECT * FROM AdTypeInfo  WHERE 1=1  AND [Id]='0'  
-------------end 2017/10/17 19:26:22-------------
-------------start 2017/10/17 19:26:22-------------/Admin/Ads/AdPageList.aspx
SELECT * FROM AdSiteInfo  WHERE 1=1  AND [Id]='0'  
-------------end 2017/10/17 19:26:22-------------
-------------start 2017/10/17 19:26:22-------------/Admin/Ads/AdPageList.aspx
SELECT * FROM AdTypeInfo  WHERE 1=1  AND [Id]='0'  
-------------end 2017/10/17 19:26:22-------------
-------------start 2017/10/17 19:26:22-------------/Admin/Ads/AdPageList.aspx
SELECT * FROM AdSiteInfo  WHERE 1=1  AND [Id]='0'  
-------------end 2017/10/17 19:26:22-------------
-------------start 2017/10/17 19:26:22-------------/Admin/Ads/AdPageList.aspx
SELECT * FROM AdTypeInfo  WHERE 1=1  AND [Id]='0'  
-------------end 2017/10/17 19:26:22-------------
-------------start 2017/10/17 19:26:22-------------/Admin/Ads/AdPageList.aspx
SELECT * FROM AdSiteInfo  WHERE 1=1  AND [Id]='0'  
-------------end 2017/10/17 19:26:22-------------
-------------start 2017/10/17 19:26:22-------------/Admin/Ads/AdPageList.aspx
SELECT * FROM AdTypeInfo  WHERE 1=1  AND [Id]='0'  
-------------end 2017/10/17 19:26:22-------------
-------------start 2017/10/17 19:26:22-------------/Admin/Ads/AdPageList.aspx
SELECT * FROM AdSiteInfo  WHERE 1=1  AND [Id]='0'  
-------------end 2017/10/17 19:26:22-------------
-------------start 2017/10/17 19:26:22-------------/Admin/Ads/AdPageList.aspx
SELECT * FROM AdTypeInfo  WHERE 1=1  AND [Id]='0'  
-------------end 2017/10/17 19:26:22-------------
-------------start 2017/10/17 19:26:22-------------/Admin/Ads/AdPageList.aspx
SELECT * FROM AdSiteInfo  WHERE 1=1  AND [Id]='0'  
-------------end 2017/10/17 19:26:22-------------
-------------start 2017/10/17 19:26:22-------------/Admin/Ads/AdPageList.aspx
SELECT * FROM AdTypeInfo  WHERE 1=1  AND [Id]='0'  
-------------end 2017/10/17 19:26:22-------------
-------------start 2017/10/17 19:26:22-------------/Admin/Ads/AdPageList.aspx
SELECT * FROM AdSiteInfo  WHERE 1=1  AND [Id]='0'  
-------------end 2017/10/17 19:26:22-------------
-------------start 2017/10/17 19:29:38-------------/Admin/Ads/AdPageEdit.aspx?id=239
SELECT * FROM AccountInfo  WHERE 1=1  AND [UserName]='admin' 
 
-------------end 2017/10/17 19:29:38-------------
-------------start 2017/10/17 19:29:38-------------/Admin/Ads/AdPageEdit.aspx?id=239
SELECT * FROM AdPageInfo  WHERE 1=1  
-------------end 2017/10/17 19:29:38-------------
-------------start 2017/10/17 19:29:38-------------/Admin/Ads/AdPageEdit.aspx?id=239
SELECT * FROM AccountInfo  WHERE 1=1  AND UserType <> 100 
 
-------------end 2017/10/17 19:29:38-------------
-------------start 2017/10/17 19:29:38-------------/Admin/Ads/AdPageEdit.aspx?id=239
SELECT * FROM AdPageInfo  WHERE 1=1  AND [Id]='239'  
-------------end 2017/10/17 19:29:38-------------
-------------start 2017/10/17 19:40:49-------------/Admin/Ads/AdPageList.aspx
SELECT * FROM AccountInfo  WHERE 1=1  AND UserType <> 100 
 
-------------end 2017/10/17 19:40:49-------------
-------------start 2017/10/17 19:40:49-------------/Admin/Ads/AdPageList.aspx
SELECT * FROM AdTypeInfo  WHERE 1=1  
-------------end 2017/10/17 19:40:49-------------
-------------start 2017/10/17 19:40:49-------------/Admin/Ads/AdPageList.aspx
SELECT * FROM AdSiteInfo  WHERE 1=1  
-------------end 2017/10/17 19:40:49-------------
-------------start 2017/10/17 19:40:49-------------/Admin/Ads/AdPageList.aspx
SELECT TOP 10 * FROM [AdPageInfo]  WHERE 1=1  AND [IsDel]='0'  AND Id NOT IN (SELECT TOP 0 Id FROM [AdPageInfo]  WHERE 1=1  AND [IsDel]='0'   order by  id desc )   order by  id desc 
-------------end 2017/10/17 19:40:49-------------
-------------start 2017/10/17 19:40:49-------------/Admin/Ads/AdPageList.aspx
SELECT * FROM AccountInfo  WHERE 1=1  AND [Id]='2' 
 
-------------end 2017/10/17 19:40:49-------------
-------------start 2017/10/17 19:40:49-------------/Admin/Ads/AdPageList.aspx
SELECT * FROM AdTypeInfo  WHERE 1=1  AND [Id]='0'  
-------------end 2017/10/17 19:40:49-------------
-------------start 2017/10/17 19:40:49-------------/Admin/Ads/AdPageList.aspx
SELECT * FROM AdSiteInfo  WHERE 1=1  AND [Id]='0'  
-------------end 2017/10/17 19:40:49-------------
-------------start 2017/10/17 19:40:49-------------/Admin/Ads/AdPageList.aspx
SELECT * FROM AdTypeInfo  WHERE 1=1  AND [Id]='0'  
-------------end 2017/10/17 19:40:49-------------
-------------start 2017/10/17 19:40:49-------------/Admin/Ads/AdPageList.aspx
SELECT * FROM AdSiteInfo  WHERE 1=1  AND [Id]='0'  
-------------end 2017/10/17 19:40:49-------------
-------------start 2017/10/17 19:40:49-------------/Admin/Ads/AdPageList.aspx
SELECT * FROM AccountInfo  WHERE 1=1  AND [Id]='26' 
 
-------------end 2017/10/17 19:40:49-------------
-------------start 2017/10/17 19:40:49-------------/Admin/Ads/AdPageList.aspx
SELECT * FROM AdTypeInfo  WHERE 1=1  AND [Id]='0'  
-------------end 2017/10/17 19:40:49-------------
-------------start 2017/10/17 19:40:49-------------/Admin/Ads/AdPageList.aspx
SELECT * FROM AdSiteInfo  WHERE 1=1  AND [Id]='0'  
-------------end 2017/10/17 19:40:49-------------
-------------start 2017/10/17 19:40:49-------------/Admin/Ads/AdPageList.aspx
SELECT * FROM AdTypeInfo  WHERE 1=1  AND [Id]='0'  
-------------end 2017/10/17 19:40:49-------------
-------------start 2017/10/17 19:40:49-------------/Admin/Ads/AdPageList.aspx
SELECT * FROM AdSiteInfo  WHERE 1=1  AND [Id]='0'  
-------------end 2017/10/17 19:40:49-------------
-------------start 2017/10/17 19:40:49-------------/Admin/Ads/AdPageList.aspx
SELECT * FROM AdTypeInfo  WHERE 1=1  AND [Id]='0'  
-------------end 2017/10/17 19:40:49-------------
-------------start 2017/10/17 19:40:49-------------/Admin/Ads/AdPageList.aspx
SELECT * FROM AdSiteInfo  WHERE 1=1  AND [Id]='0'  
-------------end 2017/10/17 19:40:49-------------
-------------start 2017/10/17 19:40:49-------------/Admin/Ads/AdPageList.aspx
SELECT * FROM AccountInfo  WHERE 1=1  AND [Id]='25' 
 
-------------end 2017/10/17 19:40:49-------------
-------------start 2017/10/17 19:40:49-------------/Admin/Ads/AdPageList.aspx
SELECT * FROM AdTypeInfo  WHERE 1=1  AND [Id]='0'  
-------------end 2017/10/17 19:40:49-------------
-------------start 2017/10/17 19:40:49-------------/Admin/Ads/AdPageList.aspx
SELECT * FROM AdSiteInfo  WHERE 1=1  AND [Id]='0'  
-------------end 2017/10/17 19:40:49-------------
-------------start 2017/10/17 19:40:49-------------/Admin/Ads/AdPageList.aspx
SELECT * FROM AdTypeInfo  WHERE 1=1  AND [Id]='0'  
-------------end 2017/10/17 19:40:49-------------
-------------start 2017/10/17 19:40:49-------------/Admin/Ads/AdPageList.aspx
SELECT * FROM AdSiteInfo  WHERE 1=1  AND [Id]='0'  
-------------end 2017/10/17 19:40:49-------------
-------------start 2017/10/17 19:40:49-------------/Admin/Ads/AdPageList.aspx
SELECT * FROM AdTypeInfo  WHERE 1=1  AND [Id]='0'  
-------------end 2017/10/17 19:40:49-------------
-------------start 2017/10/17 19:40:49-------------/Admin/Ads/AdPageList.aspx
SELECT * FROM AdSiteInfo  WHERE 1=1  AND [Id]='0'  
-------------end 2017/10/17 19:40:49-------------
-------------start 2017/10/17 19:40:49-------------/Admin/Ads/AdPageList.aspx
SELECT * FROM AdTypeInfo  WHERE 1=1  AND [Id]='0'  
-------------end 2017/10/17 19:40:49-------------
-------------start 2017/10/17 19:40:49-------------/Admin/Ads/AdPageList.aspx
SELECT * FROM AdSiteInfo  WHERE 1=1  AND [Id]='0'  
-------------end 2017/10/17 19:40:49-------------
-------------start 2017/10/17 19:40:49-------------/Admin/Ads/AdPageList.aspx
SELECT * FROM AccountInfo  WHERE 1=1  AND [Id]='24' 
 
-------------end 2017/10/17 19:40:49-------------
-------------start 2017/10/17 19:40:49-------------/Admin/Ads/AdPageList.aspx
SELECT * FROM AdTypeInfo  WHERE 1=1  AND [Id]='0'  
-------------end 2017/10/17 19:40:49-------------
-------------start 2017/10/17 19:40:49-------------/Admin/Ads/AdPageList.aspx
SELECT * FROM AdSiteInfo  WHERE 1=1  AND [Id]='0'  
-------------end 2017/10/17 19:40:49-------------
