-------------start 2017/7/27 11:05:40-------------/Login.aspx
SELECT * FROM AccountInfo  WHERE 1=1  AND [UserName]='admin' 
 
-------------end 2017/7/27 11:05:40-------------
-------------start 2017/7/27 11:05:57-------------/Admin/Index.aspx
SELECT * FROM AccountInfo  WHERE 1=1  AND [UserName]='admin' 
 
-------------end 2017/7/27 11:05:57-------------
-------------start 2017/7/27 11:07:15-------------/Login.aspx
SELECT * FROM AccountInfo  WHERE 1=1  AND [UserName]='xiaorui' 
 
-------------end 2017/7/27 11:07:15-------------
-------------start 2017/7/27 11:07:20-------------/Login.aspx
SELECT * FROM AccountInfo  WHERE 1=1  AND [UserName]='xiaorui' 
 
-------------end 2017/7/27 11:07:20-------------
-------------start 2017/7/27 11:07:25-------------/Login.aspx
SELECT * FROM AccountInfo  WHERE 1=1  AND [UserName]='zgliu' 
 
-------------end 2017/7/27 11:07:25-------------
-------------start 2017/7/27 11:07:40-------------/AccAnalysis/Index.aspx
SELECT * FROM AccountInfo  WHERE 1=1  AND [UserName]='zgliu' 
 
-------------end 2017/7/27 11:07:40-------------
-------------start 2017/7/27 11:07:40-------------/AccAnalysis/Index.aspx

select 
time,AdId 
,count(*) as pvcount
,count(distinct(clientid)) as uvcount
,count(distinct(clientip)) as ipcount  
,count(distinct(clientid)) /count(*) as useravg 
from  [LogBrowse]
where 1=1  and AdUserId = 2  and time = 20170727 
group by time,AdId   order by  time desc 
-------------end 2017/7/27 11:07:40-------------
-------------start 2017/7/27 11:07:46-------------/AccAnalysis/Vir/Index.aspx
SELECT * FROM AdPageInfo  WHERE 1=1  
-------------end 2017/7/27 11:07:46-------------
-------------start 2017/7/27 11:07:47-------------/AccAnalysis/Vir/Index.aspx
SELECT TOP 10 * FROM [AdPageInfo]  WHERE 1=1  AND [UserId]='2'  AND Id NOT IN (SELECT TOP 0 Id FROM [AdPageInfo]  WHERE 1=1  AND [UserId]='2'  )  
-------------end 2017/7/27 11:07:47-------------
-------------start 2017/7/27 11:08:03-------------/Accounts/Order/ProductList.aspx
SELECT TOP 10 * FROM [ProductInfo]  WHERE 1=1  AND [CreateUserId]='2'  AND Id NOT IN (SELECT TOP 0 Id FROM [ProductInfo]  WHERE 1=1  AND [CreateUserId]='2'   order by  id desc )   order by  id desc 
-------------end 2017/7/27 11:08:03-------------
-------------start 2017/7/27 11:08:03-------------/Accounts/Order/ProductList.aspx
SELECT * FROM AdPageInfo  WHERE 1=1  
-------------end 2017/7/27 11:08:03-------------
-------------start 2017/7/27 11:08:03-------------/Accounts/Order/ProductList.aspx
SELECT * FROM AdPageInfo  WHERE 1=1  
-------------end 2017/7/27 11:08:03-------------
-------------start 2017/7/27 11:08:03-------------/Accounts/Order/ProductList.aspx
SELECT * FROM AdPageInfo  WHERE 1=1  
-------------end 2017/7/27 11:08:03-------------
-------------start 2017/7/27 11:08:03-------------/Accounts/Order/ProductList.aspx
SELECT * FROM AdPageInfo  WHERE 1=1  
-------------end 2017/7/27 11:08:03-------------
-------------start 2017/7/27 11:08:03-------------/Accounts/Order/ProductList.aspx
SELECT * FROM AdPageInfo  WHERE 1=1  
-------------end 2017/7/27 11:08:03-------------
-------------start 2017/7/27 11:08:04-------------/Accounts/Order/ProductList.aspx
SELECT * FROM AdPageInfo  WHERE 1=1  
-------------end 2017/7/27 11:08:04-------------
-------------start 2017/7/27 11:09:09-------------/Accounts/Order/ProductEdit.aspx?id=3
SELECT * FROM AdPageInfo  WHERE 1=1  AND [UserId]='2'  
-------------end 2017/7/27 11:09:09-------------
-------------start 2017/7/27 11:09:10-------------/Accounts/Order/ProductEdit.aspx?id=3
SELECT * FROM ProductInfo  WHERE 1=1  AND [Id]='3'  AND [CreateUserId]='2'  
-------------end 2017/7/27 11:09:10-------------
-------------start 2017/7/27 11:09:23-------------/Accounts/Order/ProductList.aspx
SELECT TOP 10 * FROM [ProductInfo]  WHERE 1=1  AND [CreateUserId]='2'  AND Id NOT IN (SELECT TOP 0 Id FROM [ProductInfo]  WHERE 1=1  AND [CreateUserId]='2'   order by  id desc )   order by  id desc 
-------------end 2017/7/27 11:09:23-------------
-------------start 2017/7/27 11:09:23-------------/Accounts/Order/ProductList.aspx
SELECT * FROM AdPageInfo  WHERE 1=1  
-------------end 2017/7/27 11:09:23-------------
-------------start 2017/7/27 11:09:23-------------/Accounts/Order/ProductList.aspx
SELECT * FROM AdPageInfo  WHERE 1=1  
-------------end 2017/7/27 11:09:23-------------
-------------start 2017/7/27 11:09:23-------------/Accounts/Order/ProductList.aspx
SELECT * FROM AdPageInfo  WHERE 1=1  
-------------end 2017/7/27 11:09:23-------------
-------------start 2017/7/27 11:09:23-------------/Accounts/Order/ProductList.aspx
SELECT * FROM AdPageInfo  WHERE 1=1  
-------------end 2017/7/27 11:09:23-------------
-------------start 2017/7/27 11:09:23-------------/Accounts/Order/ProductList.aspx
SELECT * FROM AdPageInfo  WHERE 1=1  
-------------end 2017/7/27 11:09:23-------------
-------------start 2017/7/27 11:09:23-------------/Accounts/Order/ProductList.aspx
SELECT * FROM AdPageInfo  WHERE 1=1  
-------------end 2017/7/27 11:09:23-------------
