-------------start 2017/11/9 17:46:47-------------/Login.aspx
SELECT * FROM AccountInfo  WHERE 1=1  AND [UserName]='admin' 
 
-------------end 2017/11/9 17:46:47-------------
-------------start 2017/11/9 17:46:48-------------/Admin/Index.aspx
SELECT * FROM AccountInfo  WHERE 1=1  AND [UserName]='admin' 
 
-------------end 2017/11/9 17:46:48-------------
-------------start 2017/11/9 17:46:51-------------/Admin/Ads/AdPageList.aspx
SELECT * FROM AccountInfo  WHERE 1=1  AND UserType <> 100 
 
-------------end 2017/11/9 17:46:51-------------
-------------start 2017/11/9 17:46:51-------------/Admin/Ads/AdPageList.aspx
SELECT * FROM AdTypeInfo  WHERE 1=1  
-------------end 2017/11/9 17:46:51-------------
-------------start 2017/11/9 17:46:51-------------/Admin/Ads/AdPageList.aspx
SELECT * FROM AdSiteInfo  WHERE 1=1  
-------------end 2017/11/9 17:46:51-------------
-------------start 2017/11/9 17:46:51-------------/Admin/Ads/AdPageList.aspx
SELECT * FROM AdPageInfo  WHERE 1=1  
-------------end 2017/11/9 17:46:51-------------
-------------start 2017/11/9 17:46:51-------------/Admin/Ads/AdPageList.aspx
SELECT TOP 10 * FROM [AdPageInfo]  WHERE 1=1  AND [IsDel]='0'  AND Id NOT IN (SELECT TOP 0 Id FROM [AdPageInfo]  WHERE 1=1  AND [IsDel]='0'   order by  id desc )   order by  id desc 
-------------end 2017/11/9 17:46:51-------------
-------------start 2017/11/9 17:46:51-------------/Admin/Ads/AdPageList.aspx
SELECT * FROM AccountInfo  WHERE 1=1  AND [Id]='2' 
 
-------------end 2017/11/9 17:46:51-------------
-------------start 2017/11/9 17:46:51-------------/Admin/Ads/AdPageList.aspx
SELECT * FROM AdTypeInfo  WHERE 1=1  AND [Id]='0'  
-------------end 2017/11/9 17:46:51-------------
-------------start 2017/11/9 17:46:51-------------/Admin/Ads/AdPageList.aspx
SELECT * FROM AdSiteInfo  WHERE 1=1  AND [Id]='0'  
-------------end 2017/11/9 17:46:51-------------
-------------start 2017/11/9 17:46:52-------------/Admin/Ads/AdPageList.aspx
SELECT * FROM AccountInfo  WHERE 1=1  AND [Id]='27' 
 
-------------end 2017/11/9 17:46:52-------------
-------------start 2017/11/9 17:46:52-------------/Admin/Ads/AdPageList.aspx
SELECT * FROM AdTypeInfo  WHERE 1=1  AND [Id]='0'  
-------------end 2017/11/9 17:46:52-------------
-------------start 2017/11/9 17:46:52-------------/Admin/Ads/AdPageList.aspx
SELECT * FROM AdSiteInfo  WHERE 1=1  AND [Id]='0'  
-------------end 2017/11/9 17:46:52-------------
-------------start 2017/11/9 17:46:52-------------/Admin/Ads/AdPageList.aspx
SELECT * FROM AdTypeInfo  WHERE 1=1  AND [Id]='0'  
-------------end 2017/11/9 17:46:52-------------
-------------start 2017/11/9 17:46:52-------------/Admin/Ads/AdPageList.aspx
SELECT * FROM AdSiteInfo  WHERE 1=1  AND [Id]='0'  
-------------end 2017/11/9 17:46:52-------------
-------------start 2017/11/9 17:46:52-------------/Admin/Ads/AdPageList.aspx
SELECT * FROM AdTypeInfo  WHERE 1=1  AND [Id]='0'  
-------------end 2017/11/9 17:46:52-------------
-------------start 2017/11/9 17:46:52-------------/Admin/Ads/AdPageList.aspx
SELECT * FROM AdSiteInfo  WHERE 1=1  AND [Id]='0'  
-------------end 2017/11/9 17:46:52-------------
-------------start 2017/11/9 17:46:52-------------/Admin/Ads/AdPageList.aspx
SELECT * FROM AccountInfo  WHERE 1=1  AND [Id]='26' 
 
-------------end 2017/11/9 17:46:52-------------
-------------start 2017/11/9 17:46:52-------------/Admin/Ads/AdPageList.aspx
SELECT * FROM AdTypeInfo  WHERE 1=1  AND [Id]='0'  
-------------end 2017/11/9 17:46:52-------------
-------------start 2017/11/9 17:46:52-------------/Admin/Ads/AdPageList.aspx
SELECT * FROM AdSiteInfo  WHERE 1=1  AND [Id]='0'  
-------------end 2017/11/9 17:46:52-------------
-------------start 2017/11/9 17:46:52-------------/Admin/Ads/AdPageList.aspx
SELECT * FROM AdTypeInfo  WHERE 1=1  AND [Id]='0'  
-------------end 2017/11/9 17:46:52-------------
-------------start 2017/11/9 17:46:52-------------/Admin/Ads/AdPageList.aspx
SELECT * FROM AdSiteInfo  WHERE 1=1  AND [Id]='0'  
-------------end 2017/11/9 17:46:52-------------
-------------start 2017/11/9 17:46:52-------------/Admin/Ads/AdPageList.aspx
SELECT * FROM AdTypeInfo  WHERE 1=1  AND [Id]='0'  
-------------end 2017/11/9 17:46:52-------------
-------------start 2017/11/9 17:46:52-------------/Admin/Ads/AdPageList.aspx
SELECT * FROM AdSiteInfo  WHERE 1=1  AND [Id]='0'  
-------------end 2017/11/9 17:46:52-------------
-------------start 2017/11/9 17:46:52-------------/Admin/Ads/AdPageList.aspx
SELECT * FROM AccountInfo  WHERE 1=1  AND [Id]='25' 
 
-------------end 2017/11/9 17:46:52-------------
-------------start 2017/11/9 17:46:52-------------/Admin/Ads/AdPageList.aspx
SELECT * FROM AdTypeInfo  WHERE 1=1  AND [Id]='0'  
-------------end 2017/11/9 17:46:52-------------
-------------start 2017/11/9 17:46:52-------------/Admin/Ads/AdPageList.aspx
SELECT * FROM AdSiteInfo  WHERE 1=1  AND [Id]='0'  
-------------end 2017/11/9 17:46:52-------------
-------------start 2017/11/9 17:46:52-------------/Admin/Ads/AdPageList.aspx
SELECT * FROM AdTypeInfo  WHERE 1=1  AND [Id]='0'  
-------------end 2017/11/9 17:46:52-------------
-------------start 2017/11/9 17:46:52-------------/Admin/Ads/AdPageList.aspx
SELECT * FROM AdSiteInfo  WHERE 1=1  AND [Id]='0'  
-------------end 2017/11/9 17:46:52-------------
-------------start 2017/11/9 17:46:52-------------/Admin/Ads/AdPageList.aspx
SELECT * FROM AdTypeInfo  WHERE 1=1  AND [Id]='0'  
-------------end 2017/11/9 17:46:52-------------
-------------start 2017/11/9 17:46:52-------------/Admin/Ads/AdPageList.aspx
SELECT * FROM AdSiteInfo  WHERE 1=1  AND [Id]='0'  
-------------end 2017/11/9 17:46:52-------------
-------------start 2017/11/9 17:46:53-------------/Admin/Ads/AdPageEdit.aspx?id=241
SELECT * FROM AccountInfo  WHERE 1=1  AND UserType <> 100 
 
-------------end 2017/11/9 17:46:53-------------
-------------start 2017/11/9 17:46:53-------------/Admin/Ads/AdPageEdit.aspx?id=241
SELECT * FROM AdPageInfo  WHERE 1=1  AND [Id]='241'  
-------------end 2017/11/9 17:46:53-------------
-------------start 2017/11/9 17:47:10-------------/Admin/Ads/AdPageEdit.aspx?id=241
SELECT * FROM AdPageInfo  WHERE 1=1  AND [Id]='241'  
-------------end 2017/11/9 17:47:10-------------
-------------start 2017/11/9 17:47:10-------------/Admin/Ads/AdPageEdit.aspx?id=241
SELECT * FROM AdPageInfo  WHERE 1=1  AND [Id]='241'  
-------------end 2017/11/9 17:47:10-------------
-------------start 2017/11/9 17:47:10-------------/Admin/Ads/AdPageEdit.aspx?id=241
SELECT * FROM ArticleInfo  WHERE 1=1  
-------------end 2017/11/9 17:47:10-------------
-------------start 2017/11/9 17:47:10-------------/Admin/Ads/AdPageEdit.aspx?id=241
SELECT * FROM AdPageInfo  WHERE 1=1  
-------------end 2017/11/9 17:47:10-------------
-------------start 2017/11/9 17:47:10-------------/Admin/Ads/AdPageEdit.aspx?id=241
SELECT * FROM AdPageInfo  WHERE 1=1  
-------------end 2017/11/9 17:47:10-------------
-------------start 2017/11/9 17:47:10-------------/Admin/Ads/AdPageList.aspx
SELECT * FROM AccountInfo  WHERE 1=1  AND UserType <> 100 
 
-------------end 2017/11/9 17:47:10-------------
-------------start 2017/11/9 17:47:10-------------/Admin/Ads/AdPageList.aspx
SELECT * FROM AdTypeInfo  WHERE 1=1  
-------------end 2017/11/9 17:47:10-------------
-------------start 2017/11/9 17:47:10-------------/Admin/Ads/AdPageList.aspx
SELECT * FROM AdSiteInfo  WHERE 1=1  
-------------end 2017/11/9 17:47:10-------------
-------------start 2017/11/9 17:47:10-------------/Admin/Ads/AdPageList.aspx
SELECT TOP 10 * FROM [AdPageInfo]  WHERE 1=1  AND [IsDel]='0'  AND Id NOT IN (SELECT TOP 0 Id FROM [AdPageInfo]  WHERE 1=1  AND [IsDel]='0'   order by  id desc )   order by  id desc 
-------------end 2017/11/9 17:47:10-------------
-------------start 2017/11/9 17:47:10-------------/Admin/Ads/AdPageList.aspx
SELECT * FROM AdTypeInfo  WHERE 1=1  AND [Id]='0'  
-------------end 2017/11/9 17:47:10-------------
-------------start 2017/11/9 17:47:10-------------/Admin/Ads/AdPageList.aspx
SELECT * FROM AdSiteInfo  WHERE 1=1  AND [Id]='0'  
-------------end 2017/11/9 17:47:10-------------
-------------start 2017/11/9 17:47:10-------------/Admin/Ads/AdPageList.aspx
SELECT * FROM AdTypeInfo  WHERE 1=1  AND [Id]='0'  
-------------end 2017/11/9 17:47:10-------------
-------------start 2017/11/9 17:47:10-------------/Admin/Ads/AdPageList.aspx
SELECT * FROM AdSiteInfo  WHERE 1=1  AND [Id]='0'  
-------------end 2017/11/9 17:47:10-------------
-------------start 2017/11/9 17:47:10-------------/Admin/Ads/AdPageList.aspx
SELECT * FROM AdTypeInfo  WHERE 1=1  AND [Id]='0'  
-------------end 2017/11/9 17:47:10-------------
-------------start 2017/11/9 17:47:10-------------/Admin/Ads/AdPageList.aspx
SELECT * FROM AdSiteInfo  WHERE 1=1  AND [Id]='0'  
-------------end 2017/11/9 17:47:10-------------
-------------start 2017/11/9 17:47:10-------------/Admin/Ads/AdPageList.aspx
SELECT * FROM AdTypeInfo  WHERE 1=1  AND [Id]='0'  
-------------end 2017/11/9 17:47:10-------------
-------------start 2017/11/9 17:47:10-------------/Admin/Ads/AdPageList.aspx
SELECT * FROM AdSiteInfo  WHERE 1=1  AND [Id]='0'  
-------------end 2017/11/9 17:47:10-------------
-------------start 2017/11/9 17:47:10-------------/Admin/Ads/AdPageList.aspx
SELECT * FROM AdTypeInfo  WHERE 1=1  AND [Id]='0'  
-------------end 2017/11/9 17:47:10-------------
-------------start 2017/11/9 17:47:10-------------/Admin/Ads/AdPageList.aspx
SELECT * FROM AdSiteInfo  WHERE 1=1  AND [Id]='0'  
-------------end 2017/11/9 17:47:10-------------
-------------start 2017/11/9 17:47:10-------------/Admin/Ads/AdPageList.aspx
SELECT * FROM AdTypeInfo  WHERE 1=1  AND [Id]='0'  
-------------end 2017/11/9 17:47:10-------------
-------------start 2017/11/9 17:47:10-------------/Admin/Ads/AdPageList.aspx
SELECT * FROM AdSiteInfo  WHERE 1=1  AND [Id]='0'  
-------------end 2017/11/9 17:47:10-------------
-------------start 2017/11/9 17:47:10-------------/Admin/Ads/AdPageList.aspx
SELECT * FROM AdTypeInfo  WHERE 1=1  AND [Id]='0'  
-------------end 2017/11/9 17:47:10-------------
-------------start 2017/11/9 17:47:10-------------/Admin/Ads/AdPageList.aspx
SELECT * FROM AdSiteInfo  WHERE 1=1  AND [Id]='0'  
-------------end 2017/11/9 17:47:10-------------
-------------start 2017/11/9 17:47:10-------------/Admin/Ads/AdPageList.aspx
SELECT * FROM AdTypeInfo  WHERE 1=1  AND [Id]='0'  
-------------end 2017/11/9 17:47:10-------------
-------------start 2017/11/9 17:47:10-------------/Admin/Ads/AdPageList.aspx
SELECT * FROM AdSiteInfo  WHERE 1=1  AND [Id]='0'  
-------------end 2017/11/9 17:47:10-------------
-------------start 2017/11/9 17:47:10-------------/Admin/Ads/AdPageList.aspx
SELECT * FROM AdTypeInfo  WHERE 1=1  AND [Id]='0'  
-------------end 2017/11/9 17:47:10-------------
-------------start 2017/11/9 17:47:10-------------/Admin/Ads/AdPageList.aspx
SELECT * FROM AdSiteInfo  WHERE 1=1  AND [Id]='0'  
-------------end 2017/11/9 17:47:10-------------
-------------start 2017/11/9 17:47:10-------------/Admin/Ads/AdPageList.aspx
SELECT * FROM AdTypeInfo  WHERE 1=1  AND [Id]='0'  
-------------end 2017/11/9 17:47:10-------------
-------------start 2017/11/9 17:47:10-------------/Admin/Ads/AdPageList.aspx
SELECT * FROM AdSiteInfo  WHERE 1=1  AND [Id]='0'  
-------------end 2017/11/9 17:47:10-------------
