-------------start 2017/10/20 16:01:32-------------/Login.aspx
SELECT * FROM AccountInfo  WHERE 1=1  AND [UserName]='admin' 
 
-------------end 2017/10/20 16:01:32-------------
-------------start 2017/10/20 16:01:33-------------/Admin/Index.aspx
SELECT * FROM AccountInfo  WHERE 1=1  AND [UserName]='admin' 
 
-------------end 2017/10/20 16:01:33-------------
-------------start 2017/10/20 16:01:39-------------/Admin/Users/UserList.aspx
SELECT TOP 10 * FROM [AccountInfo]  WHERE 1=1  AND [IsLock]='0' 
 AND Id NOT IN (SELECT TOP 0 Id FROM [AccountInfo]  WHERE 1=1  AND [IsLock]='0' 
  order by  id desc )   order by  id desc 
-------------end 2017/10/20 16:01:39-------------
-------------start 2017/10/20 16:01:45-------------/Admin/Users/UserEdit.aspx
SELECT * FROM AccountInfo  WHERE 1=1  AND [UserName]='vip1020zq' 
 
-------------end 2017/10/20 16:01:45-------------
-------------start 2017/10/20 16:01:45-------------/Admin/Users/UserList.aspx
SELECT TOP 10 * FROM [AccountInfo]  WHERE 1=1  AND [IsLock]='0' 
 AND Id NOT IN (SELECT TOP 0 Id FROM [AccountInfo]  WHERE 1=1  AND [IsLock]='0' 
  order by  id desc )   order by  id desc 
-------------end 2017/10/20 16:01:45-------------
-------------start 2017/10/20 16:01:53-------------/Admin/Ads/AdPageList.aspx
SELECT * FROM AccountInfo  WHERE 1=1  AND UserType <> 100 
 
-------------end 2017/10/20 16:01:53-------------
-------------start 2017/10/20 16:01:53-------------/Admin/Ads/AdPageList.aspx
SELECT * FROM AdTypeInfo  WHERE 1=1  
-------------end 2017/10/20 16:01:53-------------
-------------start 2017/10/20 16:01:53-------------/Admin/Ads/AdPageList.aspx
SELECT * FROM AdSiteInfo  WHERE 1=1  
-------------end 2017/10/20 16:01:53-------------
-------------start 2017/10/20 16:01:53-------------/Admin/Ads/AdPageList.aspx
SELECT * FROM AdPageInfo  WHERE 1=1  
-------------end 2017/10/20 16:01:53-------------
-------------start 2017/10/20 16:01:53-------------/Admin/Ads/AdPageList.aspx
SELECT TOP 10 * FROM [AdPageInfo]  WHERE 1=1  AND [IsDel]='0'  AND Id NOT IN (SELECT TOP 0 Id FROM [AdPageInfo]  WHERE 1=1  AND [IsDel]='0'   order by  id desc )   order by  id desc 
-------------end 2017/10/20 16:01:53-------------
-------------start 2017/10/20 16:01:53-------------/Admin/Ads/AdPageList.aspx
SELECT * FROM AccountInfo  WHERE 1=1  AND [Id]='2' 
 
-------------end 2017/10/20 16:01:53-------------
-------------start 2017/10/20 16:01:53-------------/Admin/Ads/AdPageList.aspx
SELECT * FROM AdTypeInfo  WHERE 1=1  AND [Id]='0'  
-------------end 2017/10/20 16:01:53-------------
-------------start 2017/10/20 16:01:53-------------/Admin/Ads/AdPageList.aspx
SELECT * FROM AdSiteInfo  WHERE 1=1  AND [Id]='0'  
-------------end 2017/10/20 16:01:53-------------
-------------start 2017/10/20 16:01:53-------------/Admin/Ads/AdPageList.aspx
SELECT * FROM AdTypeInfo  WHERE 1=1  AND [Id]='0'  
-------------end 2017/10/20 16:01:53-------------
-------------start 2017/10/20 16:01:53-------------/Admin/Ads/AdPageList.aspx
SELECT * FROM AdSiteInfo  WHERE 1=1  AND [Id]='0'  
-------------end 2017/10/20 16:01:53-------------
-------------start 2017/10/20 16:01:53-------------/Admin/Ads/AdPageList.aspx
SELECT * FROM AccountInfo  WHERE 1=1  AND [Id]='26' 
 
-------------end 2017/10/20 16:01:53-------------
-------------start 2017/10/20 16:01:53-------------/Admin/Ads/AdPageList.aspx
SELECT * FROM AdTypeInfo  WHERE 1=1  AND [Id]='0'  
-------------end 2017/10/20 16:01:53-------------
-------------start 2017/10/20 16:01:53-------------/Admin/Ads/AdPageList.aspx
SELECT * FROM AdSiteInfo  WHERE 1=1  AND [Id]='0'  
-------------end 2017/10/20 16:01:53-------------
-------------start 2017/10/20 16:01:53-------------/Admin/Ads/AdPageList.aspx
SELECT * FROM AdTypeInfo  WHERE 1=1  AND [Id]='0'  
-------------end 2017/10/20 16:01:53-------------
-------------start 2017/10/20 16:01:53-------------/Admin/Ads/AdPageList.aspx
SELECT * FROM AdSiteInfo  WHERE 1=1  AND [Id]='0'  
-------------end 2017/10/20 16:01:53-------------
-------------start 2017/10/20 16:01:53-------------/Admin/Ads/AdPageList.aspx
SELECT * FROM AdTypeInfo  WHERE 1=1  AND [Id]='0'  
-------------end 2017/10/20 16:01:53-------------
-------------start 2017/10/20 16:01:53-------------/Admin/Ads/AdPageList.aspx
SELECT * FROM AdSiteInfo  WHERE 1=1  AND [Id]='0'  
-------------end 2017/10/20 16:01:53-------------
-------------start 2017/10/20 16:01:53-------------/Admin/Ads/AdPageList.aspx
SELECT * FROM AccountInfo  WHERE 1=1  AND [Id]='25' 
 
-------------end 2017/10/20 16:01:53-------------
-------------start 2017/10/20 16:01:53-------------/Admin/Ads/AdPageList.aspx
SELECT * FROM AdTypeInfo  WHERE 1=1  AND [Id]='0'  
-------------end 2017/10/20 16:01:53-------------
-------------start 2017/10/20 16:01:53-------------/Admin/Ads/AdPageList.aspx
SELECT * FROM AdSiteInfo  WHERE 1=1  AND [Id]='0'  
-------------end 2017/10/20 16:01:53-------------
-------------start 2017/10/20 16:01:53-------------/Admin/Ads/AdPageList.aspx
SELECT * FROM AdTypeInfo  WHERE 1=1  AND [Id]='0'  
-------------end 2017/10/20 16:01:53-------------
-------------start 2017/10/20 16:01:53-------------/Admin/Ads/AdPageList.aspx
SELECT * FROM AdSiteInfo  WHERE 1=1  AND [Id]='0'  
-------------end 2017/10/20 16:01:53-------------
-------------start 2017/10/20 16:01:53-------------/Admin/Ads/AdPageList.aspx
SELECT * FROM AdTypeInfo  WHERE 1=1  AND [Id]='0'  
-------------end 2017/10/20 16:01:53-------------
-------------start 2017/10/20 16:01:53-------------/Admin/Ads/AdPageList.aspx
SELECT * FROM AdSiteInfo  WHERE 1=1  AND [Id]='0'  
-------------end 2017/10/20 16:01:53-------------
-------------start 2017/10/20 16:01:53-------------/Admin/Ads/AdPageList.aspx
SELECT * FROM AdTypeInfo  WHERE 1=1  AND [Id]='0'  
-------------end 2017/10/20 16:01:53-------------
-------------start 2017/10/20 16:01:53-------------/Admin/Ads/AdPageList.aspx
SELECT * FROM AdSiteInfo  WHERE 1=1  AND [Id]='0'  
-------------end 2017/10/20 16:01:53-------------
-------------start 2017/10/20 16:01:53-------------/Admin/Ads/AdPageList.aspx
SELECT * FROM AccountInfo  WHERE 1=1  AND [Id]='24' 
 
-------------end 2017/10/20 16:01:53-------------
-------------start 2017/10/20 16:01:53-------------/Admin/Ads/AdPageList.aspx
SELECT * FROM AdTypeInfo  WHERE 1=1  AND [Id]='0'  
-------------end 2017/10/20 16:01:53-------------
-------------start 2017/10/20 16:01:53-------------/Admin/Ads/AdPageList.aspx
SELECT * FROM AdSiteInfo  WHERE 1=1  AND [Id]='0'  
-------------end 2017/10/20 16:01:53-------------
-------------start 2017/10/20 16:01:55-------------/Admin/Ads/AdPageEdit.aspx
SELECT * FROM AccountInfo  WHERE 1=1  AND UserType <> 100 
 
-------------end 2017/10/20 16:01:55-------------
-------------start 2017/10/20 16:02:09-------------/Admin/Ads/AdPageEdit.aspx
SELECT * FROM AdPageInfo  WHERE 1=1  AND [Id]='240'  
-------------end 2017/10/20 16:02:09-------------
-------------start 2017/10/20 16:02:09-------------/Admin/Ads/AdPageEdit.aspx
SELECT * FROM ArticleInfo  WHERE 1=1  
-------------end 2017/10/20 16:02:09-------------
-------------start 2017/10/20 16:02:09-------------/Admin/Ads/AdPageList.aspx
SELECT * FROM AccountInfo  WHERE 1=1  AND UserType <> 100 
 
-------------end 2017/10/20 16:02:09-------------
-------------start 2017/10/20 16:02:09-------------/Admin/Ads/AdPageList.aspx
SELECT * FROM AdTypeInfo  WHERE 1=1  
-------------end 2017/10/20 16:02:09-------------
-------------start 2017/10/20 16:02:09-------------/Admin/Ads/AdPageList.aspx
SELECT * FROM AdSiteInfo  WHERE 1=1  
-------------end 2017/10/20 16:02:09-------------
-------------start 2017/10/20 16:02:09-------------/Admin/Ads/AdPageList.aspx
SELECT TOP 10 * FROM [AdPageInfo]  WHERE 1=1  AND [IsDel]='0'  AND Id NOT IN (SELECT TOP 0 Id FROM [AdPageInfo]  WHERE 1=1  AND [IsDel]='0'   order by  id desc )   order by  id desc 
-------------end 2017/10/20 16:02:09-------------
-------------start 2017/10/20 16:02:09-------------/Admin/Ads/AdPageList.aspx
SELECT * FROM AccountInfo  WHERE 1=1  AND [Id]='27' 
 
-------------end 2017/10/20 16:02:09-------------
-------------start 2017/10/20 16:02:09-------------/Admin/Ads/AdPageList.aspx
SELECT * FROM AdTypeInfo  WHERE 1=1  AND [Id]='0'  
-------------end 2017/10/20 16:02:09-------------
-------------start 2017/10/20 16:02:09-------------/Admin/Ads/AdPageList.aspx
SELECT * FROM AdSiteInfo  WHERE 1=1  AND [Id]='0'  
-------------end 2017/10/20 16:02:09-------------
-------------start 2017/10/20 16:02:09-------------/Admin/Ads/AdPageList.aspx
SELECT * FROM AdTypeInfo  WHERE 1=1  AND [Id]='0'  
-------------end 2017/10/20 16:02:09-------------
-------------start 2017/10/20 16:02:09-------------/Admin/Ads/AdPageList.aspx
SELECT * FROM AdSiteInfo  WHERE 1=1  AND [Id]='0'  
-------------end 2017/10/20 16:02:09-------------
-------------start 2017/10/20 16:02:09-------------/Admin/Ads/AdPageList.aspx
SELECT * FROM AdTypeInfo  WHERE 1=1  AND [Id]='0'  
-------------end 2017/10/20 16:02:09-------------
-------------start 2017/10/20 16:02:09-------------/Admin/Ads/AdPageList.aspx
SELECT * FROM AdSiteInfo  WHERE 1=1  AND [Id]='0'  
-------------end 2017/10/20 16:02:09-------------
-------------start 2017/10/20 16:02:09-------------/Admin/Ads/AdPageList.aspx
SELECT * FROM AdTypeInfo  WHERE 1=1  AND [Id]='0'  
-------------end 2017/10/20 16:02:09-------------
-------------start 2017/10/20 16:02:09-------------/Admin/Ads/AdPageList.aspx
SELECT * FROM AdSiteInfo  WHERE 1=1  AND [Id]='0'  
-------------end 2017/10/20 16:02:09-------------
-------------start 2017/10/20 16:02:09-------------/Admin/Ads/AdPageList.aspx
SELECT * FROM AdTypeInfo  WHERE 1=1  AND [Id]='0'  
-------------end 2017/10/20 16:02:09-------------
-------------start 2017/10/20 16:02:09-------------/Admin/Ads/AdPageList.aspx
SELECT * FROM AdSiteInfo  WHERE 1=1  AND [Id]='0'  
-------------end 2017/10/20 16:02:09-------------
-------------start 2017/10/20 16:02:09-------------/Admin/Ads/AdPageList.aspx
SELECT * FROM AdTypeInfo  WHERE 1=1  AND [Id]='0'  
-------------end 2017/10/20 16:02:09-------------
-------------start 2017/10/20 16:02:09-------------/Admin/Ads/AdPageList.aspx
SELECT * FROM AdSiteInfo  WHERE 1=1  AND [Id]='0'  
-------------end 2017/10/20 16:02:09-------------
-------------start 2017/10/20 16:02:09-------------/Admin/Ads/AdPageList.aspx
SELECT * FROM AdTypeInfo  WHERE 1=1  AND [Id]='0'  
-------------end 2017/10/20 16:02:09-------------
-------------start 2017/10/20 16:02:09-------------/Admin/Ads/AdPageList.aspx
SELECT * FROM AdSiteInfo  WHERE 1=1  AND [Id]='0'  
-------------end 2017/10/20 16:02:09-------------
-------------start 2017/10/20 16:02:09-------------/Admin/Ads/AdPageList.aspx
SELECT * FROM AdTypeInfo  WHERE 1=1  AND [Id]='0'  
-------------end 2017/10/20 16:02:09-------------
-------------start 2017/10/20 16:02:09-------------/Admin/Ads/AdPageList.aspx
SELECT * FROM AdSiteInfo  WHERE 1=1  AND [Id]='0'  
-------------end 2017/10/20 16:02:09-------------
-------------start 2017/10/20 16:02:09-------------/Admin/Ads/AdPageList.aspx
SELECT * FROM AdTypeInfo  WHERE 1=1  AND [Id]='0'  
-------------end 2017/10/20 16:02:09-------------
-------------start 2017/10/20 16:02:09-------------/Admin/Ads/AdPageList.aspx
SELECT * FROM AdSiteInfo  WHERE 1=1  AND [Id]='0'  
-------------end 2017/10/20 16:02:09-------------
-------------start 2017/10/20 16:02:09-------------/Admin/Ads/AdPageList.aspx
SELECT * FROM AdTypeInfo  WHERE 1=1  AND [Id]='0'  
-------------end 2017/10/20 16:02:09-------------
-------------start 2017/10/20 16:02:09-------------/Admin/Ads/AdPageList.aspx
SELECT * FROM AdSiteInfo  WHERE 1=1  AND [Id]='0'  
-------------end 2017/10/20 16:02:09-------------
-------------start 2017/10/20 16:02:15-------------/Admin/Users/UserList.aspx
SELECT TOP 10 * FROM [AccountInfo]  WHERE 1=1  AND [IsLock]='0' 
 AND Id NOT IN (SELECT TOP 0 Id FROM [AccountInfo]  WHERE 1=1  AND [IsLock]='0' 
  order by  id desc )   order by  id desc 
-------------end 2017/10/20 16:02:15-------------
-------------start 2017/10/20 16:05:34-------------/Login.aspx
SELECT * FROM AccountInfo  WHERE 1=1  AND [UserName]='vip1020zq' 
 
-------------end 2017/10/20 16:05:34-------------
-------------start 2017/10/20 16:05:35-------------/AccVir/Index.aspx
SELECT * FROM AccountInfo  WHERE 1=1  AND [UserName]='vip1020zq' 
 
-------------end 2017/10/20 16:05:35-------------
-------------start 2017/10/20 16:05:35-------------/AccVir/Index.aspx
SELECT * FROM AdPageInfo  WHERE 1=1  
-------------end 2017/10/20 16:05:35-------------
-------------start 2017/10/20 16:05:36-------------/AccVir/Index.aspx
SELECT TOP 10 * FROM [AdPageInfo]  WHERE 1=1  AND [UserId]='27'  AND Id NOT IN (SELECT TOP 0 Id FROM [AdPageInfo]  WHERE 1=1  AND [UserId]='27'  )  
-------------end 2017/10/20 16:05:36-------------
-------------start 2017/10/20 16:05:49-------------/Services/GetAdData.ashx
SELECT * FROM VirAdBrowse  WHERE 1=1  AND [AdId]='240'  AND [IsDelete]='0'  
-------------end 2017/10/20 16:05:49-------------
-------------start 2017/10/20 16:05:51-------------/AccVir/Index.aspx
SELECT TOP 10 * FROM [AdPageInfo]  WHERE 1=1  AND [UserId]='27'  AND Id NOT IN (SELECT TOP 0 Id FROM [AdPageInfo]  WHERE 1=1  AND [UserId]='27'  )  
-------------end 2017/10/20 16:05:51-------------
-------------start 2017/10/20 16:06:54-------------/AccVir/Index.aspx
SELECT * FROM AccountInfo  WHERE 1=1  AND [UserName]='vip1020zq' 
 
-------------end 2017/10/20 16:06:54-------------
-------------start 2017/10/20 16:06:54-------------/AccVir/Index.aspx
SELECT * FROM AdPageInfo  WHERE 1=1  
-------------end 2017/10/20 16:06:54-------------
-------------start 2017/10/20 16:06:58-------------/AccVir/Index.aspx
SELECT TOP 10 * FROM [AdPageInfo]  WHERE 1=1  AND [UserId]='27'  AND Id NOT IN (SELECT TOP 0 Id FROM [AdPageInfo]  WHERE 1=1  AND [UserId]='27'  )  
-------------end 2017/10/20 16:06:58-------------
-------------start 2017/10/20 16:07:19-------------/Services/GetAdData.ashx
SELECT * FROM VirAdBrowse  WHERE 1=1  AND [AdId]='240'  AND [IsDelete]='0'  
-------------end 2017/10/20 16:07:19-------------
-------------start 2017/10/20 16:07:19-------------/Services/GetAdData.ashx
SELECT * FROM VirAdBrowse  WHERE 1=1  AND [AdId]='240'  AND [IsDelete]='0'  
-------------end 2017/10/20 16:07:19-------------
-------------start 2017/10/20 16:07:22-------------/AccVir/Index.aspx
SELECT TOP 10 * FROM [AdPageInfo]  WHERE 1=1  AND [UserId]='27'  AND Id NOT IN (SELECT TOP 0 Id FROM [AdPageInfo]  WHERE 1=1  AND [UserId]='27'  )  
-------------end 2017/10/20 16:07:22-------------
-------------start 2017/10/20 16:07:37-------------/Services/GetAdData.ashx
SELECT * FROM VirAdBrowse  WHERE 1=1  AND [AdId]='240'  AND [IsDelete]='0'  
-------------end 2017/10/20 16:07:37-------------
