-------------start 2017/7/23 14:00:07-------------/Login.aspx
SELECT * FROM AccountInfo  WHERE 1=1  AND [UserName]='zgliu' 
 
-------------end 2017/7/23 14:00:07-------------
-------------start 2017/7/23 14:00:10-------------/AccAnalysis/Index.aspx

select 
time,AdId 
,count(*) as pvcount
,count(distinct(clientid)) as uvcount
,count(distinct(clientip)) as ipcount  
,count(distinct(clientid)) /count(*) as useravg 
from  [LogBrowse]
where 1=1  and AdUserId = 2  and time = 20170723 
group by time,AdId   order by  time desc 
-------------end 2017/7/23 14:00:10-------------
-------------start 2017/7/23 14:00:15-------------/AccAnalysis/Vir/Index.aspx
SELECT * FROM AdPageInfo  WHERE 1=1  
-------------end 2017/7/23 14:00:15-------------
-------------start 2017/7/23 14:00:15-------------/AccAnalysis/Vir/Index.aspx
SELECT TOP 10 * FROM [AdPageInfo]  WHERE 1=1  AND [UserId]='2'  AND Id NOT IN (SELECT TOP 0 Id FROM [AdPageInfo]  WHERE 1=1  AND [UserId]='2'  )  
-------------end 2017/7/23 14:00:15-------------
-------------start 2017/7/23 14:00:50-------------/Accounts/Order/OrderList.aspx
SELECT TOP 10 * FROM [CustomerInfo]  WHERE 1=1  AND [IsDelete]='0'  AND Id NOT IN (SELECT TOP 0 Id FROM [CustomerInfo]  WHERE 1=1  AND [IsDelete]='0'   order by  id desc )   order by  id desc 
-------------end 2017/7/23 14:00:50-------------
-------------start 2017/7/23 14:01:18-------------/Accounts/Order/OrderList.aspx
SELECT TOP 10 * FROM [CustomerInfo]  WHERE 1=1  AND [IsDelete]='0'  AND Id NOT IN (SELECT TOP 0 Id FROM [CustomerInfo]  WHERE 1=1  AND [IsDelete]='0'   order by  id desc )   order by  id desc 
-------------end 2017/7/23 14:01:18-------------
-------------start 2017/7/23 14:01:25-------------/Accounts/Order/OrderList.aspx
SELECT TOP 10 * FROM [CustomerInfo]  WHERE 1=1  AND [IsDelete]='0'  AND Id NOT IN (SELECT TOP 0 Id FROM [CustomerInfo]  WHERE 1=1  AND [IsDelete]='0'   order by  id desc )   order by  id desc 
-------------end 2017/7/23 14:01:25-------------
-------------start 2017/7/23 14:01:53-------------/Accounts/Order/OrderList.aspx
SELECT TOP 10 * FROM [CustomerInfo]  WHERE 1=1  AND [IsDelete]='0'  AND Id NOT IN (SELECT TOP 0 Id FROM [CustomerInfo]  WHERE 1=1  AND [IsDelete]='0'   order by  id desc )   order by  id desc 
-------------end 2017/7/23 14:01:53-------------
-------------start 2017/7/23 14:01:56-------------/Accounts/Order/OrderList.aspx
SELECT TOP 10 * FROM [CustomerInfo]  WHERE 1=1  AND [IsDelete]='0'  AND Id NOT IN (SELECT TOP 0 Id FROM [CustomerInfo]  WHERE 1=1  AND [IsDelete]='0'   order by  id desc )   order by  id desc 
-------------end 2017/7/23 14:01:56-------------
-------------start 2017/7/23 14:02:29-------------/Accounts/Order/OrderList.aspx
SELECT TOP 10 * FROM [CustomerInfo]  WHERE 1=1  AND [IsDelete]='0'  AND Id NOT IN (SELECT TOP 0 Id FROM [CustomerInfo]  WHERE 1=1  AND [IsDelete]='0'   order by  id desc )   order by  id desc 
-------------end 2017/7/23 14:02:29-------------
-------------start 2017/7/23 14:02:30-------------/Accounts/Order/OrderList.aspx
SELECT TOP 10 * FROM [CustomerInfo]  WHERE 1=1  AND [IsDelete]='0'  AND Id NOT IN (SELECT TOP 0 Id FROM [CustomerInfo]  WHERE 1=1  AND [IsDelete]='0'   order by  id desc )   order by  id desc 
-------------end 2017/7/23 14:02:30-------------
-------------start 2017/7/23 14:02:59-------------/Login.aspx
SELECT * FROM AccountInfo  WHERE 1=1  AND [UserName]='cps1' 
 
-------------end 2017/7/23 14:02:59-------------
-------------start 2017/7/23 14:03:13-------------/AccShop/Index.aspx
SELECT * FROM AccountInfo  WHERE 1=1  AND [UserName]='cps1' 
 
-------------end 2017/7/23 14:03:13-------------
-------------start 2017/7/23 14:03:15-------------/AccShop/Order/OrderList.aspx
SELECT TOP 10 * FROM [CustomerInfo]  WHERE 1=1  AND [IsDelete]='0'  AND Id NOT IN (SELECT TOP 0 Id FROM [CustomerInfo]  WHERE 1=1  AND [IsDelete]='0'   order by  id desc )   order by  id desc 
-------------end 2017/7/23 14:03:15-------------
-------------start 2017/7/23 14:03:26-------------/Login.aspx
SELECT * FROM AccountInfo  WHERE 1=1  AND [UserName]='admin' 
 
-------------end 2017/7/23 14:03:26-------------
-------------start 2017/7/23 14:03:30-------------/Admin/Cus/CusList.aspx
SELECT TOP 10 * FROM [CustomerInfo]  WHERE 1=1  AND Id NOT IN (SELECT TOP 0 Id FROM [CustomerInfo]  WHERE 1=1   order by  id desc )   order by  id desc 
-------------end 2017/7/23 14:03:30-------------
