-------------start 2017/9/14 14:42:47-------------/Login.aspx
SELECT * FROM AccountInfo  WHERE 1=1  AND [UserName]='admin' 
 
-------------end 2017/9/14 14:42:47-------------
-------------start 2017/9/14 14:42:51-------------/Admin/Index.aspx
SELECT * FROM AccountInfo  WHERE 1=1  AND [UserName]='admin' 
 
-------------end 2017/9/14 14:42:51-------------
-------------start 2017/9/14 14:43:00-------------/Admin/Ads/AdPageList.aspx
SELECT * FROM AccountInfo  WHERE 1=1  AND UserType <> 100 
 
-------------end 2017/9/14 14:43:00-------------
-------------start 2017/9/14 14:43:00-------------/Admin/Ads/AdPageList.aspx
SELECT * FROM AdTypeInfo  WHERE 1=1  
-------------end 2017/9/14 14:43:00-------------
-------------start 2017/9/14 14:43:00-------------/Admin/Ads/AdPageList.aspx
SELECT * FROM AdSiteInfo  WHERE 1=1  
-------------end 2017/9/14 14:43:00-------------
-------------start 2017/9/14 14:43:00-------------/Admin/Ads/AdPageList.aspx
SELECT * FROM AdPageInfo  WHERE 1=1  
-------------end 2017/9/14 14:43:00-------------
-------------start 2017/9/14 14:43:01-------------/Admin/Ads/AdPageList.aspx
SELECT TOP 10 * FROM [AdPageInfo]  WHERE 1=1  AND [IsDel]='0'  AND Id NOT IN (SELECT TOP 0 Id FROM [AdPageInfo]  WHERE 1=1  AND [IsDel]='0'   order by  id desc )   order by  id desc 
-------------end 2017/9/14 14:43:01-------------
-------------start 2017/9/14 14:43:01-------------/Admin/Ads/AdPageList.aspx
SELECT * FROM AccountInfo  WHERE 1=1  AND [Id]='26' 
 
-------------end 2017/9/14 14:43:01-------------
-------------start 2017/9/14 14:43:01-------------/Admin/Ads/AdPageList.aspx
SELECT * FROM AdTypeInfo  WHERE 1=1  AND [Id]='0'  
-------------end 2017/9/14 14:43:01-------------
-------------start 2017/9/14 14:43:01-------------/Admin/Ads/AdPageList.aspx
SELECT * FROM AdSiteInfo  WHERE 1=1  AND [Id]='0'  
-------------end 2017/9/14 14:43:01-------------
-------------start 2017/9/14 14:43:01-------------/Admin/Ads/AdPageList.aspx
SELECT * FROM AdTypeInfo  WHERE 1=1  AND [Id]='0'  
-------------end 2017/9/14 14:43:01-------------
-------------start 2017/9/14 14:43:01-------------/Admin/Ads/AdPageList.aspx
SELECT * FROM AdSiteInfo  WHERE 1=1  AND [Id]='0'  
-------------end 2017/9/14 14:43:01-------------
-------------start 2017/9/14 14:43:01-------------/Admin/Ads/AdPageList.aspx
SELECT * FROM AdTypeInfo  WHERE 1=1  AND [Id]='0'  
-------------end 2017/9/14 14:43:01-------------
-------------start 2017/9/14 14:43:01-------------/Admin/Ads/AdPageList.aspx
SELECT * FROM AdSiteInfo  WHERE 1=1  AND [Id]='0'  
-------------end 2017/9/14 14:43:01-------------
-------------start 2017/9/14 14:43:01-------------/Admin/Ads/AdPageList.aspx
SELECT * FROM AccountInfo  WHERE 1=1  AND [Id]='25' 
 
-------------end 2017/9/14 14:43:01-------------
-------------start 2017/9/14 14:43:01-------------/Admin/Ads/AdPageList.aspx
SELECT * FROM AdTypeInfo  WHERE 1=1  AND [Id]='0'  
-------------end 2017/9/14 14:43:01-------------
-------------start 2017/9/14 14:43:01-------------/Admin/Ads/AdPageList.aspx
SELECT * FROM AdSiteInfo  WHERE 1=1  AND [Id]='0'  
-------------end 2017/9/14 14:43:01-------------
-------------start 2017/9/14 14:43:01-------------/Admin/Ads/AdPageList.aspx
SELECT * FROM AccountInfo  WHERE 1=1  AND [Id]='2' 
 
-------------end 2017/9/14 14:43:01-------------
-------------start 2017/9/14 14:43:01-------------/Admin/Ads/AdPageList.aspx
SELECT * FROM AdTypeInfo  WHERE 1=1  AND [Id]='0'  
-------------end 2017/9/14 14:43:01-------------
-------------start 2017/9/14 14:43:01-------------/Admin/Ads/AdPageList.aspx
SELECT * FROM AdSiteInfo  WHERE 1=1  AND [Id]='0'  
-------------end 2017/9/14 14:43:01-------------
-------------start 2017/9/14 14:43:01-------------/Admin/Ads/AdPageList.aspx
SELECT * FROM AdTypeInfo  WHERE 1=1  AND [Id]='0'  
-------------end 2017/9/14 14:43:01-------------
-------------start 2017/9/14 14:43:01-------------/Admin/Ads/AdPageList.aspx
SELECT * FROM AdSiteInfo  WHERE 1=1  AND [Id]='0'  
-------------end 2017/9/14 14:43:01-------------
-------------start 2017/9/14 14:43:01-------------/Admin/Ads/AdPageList.aspx
SELECT * FROM AdTypeInfo  WHERE 1=1  AND [Id]='0'  
-------------end 2017/9/14 14:43:01-------------
-------------start 2017/9/14 14:43:01-------------/Admin/Ads/AdPageList.aspx
SELECT * FROM AdSiteInfo  WHERE 1=1  AND [Id]='0'  
-------------end 2017/9/14 14:43:01-------------
-------------start 2017/9/14 14:43:01-------------/Admin/Ads/AdPageList.aspx
SELECT * FROM AccountInfo  WHERE 1=1  AND [Id]='24' 
 
-------------end 2017/9/14 14:43:01-------------
-------------start 2017/9/14 14:43:01-------------/Admin/Ads/AdPageList.aspx
SELECT * FROM AdTypeInfo  WHERE 1=1  AND [Id]='0'  
-------------end 2017/9/14 14:43:01-------------
-------------start 2017/9/14 14:43:01-------------/Admin/Ads/AdPageList.aspx
SELECT * FROM AdSiteInfo  WHERE 1=1  AND [Id]='0'  
-------------end 2017/9/14 14:43:01-------------
-------------start 2017/9/14 14:43:01-------------/Admin/Ads/AdPageList.aspx
SELECT * FROM AccountInfo  WHERE 1=1  AND [Id]='23' 
 
-------------end 2017/9/14 14:43:01-------------
-------------start 2017/9/14 14:43:02-------------/Admin/Ads/AdPageList.aspx
SELECT * FROM AdTypeInfo  WHERE 1=1  AND [Id]='0'  
-------------end 2017/9/14 14:43:02-------------
-------------start 2017/9/14 14:43:02-------------/Admin/Ads/AdPageList.aspx
SELECT * FROM AdSiteInfo  WHERE 1=1  AND [Id]='0'  
-------------end 2017/9/14 14:43:02-------------
-------------start 2017/9/14 14:43:02-------------/Admin/Ads/AdPageList.aspx
SELECT * FROM AccountInfo  WHERE 1=1  AND [Id]='22' 
 
-------------end 2017/9/14 14:43:02-------------
-------------start 2017/9/14 14:43:02-------------/Admin/Ads/AdPageList.aspx
SELECT * FROM AdTypeInfo  WHERE 1=1  AND [Id]='0'  
-------------end 2017/9/14 14:43:02-------------
-------------start 2017/9/14 14:43:02-------------/Admin/Ads/AdPageList.aspx
SELECT * FROM AdSiteInfo  WHERE 1=1  AND [Id]='0'  
-------------end 2017/9/14 14:43:02-------------
-------------start 2017/9/14 14:43:05-------------/Admin/Ads/AdPageEdit.aspx?id=237
SELECT * FROM AccountInfo  WHERE 1=1  AND UserType <> 100 
 
-------------end 2017/9/14 14:43:05-------------
-------------start 2017/9/14 14:43:05-------------/Admin/Ads/AdPageEdit.aspx?id=237
SELECT * FROM AdPageInfo  WHERE 1=1  AND [Id]='237'  
-------------end 2017/9/14 14:43:05-------------
-------------start 2017/9/14 14:43:10-------------/Admin/Ads/AdPageList.aspx
SELECT * FROM AccountInfo  WHERE 1=1  AND UserType <> 100 
 
-------------end 2017/9/14 14:43:10-------------
-------------start 2017/9/14 14:43:10-------------/Admin/Ads/AdPageList.aspx
SELECT * FROM AdTypeInfo  WHERE 1=1  
-------------end 2017/9/14 14:43:10-------------
-------------start 2017/9/14 14:43:10-------------/Admin/Ads/AdPageList.aspx
SELECT * FROM AdSiteInfo  WHERE 1=1  
-------------end 2017/9/14 14:43:10-------------
-------------start 2017/9/14 14:43:10-------------/Admin/Ads/AdPageList.aspx
SELECT TOP 10 * FROM [AdPageInfo]  WHERE 1=1  AND [IsDel]='0'  AND Id NOT IN (SELECT TOP 0 Id FROM [AdPageInfo]  WHERE 1=1  AND [IsDel]='0'   order by  id desc )   order by  id desc 
-------------end 2017/9/14 14:43:10-------------
-------------start 2017/9/14 14:43:10-------------/Admin/Ads/AdPageList.aspx
SELECT * FROM AdTypeInfo  WHERE 1=1  AND [Id]='0'  
-------------end 2017/9/14 14:43:10-------------
-------------start 2017/9/14 14:43:10-------------/Admin/Ads/AdPageList.aspx
SELECT * FROM AdSiteInfo  WHERE 1=1  AND [Id]='0'  
-------------end 2017/9/14 14:43:10-------------
-------------start 2017/9/14 14:43:10-------------/Admin/Ads/AdPageList.aspx
SELECT * FROM AdTypeInfo  WHERE 1=1  AND [Id]='0'  
-------------end 2017/9/14 14:43:10-------------
-------------start 2017/9/14 14:43:10-------------/Admin/Ads/AdPageList.aspx
SELECT * FROM AdSiteInfo  WHERE 1=1  AND [Id]='0'  
-------------end 2017/9/14 14:43:10-------------
-------------start 2017/9/14 14:43:10-------------/Admin/Ads/AdPageList.aspx
SELECT * FROM AdTypeInfo  WHERE 1=1  AND [Id]='0'  
-------------end 2017/9/14 14:43:10-------------
-------------start 2017/9/14 14:43:10-------------/Admin/Ads/AdPageList.aspx
SELECT * FROM AdSiteInfo  WHERE 1=1  AND [Id]='0'  
-------------end 2017/9/14 14:43:10-------------
-------------start 2017/9/14 14:43:10-------------/Admin/Ads/AdPageList.aspx
SELECT * FROM AdTypeInfo  WHERE 1=1  AND [Id]='0'  
-------------end 2017/9/14 14:43:10-------------
-------------start 2017/9/14 14:43:10-------------/Admin/Ads/AdPageList.aspx
SELECT * FROM AdSiteInfo  WHERE 1=1  AND [Id]='0'  
-------------end 2017/9/14 14:43:10-------------
-------------start 2017/9/14 14:43:10-------------/Admin/Ads/AdPageList.aspx
SELECT * FROM AdTypeInfo  WHERE 1=1  AND [Id]='0'  
-------------end 2017/9/14 14:43:10-------------
-------------start 2017/9/14 14:43:10-------------/Admin/Ads/AdPageList.aspx
SELECT * FROM AdSiteInfo  WHERE 1=1  AND [Id]='0'  
-------------end 2017/9/14 14:43:10-------------
-------------start 2017/9/14 14:43:10-------------/Admin/Ads/AdPageList.aspx
SELECT * FROM AdTypeInfo  WHERE 1=1  AND [Id]='0'  
-------------end 2017/9/14 14:43:10-------------
-------------start 2017/9/14 14:43:10-------------/Admin/Ads/AdPageList.aspx
SELECT * FROM AdSiteInfo  WHERE 1=1  AND [Id]='0'  
-------------end 2017/9/14 14:43:10-------------
-------------start 2017/9/14 14:43:10-------------/Admin/Ads/AdPageList.aspx
SELECT * FROM AdTypeInfo  WHERE 1=1  AND [Id]='0'  
-------------end 2017/9/14 14:43:10-------------
-------------start 2017/9/14 14:43:10-------------/Admin/Ads/AdPageList.aspx
SELECT * FROM AdSiteInfo  WHERE 1=1  AND [Id]='0'  
-------------end 2017/9/14 14:43:10-------------
-------------start 2017/9/14 14:43:10-------------/Admin/Ads/AdPageList.aspx
SELECT * FROM AdTypeInfo  WHERE 1=1  AND [Id]='0'  
-------------end 2017/9/14 14:43:10-------------
-------------start 2017/9/14 14:43:10-------------/Admin/Ads/AdPageList.aspx
SELECT * FROM AdSiteInfo  WHERE 1=1  AND [Id]='0'  
-------------end 2017/9/14 14:43:10-------------
-------------start 2017/9/14 14:43:10-------------/Admin/Ads/AdPageList.aspx
SELECT * FROM AdTypeInfo  WHERE 1=1  AND [Id]='0'  
-------------end 2017/9/14 14:43:10-------------
-------------start 2017/9/14 14:43:10-------------/Admin/Ads/AdPageList.aspx
SELECT * FROM AdSiteInfo  WHERE 1=1  AND [Id]='0'  
-------------end 2017/9/14 14:43:10-------------
-------------start 2017/9/14 14:43:10-------------/Admin/Ads/AdPageList.aspx
SELECT * FROM AdTypeInfo  WHERE 1=1  AND [Id]='0'  
-------------end 2017/9/14 14:43:10-------------
-------------start 2017/9/14 14:43:10-------------/Admin/Ads/AdPageList.aspx
SELECT * FROM AdSiteInfo  WHERE 1=1  AND [Id]='0'  
-------------end 2017/9/14 14:43:10-------------
