-------------start 2017/7/27 17:00:03-------------/Login.aspx
SELECT * FROM AccountInfo  WHERE 1=1  AND [UserName]='zgliu' 
 
-------------end 2017/7/27 17:00:03-------------
-------------start 2017/7/27 17:00:05-------------/AccAnalysis/Index.aspx
SELECT * FROM AccountInfo  WHERE 1=1  AND [UserName]='zgliu' 
 
-------------end 2017/7/27 17:00:05-------------
-------------start 2017/7/27 17:00:05-------------/AccAnalysis/Index.aspx

select 
time,AdId 
,count(*) as pvcount
,count(distinct(clientid)) as uvcount
,count(distinct(clientip)) as ipcount  
,count(distinct(clientid)) /count(*) as useravg 
from  [LogBrowse]
where 1=1  and AdUserId = 2  and time = 20170727 
group by time,AdId   order by  time desc 
-------------end 2017/7/27 17:00:05-------------
-------------start 2017/7/27 17:00:07-------------/AccAnalysis/Vir/Index.aspx
SELECT * FROM AdPageInfo  WHERE 1=1  
-------------end 2017/7/27 17:00:07-------------
-------------start 2017/7/27 17:00:08-------------/AccAnalysis/Vir/Index.aspx
SELECT TOP 10 * FROM [AdPageInfo]  WHERE 1=1  AND [UserId]='2'  AND Id NOT IN (SELECT TOP 0 Id FROM [AdPageInfo]  WHERE 1=1  AND [UserId]='2'  )  
-------------end 2017/7/27 17:00:08-------------
-------------start 2017/7/27 17:00:18-------------/Accounts/Order/OrderList.aspx
SELECT TOP 10 * FROM [CustomerInfo]  WHERE 1=1  AND [IsDelete]='0'  AND Id NOT IN (SELECT TOP 0 Id FROM [CustomerInfo]  WHERE 1=1  AND [IsDelete]='0'   order by  id desc )   order by  id desc 
-------------end 2017/7/27 17:00:18-------------
-------------start 2017/7/27 17:00:20-------------/Accounts/Order/OrderList.aspx
SELECT * FROM CustomerInfo  WHERE 1=1  AND [IsDelete]='0'   order by  id desc 
-------------end 2017/7/27 17:00:20-------------
-------------start 2017/7/27 17:01:32-------------/Accounts/Order/OrderList.aspx
SELECT TOP 10 * FROM [CustomerInfo]  WHERE 1=1  AND [IsDelete]='0'  AND Id NOT IN (SELECT TOP 0 Id FROM [CustomerInfo]  WHERE 1=1  AND [IsDelete]='0'   order by  id desc )   order by  id desc 
-------------end 2017/7/27 17:01:32-------------
-------------start 2017/7/27 17:01:32-------------/Accounts/Order/OrderList.aspx
SELECT * FROM AccountInfo  WHERE 1=1  AND [Id]='2' 
 
-------------end 2017/7/27 17:01:32-------------
-------------start 2017/7/27 17:01:34-------------/Accounts/Order/OrderList.aspx
SELECT * FROM CustomerInfo  WHERE 1=1  AND [IsDelete]='0'   order by  id desc 
-------------end 2017/7/27 17:01:34-------------
-------------start 2017/7/27 17:01:38-------------/Accounts/Order/OrderList.aspx
SELECT TOP 10 * FROM [CustomerInfo]  WHERE 1=1  AND [IsDelete]='0'  AND Id NOT IN (SELECT TOP 0 Id FROM [CustomerInfo]  WHERE 1=1  AND [IsDelete]='0'   order by  id desc )   order by  id desc 
-------------end 2017/7/27 17:01:38-------------
-------------start 2017/7/27 17:12:17-------------/Accounts/Order/OrderList.aspx
SELECT TOP 10 * FROM [CustomerInfo]  WHERE 1=1  AND [IsDelete]='0'  AND Id NOT IN (SELECT TOP 0 Id FROM [CustomerInfo]  WHERE 1=1  AND [IsDelete]='0'   order by  id desc )   order by  id desc 
-------------end 2017/7/27 17:12:17-------------
-------------start 2017/7/27 17:12:17-------------/Accounts/Order/OrderList.aspx
SELECT * FROM AccountInfo  WHERE 1=1  AND [Id]='2' 
 
-------------end 2017/7/27 17:12:17-------------
-------------start 2017/7/27 17:51:10-------------/Login.aspx
SELECT * FROM AccountInfo  WHERE 1=1  AND [UserName]='admin' 
 
-------------end 2017/7/27 17:51:10-------------
-------------start 2017/7/27 17:51:13-------------/Admin/Index.aspx
SELECT * FROM AccountInfo  WHERE 1=1  AND [UserName]='admin' 
 
-------------end 2017/7/27 17:51:13-------------
-------------start 2017/7/27 17:51:36-------------/Admin/Server/DomainServerApp.aspx
SELECT * FROM ServerInfo  WHERE 1=1  AND [IsState]='1'   order by  id desc 
-------------end 2017/7/27 17:51:36-------------
-------------start 2017/7/27 17:52:34-------------/Admin/Server/DomainServerApp.aspx
SELECT * FROM ServerInfo  WHERE 1=1  AND [IsState]='1'   order by  id desc 
-------------end 2017/7/27 17:52:34-------------
-------------start 2017/7/27 17:52:34-------------/Admin/Server/DomainServerApp.aspx
SELECT * FROM ServerInfo  WHERE 1=1  AND [IsState]='1'   order by  id desc 
-------------end 2017/7/27 17:52:34-------------
