-------------start 2017/9/7 16:07:04-------------/Login.aspx
SELECT * FROM AccountInfo  WHERE 1=1  AND [UserName]='admin' 
 
-------------end 2017/9/7 16:07:04-------------
-------------start 2017/9/7 16:07:05-------------/Admin/Index.aspx
SELECT * FROM AccountInfo  WHERE 1=1  AND [UserName]='admin' 
 
-------------end 2017/9/7 16:07:05-------------
-------------start 2017/9/7 16:07:10-------------/Admin/Shop/ProducteList.aspx
SELECT TOP 10 * FROM [ProductInfo]  WHERE 1=1  AND Id NOT IN (SELECT TOP 0 Id FROM [ProductInfo]  WHERE 1=1   order by  id desc )   order by  id desc 
-------------end 2017/9/7 16:07:10-------------
-------------start 2017/9/7 16:07:10-------------/Admin/Shop/ProducteList.aspx
SELECT * FROM AccountInfo  WHERE 1=1  AND [Id]='17' 
 
-------------end 2017/9/7 16:07:10-------------
-------------start 2017/9/7 16:07:10-------------/Admin/Shop/ProducteList.aspx
SELECT * FROM AdPageInfo  WHERE 1=1  
-------------end 2017/9/7 16:07:10-------------
-------------start 2017/9/7 16:07:14-------------/Admin/Shop/ProducteList.aspx
SELECT * FROM AdPageInfo  WHERE 1=1  
-------------end 2017/9/7 16:07:14-------------
-------------start 2017/9/7 16:07:18-------------/Admin/Shop/ProducteList.aspx
SELECT * FROM AdPageInfo  WHERE 1=1  
-------------end 2017/9/7 16:07:18-------------
-------------start 2017/9/7 16:07:20-------------/Admin/Shop/ProducteList.aspx
SELECT * FROM AdPageInfo  WHERE 1=1  
-------------end 2017/9/7 16:07:20-------------
-------------start 2017/9/7 16:07:23-------------/Admin/Shop/ProducteList.aspx
SELECT * FROM AdPageInfo  WHERE 1=1  
-------------end 2017/9/7 16:07:23-------------
-------------start 2017/9/7 16:07:27-------------/Admin/Shop/ProducteList.aspx
SELECT * FROM AccountInfo  WHERE 1=1  AND [Id]='5' 
 
-------------end 2017/9/7 16:07:27-------------
-------------start 2017/9/7 16:07:27-------------/Admin/Shop/ProducteList.aspx
SELECT * FROM AdPageInfo  WHERE 1=1  
-------------end 2017/9/7 16:07:27-------------
-------------start 2017/9/7 16:07:29-------------/Admin/Shop/ProducteList.aspx
SELECT * FROM AdPageInfo  WHERE 1=1  
-------------end 2017/9/7 16:07:29-------------
-------------start 2017/9/7 16:07:33-------------/Admin/Shop/ProducteList.aspx
SELECT * FROM AdPageInfo  WHERE 1=1  
-------------end 2017/9/7 16:07:33-------------
-------------start 2017/9/7 16:07:37-------------/Admin/Shop/ProducteList.aspx
SELECT * FROM AdPageInfo  WHERE 1=1  
-------------end 2017/9/7 16:07:37-------------
-------------start 2017/9/7 16:07:40-------------/Admin/Shop/ProducteList.aspx
SELECT * FROM AccountInfo  WHERE 1=1  AND [Id]='2' 
 
-------------end 2017/9/7 16:07:40-------------
-------------start 2017/9/7 16:07:40-------------/Admin/Shop/ProducteList.aspx
SELECT * FROM AdPageInfo  WHERE 1=1  
-------------end 2017/9/7 16:07:40-------------
-------------start 2017/9/7 16:07:43-------------/Admin/Shop/ProducteList.aspx
SELECT * FROM AdPageInfo  WHERE 1=1  
-------------end 2017/9/7 16:07:43-------------
-------------start 2017/9/7 16:07:46-------------/Admin/Shop/ProducteList.aspx
SELECT * FROM AdPageInfo  WHERE 1=1  
-------------end 2017/9/7 16:07:46-------------
-------------start 2017/9/7 16:07:49-------------/Admin/Shop/ProducteList.aspx
SELECT * FROM AdPageInfo  WHERE 1=1  
-------------end 2017/9/7 16:07:49-------------
-------------start 2017/9/7 16:07:53-------------/Admin/Shop/ProducteList.aspx
SELECT * FROM AdPageInfo  WHERE 1=1  
-------------end 2017/9/7 16:07:53-------------
-------------start 2017/9/7 16:07:54-------------/Admin/Shop/ProducteList.aspx
SELECT * FROM AdPageInfo  WHERE 1=1  
-------------end 2017/9/7 16:07:54-------------
-------------start 2017/9/7 16:07:54-------------/Admin/Shop/ProducteList.aspx
SELECT * FROM AdPageInfo  WHERE 1=1  
-------------end 2017/9/7 16:07:54-------------
-------------start 2017/9/7 16:07:54-------------/Admin/Shop/ProducteList.aspx
SELECT * FROM AdPageInfo  WHERE 1=1  
-------------end 2017/9/7 16:07:54-------------
-------------start 2017/9/7 16:07:54-------------/Admin/Shop/ProducteList.aspx
SELECT * FROM AdPageInfo  WHERE 1=1  
-------------end 2017/9/7 16:07:54-------------
-------------start 2017/9/7 16:07:54-------------/Admin/Shop/ProducteList.aspx
SELECT * FROM AdPageInfo  WHERE 1=1  
-------------end 2017/9/7 16:07:54-------------
-------------start 2017/9/7 16:07:54-------------/Admin/Shop/ProducteList.aspx
SELECT * FROM AdPageInfo  WHERE 1=1  
-------------end 2017/9/7 16:07:54-------------
-------------start 2017/9/7 16:07:54-------------/Admin/Shop/ProducteList.aspx
SELECT * FROM AdPageInfo  WHERE 1=1  
-------------end 2017/9/7 16:07:54-------------
-------------start 2017/9/7 16:07:54-------------/Admin/Shop/ProducteList.aspx
SELECT * FROM AdPageInfo  WHERE 1=1  
-------------end 2017/9/7 16:07:54-------------
-------------start 2017/9/7 16:07:54-------------/Admin/Shop/ProducteList.aspx
SELECT * FROM AdPageInfo  WHERE 1=1  
-------------end 2017/9/7 16:07:54-------------
-------------start 2017/9/7 16:07:54-------------/Admin/Shop/ProducteList.aspx
SELECT * FROM AdPageInfo  WHERE 1=1  
-------------end 2017/9/7 16:07:54-------------
-------------start 2017/9/7 16:07:54-------------/Admin/Shop/ProducteList.aspx
SELECT * FROM AdPageInfo  WHERE 1=1  
-------------end 2017/9/7 16:07:54-------------
-------------start 2017/9/7 16:07:54-------------/Admin/Shop/ProducteList.aspx
SELECT * FROM AdPageInfo  WHERE 1=1  
-------------end 2017/9/7 16:07:54-------------
-------------start 2017/9/7 16:07:54-------------/Admin/Shop/ProducteList.aspx
SELECT * FROM AdPageInfo  WHERE 1=1  
-------------end 2017/9/7 16:07:54-------------
-------------start 2017/9/7 16:07:54-------------/Admin/Shop/ProducteList.aspx
SELECT * FROM AdPageInfo  WHERE 1=1  
-------------end 2017/9/7 16:07:54-------------
-------------start 2017/9/7 16:07:54-------------/Admin/Shop/ProducteList.aspx
SELECT * FROM AdPageInfo  WHERE 1=1  
-------------end 2017/9/7 16:07:54-------------
-------------start 2017/9/7 16:07:54-------------/Admin/Shop/ProducteList.aspx
SELECT * FROM AdPageInfo  WHERE 1=1  
-------------end 2017/9/7 16:07:54-------------
-------------start 2017/9/7 16:07:54-------------/Admin/Shop/ProducteList.aspx
SELECT * FROM AdPageInfo  WHERE 1=1  
-------------end 2017/9/7 16:07:54-------------
-------------start 2017/9/7 16:07:54-------------/Admin/Shop/ProducteList.aspx
SELECT * FROM AdPageInfo  WHERE 1=1  
-------------end 2017/9/7 16:07:54-------------
-------------start 2017/9/7 16:07:54-------------/Admin/Shop/ProducteList.aspx
SELECT * FROM AdPageInfo  WHERE 1=1  
-------------end 2017/9/7 16:07:54-------------
-------------start 2017/9/7 16:07:54-------------/Admin/Shop/ProducteList.aspx
SELECT * FROM AdPageInfo  WHERE 1=1  
-------------end 2017/9/7 16:07:54-------------
-------------start 2017/9/7 16:07:54-------------/Admin/Shop/ProducteList.aspx
SELECT * FROM AdPageInfo  WHERE 1=1  
-------------end 2017/9/7 16:07:54-------------
-------------start 2017/9/7 16:07:54-------------/Admin/Shop/ProducteList.aspx
SELECT * FROM AdPageInfo  WHERE 1=1  
-------------end 2017/9/7 16:07:54-------------
-------------start 2017/9/7 16:07:54-------------/Admin/Shop/ProducteList.aspx
SELECT * FROM AdPageInfo  WHERE 1=1  
-------------end 2017/9/7 16:07:54-------------
-------------start 2017/9/7 16:07:54-------------/Admin/Shop/ProducteList.aspx
SELECT * FROM AdPageInfo  WHERE 1=1  
-------------end 2017/9/7 16:07:54-------------
-------------start 2017/9/7 16:07:54-------------/Admin/Shop/ProducteList.aspx
SELECT * FROM AdPageInfo  WHERE 1=1  
-------------end 2017/9/7 16:07:54-------------
-------------start 2017/9/7 16:07:55-------------/Admin/Shop/ProducteList.aspx
SELECT * FROM AdPageInfo  WHERE 1=1  
-------------end 2017/9/7 16:07:55-------------
-------------start 2017/9/7 16:07:55-------------/Admin/Shop/ProducteList.aspx
SELECT * FROM AdPageInfo  WHERE 1=1  
-------------end 2017/9/7 16:07:55-------------
