-------------start 2017/7/28 13:00:05-------------/Services/SerGetDomain.ashx?sname=%E5%8D%8E%E5%8C%97%E4%BA%8C%E5%8F%B7%E6%9C%8D%E5%8A%A1%E5%99%A8
SELECT * FROM ServerInfo  WHERE 1=1  AND [Name]='华北二号服务器'  
-------------end 2017/7/28 13:00:05-------------
-------------start 2017/7/28 13:00:05-------------/Services/SerGetDomain.ashx?sname=%E5%8D%8E%E5%8C%97%E4%BA%8C%E5%8F%B7%E6%9C%8D%E5%8A%A1%E5%99%A8
SELECT * FROM DomainSynchroHistory  WHERE 1=1  AND [Name]='华北二号服务器'  AND [IsSynchro]='0'  
-------------end 2017/7/28 13:00:05-------------
-------------start 2017/7/28 13:00:15-------------/Services/SerGetDomain.ashx?sname=%E5%8D%8E%E5%8C%97%E4%BA%8C%E5%8F%B7%E6%9C%8D%E5%8A%A1%E5%99%A8
SELECT * FROM ServerInfo  WHERE 1=1  AND [Name]='华北二号服务器'  
-------------end 2017/7/28 13:00:15-------------
-------------start 2017/7/28 13:00:15-------------/Services/SerGetDomain.ashx?sname=%E5%8D%8E%E5%8C%97%E4%BA%8C%E5%8F%B7%E6%9C%8D%E5%8A%A1%E5%99%A8
SELECT * FROM DomainSynchroHistory  WHERE 1=1  AND [Name]='华北二号服务器'  AND [IsSynchro]='0'  
-------------end 2017/7/28 13:00:15-------------
-------------start 2017/7/28 13:00:25-------------/Services/SerGetDomain.ashx?sname=%E5%8D%8E%E5%8C%97%E4%BA%8C%E5%8F%B7%E6%9C%8D%E5%8A%A1%E5%99%A8
SELECT * FROM ServerInfo  WHERE 1=1  AND [Name]='华北二号服务器'  
-------------end 2017/7/28 13:00:25-------------
-------------start 2017/7/28 13:00:25-------------/Services/SerGetDomain.ashx?sname=%E5%8D%8E%E5%8C%97%E4%BA%8C%E5%8F%B7%E6%9C%8D%E5%8A%A1%E5%99%A8
SELECT * FROM DomainSynchroHistory  WHERE 1=1  AND [Name]='华北二号服务器'  AND [IsSynchro]='0'  
-------------end 2017/7/28 13:00:25-------------
-------------start 2017/7/28 13:00:35-------------/Services/SerGetDomain.ashx?sname=%E5%8D%8E%E5%8C%97%E4%BA%8C%E5%8F%B7%E6%9C%8D%E5%8A%A1%E5%99%A8
SELECT * FROM ServerInfo  WHERE 1=1  AND [Name]='华北二号服务器'  
-------------end 2017/7/28 13:00:35-------------
-------------start 2017/7/28 13:00:35-------------/Services/SerGetDomain.ashx?sname=%E5%8D%8E%E5%8C%97%E4%BA%8C%E5%8F%B7%E6%9C%8D%E5%8A%A1%E5%99%A8
SELECT * FROM DomainSynchroHistory  WHERE 1=1  AND [Name]='华北二号服务器'  AND [IsSynchro]='0'  
-------------end 2017/7/28 13:00:35-------------
-------------start 2017/7/28 13:00:45-------------/Services/SerGetDomain.ashx?sname=%E5%8D%8E%E5%8C%97%E4%BA%8C%E5%8F%B7%E6%9C%8D%E5%8A%A1%E5%99%A8
SELECT * FROM ServerInfo  WHERE 1=1  AND [Name]='华北二号服务器'  
-------------end 2017/7/28 13:00:45-------------
-------------start 2017/7/28 13:00:45-------------/Services/SerGetDomain.ashx?sname=%E5%8D%8E%E5%8C%97%E4%BA%8C%E5%8F%B7%E6%9C%8D%E5%8A%A1%E5%99%A8
SELECT * FROM DomainSynchroHistory  WHERE 1=1  AND [Name]='华北二号服务器'  AND [IsSynchro]='0'  
-------------end 2017/7/28 13:00:45-------------
-------------start 2017/7/28 13:00:55-------------/Services/SerGetDomain.ashx?sname=%E5%8D%8E%E5%8C%97%E4%BA%8C%E5%8F%B7%E6%9C%8D%E5%8A%A1%E5%99%A8
SELECT * FROM ServerInfo  WHERE 1=1  AND [Name]='华北二号服务器'  
-------------end 2017/7/28 13:00:55-------------
-------------start 2017/7/28 13:00:55-------------/Services/SerGetDomain.ashx?sname=%E5%8D%8E%E5%8C%97%E4%BA%8C%E5%8F%B7%E6%9C%8D%E5%8A%A1%E5%99%A8
SELECT * FROM DomainSynchroHistory  WHERE 1=1  AND [Name]='华北二号服务器'  AND [IsSynchro]='0'  
-------------end 2017/7/28 13:00:55-------------
-------------start 2017/7/28 13:01:05-------------/Services/SerGetDomain.ashx?sname=%E5%8D%8E%E5%8C%97%E4%BA%8C%E5%8F%B7%E6%9C%8D%E5%8A%A1%E5%99%A8
SELECT * FROM ServerInfo  WHERE 1=1  AND [Name]='华北二号服务器'  
-------------end 2017/7/28 13:01:05-------------
-------------start 2017/7/28 13:01:05-------------/Services/SerGetDomain.ashx?sname=%E5%8D%8E%E5%8C%97%E4%BA%8C%E5%8F%B7%E6%9C%8D%E5%8A%A1%E5%99%A8
SELECT * FROM DomainSynchroHistory  WHERE 1=1  AND [Name]='华北二号服务器'  AND [IsSynchro]='0'  
-------------end 2017/7/28 13:01:05-------------
-------------start 2017/7/28 13:01:15-------------/Services/SerGetDomain.ashx?sname=%E5%8D%8E%E5%8C%97%E4%BA%8C%E5%8F%B7%E6%9C%8D%E5%8A%A1%E5%99%A8
SELECT * FROM ServerInfo  WHERE 1=1  AND [Name]='华北二号服务器'  
-------------end 2017/7/28 13:01:15-------------
-------------start 2017/7/28 13:01:15-------------/Services/SerGetDomain.ashx?sname=%E5%8D%8E%E5%8C%97%E4%BA%8C%E5%8F%B7%E6%9C%8D%E5%8A%A1%E5%99%A8
SELECT * FROM DomainSynchroHistory  WHERE 1=1  AND [Name]='华北二号服务器'  AND [IsSynchro]='0'  
-------------end 2017/7/28 13:01:15-------------
-------------start 2017/7/28 13:01:25-------------/Services/SerGetDomain.ashx?sname=%E5%8D%8E%E5%8C%97%E4%BA%8C%E5%8F%B7%E6%9C%8D%E5%8A%A1%E5%99%A8
SELECT * FROM ServerInfo  WHERE 1=1  AND [Name]='华北二号服务器'  
-------------end 2017/7/28 13:01:25-------------
-------------start 2017/7/28 13:01:25-------------/Services/SerGetDomain.ashx?sname=%E5%8D%8E%E5%8C%97%E4%BA%8C%E5%8F%B7%E6%9C%8D%E5%8A%A1%E5%99%A8
SELECT * FROM DomainSynchroHistory  WHERE 1=1  AND [Name]='华北二号服务器'  AND [IsSynchro]='0'  
-------------end 2017/7/28 13:01:25-------------
-------------start 2017/7/28 13:01:35-------------/Services/SerGetDomain.ashx?sname=%E5%8D%8E%E5%8C%97%E4%BA%8C%E5%8F%B7%E6%9C%8D%E5%8A%A1%E5%99%A8
SELECT * FROM ServerInfo  WHERE 1=1  AND [Name]='华北二号服务器'  
-------------end 2017/7/28 13:01:35-------------
-------------start 2017/7/28 13:01:35-------------/Services/SerGetDomain.ashx?sname=%E5%8D%8E%E5%8C%97%E4%BA%8C%E5%8F%B7%E6%9C%8D%E5%8A%A1%E5%99%A8
SELECT * FROM DomainSynchroHistory  WHERE 1=1  AND [Name]='华北二号服务器'  AND [IsSynchro]='0'  
-------------end 2017/7/28 13:01:35-------------
-------------start 2017/7/28 13:01:45-------------/Services/SerGetDomain.ashx?sname=%E5%8D%8E%E5%8C%97%E4%BA%8C%E5%8F%B7%E6%9C%8D%E5%8A%A1%E5%99%A8
SELECT * FROM ServerInfo  WHERE 1=1  AND [Name]='华北二号服务器'  
-------------end 2017/7/28 13:01:45-------------
-------------start 2017/7/28 13:01:45-------------/Services/SerGetDomain.ashx?sname=%E5%8D%8E%E5%8C%97%E4%BA%8C%E5%8F%B7%E6%9C%8D%E5%8A%A1%E5%99%A8
SELECT * FROM DomainSynchroHistory  WHERE 1=1  AND [Name]='华北二号服务器'  AND [IsSynchro]='0'  
-------------end 2017/7/28 13:01:45-------------
-------------start 2017/7/28 13:01:55-------------/Services/SerGetDomain.ashx?sname=%E5%8D%8E%E5%8C%97%E4%BA%8C%E5%8F%B7%E6%9C%8D%E5%8A%A1%E5%99%A8
SELECT * FROM ServerInfo  WHERE 1=1  AND [Name]='华北二号服务器'  
-------------end 2017/7/28 13:01:55-------------
-------------start 2017/7/28 13:01:55-------------/Services/SerGetDomain.ashx?sname=%E5%8D%8E%E5%8C%97%E4%BA%8C%E5%8F%B7%E6%9C%8D%E5%8A%A1%E5%99%A8
SELECT * FROM DomainSynchroHistory  WHERE 1=1  AND [Name]='华北二号服务器'  AND [IsSynchro]='0'  
-------------end 2017/7/28 13:01:55-------------
-------------start 2017/7/28 13:02:05-------------/Services/SerGetDomain.ashx?sname=%E5%8D%8E%E5%8C%97%E4%BA%8C%E5%8F%B7%E6%9C%8D%E5%8A%A1%E5%99%A8
SELECT * FROM ServerInfo  WHERE 1=1  AND [Name]='华北二号服务器'  
-------------end 2017/7/28 13:02:05-------------
-------------start 2017/7/28 13:02:05-------------/Services/SerGetDomain.ashx?sname=%E5%8D%8E%E5%8C%97%E4%BA%8C%E5%8F%B7%E6%9C%8D%E5%8A%A1%E5%99%A8
SELECT * FROM DomainSynchroHistory  WHERE 1=1  AND [Name]='华北二号服务器'  AND [IsSynchro]='0'  
-------------end 2017/7/28 13:02:05-------------
-------------start 2017/7/28 13:02:15-------------/Services/SerGetDomain.ashx?sname=%E5%8D%8E%E5%8C%97%E4%BA%8C%E5%8F%B7%E6%9C%8D%E5%8A%A1%E5%99%A8
SELECT * FROM ServerInfo  WHERE 1=1  AND [Name]='华北二号服务器'  
-------------end 2017/7/28 13:02:15-------------
-------------start 2017/7/28 13:02:15-------------/Services/SerGetDomain.ashx?sname=%E5%8D%8E%E5%8C%97%E4%BA%8C%E5%8F%B7%E6%9C%8D%E5%8A%A1%E5%99%A8
SELECT * FROM DomainSynchroHistory  WHERE 1=1  AND [Name]='华北二号服务器'  AND [IsSynchro]='0'  
-------------end 2017/7/28 13:02:15-------------
-------------start 2017/7/28 13:02:25-------------/Services/SerGetDomain.ashx?sname=%E5%8D%8E%E5%8C%97%E4%BA%8C%E5%8F%B7%E6%9C%8D%E5%8A%A1%E5%99%A8
SELECT * FROM ServerInfo  WHERE 1=1  AND [Name]='华北二号服务器'  
-------------end 2017/7/28 13:02:25-------------
-------------start 2017/7/28 13:02:25-------------/Services/SerGetDomain.ashx?sname=%E5%8D%8E%E5%8C%97%E4%BA%8C%E5%8F%B7%E6%9C%8D%E5%8A%A1%E5%99%A8
SELECT * FROM DomainSynchroHistory  WHERE 1=1  AND [Name]='华北二号服务器'  AND [IsSynchro]='0'  
-------------end 2017/7/28 13:02:25-------------
-------------start 2017/7/28 13:02:35-------------/Services/SerGetDomain.ashx?sname=%E5%8D%8E%E5%8C%97%E4%BA%8C%E5%8F%B7%E6%9C%8D%E5%8A%A1%E5%99%A8
SELECT * FROM ServerInfo  WHERE 1=1  AND [Name]='华北二号服务器'  
-------------end 2017/7/28 13:02:35-------------
-------------start 2017/7/28 13:02:35-------------/Services/SerGetDomain.ashx?sname=%E5%8D%8E%E5%8C%97%E4%BA%8C%E5%8F%B7%E6%9C%8D%E5%8A%A1%E5%99%A8
SELECT * FROM DomainSynchroHistory  WHERE 1=1  AND [Name]='华北二号服务器'  AND [IsSynchro]='0'  
-------------end 2017/7/28 13:02:35-------------
-------------start 2017/7/28 13:02:45-------------/Services/SerGetDomain.ashx?sname=%E5%8D%8E%E5%8C%97%E4%BA%8C%E5%8F%B7%E6%9C%8D%E5%8A%A1%E5%99%A8
SELECT * FROM ServerInfo  WHERE 1=1  AND [Name]='华北二号服务器'  
-------------end 2017/7/28 13:02:45-------------
-------------start 2017/7/28 13:02:45-------------/Services/SerGetDomain.ashx?sname=%E5%8D%8E%E5%8C%97%E4%BA%8C%E5%8F%B7%E6%9C%8D%E5%8A%A1%E5%99%A8
SELECT * FROM DomainSynchroHistory  WHERE 1=1  AND [Name]='华北二号服务器'  AND [IsSynchro]='0'  
-------------end 2017/7/28 13:02:45-------------
-------------start 2017/7/28 13:02:55-------------/Services/SerGetDomain.ashx?sname=%E5%8D%8E%E5%8C%97%E4%BA%8C%E5%8F%B7%E6%9C%8D%E5%8A%A1%E5%99%A8
SELECT * FROM ServerInfo  WHERE 1=1  AND [Name]='华北二号服务器'  
-------------end 2017/7/28 13:02:55-------------
-------------start 2017/7/28 13:02:55-------------/Services/SerGetDomain.ashx?sname=%E5%8D%8E%E5%8C%97%E4%BA%8C%E5%8F%B7%E6%9C%8D%E5%8A%A1%E5%99%A8
SELECT * FROM DomainSynchroHistory  WHERE 1=1  AND [Name]='华北二号服务器'  AND [IsSynchro]='0'  
-------------end 2017/7/28 13:02:55-------------
-------------start 2017/7/28 13:03:05-------------/Services/SerGetDomain.ashx?sname=%E5%8D%8E%E5%8C%97%E4%BA%8C%E5%8F%B7%E6%9C%8D%E5%8A%A1%E5%99%A8
SELECT * FROM ServerInfo  WHERE 1=1  AND [Name]='华北二号服务器'  
-------------end 2017/7/28 13:03:05-------------
-------------start 2017/7/28 13:03:05-------------/Services/SerGetDomain.ashx?sname=%E5%8D%8E%E5%8C%97%E4%BA%8C%E5%8F%B7%E6%9C%8D%E5%8A%A1%E5%99%A8
SELECT * FROM DomainSynchroHistory  WHERE 1=1  AND [Name]='华北二号服务器'  AND [IsSynchro]='0'  
-------------end 2017/7/28 13:03:05-------------
-------------start 2017/7/28 13:03:15-------------/Services/SerGetDomain.ashx?sname=%E5%8D%8E%E5%8C%97%E4%BA%8C%E5%8F%B7%E6%9C%8D%E5%8A%A1%E5%99%A8
SELECT * FROM ServerInfo  WHERE 1=1  AND [Name]='华北二号服务器'  
-------------end 2017/7/28 13:03:15-------------
-------------start 2017/7/28 13:03:15-------------/Services/SerGetDomain.ashx?sname=%E5%8D%8E%E5%8C%97%E4%BA%8C%E5%8F%B7%E6%9C%8D%E5%8A%A1%E5%99%A8
SELECT * FROM DomainSynchroHistory  WHERE 1=1  AND [Name]='华北二号服务器'  AND [IsSynchro]='0'  
-------------end 2017/7/28 13:03:15-------------
-------------start 2017/7/28 13:03:25-------------/Services/SerGetDomain.ashx?sname=%E5%8D%8E%E5%8C%97%E4%BA%8C%E5%8F%B7%E6%9C%8D%E5%8A%A1%E5%99%A8
SELECT * FROM ServerInfo  WHERE 1=1  AND [Name]='华北二号服务器'  
-------------end 2017/7/28 13:03:25-------------
-------------start 2017/7/28 13:03:25-------------/Services/SerGetDomain.ashx?sname=%E5%8D%8E%E5%8C%97%E4%BA%8C%E5%8F%B7%E6%9C%8D%E5%8A%A1%E5%99%A8
SELECT * FROM DomainSynchroHistory  WHERE 1=1  AND [Name]='华北二号服务器'  AND [IsSynchro]='0'  
-------------end 2017/7/28 13:03:25-------------
-------------start 2017/7/28 13:03:36-------------/Services/SerGetDomain.ashx?sname=%E5%8D%8E%E5%8C%97%E4%BA%8C%E5%8F%B7%E6%9C%8D%E5%8A%A1%E5%99%A8
SELECT * FROM ServerInfo  WHERE 1=1  AND [Name]='华北二号服务器'  
-------------end 2017/7/28 13:03:36-------------
-------------start 2017/7/28 13:03:36-------------/Services/SerGetDomain.ashx?sname=%E5%8D%8E%E5%8C%97%E4%BA%8C%E5%8F%B7%E6%9C%8D%E5%8A%A1%E5%99%A8
SELECT * FROM DomainSynchroHistory  WHERE 1=1  AND [Name]='华北二号服务器'  AND [IsSynchro]='0'  
-------------end 2017/7/28 13:03:36-------------
-------------start 2017/7/28 13:03:46-------------/Services/SerGetDomain.ashx?sname=%E5%8D%8E%E5%8C%97%E4%BA%8C%E5%8F%B7%E6%9C%8D%E5%8A%A1%E5%99%A8
SELECT * FROM ServerInfo  WHERE 1=1  AND [Name]='华北二号服务器'  
-------------end 2017/7/28 13:03:46-------------
-------------start 2017/7/28 13:03:46-------------/Services/SerGetDomain.ashx?sname=%E5%8D%8E%E5%8C%97%E4%BA%8C%E5%8F%B7%E6%9C%8D%E5%8A%A1%E5%99%A8
SELECT * FROM DomainSynchroHistory  WHERE 1=1  AND [Name]='华北二号服务器'  AND [IsSynchro]='0'  
-------------end 2017/7/28 13:03:46-------------
-------------start 2017/7/28 13:03:56-------------/Services/SerGetDomain.ashx?sname=%E5%8D%8E%E5%8C%97%E4%BA%8C%E5%8F%B7%E6%9C%8D%E5%8A%A1%E5%99%A8
SELECT * FROM ServerInfo  WHERE 1=1  AND [Name]='华北二号服务器'  
-------------end 2017/7/28 13:03:56-------------
-------------start 2017/7/28 13:03:56-------------/Services/SerGetDomain.ashx?sname=%E5%8D%8E%E5%8C%97%E4%BA%8C%E5%8F%B7%E6%9C%8D%E5%8A%A1%E5%99%A8
SELECT * FROM DomainSynchroHistory  WHERE 1=1  AND [Name]='华北二号服务器'  AND [IsSynchro]='0'  
-------------end 2017/7/28 13:03:56-------------
-------------start 2017/7/28 13:04:06-------------/Services/SerGetDomain.ashx?sname=%E5%8D%8E%E5%8C%97%E4%BA%8C%E5%8F%B7%E6%9C%8D%E5%8A%A1%E5%99%A8
SELECT * FROM ServerInfo  WHERE 1=1  AND [Name]='华北二号服务器'  
-------------end 2017/7/28 13:04:06-------------
-------------start 2017/7/28 13:04:06-------------/Services/SerGetDomain.ashx?sname=%E5%8D%8E%E5%8C%97%E4%BA%8C%E5%8F%B7%E6%9C%8D%E5%8A%A1%E5%99%A8
SELECT * FROM DomainSynchroHistory  WHERE 1=1  AND [Name]='华北二号服务器'  AND [IsSynchro]='0'  
-------------end 2017/7/28 13:04:06-------------
-------------start 2017/7/28 13:04:16-------------/Services/SerGetDomain.ashx?sname=%E5%8D%8E%E5%8C%97%E4%BA%8C%E5%8F%B7%E6%9C%8D%E5%8A%A1%E5%99%A8
SELECT * FROM ServerInfo  WHERE 1=1  AND [Name]='华北二号服务器'  
-------------end 2017/7/28 13:04:16-------------
-------------start 2017/7/28 13:04:16-------------/Services/SerGetDomain.ashx?sname=%E5%8D%8E%E5%8C%97%E4%BA%8C%E5%8F%B7%E6%9C%8D%E5%8A%A1%E5%99%A8
SELECT * FROM DomainSynchroHistory  WHERE 1=1  AND [Name]='华北二号服务器'  AND [IsSynchro]='0'  
-------------end 2017/7/28 13:04:16-------------
-------------start 2017/7/28 13:04:26-------------/Services/SerGetDomain.ashx?sname=%E5%8D%8E%E5%8C%97%E4%BA%8C%E5%8F%B7%E6%9C%8D%E5%8A%A1%E5%99%A8
SELECT * FROM ServerInfo  WHERE 1=1  AND [Name]='华北二号服务器'  
-------------end 2017/7/28 13:04:26-------------
-------------start 2017/7/28 13:04:26-------------/Services/SerGetDomain.ashx?sname=%E5%8D%8E%E5%8C%97%E4%BA%8C%E5%8F%B7%E6%9C%8D%E5%8A%A1%E5%99%A8
SELECT * FROM DomainSynchroHistory  WHERE 1=1  AND [Name]='华北二号服务器'  AND [IsSynchro]='0'  
-------------end 2017/7/28 13:04:26-------------
-------------start 2017/7/28 13:04:36-------------/Services/SerGetDomain.ashx?sname=%E5%8D%8E%E5%8C%97%E4%BA%8C%E5%8F%B7%E6%9C%8D%E5%8A%A1%E5%99%A8
SELECT * FROM ServerInfo  WHERE 1=1  AND [Name]='华北二号服务器'  
-------------end 2017/7/28 13:04:36-------------
-------------start 2017/7/28 13:04:36-------------/Services/SerGetDomain.ashx?sname=%E5%8D%8E%E5%8C%97%E4%BA%8C%E5%8F%B7%E6%9C%8D%E5%8A%A1%E5%99%A8
SELECT * FROM DomainSynchroHistory  WHERE 1=1  AND [Name]='华北二号服务器'  AND [IsSynchro]='0'  
-------------end 2017/7/28 13:04:36-------------
-------------start 2017/7/28 13:04:46-------------/Services/SerGetDomain.ashx?sname=%E5%8D%8E%E5%8C%97%E4%BA%8C%E5%8F%B7%E6%9C%8D%E5%8A%A1%E5%99%A8
SELECT * FROM ServerInfo  WHERE 1=1  AND [Name]='华北二号服务器'  
-------------end 2017/7/28 13:04:46-------------
-------------start 2017/7/28 13:04:46-------------/Services/SerGetDomain.ashx?sname=%E5%8D%8E%E5%8C%97%E4%BA%8C%E5%8F%B7%E6%9C%8D%E5%8A%A1%E5%99%A8
SELECT * FROM DomainSynchroHistory  WHERE 1=1  AND [Name]='华北二号服务器'  AND [IsSynchro]='0'  
-------------end 2017/7/28 13:04:46-------------
-------------start 2017/7/28 13:05:13-------------/Services/SerGetDomain.ashx?sname=%E5%8D%8E%E5%8C%97%E4%BA%8C%E5%8F%B7%E6%9C%8D%E5%8A%A1%E5%99%A8
SELECT * FROM ServerInfo  WHERE 1=1  AND [Name]='华北二号服务器'  
-------------end 2017/7/28 13:05:13-------------
-------------start 2017/7/28 13:05:13-------------/Services/SerGetDomain.ashx?sname=%E5%8D%8E%E5%8C%97%E4%BA%8C%E5%8F%B7%E6%9C%8D%E5%8A%A1%E5%99%A8
SELECT * FROM DomainSynchroHistory  WHERE 1=1  AND [Name]='华北二号服务器'  AND [IsSynchro]='0'  
-------------end 2017/7/28 13:05:13-------------
-------------start 2017/7/28 13:05:23-------------/Services/SerGetDomain.ashx?sname=%E5%8D%8E%E5%8C%97%E4%BA%8C%E5%8F%B7%E6%9C%8D%E5%8A%A1%E5%99%A8
SELECT * FROM ServerInfo  WHERE 1=1  AND [Name]='华北二号服务器'  
-------------end 2017/7/28 13:05:23-------------
-------------start 2017/7/28 13:05:23-------------/Services/SerGetDomain.ashx?sname=%E5%8D%8E%E5%8C%97%E4%BA%8C%E5%8F%B7%E6%9C%8D%E5%8A%A1%E5%99%A8
SELECT * FROM DomainSynchroHistory  WHERE 1=1  AND [Name]='华北二号服务器'  AND [IsSynchro]='0'  
-------------end 2017/7/28 13:05:23-------------
-------------start 2017/7/28 13:05:33-------------/Services/SerGetDomain.ashx?sname=%E5%8D%8E%E5%8C%97%E4%BA%8C%E5%8F%B7%E6%9C%8D%E5%8A%A1%E5%99%A8
SELECT * FROM ServerInfo  WHERE 1=1  AND [Name]='华北二号服务器'  
-------------end 2017/7/28 13:05:33-------------
-------------start 2017/7/28 13:05:33-------------/Services/SerGetDomain.ashx?sname=%E5%8D%8E%E5%8C%97%E4%BA%8C%E5%8F%B7%E6%9C%8D%E5%8A%A1%E5%99%A8
SELECT * FROM DomainSynchroHistory  WHERE 1=1  AND [Name]='华北二号服务器'  AND [IsSynchro]='0'  
-------------end 2017/7/28 13:05:33-------------
-------------start 2017/7/28 13:05:43-------------/Services/SerGetDomain.ashx?sname=%E5%8D%8E%E5%8C%97%E4%BA%8C%E5%8F%B7%E6%9C%8D%E5%8A%A1%E5%99%A8
SELECT * FROM ServerInfo  WHERE 1=1  AND [Name]='华北二号服务器'  
-------------end 2017/7/28 13:05:43-------------
-------------start 2017/7/28 13:05:43-------------/Services/SerGetDomain.ashx?sname=%E5%8D%8E%E5%8C%97%E4%BA%8C%E5%8F%B7%E6%9C%8D%E5%8A%A1%E5%99%A8
SELECT * FROM DomainSynchroHistory  WHERE 1=1  AND [Name]='华北二号服务器'  AND [IsSynchro]='0'  
-------------end 2017/7/28 13:05:43-------------
-------------start 2017/7/28 13:05:53-------------/Services/SerGetDomain.ashx?sname=%E5%8D%8E%E5%8C%97%E4%BA%8C%E5%8F%B7%E6%9C%8D%E5%8A%A1%E5%99%A8
SELECT * FROM ServerInfo  WHERE 1=1  AND [Name]='华北二号服务器'  
-------------end 2017/7/28 13:05:53-------------
-------------start 2017/7/28 13:05:53-------------/Services/SerGetDomain.ashx?sname=%E5%8D%8E%E5%8C%97%E4%BA%8C%E5%8F%B7%E6%9C%8D%E5%8A%A1%E5%99%A8
SELECT * FROM DomainSynchroHistory  WHERE 1=1  AND [Name]='华北二号服务器'  AND [IsSynchro]='0'  
-------------end 2017/7/28 13:05:53-------------
-------------start 2017/7/28 13:06:03-------------/Services/SerGetDomain.ashx?sname=%E5%8D%8E%E5%8C%97%E4%BA%8C%E5%8F%B7%E6%9C%8D%E5%8A%A1%E5%99%A8
SELECT * FROM ServerInfo  WHERE 1=1  AND [Name]='华北二号服务器'  
-------------end 2017/7/28 13:06:03-------------
-------------start 2017/7/28 13:06:03-------------/Services/SerGetDomain.ashx?sname=%E5%8D%8E%E5%8C%97%E4%BA%8C%E5%8F%B7%E6%9C%8D%E5%8A%A1%E5%99%A8
SELECT * FROM DomainSynchroHistory  WHERE 1=1  AND [Name]='华北二号服务器'  AND [IsSynchro]='0'  
-------------end 2017/7/28 13:06:03-------------
-------------start 2017/7/28 13:06:13-------------/Services/SerGetDomain.ashx?sname=%E5%8D%8E%E5%8C%97%E4%BA%8C%E5%8F%B7%E6%9C%8D%E5%8A%A1%E5%99%A8
SELECT * FROM ServerInfo  WHERE 1=1  AND [Name]='华北二号服务器'  
-------------end 2017/7/28 13:06:13-------------
-------------start 2017/7/28 13:06:13-------------/Services/SerGetDomain.ashx?sname=%E5%8D%8E%E5%8C%97%E4%BA%8C%E5%8F%B7%E6%9C%8D%E5%8A%A1%E5%99%A8
SELECT * FROM DomainSynchroHistory  WHERE 1=1  AND [Name]='华北二号服务器'  AND [IsSynchro]='0'  
-------------end 2017/7/28 13:06:13-------------
-------------start 2017/7/28 13:06:23-------------/Services/SerGetDomain.ashx?sname=%E5%8D%8E%E5%8C%97%E4%BA%8C%E5%8F%B7%E6%9C%8D%E5%8A%A1%E5%99%A8
SELECT * FROM ServerInfo  WHERE 1=1  AND [Name]='华北二号服务器'  
-------------end 2017/7/28 13:06:23-------------
-------------start 2017/7/28 13:06:23-------------/Services/SerGetDomain.ashx?sname=%E5%8D%8E%E5%8C%97%E4%BA%8C%E5%8F%B7%E6%9C%8D%E5%8A%A1%E5%99%A8
SELECT * FROM DomainSynchroHistory  WHERE 1=1  AND [Name]='华北二号服务器'  AND [IsSynchro]='0'  
-------------end 2017/7/28 13:06:23-------------
-------------start 2017/7/28 13:06:33-------------/Services/SerGetDomain.ashx?sname=%E5%8D%8E%E5%8C%97%E4%BA%8C%E5%8F%B7%E6%9C%8D%E5%8A%A1%E5%99%A8
SELECT * FROM ServerInfo  WHERE 1=1  AND [Name]='华北二号服务器'  
-------------end 2017/7/28 13:06:33-------------
-------------start 2017/7/28 13:06:33-------------/Services/SerGetDomain.ashx?sname=%E5%8D%8E%E5%8C%97%E4%BA%8C%E5%8F%B7%E6%9C%8D%E5%8A%A1%E5%99%A8
SELECT * FROM DomainSynchroHistory  WHERE 1=1  AND [Name]='华北二号服务器'  AND [IsSynchro]='0'  
-------------end 2017/7/28 13:06:33-------------
-------------start 2017/7/28 13:06:43-------------/Services/SerGetDomain.ashx?sname=%E5%8D%8E%E5%8C%97%E4%BA%8C%E5%8F%B7%E6%9C%8D%E5%8A%A1%E5%99%A8
SELECT * FROM ServerInfo  WHERE 1=1  AND [Name]='华北二号服务器'  
-------------end 2017/7/28 13:06:43-------------
-------------start 2017/7/28 13:06:43-------------/Services/SerGetDomain.ashx?sname=%E5%8D%8E%E5%8C%97%E4%BA%8C%E5%8F%B7%E6%9C%8D%E5%8A%A1%E5%99%A8
SELECT * FROM DomainSynchroHistory  WHERE 1=1  AND [Name]='华北二号服务器'  AND [IsSynchro]='0'  
-------------end 2017/7/28 13:06:43-------------
-------------start 2017/7/28 13:06:53-------------/Services/SerGetDomain.ashx?sname=%E5%8D%8E%E5%8C%97%E4%BA%8C%E5%8F%B7%E6%9C%8D%E5%8A%A1%E5%99%A8
SELECT * FROM ServerInfo  WHERE 1=1  AND [Name]='华北二号服务器'  
-------------end 2017/7/28 13:06:53-------------
-------------start 2017/7/28 13:06:53-------------/Services/SerGetDomain.ashx?sname=%E5%8D%8E%E5%8C%97%E4%BA%8C%E5%8F%B7%E6%9C%8D%E5%8A%A1%E5%99%A8
SELECT * FROM DomainSynchroHistory  WHERE 1=1  AND [Name]='华北二号服务器'  AND [IsSynchro]='0'  
-------------end 2017/7/28 13:06:53-------------
-------------start 2017/7/28 13:07:03-------------/Services/SerGetDomain.ashx?sname=%E5%8D%8E%E5%8C%97%E4%BA%8C%E5%8F%B7%E6%9C%8D%E5%8A%A1%E5%99%A8
SELECT * FROM ServerInfo  WHERE 1=1  AND [Name]='华北二号服务器'  
-------------end 2017/7/28 13:07:03-------------
-------------start 2017/7/28 13:07:03-------------/Services/SerGetDomain.ashx?sname=%E5%8D%8E%E5%8C%97%E4%BA%8C%E5%8F%B7%E6%9C%8D%E5%8A%A1%E5%99%A8
SELECT * FROM DomainSynchroHistory  WHERE 1=1  AND [Name]='华北二号服务器'  AND [IsSynchro]='0'  
-------------end 2017/7/28 13:07:03-------------
-------------start 2017/7/28 13:07:13-------------/Services/SerGetDomain.ashx?sname=%E5%8D%8E%E5%8C%97%E4%BA%8C%E5%8F%B7%E6%9C%8D%E5%8A%A1%E5%99%A8
SELECT * FROM ServerInfo  WHERE 1=1  AND [Name]='华北二号服务器'  
-------------end 2017/7/28 13:07:13-------------
-------------start 2017/7/28 13:07:13-------------/Services/SerGetDomain.ashx?sname=%E5%8D%8E%E5%8C%97%E4%BA%8C%E5%8F%B7%E6%9C%8D%E5%8A%A1%E5%99%A8
SELECT * FROM DomainSynchroHistory  WHERE 1=1  AND [Name]='华北二号服务器'  AND [IsSynchro]='0'  
-------------end 2017/7/28 13:07:13-------------
-------------start 2017/7/28 13:07:23-------------/Services/SerGetDomain.ashx?sname=%E5%8D%8E%E5%8C%97%E4%BA%8C%E5%8F%B7%E6%9C%8D%E5%8A%A1%E5%99%A8
SELECT * FROM ServerInfo  WHERE 1=1  AND [Name]='华北二号服务器'  
-------------end 2017/7/28 13:07:23-------------
-------------start 2017/7/28 13:07:23-------------/Services/SerGetDomain.ashx?sname=%E5%8D%8E%E5%8C%97%E4%BA%8C%E5%8F%B7%E6%9C%8D%E5%8A%A1%E5%99%A8
SELECT * FROM DomainSynchroHistory  WHERE 1=1  AND [Name]='华北二号服务器'  AND [IsSynchro]='0'  
-------------end 2017/7/28 13:07:23-------------
-------------start 2017/7/28 13:07:33-------------/Services/SerGetDomain.ashx?sname=%E5%8D%8E%E5%8C%97%E4%BA%8C%E5%8F%B7%E6%9C%8D%E5%8A%A1%E5%99%A8
SELECT * FROM ServerInfo  WHERE 1=1  AND [Name]='华北二号服务器'  
-------------end 2017/7/28 13:07:33-------------
-------------start 2017/7/28 13:07:33-------------/Services/SerGetDomain.ashx?sname=%E5%8D%8E%E5%8C%97%E4%BA%8C%E5%8F%B7%E6%9C%8D%E5%8A%A1%E5%99%A8
SELECT * FROM DomainSynchroHistory  WHERE 1=1  AND [Name]='华北二号服务器'  AND [IsSynchro]='0'  
-------------end 2017/7/28 13:07:33-------------
-------------start 2017/7/28 13:07:43-------------/Services/SerGetDomain.ashx?sname=%E5%8D%8E%E5%8C%97%E4%BA%8C%E5%8F%B7%E6%9C%8D%E5%8A%A1%E5%99%A8
SELECT * FROM ServerInfo  WHERE 1=1  AND [Name]='华北二号服务器'  
-------------end 2017/7/28 13:07:43-------------
-------------start 2017/7/28 13:07:43-------------/Services/SerGetDomain.ashx?sname=%E5%8D%8E%E5%8C%97%E4%BA%8C%E5%8F%B7%E6%9C%8D%E5%8A%A1%E5%99%A8
SELECT * FROM DomainSynchroHistory  WHERE 1=1  AND [Name]='华北二号服务器'  AND [IsSynchro]='0'  
-------------end 2017/7/28 13:07:43-------------
-------------start 2017/7/28 13:07:53-------------/Services/SerGetDomain.ashx?sname=%E5%8D%8E%E5%8C%97%E4%BA%8C%E5%8F%B7%E6%9C%8D%E5%8A%A1%E5%99%A8
SELECT * FROM ServerInfo  WHERE 1=1  AND [Name]='华北二号服务器'  
-------------end 2017/7/28 13:07:53-------------
-------------start 2017/7/28 13:07:53-------------/Services/SerGetDomain.ashx?sname=%E5%8D%8E%E5%8C%97%E4%BA%8C%E5%8F%B7%E6%9C%8D%E5%8A%A1%E5%99%A8
SELECT * FROM DomainSynchroHistory  WHERE 1=1  AND [Name]='华北二号服务器'  AND [IsSynchro]='0'  
-------------end 2017/7/28 13:07:53-------------
-------------start 2017/7/28 13:08:03-------------/Services/SerGetDomain.ashx?sname=%E5%8D%8E%E5%8C%97%E4%BA%8C%E5%8F%B7%E6%9C%8D%E5%8A%A1%E5%99%A8
SELECT * FROM ServerInfo  WHERE 1=1  AND [Name]='华北二号服务器'  
-------------end 2017/7/28 13:08:03-------------
-------------start 2017/7/28 13:08:03-------------/Services/SerGetDomain.ashx?sname=%E5%8D%8E%E5%8C%97%E4%BA%8C%E5%8F%B7%E6%9C%8D%E5%8A%A1%E5%99%A8
SELECT * FROM DomainSynchroHistory  WHERE 1=1  AND [Name]='华北二号服务器'  AND [IsSynchro]='0'  
-------------end 2017/7/28 13:08:03-------------
-------------start 2017/7/28 13:08:13-------------/Services/SerGetDomain.ashx?sname=%E5%8D%8E%E5%8C%97%E4%BA%8C%E5%8F%B7%E6%9C%8D%E5%8A%A1%E5%99%A8
SELECT * FROM ServerInfo  WHERE 1=1  AND [Name]='华北二号服务器'  
-------------end 2017/7/28 13:08:13-------------
-------------start 2017/7/28 13:08:13-------------/Services/SerGetDomain.ashx?sname=%E5%8D%8E%E5%8C%97%E4%BA%8C%E5%8F%B7%E6%9C%8D%E5%8A%A1%E5%99%A8
SELECT * FROM DomainSynchroHistory  WHERE 1=1  AND [Name]='华北二号服务器'  AND [IsSynchro]='0'  
-------------end 2017/7/28 13:08:13-------------
-------------start 2017/7/28 13:08:23-------------/Services/SerGetDomain.ashx?sname=%E5%8D%8E%E5%8C%97%E4%BA%8C%E5%8F%B7%E6%9C%8D%E5%8A%A1%E5%99%A8
SELECT * FROM ServerInfo  WHERE 1=1  AND [Name]='华北二号服务器'  
-------------end 2017/7/28 13:08:23-------------
-------------start 2017/7/28 13:08:23-------------/Services/SerGetDomain.ashx?sname=%E5%8D%8E%E5%8C%97%E4%BA%8C%E5%8F%B7%E6%9C%8D%E5%8A%A1%E5%99%A8
SELECT * FROM DomainSynchroHistory  WHERE 1=1  AND [Name]='华北二号服务器'  AND [IsSynchro]='0'  
-------------end 2017/7/28 13:08:23-------------
-------------start 2017/7/28 13:08:33-------------/Services/SerGetDomain.ashx?sname=%E5%8D%8E%E5%8C%97%E4%BA%8C%E5%8F%B7%E6%9C%8D%E5%8A%A1%E5%99%A8
SELECT * FROM ServerInfo  WHERE 1=1  AND [Name]='华北二号服务器'  
-------------end 2017/7/28 13:08:33-------------
-------------start 2017/7/28 13:08:33-------------/Services/SerGetDomain.ashx?sname=%E5%8D%8E%E5%8C%97%E4%BA%8C%E5%8F%B7%E6%9C%8D%E5%8A%A1%E5%99%A8
SELECT * FROM DomainSynchroHistory  WHERE 1=1  AND [Name]='华北二号服务器'  AND [IsSynchro]='0'  
-------------end 2017/7/28 13:08:33-------------
-------------start 2017/7/28 13:08:43-------------/Services/SerGetDomain.ashx?sname=%E5%8D%8E%E5%8C%97%E4%BA%8C%E5%8F%B7%E6%9C%8D%E5%8A%A1%E5%99%A8
SELECT * FROM ServerInfo  WHERE 1=1  AND [Name]='华北二号服务器'  
-------------end 2017/7/28 13:08:43-------------
-------------start 2017/7/28 13:08:43-------------/Services/SerGetDomain.ashx?sname=%E5%8D%8E%E5%8C%97%E4%BA%8C%E5%8F%B7%E6%9C%8D%E5%8A%A1%E5%99%A8
SELECT * FROM DomainSynchroHistory  WHERE 1=1  AND [Name]='华北二号服务器'  AND [IsSynchro]='0'  
-------------end 2017/7/28 13:08:43-------------
-------------start 2017/7/28 13:08:53-------------/Services/SerGetDomain.ashx?sname=%E5%8D%8E%E5%8C%97%E4%BA%8C%E5%8F%B7%E6%9C%8D%E5%8A%A1%E5%99%A8
SELECT * FROM ServerInfo  WHERE 1=1  AND [Name]='华北二号服务器'  
-------------end 2017/7/28 13:08:53-------------
-------------start 2017/7/28 13:08:53-------------/Services/SerGetDomain.ashx?sname=%E5%8D%8E%E5%8C%97%E4%BA%8C%E5%8F%B7%E6%9C%8D%E5%8A%A1%E5%99%A8
SELECT * FROM DomainSynchroHistory  WHERE 1=1  AND [Name]='华北二号服务器'  AND [IsSynchro]='0'  
-------------end 2017/7/28 13:08:53-------------
-------------start 2017/7/28 13:09:03-------------/Services/SerGetDomain.ashx?sname=%E5%8D%8E%E5%8C%97%E4%BA%8C%E5%8F%B7%E6%9C%8D%E5%8A%A1%E5%99%A8
SELECT * FROM ServerInfo  WHERE 1=1  AND [Name]='华北二号服务器'  
-------------end 2017/7/28 13:09:03-------------
-------------start 2017/7/28 13:09:03-------------/Services/SerGetDomain.ashx?sname=%E5%8D%8E%E5%8C%97%E4%BA%8C%E5%8F%B7%E6%9C%8D%E5%8A%A1%E5%99%A8
SELECT * FROM DomainSynchroHistory  WHERE 1=1  AND [Name]='华北二号服务器'  AND [IsSynchro]='0'  
-------------end 2017/7/28 13:09:03-------------
-------------start 2017/7/28 13:09:13-------------/Services/SerGetDomain.ashx?sname=%E5%8D%8E%E5%8C%97%E4%BA%8C%E5%8F%B7%E6%9C%8D%E5%8A%A1%E5%99%A8
SELECT * FROM ServerInfo  WHERE 1=1  AND [Name]='华北二号服务器'  
-------------end 2017/7/28 13:09:13-------------
-------------start 2017/7/28 13:09:13-------------/Services/SerGetDomain.ashx?sname=%E5%8D%8E%E5%8C%97%E4%BA%8C%E5%8F%B7%E6%9C%8D%E5%8A%A1%E5%99%A8
SELECT * FROM DomainSynchroHistory  WHERE 1=1  AND [Name]='华北二号服务器'  AND [IsSynchro]='0'  
-------------end 2017/7/28 13:09:13-------------
-------------start 2017/7/28 13:09:23-------------/Services/SerGetDomain.ashx?sname=%E5%8D%8E%E5%8C%97%E4%BA%8C%E5%8F%B7%E6%9C%8D%E5%8A%A1%E5%99%A8
SELECT * FROM ServerInfo  WHERE 1=1  AND [Name]='华北二号服务器'  
-------------end 2017/7/28 13:09:23-------------
-------------start 2017/7/28 13:09:23-------------/Services/SerGetDomain.ashx?sname=%E5%8D%8E%E5%8C%97%E4%BA%8C%E5%8F%B7%E6%9C%8D%E5%8A%A1%E5%99%A8
SELECT * FROM DomainSynchroHistory  WHERE 1=1  AND [Name]='华北二号服务器'  AND [IsSynchro]='0'  
-------------end 2017/7/28 13:09:23-------------
-------------start 2017/7/28 13:09:33-------------/Services/SerGetDomain.ashx?sname=%E5%8D%8E%E5%8C%97%E4%BA%8C%E5%8F%B7%E6%9C%8D%E5%8A%A1%E5%99%A8
SELECT * FROM ServerInfo  WHERE 1=1  AND [Name]='华北二号服务器'  
-------------end 2017/7/28 13:09:33-------------
-------------start 2017/7/28 13:09:33-------------/Services/SerGetDomain.ashx?sname=%E5%8D%8E%E5%8C%97%E4%BA%8C%E5%8F%B7%E6%9C%8D%E5%8A%A1%E5%99%A8
SELECT * FROM DomainSynchroHistory  WHERE 1=1  AND [Name]='华北二号服务器'  AND [IsSynchro]='0'  
-------------end 2017/7/28 13:09:33-------------
-------------start 2017/7/28 13:09:43-------------/Services/SerGetDomain.ashx?sname=%E5%8D%8E%E5%8C%97%E4%BA%8C%E5%8F%B7%E6%9C%8D%E5%8A%A1%E5%99%A8
SELECT * FROM ServerInfo  WHERE 1=1  AND [Name]='华北二号服务器'  
-------------end 2017/7/28 13:09:43-------------
-------------start 2017/7/28 13:09:43-------------/Services/SerGetDomain.ashx?sname=%E5%8D%8E%E5%8C%97%E4%BA%8C%E5%8F%B7%E6%9C%8D%E5%8A%A1%E5%99%A8
SELECT * FROM DomainSynchroHistory  WHERE 1=1  AND [Name]='华北二号服务器'  AND [IsSynchro]='0'  
-------------end 2017/7/28 13:09:43-------------
-------------start 2017/7/28 13:09:53-------------/Services/SerGetDomain.ashx?sname=%E5%8D%8E%E5%8C%97%E4%BA%8C%E5%8F%B7%E6%9C%8D%E5%8A%A1%E5%99%A8
SELECT * FROM ServerInfo  WHERE 1=1  AND [Name]='华北二号服务器'  
-------------end 2017/7/28 13:09:53-------------
-------------start 2017/7/28 13:09:53-------------/Services/SerGetDomain.ashx?sname=%E5%8D%8E%E5%8C%97%E4%BA%8C%E5%8F%B7%E6%9C%8D%E5%8A%A1%E5%99%A8
SELECT * FROM DomainSynchroHistory  WHERE 1=1  AND [Name]='华北二号服务器'  AND [IsSynchro]='0'  
-------------end 2017/7/28 13:09:53-------------
-------------start 2017/7/28 13:10:03-------------/Services/SerGetDomain.ashx?sname=%E5%8D%8E%E5%8C%97%E4%BA%8C%E5%8F%B7%E6%9C%8D%E5%8A%A1%E5%99%A8
SELECT * FROM ServerInfo  WHERE 1=1  AND [Name]='华北二号服务器'  
-------------end 2017/7/28 13:10:03-------------
-------------start 2017/7/28 13:10:03-------------/Services/SerGetDomain.ashx?sname=%E5%8D%8E%E5%8C%97%E4%BA%8C%E5%8F%B7%E6%9C%8D%E5%8A%A1%E5%99%A8
SELECT * FROM DomainSynchroHistory  WHERE 1=1  AND [Name]='华北二号服务器'  AND [IsSynchro]='0'  
-------------end 2017/7/28 13:10:03-------------
-------------start 2017/7/28 13:10:13-------------/Services/SerGetDomain.ashx?sname=%E5%8D%8E%E5%8C%97%E4%BA%8C%E5%8F%B7%E6%9C%8D%E5%8A%A1%E5%99%A8
SELECT * FROM ServerInfo  WHERE 1=1  AND [Name]='华北二号服务器'  
-------------end 2017/7/28 13:10:13-------------
-------------start 2017/7/28 13:10:13-------------/Services/SerGetDomain.ashx?sname=%E5%8D%8E%E5%8C%97%E4%BA%8C%E5%8F%B7%E6%9C%8D%E5%8A%A1%E5%99%A8
SELECT * FROM DomainSynchroHistory  WHERE 1=1  AND [Name]='华北二号服务器'  AND [IsSynchro]='0'  
-------------end 2017/7/28 13:10:13-------------
-------------start 2017/7/28 13:10:23-------------/Services/SerGetDomain.ashx?sname=%E5%8D%8E%E5%8C%97%E4%BA%8C%E5%8F%B7%E6%9C%8D%E5%8A%A1%E5%99%A8
SELECT * FROM ServerInfo  WHERE 1=1  AND [Name]='华北二号服务器'  
-------------end 2017/7/28 13:10:23-------------
-------------start 2017/7/28 13:10:23-------------/Services/SerGetDomain.ashx?sname=%E5%8D%8E%E5%8C%97%E4%BA%8C%E5%8F%B7%E6%9C%8D%E5%8A%A1%E5%99%A8
SELECT * FROM DomainSynchroHistory  WHERE 1=1  AND [Name]='华北二号服务器'  AND [IsSynchro]='0'  
-------------end 2017/7/28 13:10:23-------------
-------------start 2017/7/28 13:10:33-------------/Services/SerGetDomain.ashx?sname=%E5%8D%8E%E5%8C%97%E4%BA%8C%E5%8F%B7%E6%9C%8D%E5%8A%A1%E5%99%A8
SELECT * FROM ServerInfo  WHERE 1=1  AND [Name]='华北二号服务器'  
-------------end 2017/7/28 13:10:33-------------
-------------start 2017/7/28 13:10:33-------------/Services/SerGetDomain.ashx?sname=%E5%8D%8E%E5%8C%97%E4%BA%8C%E5%8F%B7%E6%9C%8D%E5%8A%A1%E5%99%A8
SELECT * FROM DomainSynchroHistory  WHERE 1=1  AND [Name]='华北二号服务器'  AND [IsSynchro]='0'  
-------------end 2017/7/28 13:10:33-------------
-------------start 2017/7/28 13:28:50-------------/Login.aspx
SELECT * FROM AccountInfo  WHERE 1=1  AND [UserName]='admin' 
 
-------------end 2017/7/28 13:28:50-------------
-------------start 2017/7/28 13:28:52-------------/Admin/Index.aspx
SELECT * FROM AccountInfo  WHERE 1=1  AND [UserName]='admin' 
 
-------------end 2017/7/28 13:28:52-------------
-------------start 2017/7/28 13:28:56-------------/Admin/Users/UserList.aspx
SELECT TOP 10 * FROM [AccountInfo]  WHERE 1=1 
 AND Id NOT IN (SELECT TOP 0 Id FROM [AccountInfo]  WHERE 1=1 
  order by  id desc )   order by  id desc 
-------------end 2017/7/28 13:28:56-------------
-------------start 2017/7/28 13:29:21-------------/Admin/Ads/AdPageList.aspx
SELECT * FROM AccountInfo  WHERE 1=1  AND [UserType]='0' 
 
-------------end 2017/7/28 13:29:21-------------
-------------start 2017/7/28 13:29:21-------------/Admin/Ads/AdPageList.aspx
SELECT * FROM AdTypeInfo  WHERE 1=1  
-------------end 2017/7/28 13:29:21-------------
-------------start 2017/7/28 13:29:21-------------/Admin/Ads/AdPageList.aspx
SELECT * FROM AdSiteInfo  WHERE 1=1  
-------------end 2017/7/28 13:29:21-------------
-------------start 2017/7/28 13:29:21-------------/Admin/Ads/AdPageList.aspx
SELECT * FROM AdPageInfo  WHERE 1=1  
-------------end 2017/7/28 13:29:21-------------
-------------start 2017/7/28 13:29:22-------------/Admin/Ads/AdPageList.aspx
SELECT TOP 10 * FROM [AdPageInfo]  WHERE 1=1  AND [IsDel]='0'  AND Id NOT IN (SELECT TOP 0 Id FROM [AdPageInfo]  WHERE 1=1  AND [IsDel]='0'   order by  id desc )   order by  id desc 
-------------end 2017/7/28 13:29:22-------------
-------------start 2017/7/28 13:29:22-------------/Admin/Ads/AdPageList.aspx
SELECT * FROM AccountInfo  WHERE 1=1  AND [Id]='17' 
 
-------------end 2017/7/28 13:29:22-------------
-------------start 2017/7/28 13:29:22-------------/Admin/Ads/AdPageList.aspx
SELECT * FROM AdTypeInfo  WHERE 1=1  AND [Id]='0'  
-------------end 2017/7/28 13:29:22-------------
-------------start 2017/7/28 13:29:22-------------/Admin/Ads/AdPageList.aspx
SELECT * FROM AdSiteInfo  WHERE 1=1  AND [Id]='0'  
-------------end 2017/7/28 13:29:22-------------
-------------start 2017/7/28 13:29:22-------------/Admin/Ads/AdPageList.aspx
SELECT * FROM AccountInfo  WHERE 1=1  AND [Id]='13' 
 
-------------end 2017/7/28 13:29:22-------------
-------------start 2017/7/28 13:29:22-------------/Admin/Ads/AdPageList.aspx
SELECT * FROM AdTypeInfo  WHERE 1=1  AND [Id]='0'  
-------------end 2017/7/28 13:29:22-------------
-------------start 2017/7/28 13:29:22-------------/Admin/Ads/AdPageList.aspx
SELECT * FROM AdSiteInfo  WHERE 1=1  AND [Id]='0'  
-------------end 2017/7/28 13:29:22-------------
-------------start 2017/7/28 13:29:22-------------/Admin/Ads/AdPageList.aspx
SELECT * FROM AccountInfo  WHERE 1=1  AND [Id]='2' 
 
-------------end 2017/7/28 13:29:22-------------
-------------start 2017/7/28 13:29:22-------------/Admin/Ads/AdPageList.aspx
SELECT * FROM AdTypeInfo  WHERE 1=1  AND [Id]='0'  
-------------end 2017/7/28 13:29:22-------------
-------------start 2017/7/28 13:29:22-------------/Admin/Ads/AdPageList.aspx
SELECT * FROM AdSiteInfo  WHERE 1=1  AND [Id]='0'  
-------------end 2017/7/28 13:29:22-------------
-------------start 2017/7/28 13:29:22-------------/Admin/Ads/AdPageList.aspx
SELECT * FROM AccountInfo  WHERE 1=1  AND [Id]='5' 
 
-------------end 2017/7/28 13:29:22-------------
-------------start 2017/7/28 13:29:22-------------/Admin/Ads/AdPageList.aspx
SELECT * FROM AdTypeInfo  WHERE 1=1  AND [Id]='0'  
-------------end 2017/7/28 13:29:22-------------
-------------start 2017/7/28 13:29:22-------------/Admin/Ads/AdPageList.aspx
SELECT * FROM AdSiteInfo  WHERE 1=1  AND [Id]='0'  
-------------end 2017/7/28 13:29:22-------------
-------------start 2017/7/28 13:29:22-------------/Admin/Ads/AdPageList.aspx
SELECT * FROM AdTypeInfo  WHERE 1=1  AND [Id]='0'  
-------------end 2017/7/28 13:29:22-------------
-------------start 2017/7/28 13:29:22-------------/Admin/Ads/AdPageList.aspx
SELECT * FROM AdSiteInfo  WHERE 1=1  AND [Id]='0'  
-------------end 2017/7/28 13:29:22-------------
-------------start 2017/7/28 13:29:22-------------/Admin/Ads/AdPageList.aspx
SELECT * FROM AdTypeInfo  WHERE 1=1  AND [Id]='0'  
-------------end 2017/7/28 13:29:22-------------
-------------start 2017/7/28 13:29:22-------------/Admin/Ads/AdPageList.aspx
SELECT * FROM AdSiteInfo  WHERE 1=1  AND [Id]='0'  
-------------end 2017/7/28 13:29:22-------------
-------------start 2017/7/28 13:29:22-------------/Admin/Ads/AdPageList.aspx
SELECT * FROM AdTypeInfo  WHERE 1=1  AND [Id]='0'  
-------------end 2017/7/28 13:29:22-------------
-------------start 2017/7/28 13:29:22-------------/Admin/Ads/AdPageList.aspx
SELECT * FROM AdSiteInfo  WHERE 1=1  AND [Id]='0'  
-------------end 2017/7/28 13:29:22-------------
-------------start 2017/7/28 13:29:22-------------/Admin/Ads/AdPageList.aspx
SELECT * FROM AdTypeInfo  WHERE 1=1  AND [Id]='0'  
-------------end 2017/7/28 13:29:22-------------
-------------start 2017/7/28 13:29:22-------------/Admin/Ads/AdPageList.aspx
SELECT * FROM AdSiteInfo  WHERE 1=1  AND [Id]='0'  
-------------end 2017/7/28 13:29:22-------------
-------------start 2017/7/28 13:29:22-------------/Admin/Ads/AdPageList.aspx
SELECT * FROM AdTypeInfo  WHERE 1=1  AND [Id]='0'  
-------------end 2017/7/28 13:29:22-------------
-------------start 2017/7/28 13:29:22-------------/Admin/Ads/AdPageList.aspx
SELECT * FROM AdSiteInfo  WHERE 1=1  AND [Id]='0'  
-------------end 2017/7/28 13:29:22-------------
-------------start 2017/7/28 13:29:22-------------/Admin/Ads/AdPageList.aspx
SELECT * FROM AdTypeInfo  WHERE 1=1  AND [Id]='0'  
-------------end 2017/7/28 13:29:22-------------
-------------start 2017/7/28 13:29:22-------------/Admin/Ads/AdPageList.aspx
SELECT * FROM AdSiteInfo  WHERE 1=1  AND [Id]='0'  
-------------end 2017/7/28 13:29:22-------------
