-------------start 2017/8/25 9:03:42-------------/Login.aspx
SELECT * FROM AccountInfo  WHERE 1=1  AND [UserName]='admin' 
 
-------------end 2017/8/25 9:03:42-------------
-------------start 2017/8/25 9:03:43-------------/Admin/Index.aspx
SELECT * FROM AccountInfo  WHERE 1=1  AND [UserName]='admin' 
 
-------------end 2017/8/25 9:03:43-------------
-------------start 2017/8/25 9:03:46-------------/Admin/Ads/AdPageList.aspx
SELECT * FROM AccountInfo  WHERE 1=1  AND UserType <> 100 
 
-------------end 2017/8/25 9:03:46-------------
-------------start 2017/8/25 9:03:46-------------/Admin/Ads/AdPageList.aspx
SELECT * FROM AdTypeInfo  WHERE 1=1  
-------------end 2017/8/25 9:03:46-------------
-------------start 2017/8/25 9:03:46-------------/Admin/Ads/AdPageList.aspx
SELECT * FROM AdSiteInfo  WHERE 1=1  
-------------end 2017/8/25 9:03:46-------------
-------------start 2017/8/25 9:03:46-------------/Admin/Ads/AdPageList.aspx
SELECT * FROM AdPageInfo  WHERE 1=1  
-------------end 2017/8/25 9:03:46-------------
-------------start 2017/8/25 9:03:46-------------/Admin/Ads/AdPageList.aspx
SELECT TOP 10 * FROM [AdPageInfo]  WHERE 1=1  AND [IsDel]='0'  AND Id NOT IN (SELECT TOP 0 Id FROM [AdPageInfo]  WHERE 1=1  AND [IsDel]='0'   order by  id desc )   order by  id desc 
-------------end 2017/8/25 9:03:46-------------
-------------start 2017/8/25 9:03:46-------------/Admin/Ads/AdPageList.aspx
SELECT * FROM AccountInfo  WHERE 1=1  AND [Id]='25' 
 
-------------end 2017/8/25 9:03:46-------------
-------------start 2017/8/25 9:03:46-------------/Admin/Ads/AdPageList.aspx
SELECT * FROM AdTypeInfo  WHERE 1=1  AND [Id]='0'  
-------------end 2017/8/25 9:03:46-------------
-------------start 2017/8/25 9:03:46-------------/Admin/Ads/AdPageList.aspx
SELECT * FROM AdSiteInfo  WHERE 1=1  AND [Id]='0'  
-------------end 2017/8/25 9:03:46-------------
-------------start 2017/8/25 9:03:46-------------/Admin/Ads/AdPageList.aspx
SELECT * FROM AccountInfo  WHERE 1=1  AND [Id]='2' 
 
-------------end 2017/8/25 9:03:46-------------
-------------start 2017/8/25 9:03:46-------------/Admin/Ads/AdPageList.aspx
SELECT * FROM AdTypeInfo  WHERE 1=1  AND [Id]='0'  
-------------end 2017/8/25 9:03:46-------------
-------------start 2017/8/25 9:03:46-------------/Admin/Ads/AdPageList.aspx
SELECT * FROM AdSiteInfo  WHERE 1=1  AND [Id]='0'  
-------------end 2017/8/25 9:03:46-------------
-------------start 2017/8/25 9:03:46-------------/Admin/Ads/AdPageList.aspx
SELECT * FROM AdTypeInfo  WHERE 1=1  AND [Id]='0'  
-------------end 2017/8/25 9:03:46-------------
-------------start 2017/8/25 9:03:46-------------/Admin/Ads/AdPageList.aspx
SELECT * FROM AdSiteInfo  WHERE 1=1  AND [Id]='0'  
-------------end 2017/8/25 9:03:46-------------
-------------start 2017/8/25 9:03:46-------------/Admin/Ads/AdPageList.aspx
SELECT * FROM AdTypeInfo  WHERE 1=1  AND [Id]='0'  
-------------end 2017/8/25 9:03:46-------------
-------------start 2017/8/25 9:03:46-------------/Admin/Ads/AdPageList.aspx
SELECT * FROM AdSiteInfo  WHERE 1=1  AND [Id]='0'  
-------------end 2017/8/25 9:03:46-------------
-------------start 2017/8/25 9:03:46-------------/Admin/Ads/AdPageList.aspx
SELECT * FROM AccountInfo  WHERE 1=1  AND [Id]='24' 
 
-------------end 2017/8/25 9:03:46-------------
-------------start 2017/8/25 9:03:46-------------/Admin/Ads/AdPageList.aspx
SELECT * FROM AdTypeInfo  WHERE 1=1  AND [Id]='0'  
-------------end 2017/8/25 9:03:46-------------
-------------start 2017/8/25 9:03:46-------------/Admin/Ads/AdPageList.aspx
SELECT * FROM AdSiteInfo  WHERE 1=1  AND [Id]='0'  
-------------end 2017/8/25 9:03:46-------------
-------------start 2017/8/25 9:03:46-------------/Admin/Ads/AdPageList.aspx
SELECT * FROM AccountInfo  WHERE 1=1  AND [Id]='23' 
 
-------------end 2017/8/25 9:03:46-------------
-------------start 2017/8/25 9:03:46-------------/Admin/Ads/AdPageList.aspx
SELECT * FROM AdTypeInfo  WHERE 1=1  AND [Id]='0'  
-------------end 2017/8/25 9:03:46-------------
-------------start 2017/8/25 9:03:46-------------/Admin/Ads/AdPageList.aspx
SELECT * FROM AdSiteInfo  WHERE 1=1  AND [Id]='0'  
-------------end 2017/8/25 9:03:46-------------
-------------start 2017/8/25 9:03:46-------------/Admin/Ads/AdPageList.aspx
SELECT * FROM AccountInfo  WHERE 1=1  AND [Id]='22' 
 
-------------end 2017/8/25 9:03:46-------------
-------------start 2017/8/25 9:03:46-------------/Admin/Ads/AdPageList.aspx
SELECT * FROM AdTypeInfo  WHERE 1=1  AND [Id]='0'  
-------------end 2017/8/25 9:03:46-------------
-------------start 2017/8/25 9:03:46-------------/Admin/Ads/AdPageList.aspx
SELECT * FROM AdSiteInfo  WHERE 1=1  AND [Id]='0'  
-------------end 2017/8/25 9:03:46-------------
-------------start 2017/8/25 9:03:46-------------/Admin/Ads/AdPageList.aspx
SELECT * FROM AccountInfo  WHERE 1=1  AND [Id]='21' 
 
-------------end 2017/8/25 9:03:46-------------
-------------start 2017/8/25 9:03:46-------------/Admin/Ads/AdPageList.aspx
SELECT * FROM AdTypeInfo  WHERE 1=1  AND [Id]='0'  
-------------end 2017/8/25 9:03:46-------------
-------------start 2017/8/25 9:03:46-------------/Admin/Ads/AdPageList.aspx
SELECT * FROM AdSiteInfo  WHERE 1=1  AND [Id]='0'  
-------------end 2017/8/25 9:03:46-------------
-------------start 2017/8/25 9:03:46-------------/Admin/Ads/AdPageList.aspx
SELECT * FROM AdTypeInfo  WHERE 1=1  AND [Id]='0'  
-------------end 2017/8/25 9:03:46-------------
-------------start 2017/8/25 9:03:46-------------/Admin/Ads/AdPageList.aspx
SELECT * FROM AdSiteInfo  WHERE 1=1  AND [Id]='0'  
-------------end 2017/8/25 9:03:46-------------
-------------start 2017/8/25 9:03:46-------------/Admin/Ads/AdPageList.aspx
SELECT * FROM AccountInfo  WHERE 1=1  AND [Id]='20' 
 
-------------end 2017/8/25 9:03:46-------------
-------------start 2017/8/25 9:03:46-------------/Admin/Ads/AdPageList.aspx
SELECT * FROM AdTypeInfo  WHERE 1=1  AND [Id]='0'  
-------------end 2017/8/25 9:03:46-------------
-------------start 2017/8/25 9:03:46-------------/Admin/Ads/AdPageList.aspx
SELECT * FROM AdSiteInfo  WHERE 1=1  AND [Id]='0'  
-------------end 2017/8/25 9:03:46-------------
-------------start 2017/8/25 9:03:53-------------/AdView.aspx?adid=234
SELECT * FROM AdPageInfo  WHERE 1=1  AND [Id]='234'  
-------------end 2017/8/25 9:03:53-------------
-------------start 2017/8/25 9:04:44-------------/Admin/Ads/AdPageList.aspx
SELECT * FROM AccountInfo  WHERE 1=1  AND UserType <> 100 
 
-------------end 2017/8/25 9:04:44-------------
-------------start 2017/8/25 9:04:44-------------/Admin/Ads/AdPageList.aspx
SELECT * FROM AdTypeInfo  WHERE 1=1  
-------------end 2017/8/25 9:04:44-------------
-------------start 2017/8/25 9:04:44-------------/Admin/Ads/AdPageList.aspx
SELECT * FROM AdSiteInfo  WHERE 1=1  
-------------end 2017/8/25 9:04:44-------------
-------------start 2017/8/25 9:04:44-------------/Admin/Ads/AdPageList.aspx
SELECT TOP 10 * FROM [AdPageInfo]  WHERE 1=1  AND [IsDel]='0'  AND Id NOT IN (SELECT TOP 0 Id FROM [AdPageInfo]  WHERE 1=1  AND [IsDel]='0'   order by  id desc )   order by  id desc 
-------------end 2017/8/25 9:04:44-------------
-------------start 2017/8/25 9:04:44-------------/Admin/Ads/AdPageList.aspx
SELECT * FROM AdTypeInfo  WHERE 1=1  AND [Id]='0'  
-------------end 2017/8/25 9:04:44-------------
-------------start 2017/8/25 9:04:44-------------/Admin/Ads/AdPageList.aspx
SELECT * FROM AdSiteInfo  WHERE 1=1  AND [Id]='0'  
-------------end 2017/8/25 9:04:44-------------
-------------start 2017/8/25 9:04:44-------------/Admin/Ads/AdPageList.aspx
SELECT * FROM AdTypeInfo  WHERE 1=1  AND [Id]='0'  
-------------end 2017/8/25 9:04:44-------------
-------------start 2017/8/25 9:04:44-------------/Admin/Ads/AdPageList.aspx
SELECT * FROM AdSiteInfo  WHERE 1=1  AND [Id]='0'  
-------------end 2017/8/25 9:04:44-------------
-------------start 2017/8/25 9:04:44-------------/Admin/Ads/AdPageList.aspx
SELECT * FROM AdTypeInfo  WHERE 1=1  AND [Id]='0'  
-------------end 2017/8/25 9:04:44-------------
-------------start 2017/8/25 9:04:44-------------/Admin/Ads/AdPageList.aspx
SELECT * FROM AdSiteInfo  WHERE 1=1  AND [Id]='0'  
-------------end 2017/8/25 9:04:44-------------
-------------start 2017/8/25 9:04:44-------------/Admin/Ads/AdPageList.aspx
SELECT * FROM AdTypeInfo  WHERE 1=1  AND [Id]='0'  
-------------end 2017/8/25 9:04:44-------------
-------------start 2017/8/25 9:04:44-------------/Admin/Ads/AdPageList.aspx
SELECT * FROM AdSiteInfo  WHERE 1=1  AND [Id]='0'  
-------------end 2017/8/25 9:04:44-------------
-------------start 2017/8/25 9:04:44-------------/Admin/Ads/AdPageList.aspx
SELECT * FROM AdTypeInfo  WHERE 1=1  AND [Id]='0'  
-------------end 2017/8/25 9:04:44-------------
-------------start 2017/8/25 9:04:44-------------/Admin/Ads/AdPageList.aspx
SELECT * FROM AdSiteInfo  WHERE 1=1  AND [Id]='0'  
-------------end 2017/8/25 9:04:44-------------
-------------start 2017/8/25 9:04:44-------------/Admin/Ads/AdPageList.aspx
SELECT * FROM AdTypeInfo  WHERE 1=1  AND [Id]='0'  
-------------end 2017/8/25 9:04:44-------------
-------------start 2017/8/25 9:04:44-------------/Admin/Ads/AdPageList.aspx
SELECT * FROM AdSiteInfo  WHERE 1=1  AND [Id]='0'  
-------------end 2017/8/25 9:04:44-------------
-------------start 2017/8/25 9:04:44-------------/Admin/Ads/AdPageList.aspx
SELECT * FROM AdTypeInfo  WHERE 1=1  AND [Id]='0'  
-------------end 2017/8/25 9:04:44-------------
-------------start 2017/8/25 9:04:44-------------/Admin/Ads/AdPageList.aspx
SELECT * FROM AdSiteInfo  WHERE 1=1  AND [Id]='0'  
-------------end 2017/8/25 9:04:44-------------
-------------start 2017/8/25 9:04:44-------------/Admin/Ads/AdPageList.aspx
SELECT * FROM AdTypeInfo  WHERE 1=1  AND [Id]='0'  
-------------end 2017/8/25 9:04:44-------------
-------------start 2017/8/25 9:04:44-------------/Admin/Ads/AdPageList.aspx
SELECT * FROM AdSiteInfo  WHERE 1=1  AND [Id]='0'  
-------------end 2017/8/25 9:04:44-------------
-------------start 2017/8/25 9:04:44-------------/Admin/Ads/AdPageList.aspx
SELECT * FROM AdTypeInfo  WHERE 1=1  AND [Id]='0'  
-------------end 2017/8/25 9:04:44-------------
-------------start 2017/8/25 9:04:44-------------/Admin/Ads/AdPageList.aspx
SELECT * FROM AdSiteInfo  WHERE 1=1  AND [Id]='0'  
-------------end 2017/8/25 9:04:44-------------
-------------start 2017/8/25 9:04:44-------------/Admin/Ads/AdPageList.aspx
SELECT * FROM AdTypeInfo  WHERE 1=1  AND [Id]='0'  
-------------end 2017/8/25 9:04:44-------------
-------------start 2017/8/25 9:04:44-------------/Admin/Ads/AdPageList.aspx
SELECT * FROM AdSiteInfo  WHERE 1=1  AND [Id]='0'  
-------------end 2017/8/25 9:04:44-------------
-------------start 2017/8/25 9:04:46-------------/AdView.aspx?adid=234
SELECT * FROM AdPageInfo  WHERE 1=1  AND [Id]='234'  
-------------end 2017/8/25 9:04:46-------------
-------------start 2017/8/25 9:04:49-------------/AdView.aspx?adid=233
SELECT * FROM AdPageInfo  WHERE 1=1  AND [Id]='233'  
-------------end 2017/8/25 9:04:49-------------
-------------start 2017/8/25 9:04:53-------------/AdView.aspx?adid=231
SELECT * FROM AdPageInfo  WHERE 1=1  AND [Id]='231'  
-------------end 2017/8/25 9:04:53-------------
-------------start 2017/8/25 9:04:57-------------/AdView.aspx?adid=233
SELECT * FROM AdPageInfo  WHERE 1=1  AND [Id]='233'  
-------------end 2017/8/25 9:04:57-------------
-------------start 2017/8/25 9:05:30-------------/Admin/Ads/AdPageList.aspx
SELECT * FROM AccountInfo  WHERE 1=1  AND UserType <> 100 
 
-------------end 2017/8/25 9:05:30-------------
-------------start 2017/8/25 9:05:30-------------/Admin/Ads/AdPageList.aspx
SELECT * FROM AdTypeInfo  WHERE 1=1  
-------------end 2017/8/25 9:05:30-------------
-------------start 2017/8/25 9:05:30-------------/Admin/Ads/AdPageList.aspx
SELECT * FROM AdSiteInfo  WHERE 1=1  
-------------end 2017/8/25 9:05:30-------------
-------------start 2017/8/25 9:05:30-------------/Admin/Ads/AdPageList.aspx
SELECT TOP 10 * FROM [AdPageInfo]  WHERE 1=1  AND [IsDel]='0'  AND Id NOT IN (SELECT TOP 0 Id FROM [AdPageInfo]  WHERE 1=1  AND [IsDel]='0'   order by  id desc )   order by  id desc 
-------------end 2017/8/25 9:05:30-------------
-------------start 2017/8/25 9:05:30-------------/Admin/Ads/AdPageList.aspx
SELECT * FROM AdTypeInfo  WHERE 1=1  AND [Id]='0'  
-------------end 2017/8/25 9:05:30-------------
-------------start 2017/8/25 9:05:30-------------/Admin/Ads/AdPageList.aspx
SELECT * FROM AdSiteInfo  WHERE 1=1  AND [Id]='0'  
-------------end 2017/8/25 9:05:30-------------
-------------start 2017/8/25 9:05:30-------------/Admin/Ads/AdPageList.aspx
SELECT * FROM AdTypeInfo  WHERE 1=1  AND [Id]='0'  
-------------end 2017/8/25 9:05:30-------------
-------------start 2017/8/25 9:05:30-------------/Admin/Ads/AdPageList.aspx
SELECT * FROM AdSiteInfo  WHERE 1=1  AND [Id]='0'  
-------------end 2017/8/25 9:05:30-------------
-------------start 2017/8/25 9:05:30-------------/Admin/Ads/AdPageList.aspx
SELECT * FROM AdTypeInfo  WHERE 1=1  AND [Id]='0'  
-------------end 2017/8/25 9:05:30-------------
-------------start 2017/8/25 9:05:30-------------/Admin/Ads/AdPageList.aspx
SELECT * FROM AdSiteInfo  WHERE 1=1  AND [Id]='0'  
-------------end 2017/8/25 9:05:30-------------
-------------start 2017/8/25 9:05:30-------------/Admin/Ads/AdPageList.aspx
SELECT * FROM AdTypeInfo  WHERE 1=1  AND [Id]='0'  
-------------end 2017/8/25 9:05:30-------------
-------------start 2017/8/25 9:05:30-------------/Admin/Ads/AdPageList.aspx
SELECT * FROM AdSiteInfo  WHERE 1=1  AND [Id]='0'  
-------------end 2017/8/25 9:05:30-------------
-------------start 2017/8/25 9:05:30-------------/Admin/Ads/AdPageList.aspx
SELECT * FROM AdTypeInfo  WHERE 1=1  AND [Id]='0'  
-------------end 2017/8/25 9:05:30-------------
-------------start 2017/8/25 9:05:30-------------/Admin/Ads/AdPageList.aspx
SELECT * FROM AdSiteInfo  WHERE 1=1  AND [Id]='0'  
-------------end 2017/8/25 9:05:30-------------
-------------start 2017/8/25 9:05:30-------------/Admin/Ads/AdPageList.aspx
SELECT * FROM AdTypeInfo  WHERE 1=1  AND [Id]='0'  
-------------end 2017/8/25 9:05:30-------------
-------------start 2017/8/25 9:05:30-------------/Admin/Ads/AdPageList.aspx
SELECT * FROM AdSiteInfo  WHERE 1=1  AND [Id]='0'  
-------------end 2017/8/25 9:05:30-------------
-------------start 2017/8/25 9:05:30-------------/Admin/Ads/AdPageList.aspx
SELECT * FROM AdTypeInfo  WHERE 1=1  AND [Id]='0'  
-------------end 2017/8/25 9:05:30-------------
-------------start 2017/8/25 9:05:30-------------/Admin/Ads/AdPageList.aspx
SELECT * FROM AdSiteInfo  WHERE 1=1  AND [Id]='0'  
-------------end 2017/8/25 9:05:30-------------
-------------start 2017/8/25 9:05:30-------------/Admin/Ads/AdPageList.aspx
SELECT * FROM AdTypeInfo  WHERE 1=1  AND [Id]='0'  
-------------end 2017/8/25 9:05:30-------------
-------------start 2017/8/25 9:05:30-------------/Admin/Ads/AdPageList.aspx
SELECT * FROM AdSiteInfo  WHERE 1=1  AND [Id]='0'  
-------------end 2017/8/25 9:05:30-------------
-------------start 2017/8/25 9:05:30-------------/Admin/Ads/AdPageList.aspx
SELECT * FROM AdTypeInfo  WHERE 1=1  AND [Id]='0'  
-------------end 2017/8/25 9:05:30-------------
-------------start 2017/8/25 9:05:30-------------/Admin/Ads/AdPageList.aspx
SELECT * FROM AdSiteInfo  WHERE 1=1  AND [Id]='0'  
-------------end 2017/8/25 9:05:30-------------
-------------start 2017/8/25 9:05:30-------------/Admin/Ads/AdPageList.aspx
SELECT * FROM AdTypeInfo  WHERE 1=1  AND [Id]='0'  
-------------end 2017/8/25 9:05:30-------------
-------------start 2017/8/25 9:05:30-------------/Admin/Ads/AdPageList.aspx
SELECT * FROM AdSiteInfo  WHERE 1=1  AND [Id]='0'  
-------------end 2017/8/25 9:05:30-------------
-------------start 2017/8/25 9:05:42-------------/Admin/Cus/CpsUserList.aspx
SELECT TOP 10 * FROM [CpsUserInfo]  WHERE 1=1  AND Id NOT IN (SELECT TOP 0 Id FROM [CpsUserInfo]  WHERE 1=1   order by  id desc )   order by  id desc 
-------------end 2017/8/25 9:05:42-------------
-------------start 2017/8/25 9:05:42-------------/Admin/Cus/CpsUserList.aspx
SELECT * FROM AdPageInfo  WHERE 1=1  
-------------end 2017/8/25 9:05:42-------------
-------------start 2017/8/25 9:05:42-------------/Admin/Cus/CpsUserList.aspx
SELECT * FROM AdPageInfo  WHERE 1=1  
-------------end 2017/8/25 9:05:42-------------
-------------start 2017/8/25 9:05:42-------------/Admin/Cus/CpsUserList.aspx
SELECT * FROM AccountInfo  WHERE 1=1  AND [Id]='17' 
 
-------------end 2017/8/25 9:05:42-------------
-------------start 2017/8/25 9:05:42-------------/Admin/Cus/CpsUserList.aspx
SELECT * FROM AdPageInfo  WHERE 1=1  
-------------end 2017/8/25 9:05:42-------------
-------------start 2017/8/25 9:05:42-------------/Admin/Cus/CpsUserList.aspx
SELECT * FROM AdPageInfo  WHERE 1=1  
-------------end 2017/8/25 9:05:42-------------
-------------start 2017/8/25 9:05:42-------------/Admin/Cus/CpsUserList.aspx
SELECT * FROM AccountInfo  WHERE 1=1  AND [Id]='18' 
 
-------------end 2017/8/25 9:05:42-------------
-------------start 2017/8/25 9:05:42-------------/Admin/Cus/CpsUserList.aspx
SELECT * FROM AdPageInfo  WHERE 1=1  
-------------end 2017/8/25 9:05:42-------------
-------------start 2017/8/25 9:05:42-------------/Admin/Cus/CpsUserList.aspx
SELECT * FROM AdPageInfo  WHERE 1=1  
-------------end 2017/8/25 9:05:42-------------
-------------start 2017/8/25 9:05:42-------------/Admin/Cus/CpsUserList.aspx
SELECT * FROM AccountInfo  WHERE 1=1  AND [Id]='5' 
 
-------------end 2017/8/25 9:05:42-------------
-------------start 2017/8/25 9:05:42-------------/Admin/Cus/CpsUserList.aspx
SELECT * FROM AdPageInfo  WHERE 1=1  
-------------end 2017/8/25 9:05:42-------------
-------------start 2017/8/25 9:05:42-------------/Admin/Cus/CpsUserList.aspx
SELECT * FROM AdPageInfo  WHERE 1=1  
-------------end 2017/8/25 9:05:42-------------
-------------start 2017/8/25 9:05:42-------------/Admin/Cus/CpsUserList.aspx
SELECT * FROM AccountInfo  WHERE 1=1  AND [Id]='16' 
 
-------------end 2017/8/25 9:05:42-------------
-------------start 2017/8/25 9:06:41-------------/Admin/Cus/CusList.aspx
SELECT * FROM AccountInfo  WHERE 1=1  AND [UserName]='admin' 
 
-------------end 2017/8/25 9:06:41-------------
-------------start 2017/8/25 9:06:41-------------/Admin/Cus/CusList.aspx
SELECT TOP 10 * FROM [CustomerInfo]  WHERE 1=1  AND Id NOT IN (SELECT TOP 0 Id FROM [CustomerInfo]  WHERE 1=1   order by  id desc )   order by  id desc 
-------------end 2017/8/25 9:06:41-------------
-------------start 2017/8/25 9:06:41-------------/Admin/Cus/CusList.aspx
SELECT * FROM AccountInfo  WHERE 1=1  AND [Id]='2' 
 
-------------end 2017/8/25 9:06:41-------------
-------------start 2017/8/25 9:06:41-------------/Admin/Cus/CusList.aspx
SELECT * FROM AdPageInfo  WHERE 1=1  
-------------end 2017/8/25 9:06:41-------------
-------------start 2017/8/25 9:06:41-------------/Admin/Cus/CusList.aspx
SELECT * FROM AdPageInfo  WHERE 1=1  
-------------end 2017/8/25 9:06:41-------------
-------------start 2017/8/25 9:06:41-------------/Admin/Cus/CusList.aspx
SELECT * FROM AdPageInfo  WHERE 1=1  
-------------end 2017/8/25 9:06:41-------------
-------------start 2017/8/25 9:06:41-------------/Admin/Cus/CusList.aspx
SELECT * FROM AdSiteInfo  WHERE 1=1  AND [Id]='0'  
-------------end 2017/8/25 9:06:41-------------
-------------start 2017/8/25 9:06:41-------------/Admin/Cus/CusList.aspx
SELECT * FROM AdPageInfo  WHERE 1=1  
-------------end 2017/8/25 9:06:41-------------
-------------start 2017/8/25 9:06:42-------------/Admin/Cus/CusList.aspx
SELECT * FROM AdPageInfo  WHERE 1=1  
-------------end 2017/8/25 9:06:42-------------
-------------start 2017/8/25 9:06:42-------------/Admin/Cus/CusList.aspx
SELECT * FROM AdSiteInfo  WHERE 1=1  AND [Id]='0'  
-------------end 2017/8/25 9:06:42-------------
-------------start 2017/8/25 9:06:42-------------/Admin/Cus/CusList.aspx
SELECT * FROM AccountInfo  WHERE 1=1  AND [Id]='17' 
 
-------------end 2017/8/25 9:06:42-------------
-------------start 2017/8/25 9:06:42-------------/Admin/Cus/CusList.aspx
SELECT * FROM AdPageInfo  WHERE 1=1  
-------------end 2017/8/25 9:06:42-------------
-------------start 2017/8/25 9:06:42-------------/Admin/Cus/CusList.aspx
SELECT * FROM AdPageInfo  WHERE 1=1  
-------------end 2017/8/25 9:06:42-------------
-------------start 2017/8/25 9:06:42-------------/Admin/Cus/CusList.aspx
SELECT * FROM AdSiteInfo  WHERE 1=1  AND [Id]='0'  
-------------end 2017/8/25 9:06:42-------------
-------------start 2017/8/25 9:06:42-------------/Admin/Cus/CusList.aspx
SELECT * FROM AdPageInfo  WHERE 1=1  
-------------end 2017/8/25 9:06:42-------------
-------------start 2017/8/25 9:06:42-------------/Admin/Cus/CusList.aspx
SELECT * FROM AdPageInfo  WHERE 1=1  
-------------end 2017/8/25 9:06:42-------------
-------------start 2017/8/25 9:06:42-------------/Admin/Cus/CusList.aspx
SELECT * FROM AdSiteInfo  WHERE 1=1  AND [Id]='0'  
-------------end 2017/8/25 9:06:42-------------
-------------start 2017/8/25 9:06:42-------------/Admin/Cus/CusList.aspx
SELECT * FROM AdPageInfo  WHERE 1=1  
-------------end 2017/8/25 9:06:42-------------
-------------start 2017/8/25 9:06:42-------------/Admin/Cus/CusList.aspx
SELECT * FROM AdPageInfo  WHERE 1=1  
-------------end 2017/8/25 9:06:42-------------
-------------start 2017/8/25 9:06:42-------------/Admin/Cus/CusList.aspx
SELECT * FROM AdSiteInfo  WHERE 1=1  AND [Id]='0'  
-------------end 2017/8/25 9:06:42-------------
-------------start 2017/8/25 9:06:42-------------/Admin/Cus/CusList.aspx
SELECT * FROM AdPageInfo  WHERE 1=1  
-------------end 2017/8/25 9:06:42-------------
-------------start 2017/8/25 9:06:42-------------/Admin/Cus/CusList.aspx
SELECT * FROM AdPageInfo  WHERE 1=1  
-------------end 2017/8/25 9:06:42-------------
-------------start 2017/8/25 9:06:42-------------/Admin/Cus/CusList.aspx
SELECT * FROM AdSiteInfo  WHERE 1=1  AND [Id]='0'  
-------------end 2017/8/25 9:06:42-------------
-------------start 2017/8/25 9:06:42-------------/Admin/Cus/CusList.aspx
SELECT * FROM AdPageInfo  WHERE 1=1  
-------------end 2017/8/25 9:06:42-------------
-------------start 2017/8/25 9:06:42-------------/Admin/Cus/CusList.aspx
SELECT * FROM AdPageInfo  WHERE 1=1  
-------------end 2017/8/25 9:06:42-------------
-------------start 2017/8/25 9:06:42-------------/Admin/Cus/CusList.aspx
SELECT * FROM AdSiteInfo  WHERE 1=1  AND [Id]='0'  
-------------end 2017/8/25 9:06:42-------------
-------------start 2017/8/25 9:06:42-------------/Admin/Cus/CusList.aspx
SELECT * FROM AccountInfo  WHERE 1=1  AND [Id]='5' 
 
-------------end 2017/8/25 9:06:42-------------
-------------start 2017/8/25 9:06:42-------------/Admin/Cus/CusList.aspx
SELECT * FROM AdPageInfo  WHERE 1=1  
-------------end 2017/8/25 9:06:42-------------
-------------start 2017/8/25 9:06:42-------------/Admin/Cus/CusList.aspx
SELECT * FROM AdPageInfo  WHERE 1=1  
-------------end 2017/8/25 9:06:42-------------
-------------start 2017/8/25 9:06:42-------------/Admin/Cus/CusList.aspx
SELECT * FROM AdSiteInfo  WHERE 1=1  AND [Id]='0'  
-------------end 2017/8/25 9:06:42-------------
-------------start 2017/8/25 9:06:42-------------/Admin/Cus/CusList.aspx
SELECT * FROM AdPageInfo  WHERE 1=1  
-------------end 2017/8/25 9:06:42-------------
-------------start 2017/8/25 9:06:42-------------/Admin/Cus/CusList.aspx
SELECT * FROM AdPageInfo  WHERE 1=1  
-------------end 2017/8/25 9:06:42-------------
-------------start 2017/8/25 9:06:42-------------/Admin/Cus/CusList.aspx
SELECT * FROM AdSiteInfo  WHERE 1=1  AND [Id]='0'  
-------------end 2017/8/25 9:06:42-------------
-------------start 2017/8/25 9:06:42-------------/Admin/Cus/CusList.aspx
SELECT * FROM AdPageInfo  WHERE 1=1  
-------------end 2017/8/25 9:06:42-------------
-------------start 2017/8/25 9:06:42-------------/Admin/Cus/CusList.aspx
SELECT * FROM AdPageInfo  WHERE 1=1  
-------------end 2017/8/25 9:06:42-------------
-------------start 2017/8/25 9:06:42-------------/Admin/Cus/CusList.aspx
SELECT * FROM AdSiteInfo  WHERE 1=1  AND [Id]='0'  
-------------end 2017/8/25 9:06:42-------------
-------------start 2017/8/25 9:47:13-------------/Login.aspx?ReturnUrl=%2fAdmin%2fLogBrowse%2fDayAnalysis.aspx
SELECT * FROM AccountInfo  WHERE 1=1  AND [UserName]='admin' 
 
-------------end 2017/8/25 9:47:13-------------
-------------start 2017/8/25 9:47:19-------------/Admin/Pages/FtpList.aspx
SELECT TOP 10 * FROM [FtpInfo]  WHERE 1=1  AND Id NOT IN (SELECT TOP 0 Id FROM [FtpInfo]  WHERE 1=1  )  
-------------end 2017/8/25 9:47:19-------------
-------------start 2017/8/25 9:47:19-------------/Admin/LogBrowse/DayAnalysis.aspx

select 
time
,count(*) as pvcount
,count(distinct(clientid)) as uvcount
,count(distinct(clientip)) as ipcount  
,count(distinct(clientid)) /count(*) as useravg 
from  [LogBrowse]
where 1=1  and time >= 20170801  and time <= 20170825 
group by time  order by  time desc 
-------------end 2017/8/25 9:47:19-------------
-------------start 2017/8/25 9:55:31-------------/Admin/Cus/CpsUserList.aspx
SELECT * FROM AccountInfo  WHERE 1=1  AND [UserName]='admin' 
 
-------------end 2017/8/25 9:55:31-------------
-------------start 2017/8/25 9:55:31-------------/Admin/Cus/CpsUserList.aspx
SELECT TOP 10 * FROM [CpsUserInfo]  WHERE 1=1  AND Id NOT IN (SELECT TOP 0 Id FROM [CpsUserInfo]  WHERE 1=1   order by  id desc )   order by  id desc 
-------------end 2017/8/25 9:55:31-------------
-------------start 2017/8/25 9:55:31-------------/Admin/Cus/CpsUserList.aspx
SELECT * FROM AdPageInfo  WHERE 1=1  
-------------end 2017/8/25 9:55:31-------------
-------------start 2017/8/25 9:55:32-------------/Admin/Cus/CpsUserList.aspx
SELECT * FROM AdPageInfo  WHERE 1=1  
-------------end 2017/8/25 9:55:32-------------
-------------start 2017/8/25 9:55:32-------------/Admin/Cus/CpsUserList.aspx
SELECT * FROM AdPageInfo  WHERE 1=1  
-------------end 2017/8/25 9:55:32-------------
-------------start 2017/8/25 9:55:32-------------/Admin/Cus/CpsUserList.aspx
SELECT * FROM AccountInfo  WHERE 1=1  AND [Id]='17' 
 
-------------end 2017/8/25 9:55:32-------------
-------------start 2017/8/25 9:55:32-------------/Admin/Cus/CpsUserList.aspx
SELECT * FROM AdPageInfo  WHERE 1=1  
-------------end 2017/8/25 9:55:32-------------
-------------start 2017/8/25 9:55:32-------------/Admin/Cus/CpsUserList.aspx
SELECT * FROM AdPageInfo  WHERE 1=1  
-------------end 2017/8/25 9:55:32-------------
-------------start 2017/8/25 9:55:32-------------/Admin/Cus/CpsUserList.aspx
SELECT * FROM AccountInfo  WHERE 1=1  AND [Id]='18' 
 
-------------end 2017/8/25 9:55:32-------------
-------------start 2017/8/25 9:55:32-------------/Admin/Cus/CpsUserList.aspx
SELECT * FROM AdPageInfo  WHERE 1=1  
-------------end 2017/8/25 9:55:32-------------
-------------start 2017/8/25 9:55:32-------------/Admin/Cus/CpsUserList.aspx
SELECT * FROM AdPageInfo  WHERE 1=1  
-------------end 2017/8/25 9:55:32-------------
-------------start 2017/8/25 9:55:32-------------/Admin/Cus/CpsUserList.aspx
SELECT * FROM AccountInfo  WHERE 1=1  AND [Id]='5' 
 
-------------end 2017/8/25 9:55:32-------------
-------------start 2017/8/25 9:55:32-------------/Admin/Cus/CpsUserList.aspx
SELECT * FROM AdPageInfo  WHERE 1=1  
-------------end 2017/8/25 9:55:32-------------
-------------start 2017/8/25 9:55:32-------------/Admin/Cus/CpsUserList.aspx
SELECT * FROM AdPageInfo  WHERE 1=1  
-------------end 2017/8/25 9:55:32-------------
-------------start 2017/8/25 9:55:32-------------/Admin/Cus/CpsUserList.aspx
SELECT * FROM AccountInfo  WHERE 1=1  AND [Id]='16' 
 
-------------end 2017/8/25 9:55:32-------------
