-------------start 2017/7/27 15:15:10-------------/Login.aspx
SELECT * FROM AccountInfo  WHERE 1=1  AND [UserName]='zgliu' 
 
-------------end 2017/7/27 15:15:10-------------
-------------start 2017/7/27 15:15:13-------------/AccAnalysis/Index.aspx
SELECT * FROM AccountInfo  WHERE 1=1  AND [UserName]='zgliu' 
 
-------------end 2017/7/27 15:15:13-------------
-------------start 2017/7/27 15:15:13-------------/AccAnalysis/Index.aspx

select 
time,AdId 
,count(*) as pvcount
,count(distinct(clientid)) as uvcount
,count(distinct(clientip)) as ipcount  
,count(distinct(clientid)) /count(*) as useravg 
from  [LogBrowse]
where 1=1  and AdUserId = 2  and time = 20170727 
group by time,AdId   order by  time desc 
-------------end 2017/7/27 15:15:13-------------
-------------start 2017/7/27 15:15:15-------------/AccAnalysis/Vir/Index.aspx
SELECT * FROM AdPageInfo  WHERE 1=1  
-------------end 2017/7/27 15:15:15-------------
-------------start 2017/7/27 15:15:16-------------/AccAnalysis/Vir/Index.aspx
SELECT TOP 10 * FROM [AdPageInfo]  WHERE 1=1  AND [UserId]='2'  AND Id NOT IN (SELECT TOP 0 Id FROM [AdPageInfo]  WHERE 1=1  AND [UserId]='2'  )  
-------------end 2017/7/27 15:15:16-------------
-------------start 2017/7/27 15:16:03-------------/Accounts/Order/OrderList.aspx
SELECT TOP 10 * FROM [CustomerInfo]  WHERE 1=1  AND [IsDelete]='0'  AND Id NOT IN (SELECT TOP 0 Id FROM [CustomerInfo]  WHERE 1=1  AND [IsDelete]='0'   order by  id desc )   order by  id desc 
-------------end 2017/7/27 15:16:03-------------
