-------------start 2017/9/11 10:22:21-------------/Login.aspx
SELECT * FROM AccountInfo  WHERE 1=1  AND [UserName]='admin' 
 
-------------end 2017/9/11 10:22:21-------------
-------------start 2017/9/11 10:22:21-------------/Admin/Index.aspx
SELECT * FROM AccountInfo  WHERE 1=1  AND [UserName]='admin' 
 
-------------end 2017/9/11 10:22:21-------------
-------------start 2017/9/11 10:22:25-------------/Admin/Ads/AdPageList.aspx
SELECT * FROM AccountInfo  WHERE 1=1  AND UserType <> 100 
 
-------------end 2017/9/11 10:22:25-------------
-------------start 2017/9/11 10:22:25-------------/Admin/Ads/AdPageList.aspx
SELECT * FROM AdTypeInfo  WHERE 1=1  
-------------end 2017/9/11 10:22:25-------------
-------------start 2017/9/11 10:22:25-------------/Admin/Ads/AdPageList.aspx
SELECT * FROM AdSiteInfo  WHERE 1=1  
-------------end 2017/9/11 10:22:25-------------
-------------start 2017/9/11 10:22:25-------------/Admin/Ads/AdPageList.aspx
SELECT * FROM AdPageInfo  WHERE 1=1  
-------------end 2017/9/11 10:22:25-------------
-------------start 2017/9/11 10:22:25-------------/Admin/Ads/AdPageList.aspx
SELECT TOP 10 * FROM [AdPageInfo]  WHERE 1=1  AND [IsDel]='0'  AND Id NOT IN (SELECT TOP 0 Id FROM [AdPageInfo]  WHERE 1=1  AND [IsDel]='0'   order by  id desc )   order by  id desc 
-------------end 2017/9/11 10:22:25-------------
-------------start 2017/9/11 10:22:25-------------/Admin/Ads/AdPageList.aspx
SELECT * FROM AccountInfo  WHERE 1=1  AND [Id]='26' 
 
-------------end 2017/9/11 10:22:25-------------
-------------start 2017/9/11 10:22:25-------------/Admin/Ads/AdPageList.aspx
SELECT * FROM AdTypeInfo  WHERE 1=1  AND [Id]='0'  
-------------end 2017/9/11 10:22:25-------------
-------------start 2017/9/11 10:22:25-------------/Admin/Ads/AdPageList.aspx
SELECT * FROM AdSiteInfo  WHERE 1=1  AND [Id]='0'  
-------------end 2017/9/11 10:22:25-------------
-------------start 2017/9/11 10:22:25-------------/Admin/Ads/AdPageList.aspx
SELECT * FROM AdTypeInfo  WHERE 1=1  AND [Id]='0'  
-------------end 2017/9/11 10:22:25-------------
-------------start 2017/9/11 10:22:25-------------/Admin/Ads/AdPageList.aspx
SELECT * FROM AdSiteInfo  WHERE 1=1  AND [Id]='0'  
-------------end 2017/9/11 10:22:25-------------
-------------start 2017/9/11 10:22:25-------------/Admin/Ads/AdPageList.aspx
SELECT * FROM AdTypeInfo  WHERE 1=1  AND [Id]='0'  
-------------end 2017/9/11 10:22:25-------------
-------------start 2017/9/11 10:22:25-------------/Admin/Ads/AdPageList.aspx
SELECT * FROM AdSiteInfo  WHERE 1=1  AND [Id]='0'  
-------------end 2017/9/11 10:22:25-------------
-------------start 2017/9/11 10:22:25-------------/Admin/Ads/AdPageList.aspx
SELECT * FROM AccountInfo  WHERE 1=1  AND [Id]='25' 
 
-------------end 2017/9/11 10:22:25-------------
-------------start 2017/9/11 10:22:25-------------/Admin/Ads/AdPageList.aspx
SELECT * FROM AdTypeInfo  WHERE 1=1  AND [Id]='0'  
-------------end 2017/9/11 10:22:25-------------
-------------start 2017/9/11 10:22:25-------------/Admin/Ads/AdPageList.aspx
SELECT * FROM AdSiteInfo  WHERE 1=1  AND [Id]='0'  
-------------end 2017/9/11 10:22:25-------------
-------------start 2017/9/11 10:22:25-------------/Admin/Ads/AdPageList.aspx
SELECT * FROM AccountInfo  WHERE 1=1  AND [Id]='2' 
 
-------------end 2017/9/11 10:22:25-------------
-------------start 2017/9/11 10:22:25-------------/Admin/Ads/AdPageList.aspx
SELECT * FROM AdTypeInfo  WHERE 1=1  AND [Id]='0'  
-------------end 2017/9/11 10:22:25-------------
-------------start 2017/9/11 10:22:25-------------/Admin/Ads/AdPageList.aspx
SELECT * FROM AdSiteInfo  WHERE 1=1  AND [Id]='0'  
-------------end 2017/9/11 10:22:25-------------
-------------start 2017/9/11 10:22:25-------------/Admin/Ads/AdPageList.aspx
SELECT * FROM AdTypeInfo  WHERE 1=1  AND [Id]='0'  
-------------end 2017/9/11 10:22:25-------------
-------------start 2017/9/11 10:22:25-------------/Admin/Ads/AdPageList.aspx
SELECT * FROM AdSiteInfo  WHERE 1=1  AND [Id]='0'  
-------------end 2017/9/11 10:22:25-------------
-------------start 2017/9/11 10:22:25-------------/Admin/Ads/AdPageList.aspx
SELECT * FROM AdTypeInfo  WHERE 1=1  AND [Id]='0'  
-------------end 2017/9/11 10:22:25-------------
-------------start 2017/9/11 10:22:25-------------/Admin/Ads/AdPageList.aspx
SELECT * FROM AdSiteInfo  WHERE 1=1  AND [Id]='0'  
-------------end 2017/9/11 10:22:25-------------
-------------start 2017/9/11 10:22:25-------------/Admin/Ads/AdPageList.aspx
SELECT * FROM AccountInfo  WHERE 1=1  AND [Id]='24' 
 
-------------end 2017/9/11 10:22:25-------------
-------------start 2017/9/11 10:22:25-------------/Admin/Ads/AdPageList.aspx
SELECT * FROM AdTypeInfo  WHERE 1=1  AND [Id]='0'  
-------------end 2017/9/11 10:22:25-------------
-------------start 2017/9/11 10:22:25-------------/Admin/Ads/AdPageList.aspx
SELECT * FROM AdSiteInfo  WHERE 1=1  AND [Id]='0'  
-------------end 2017/9/11 10:22:25-------------
-------------start 2017/9/11 10:22:25-------------/Admin/Ads/AdPageList.aspx
SELECT * FROM AccountInfo  WHERE 1=1  AND [Id]='23' 
 
-------------end 2017/9/11 10:22:25-------------
-------------start 2017/9/11 10:22:25-------------/Admin/Ads/AdPageList.aspx
SELECT * FROM AdTypeInfo  WHERE 1=1  AND [Id]='0'  
-------------end 2017/9/11 10:22:25-------------
-------------start 2017/9/11 10:22:25-------------/Admin/Ads/AdPageList.aspx
SELECT * FROM AdSiteInfo  WHERE 1=1  AND [Id]='0'  
-------------end 2017/9/11 10:22:25-------------
-------------start 2017/9/11 10:22:25-------------/Admin/Ads/AdPageList.aspx
SELECT * FROM AccountInfo  WHERE 1=1  AND [Id]='22' 
 
-------------end 2017/9/11 10:22:25-------------
-------------start 2017/9/11 10:22:25-------------/Admin/Ads/AdPageList.aspx
SELECT * FROM AdTypeInfo  WHERE 1=1  AND [Id]='0'  
-------------end 2017/9/11 10:22:25-------------
-------------start 2017/9/11 10:22:25-------------/Admin/Ads/AdPageList.aspx
SELECT * FROM AdSiteInfo  WHERE 1=1  AND [Id]='0'  
-------------end 2017/9/11 10:22:25-------------
-------------start 2017/9/11 10:22:27-------------/AdView.aspx?adid=234
SELECT * FROM AdPageInfo  WHERE 1=1  AND [Id]='234'  
-------------end 2017/9/11 10:22:27-------------
-------------start 2017/9/11 10:22:30-------------/AdView.aspx?adid=233
SELECT * FROM AdPageInfo  WHERE 1=1  AND [Id]='233'  
-------------end 2017/9/11 10:22:30-------------
-------------start 2017/9/11 10:22:33-------------/AdView.aspx?adid=231
SELECT * FROM AdPageInfo  WHERE 1=1  AND [Id]='231'  
-------------end 2017/9/11 10:22:33-------------
