-------------start 2017/8/21 15:27:44-------------/Login.aspx
SELECT * FROM AccountInfo  WHERE 1=1  AND [UserName]='admin' 
 
-------------end 2017/8/21 15:27:44-------------
-------------start 2017/8/21 15:27:45-------------/Admin/Index.aspx
SELECT * FROM AccountInfo  WHERE 1=1  AND [UserName]='admin' 
 
-------------end 2017/8/21 15:27:45-------------
-------------start 2017/8/21 15:31:39-------------/Admin/Index.aspx
SELECT * FROM AccountInfo  WHERE 1=1  AND [UserName]='admin' 
 
-------------end 2017/8/21 15:31:39-------------
-------------start 2017/8/21 15:31:43-------------/Admin/Cus/CpsUserList.aspx
SELECT TOP 10 * FROM [CpsUserInfo]  WHERE 1=1  AND Id NOT IN (SELECT TOP 0 Id FROM [CpsUserInfo]  WHERE 1=1   order by  id desc )   order by  id desc 
-------------end 2017/8/21 15:31:43-------------
-------------start 2017/8/21 15:31:43-------------/Admin/Cus/CpsUserList.aspx
SELECT * FROM AdPageInfo  WHERE 1=1  
-------------end 2017/8/21 15:31:43-------------
-------------start 2017/8/21 15:31:43-------------/Admin/Cus/CpsUserList.aspx
SELECT * FROM AdPageInfo  WHERE 1=1  
-------------end 2017/8/21 15:31:43-------------
-------------start 2017/8/21 15:31:43-------------/Admin/Cus/CpsUserList.aspx
SELECT * FROM AdPageInfo  WHERE 1=1  
-------------end 2017/8/21 15:31:43-------------
-------------start 2017/8/21 15:31:43-------------/Admin/Cus/CpsUserList.aspx
SELECT * FROM AccountInfo  WHERE 1=1  AND [Id]='17' 
 
-------------end 2017/8/21 15:31:43-------------
-------------start 2017/8/21 15:31:43-------------/Admin/Cus/CpsUserList.aspx
SELECT * FROM AdPageInfo  WHERE 1=1  
-------------end 2017/8/21 15:31:43-------------
-------------start 2017/8/21 15:31:43-------------/Admin/Cus/CpsUserList.aspx
SELECT * FROM AdPageInfo  WHERE 1=1  
-------------end 2017/8/21 15:31:43-------------
-------------start 2017/8/21 15:31:44-------------/Admin/Cus/CpsUserList.aspx
SELECT * FROM AdPageInfo  WHERE 1=1  
-------------end 2017/8/21 15:31:44-------------
-------------start 2017/8/21 15:31:44-------------/Admin/Cus/CpsUserList.aspx
SELECT * FROM AdPageInfo  WHERE 1=1  
-------------end 2017/8/21 15:31:44-------------
-------------start 2017/8/21 15:31:44-------------/Admin/Cus/CpsUserList.aspx
SELECT * FROM AccountInfo  WHERE 1=1  AND [Id]='5' 
 
-------------end 2017/8/21 15:31:44-------------
-------------start 2017/8/21 15:31:44-------------/Admin/Cus/CpsUserList.aspx
SELECT * FROM AdPageInfo  WHERE 1=1  
-------------end 2017/8/21 15:31:44-------------
-------------start 2017/8/21 15:31:44-------------/Admin/Cus/CpsUserList.aspx
SELECT * FROM AdPageInfo  WHERE 1=1  
-------------end 2017/8/21 15:31:44-------------
-------------start 2017/8/21 15:32:24-------------/Admin/Cus/CpsUserList.aspx
SELECT TOP 10 * FROM [CpsUserInfo]  WHERE 1=1  AND Id NOT IN (SELECT TOP 0 Id FROM [CpsUserInfo]  WHERE 1=1   order by  id desc )   order by  id desc 
-------------end 2017/8/21 15:32:24-------------
-------------start 2017/8/21 15:32:24-------------/Admin/Cus/CpsUserList.aspx
SELECT * FROM AdPageInfo  WHERE 1=1  
-------------end 2017/8/21 15:32:24-------------
-------------start 2017/8/21 15:32:24-------------/Admin/Cus/CpsUserList.aspx
SELECT * FROM AdPageInfo  WHERE 1=1  
-------------end 2017/8/21 15:32:24-------------
-------------start 2017/8/21 15:32:25-------------/Admin/Cus/CpsUserList.aspx
SELECT * FROM AdPageInfo  WHERE 1=1  
-------------end 2017/8/21 15:32:25-------------
-------------start 2017/8/21 15:32:25-------------/Admin/Cus/CpsUserList.aspx
SELECT * FROM AdPageInfo  WHERE 1=1  
-------------end 2017/8/21 15:32:25-------------
-------------start 2017/8/21 15:32:25-------------/Admin/Cus/CpsUserList.aspx
SELECT * FROM AccountInfo  WHERE 1=1  AND [Id]='18' 
 
-------------end 2017/8/21 15:32:25-------------
-------------start 2017/8/21 15:32:25-------------/Admin/Cus/CpsUserList.aspx
SELECT * FROM AdPageInfo  WHERE 1=1  
-------------end 2017/8/21 15:32:25-------------
-------------start 2017/8/21 15:32:25-------------/Admin/Cus/CpsUserList.aspx
SELECT * FROM AdPageInfo  WHERE 1=1  
-------------end 2017/8/21 15:32:25-------------
-------------start 2017/8/21 15:32:25-------------/Admin/Cus/CpsUserList.aspx
SELECT * FROM AdPageInfo  WHERE 1=1  
-------------end 2017/8/21 15:32:25-------------
-------------start 2017/8/21 15:32:25-------------/Admin/Cus/CpsUserList.aspx
SELECT * FROM AdPageInfo  WHERE 1=1  
-------------end 2017/8/21 15:32:25-------------
-------------start 2017/8/21 15:32:25-------------/Admin/Cus/CpsUserList.aspx
SELECT * FROM AccountInfo  WHERE 1=1  AND [Id]='16' 
 
-------------end 2017/8/21 15:32:25-------------
-------------start 2017/8/21 15:32:46-------------/Login.aspx
SELECT * FROM AccountInfo  WHERE 1=1  AND [UserName]='mjcps050' 
 
-------------end 2017/8/21 15:32:46-------------
-------------start 2017/8/21 15:32:50-------------/Login.aspx
SELECT * FROM AccountInfo  WHERE 1=1  AND [UserName]='mjcps050' 
 
-------------end 2017/8/21 15:32:50-------------
-------------start 2017/8/21 15:32:51-------------/AccShop/Order/OrderList.aspx
SELECT * FROM CpsUserInfo  WHERE 1=1  AND [CpsUserId]='18'  
-------------end 2017/8/21 15:32:51-------------
-------------start 2017/8/21 15:32:51-------------/AccShop/Order/OrderList.aspx
SELECT * FROM AdPageInfo  WHERE 1=1  
-------------end 2017/8/21 15:32:51-------------
-------------start 2017/8/21 15:32:51-------------/AccShop/Order/OrderList.aspx
SELECT * FROM AdPageInfo  WHERE 1=1  
-------------end 2017/8/21 15:32:51-------------
-------------start 2017/8/21 15:32:51-------------/AccShop/Order/OrderList.aspx
SELECT TOP 10 * FROM [CustomerInfo]  WHERE 1=1  AND [IsDelete]='0'  AND AdId IN (select AdId from [dbo].[CpsUserInfo] where CpsUserId=18) AND Id NOT IN (SELECT TOP 0 Id FROM [CustomerInfo]  WHERE 1=1  AND [IsDelete]='0'  AND AdId IN (select AdId from [dbo].[CpsUserInfo] where CpsUserId=18)  order by  id desc )   order by  id desc 
-------------end 2017/8/21 15:32:51-------------
-------------start 2017/8/21 15:33:17-------------/AccShop/Order/OrderList.aspx
SELECT * FROM CpsUserInfo  WHERE 1=1  AND [CpsUserId]='18'  
-------------end 2017/8/21 15:33:17-------------
-------------start 2017/8/21 15:33:17-------------/AccShop/Order/OrderList.aspx
SELECT * FROM AdPageInfo  WHERE 1=1  
-------------end 2017/8/21 15:33:17-------------
-------------start 2017/8/21 15:33:17-------------/AccShop/Order/OrderList.aspx
SELECT * FROM AdPageInfo  WHERE 1=1  
-------------end 2017/8/21 15:33:17-------------
-------------start 2017/8/21 15:33:17-------------/AccShop/Order/OrderList.aspx
SELECT TOP 10 * FROM [CustomerInfo]  WHERE 1=1  AND [IsDelete]='0'  AND AdId IN (select AdId from [dbo].[CpsUserInfo] where CpsUserId=18) AND Id NOT IN (SELECT TOP 0 Id FROM [CustomerInfo]  WHERE 1=1  AND [IsDelete]='0'  AND AdId IN (select AdId from [dbo].[CpsUserInfo] where CpsUserId=18)  order by  id desc )   order by  id desc 
-------------end 2017/8/21 15:33:17-------------
-------------start 2017/8/21 15:33:30-------------/AccShop/Order/OrderList.aspx
SELECT * FROM CustomerInfo  WHERE 1=1  AND [IsDelete]='0'  AND AdId IN (select AdId from [dbo].[CpsUserInfo] where CpsUserId=18)  order by  id desc 
-------------end 2017/8/21 15:33:30-------------
-------------start 2017/8/21 15:33:55-------------/AccShop/Order/OrderList.aspx
SELECT * FROM AccountInfo  WHERE 1=1  AND [UserName]='mjcps050' 
 
-------------end 2017/8/21 15:33:55-------------
-------------start 2017/8/21 15:33:55-------------/AccShop/Order/OrderList.aspx
SELECT * FROM CpsUserInfo  WHERE 1=1  AND [CpsUserId]='18'  
-------------end 2017/8/21 15:33:55-------------
-------------start 2017/8/21 15:33:55-------------/AccShop/Order/OrderList.aspx
SELECT * FROM AdPageInfo  WHERE 1=1  
-------------end 2017/8/21 15:33:55-------------
-------------start 2017/8/21 15:33:55-------------/AccShop/Order/OrderList.aspx
SELECT * FROM AdPageInfo  WHERE 1=1  
-------------end 2017/8/21 15:33:55-------------
-------------start 2017/8/21 15:33:55-------------/AccShop/Order/OrderList.aspx
SELECT * FROM AdPageInfo  WHERE 1=1  
-------------end 2017/8/21 15:33:55-------------
-------------start 2017/8/21 15:33:55-------------/AccShop/Order/OrderList.aspx
SELECT TOP 10 * FROM [CustomerInfo]  WHERE 1=1  AND [IsDelete]='0'  AND AdId IN (select AdId from [dbo].[CpsUserInfo] where CpsUserId=18) AND Id NOT IN (SELECT TOP 0 Id FROM [CustomerInfo]  WHERE 1=1  AND [IsDelete]='0'  AND AdId IN (select AdId from [dbo].[CpsUserInfo] where CpsUserId=18)  order by  id desc )   order by  id desc 
-------------end 2017/8/21 15:33:55-------------
-------------start 2017/8/21 15:34:14-------------/AccShop/Order/OrderList.aspx
SELECT * FROM CustomerInfo  WHERE 1=1  AND [IsDelete]='0'  AND AdId IN (select AdId from [dbo].[CpsUserInfo] where CpsUserId=18)  order by  id desc 
-------------end 2017/8/21 15:34:14-------------
-------------start 2017/8/21 15:35:00-------------/AccShop/Order/OrderList.aspx
SELECT * FROM CpsUserInfo  WHERE 1=1  AND [CpsUserId]='18'  
-------------end 2017/8/21 15:35:00-------------
-------------start 2017/8/21 15:35:00-------------/AccShop/Order/OrderList.aspx
SELECT * FROM AdPageInfo  WHERE 1=1  
-------------end 2017/8/21 15:35:00-------------
-------------start 2017/8/21 15:35:00-------------/AccShop/Order/OrderList.aspx
SELECT * FROM AdPageInfo  WHERE 1=1  
-------------end 2017/8/21 15:35:00-------------
-------------start 2017/8/21 15:35:00-------------/AccShop/Order/OrderList.aspx
SELECT TOP 10 * FROM [CustomerInfo]  WHERE 1=1  AND [IsDelete]='0'  AND AdId IN (select AdId from [dbo].[CpsUserInfo] where CpsUserId=18) AND Id NOT IN (SELECT TOP 0 Id FROM [CustomerInfo]  WHERE 1=1  AND [IsDelete]='0'  AND AdId IN (select AdId from [dbo].[CpsUserInfo] where CpsUserId=18)  order by  id desc )   order by  id desc 
-------------end 2017/8/21 15:35:00-------------
-------------start 2017/8/21 15:35:09-------------/AccShop/Order/OrderList.aspx
SELECT * FROM CpsUserInfo  WHERE 1=1  AND [CpsUserId]='18'  
-------------end 2017/8/21 15:35:09-------------
-------------start 2017/8/21 15:35:09-------------/AccShop/Order/OrderList.aspx
SELECT * FROM AdPageInfo  WHERE 1=1  
-------------end 2017/8/21 15:35:09-------------
-------------start 2017/8/21 15:35:09-------------/AccShop/Order/OrderList.aspx
SELECT * FROM AdPageInfo  WHERE 1=1  
-------------end 2017/8/21 15:35:09-------------
-------------start 2017/8/21 15:35:09-------------/AccShop/Order/OrderList.aspx
SELECT TOP 10 * FROM [CustomerInfo]  WHERE 1=1  AND [IsDelete]='0'  AND AdId IN (select AdId from [dbo].[CpsUserInfo] where CpsUserId=18) AND Id NOT IN (SELECT TOP 0 Id FROM [CustomerInfo]  WHERE 1=1  AND [IsDelete]='0'  AND AdId IN (select AdId from [dbo].[CpsUserInfo] where CpsUserId=18)  order by  id desc )   order by  id desc 
-------------end 2017/8/21 15:35:09-------------
-------------start 2017/8/21 15:56:45-------------/Login.aspx
SELECT * FROM AccountInfo  WHERE 1=1  AND [UserName]='admin' 
 
-------------end 2017/8/21 15:56:45-------------
-------------start 2017/8/21 15:56:46-------------/Admin/Index.aspx
SELECT * FROM AccountInfo  WHERE 1=1  AND [UserName]='admin' 
 
-------------end 2017/8/21 15:56:46-------------
-------------start 2017/8/21 15:56:55-------------/Admin/Ads/AdPageList.aspx
SELECT * FROM AccountInfo  WHERE 1=1  AND UserType <> 100 
 
-------------end 2017/8/21 15:56:55-------------
-------------start 2017/8/21 15:56:55-------------/Admin/Ads/AdPageList.aspx
SELECT * FROM AdTypeInfo  WHERE 1=1  
-------------end 2017/8/21 15:56:55-------------
-------------start 2017/8/21 15:56:55-------------/Admin/Ads/AdPageList.aspx
SELECT * FROM AdSiteInfo  WHERE 1=1  
-------------end 2017/8/21 15:56:55-------------
-------------start 2017/8/21 15:56:55-------------/Admin/Ads/AdPageList.aspx
SELECT TOP 10 * FROM [AdPageInfo]  WHERE 1=1  AND [IsDel]='0'  AND Id NOT IN (SELECT TOP 0 Id FROM [AdPageInfo]  WHERE 1=1  AND [IsDel]='0'   order by  id desc )   order by  id desc 
-------------end 2017/8/21 15:56:55-------------
-------------start 2017/8/21 15:56:55-------------/Admin/Ads/AdPageList.aspx
SELECT * FROM AccountInfo  WHERE 1=1  AND [Id]='2' 
 
-------------end 2017/8/21 15:56:55-------------
-------------start 2017/8/21 15:56:55-------------/Admin/Ads/AdPageList.aspx
SELECT * FROM AdTypeInfo  WHERE 1=1  AND [Id]='0'  
-------------end 2017/8/21 15:56:55-------------
-------------start 2017/8/21 15:56:55-------------/Admin/Ads/AdPageList.aspx
SELECT * FROM AdSiteInfo  WHERE 1=1  AND [Id]='0'  
-------------end 2017/8/21 15:56:55-------------
-------------start 2017/8/21 15:56:55-------------/Admin/Ads/AdPageList.aspx
SELECT * FROM AccountInfo  WHERE 1=1  AND [Id]='24' 
 
-------------end 2017/8/21 15:56:55-------------
-------------start 2017/8/21 15:56:55-------------/Admin/Ads/AdPageList.aspx
SELECT * FROM AdTypeInfo  WHERE 1=1  AND [Id]='0'  
-------------end 2017/8/21 15:56:55-------------
-------------start 2017/8/21 15:56:55-------------/Admin/Ads/AdPageList.aspx
SELECT * FROM AdSiteInfo  WHERE 1=1  AND [Id]='0'  
-------------end 2017/8/21 15:56:55-------------
-------------start 2017/8/21 15:56:55-------------/Admin/Ads/AdPageList.aspx
SELECT * FROM AccountInfo  WHERE 1=1  AND [Id]='23' 
 
-------------end 2017/8/21 15:56:55-------------
-------------start 2017/8/21 15:56:55-------------/Admin/Ads/AdPageList.aspx
SELECT * FROM AdTypeInfo  WHERE 1=1  AND [Id]='0'  
-------------end 2017/8/21 15:56:55-------------
-------------start 2017/8/21 15:56:55-------------/Admin/Ads/AdPageList.aspx
SELECT * FROM AdSiteInfo  WHERE 1=1  AND [Id]='0'  
-------------end 2017/8/21 15:56:55-------------
-------------start 2017/8/21 15:56:55-------------/Admin/Ads/AdPageList.aspx
SELECT * FROM AccountInfo  WHERE 1=1  AND [Id]='22' 
 
-------------end 2017/8/21 15:56:55-------------
-------------start 2017/8/21 15:56:55-------------/Admin/Ads/AdPageList.aspx
SELECT * FROM AdTypeInfo  WHERE 1=1  AND [Id]='0'  
-------------end 2017/8/21 15:56:55-------------
-------------start 2017/8/21 15:56:55-------------/Admin/Ads/AdPageList.aspx
SELECT * FROM AdSiteInfo  WHERE 1=1  AND [Id]='0'  
-------------end 2017/8/21 15:56:55-------------
-------------start 2017/8/21 15:56:55-------------/Admin/Ads/AdPageList.aspx
SELECT * FROM AccountInfo  WHERE 1=1  AND [Id]='21' 
 
-------------end 2017/8/21 15:56:55-------------
-------------start 2017/8/21 15:56:55-------------/Admin/Ads/AdPageList.aspx
SELECT * FROM AdTypeInfo  WHERE 1=1  AND [Id]='0'  
-------------end 2017/8/21 15:56:55-------------
-------------start 2017/8/21 15:56:55-------------/Admin/Ads/AdPageList.aspx
SELECT * FROM AdSiteInfo  WHERE 1=1  AND [Id]='0'  
-------------end 2017/8/21 15:56:55-------------
-------------start 2017/8/21 15:56:55-------------/Admin/Ads/AdPageList.aspx
SELECT * FROM AdTypeInfo  WHERE 1=1  AND [Id]='0'  
-------------end 2017/8/21 15:56:55-------------
-------------start 2017/8/21 15:56:55-------------/Admin/Ads/AdPageList.aspx
SELECT * FROM AdSiteInfo  WHERE 1=1  AND [Id]='0'  
-------------end 2017/8/21 15:56:55-------------
-------------start 2017/8/21 15:56:55-------------/Admin/Ads/AdPageList.aspx
SELECT * FROM AccountInfo  WHERE 1=1  AND [Id]='20' 
 
-------------end 2017/8/21 15:56:55-------------
-------------start 2017/8/21 15:56:55-------------/Admin/Ads/AdPageList.aspx
SELECT * FROM AdTypeInfo  WHERE 1=1  AND [Id]='0'  
-------------end 2017/8/21 15:56:55-------------
-------------start 2017/8/21 15:56:55-------------/Admin/Ads/AdPageList.aspx
SELECT * FROM AdSiteInfo  WHERE 1=1  AND [Id]='0'  
-------------end 2017/8/21 15:56:55-------------
-------------start 2017/8/21 15:56:55-------------/Admin/Ads/AdPageList.aspx
SELECT * FROM AccountInfo  WHERE 1=1  AND [Id]='19' 
 
-------------end 2017/8/21 15:56:55-------------
-------------start 2017/8/21 15:56:55-------------/Admin/Ads/AdPageList.aspx
SELECT * FROM AdTypeInfo  WHERE 1=1  AND [Id]='0'  
-------------end 2017/8/21 15:56:55-------------
-------------start 2017/8/21 15:56:55-------------/Admin/Ads/AdPageList.aspx
SELECT * FROM AdSiteInfo  WHERE 1=1  AND [Id]='0'  
-------------end 2017/8/21 15:56:55-------------
-------------start 2017/8/21 15:56:55-------------/Admin/Ads/AdPageList.aspx
SELECT * FROM AccountInfo  WHERE 1=1  AND [Id]='17' 
 
-------------end 2017/8/21 15:56:55-------------
-------------start 2017/8/21 15:56:55-------------/Admin/Ads/AdPageList.aspx
SELECT * FROM AdTypeInfo  WHERE 1=1  AND [Id]='0'  
-------------end 2017/8/21 15:56:55-------------
-------------start 2017/8/21 15:56:55-------------/Admin/Ads/AdPageList.aspx
SELECT * FROM AdSiteInfo  WHERE 1=1  AND [Id]='0'  
-------------end 2017/8/21 15:56:55-------------
-------------start 2017/8/21 15:56:55-------------/Admin/Ads/AdPageList.aspx
SELECT * FROM AccountInfo  WHERE 1=1  AND [Id]='13' 
 
-------------end 2017/8/21 15:56:55-------------
-------------start 2017/8/21 15:56:55-------------/Admin/Ads/AdPageList.aspx
SELECT * FROM AdTypeInfo  WHERE 1=1  AND [Id]='0'  
-------------end 2017/8/21 15:56:55-------------
-------------start 2017/8/21 15:56:55-------------/Admin/Ads/AdPageList.aspx
SELECT * FROM AdSiteInfo  WHERE 1=1  AND [Id]='0'  
-------------end 2017/8/21 15:56:55-------------
-------------start 2017/8/21 15:56:57-------------/Admin/Ads/AdPageEdit.aspx
SELECT * FROM AccountInfo  WHERE 1=1  AND UserType <> 100 
 
-------------end 2017/8/21 15:56:57-------------
-------------start 2017/8/21 15:57:08-------------/Admin/Ads/AdPageEdit.aspx
SELECT * FROM AccountInfo  WHERE 1=1  AND UserType <> 100 
 
-------------end 2017/8/21 15:57:08-------------
-------------start 2017/8/21 15:58:41-------------/Admin/Ads/AdPageEdit.aspx
SELECT * FROM AdPageInfo  WHERE 1=1  AND [Id]='232'  
-------------end 2017/8/21 15:58:41-------------
-------------start 2017/8/21 15:58:41-------------/Admin/Ads/AdPageEdit.aspx
SELECT * FROM ArticleInfo  WHERE 1=1  
-------------end 2017/8/21 15:58:41-------------
-------------start 2017/8/21 15:58:41-------------/Admin/Ads/AdPageList.aspx
SELECT * FROM AccountInfo  WHERE 1=1  AND UserType <> 100 
 
-------------end 2017/8/21 15:58:41-------------
-------------start 2017/8/21 15:58:41-------------/Admin/Ads/AdPageList.aspx
SELECT * FROM AdTypeInfo  WHERE 1=1  
-------------end 2017/8/21 15:58:41-------------
-------------start 2017/8/21 15:58:41-------------/Admin/Ads/AdPageList.aspx
SELECT * FROM AdSiteInfo  WHERE 1=1  
-------------end 2017/8/21 15:58:41-------------
-------------start 2017/8/21 15:58:41-------------/Admin/Ads/AdPageList.aspx
SELECT TOP 10 * FROM [AdPageInfo]  WHERE 1=1  AND [IsDel]='0'  AND Id NOT IN (SELECT TOP 0 Id FROM [AdPageInfo]  WHERE 1=1  AND [IsDel]='0'   order by  id desc )   order by  id desc 
-------------end 2017/8/21 15:58:41-------------
-------------start 2017/8/21 15:58:41-------------/Admin/Ads/AdPageList.aspx
SELECT * FROM AdTypeInfo  WHERE 1=1  AND [Id]='0'  
-------------end 2017/8/21 15:58:41-------------
-------------start 2017/8/21 15:58:41-------------/Admin/Ads/AdPageList.aspx
SELECT * FROM AdSiteInfo  WHERE 1=1  AND [Id]='0'  
-------------end 2017/8/21 15:58:41-------------
-------------start 2017/8/21 15:58:41-------------/Admin/Ads/AdPageList.aspx
SELECT * FROM AdTypeInfo  WHERE 1=1  AND [Id]='0'  
-------------end 2017/8/21 15:58:41-------------
-------------start 2017/8/21 15:58:41-------------/Admin/Ads/AdPageList.aspx
SELECT * FROM AdSiteInfo  WHERE 1=1  AND [Id]='0'  
-------------end 2017/8/21 15:58:41-------------
-------------start 2017/8/21 15:58:41-------------/Admin/Ads/AdPageList.aspx
SELECT * FROM AdTypeInfo  WHERE 1=1  AND [Id]='0'  
-------------end 2017/8/21 15:58:41-------------
-------------start 2017/8/21 15:58:41-------------/Admin/Ads/AdPageList.aspx
SELECT * FROM AdSiteInfo  WHERE 1=1  AND [Id]='0'  
-------------end 2017/8/21 15:58:41-------------
-------------start 2017/8/21 15:58:41-------------/Admin/Ads/AdPageList.aspx
SELECT * FROM AdTypeInfo  WHERE 1=1  AND [Id]='0'  
-------------end 2017/8/21 15:58:41-------------
-------------start 2017/8/21 15:58:41-------------/Admin/Ads/AdPageList.aspx
SELECT * FROM AdSiteInfo  WHERE 1=1  AND [Id]='0'  
-------------end 2017/8/21 15:58:41-------------
-------------start 2017/8/21 15:58:41-------------/Admin/Ads/AdPageList.aspx
SELECT * FROM AdTypeInfo  WHERE 1=1  AND [Id]='0'  
-------------end 2017/8/21 15:58:41-------------
-------------start 2017/8/21 15:58:41-------------/Admin/Ads/AdPageList.aspx
SELECT * FROM AdSiteInfo  WHERE 1=1  AND [Id]='0'  
-------------end 2017/8/21 15:58:41-------------
-------------start 2017/8/21 15:58:41-------------/Admin/Ads/AdPageList.aspx
SELECT * FROM AdTypeInfo  WHERE 1=1  AND [Id]='0'  
-------------end 2017/8/21 15:58:41-------------
-------------start 2017/8/21 15:58:41-------------/Admin/Ads/AdPageList.aspx
SELECT * FROM AdSiteInfo  WHERE 1=1  AND [Id]='0'  
-------------end 2017/8/21 15:58:41-------------
-------------start 2017/8/21 15:58:41-------------/Admin/Ads/AdPageList.aspx
SELECT * FROM AdTypeInfo  WHERE 1=1  AND [Id]='0'  
-------------end 2017/8/21 15:58:41-------------
-------------start 2017/8/21 15:58:41-------------/Admin/Ads/AdPageList.aspx
SELECT * FROM AdSiteInfo  WHERE 1=1  AND [Id]='0'  
-------------end 2017/8/21 15:58:41-------------
-------------start 2017/8/21 15:58:41-------------/Admin/Ads/AdPageList.aspx
SELECT * FROM AdTypeInfo  WHERE 1=1  AND [Id]='0'  
-------------end 2017/8/21 15:58:41-------------
-------------start 2017/8/21 15:58:41-------------/Admin/Ads/AdPageList.aspx
SELECT * FROM AdSiteInfo  WHERE 1=1  AND [Id]='0'  
-------------end 2017/8/21 15:58:41-------------
-------------start 2017/8/21 15:58:41-------------/Admin/Ads/AdPageList.aspx
SELECT * FROM AdTypeInfo  WHERE 1=1  AND [Id]='0'  
-------------end 2017/8/21 15:58:41-------------
-------------start 2017/8/21 15:58:41-------------/Admin/Ads/AdPageList.aspx
SELECT * FROM AdSiteInfo  WHERE 1=1  AND [Id]='0'  
-------------end 2017/8/21 15:58:41-------------
-------------start 2017/8/21 15:58:41-------------/Admin/Ads/AdPageList.aspx
SELECT * FROM AdTypeInfo  WHERE 1=1  AND [Id]='0'  
-------------end 2017/8/21 15:58:41-------------
-------------start 2017/8/21 15:58:41-------------/Admin/Ads/AdPageList.aspx
SELECT * FROM AdSiteInfo  WHERE 1=1  AND [Id]='0'  
-------------end 2017/8/21 15:58:41-------------
-------------start 2017/8/21 15:58:51-------------/Login.aspx
SELECT * FROM AccountInfo  WHERE 1=1  AND [UserName]='xiaorui' 
 
-------------end 2017/8/21 15:58:51-------------
-------------start 2017/8/21 15:58:54-------------/Login.aspx
SELECT * FROM AccountInfo  WHERE 1=1  AND [UserName]='xiaorui' 
 
-------------end 2017/8/21 15:58:54-------------
-------------start 2017/8/21 15:59:02-------------/Accounts/Pages/AdPageList.aspx
SELECT * FROM AdTypeInfo  WHERE 1=1  AND [UserId]='2'  
-------------end 2017/8/21 15:59:02-------------
-------------start 2017/8/21 15:59:02-------------/Accounts/Pages/AdPageList.aspx
SELECT * FROM AdSiteInfo  WHERE 1=1  AND [UserId]='2'  
-------------end 2017/8/21 15:59:02-------------
-------------start 2017/8/21 15:59:02-------------/Accounts/Pages/AdPageList.aspx
SELECT TOP 10 * FROM [AdPageInfo]  WHERE 1=1  AND [UserId]='2'  AND [IsDel]='0'  AND Id NOT IN (SELECT TOP 0 Id FROM [AdPageInfo]  WHERE 1=1  AND [UserId]='2'  AND [IsDel]='0'   order by  id desc )   order by  id desc 
-------------end 2017/8/21 15:59:02-------------
-------------start 2017/8/21 15:59:02-------------/Accounts/Pages/AdPageList.aspx
SELECT * FROM AdTypeInfo  WHERE 1=1  AND [Id]='0'  
-------------end 2017/8/21 15:59:02-------------
-------------start 2017/8/21 15:59:02-------------/Accounts/Pages/AdPageList.aspx
SELECT * FROM AdSiteInfo  WHERE 1=1  AND [Id]='0'  
-------------end 2017/8/21 15:59:02-------------
-------------start 2017/8/21 15:59:02-------------/Accounts/Pages/AdPageList.aspx
SELECT * FROM AdTypeInfo  WHERE 1=1  AND [Id]='0'  
-------------end 2017/8/21 15:59:02-------------
-------------start 2017/8/21 15:59:02-------------/Accounts/Pages/AdPageList.aspx
SELECT * FROM AdSiteInfo  WHERE 1=1  AND [Id]='0'  
-------------end 2017/8/21 15:59:02-------------
-------------start 2017/8/21 15:59:02-------------/Accounts/Pages/AdPageList.aspx
SELECT * FROM AdTypeInfo  WHERE 1=1  AND [Id]='0'  
-------------end 2017/8/21 15:59:02-------------
-------------start 2017/8/21 15:59:02-------------/Accounts/Pages/AdPageList.aspx
SELECT * FROM AdSiteInfo  WHERE 1=1  AND [Id]='0'  
-------------end 2017/8/21 15:59:02-------------
-------------start 2017/8/21 15:59:02-------------/Accounts/Pages/AdPageList.aspx
SELECT * FROM AdTypeInfo  WHERE 1=1  AND [Id]='0'  
-------------end 2017/8/21 15:59:02-------------
-------------start 2017/8/21 15:59:02-------------/Accounts/Pages/AdPageList.aspx
SELECT * FROM AdSiteInfo  WHERE 1=1  AND [Id]='0'  
-------------end 2017/8/21 15:59:02-------------
-------------start 2017/8/21 15:59:02-------------/Accounts/Pages/AdPageList.aspx
SELECT * FROM AdTypeInfo  WHERE 1=1  AND [Id]='0'  
-------------end 2017/8/21 15:59:02-------------
-------------start 2017/8/21 15:59:02-------------/Accounts/Pages/AdPageList.aspx
SELECT * FROM AdSiteInfo  WHERE 1=1  AND [Id]='0'  
-------------end 2017/8/21 15:59:02-------------
-------------start 2017/8/21 15:59:02-------------/Accounts/Pages/AdPageList.aspx
SELECT * FROM AdTypeInfo  WHERE 1=1  AND [Id]='0'  
-------------end 2017/8/21 15:59:02-------------
-------------start 2017/8/21 15:59:02-------------/Accounts/Pages/AdPageList.aspx
SELECT * FROM AdSiteInfo  WHERE 1=1  AND [Id]='0'  
-------------end 2017/8/21 15:59:02-------------
-------------start 2017/8/21 15:59:02-------------/Accounts/Pages/AdPageList.aspx
SELECT * FROM AdTypeInfo  WHERE 1=1  AND [Id]='0'  
-------------end 2017/8/21 15:59:02-------------
-------------start 2017/8/21 15:59:02-------------/Accounts/Pages/AdPageList.aspx
SELECT * FROM AdSiteInfo  WHERE 1=1  AND [Id]='0'  
-------------end 2017/8/21 15:59:02-------------
-------------start 2017/8/21 15:59:02-------------/Accounts/Pages/AdPageList.aspx
SELECT * FROM AdTypeInfo  WHERE 1=1  AND [Id]='0'  
-------------end 2017/8/21 15:59:02-------------
-------------start 2017/8/21 15:59:02-------------/Accounts/Pages/AdPageList.aspx
SELECT * FROM AdSiteInfo  WHERE 1=1  AND [Id]='0'  
-------------end 2017/8/21 15:59:02-------------
-------------start 2017/8/21 15:59:02-------------/Accounts/Pages/AdPageList.aspx
SELECT * FROM AdTypeInfo  WHERE 1=1  AND [Id]='0'  
-------------end 2017/8/21 15:59:02-------------
-------------start 2017/8/21 15:59:02-------------/Accounts/Pages/AdPageList.aspx
SELECT * FROM AdSiteInfo  WHERE 1=1  AND [Id]='0'  
-------------end 2017/8/21 15:59:02-------------
-------------start 2017/8/21 15:59:02-------------/Accounts/Pages/AdPageList.aspx
SELECT * FROM AdTypeInfo  WHERE 1=1  AND [Id]='0'  
-------------end 2017/8/21 15:59:02-------------
-------------start 2017/8/21 15:59:02-------------/Accounts/Pages/AdPageList.aspx
SELECT * FROM AdSiteInfo  WHERE 1=1  AND [Id]='0'  
-------------end 2017/8/21 15:59:02-------------
-------------start 2017/8/21 15:59:04-------------/Accounts/Pages/AdPageEdit.aspx?id=232
SELECT * FROM AdTypeInfo  WHERE 1=1  AND [UserId]='2'  
-------------end 2017/8/21 15:59:04-------------
-------------start 2017/8/21 15:59:04-------------/Accounts/Pages/AdPageEdit.aspx?id=232
SELECT * FROM AdSiteInfo  WHERE 1=1  AND [UserId]='2'  
-------------end 2017/8/21 15:59:04-------------
-------------start 2017/8/21 15:59:04-------------/Accounts/Pages/AdPageEdit.aspx?id=232
SELECT * FROM AdPageInfo  WHERE 1=1  AND [Id]='232'  AND [UserId]='2'  
-------------end 2017/8/21 15:59:04-------------
-------------start 2017/8/21 15:59:07-------------/Accounts/Pages/AdPageEdit.aspx?id=232
SELECT * FROM AdPageInfo  WHERE 1=1  AND [Id]='232'  AND [UserId]='2'  
-------------end 2017/8/21 15:59:07-------------
-------------start 2017/8/21 15:59:07-------------/Accounts/Pages/AdPageEdit.aspx?id=232
SELECT * FROM AdPageInfo  WHERE 1=1  AND [Id]='232'  
-------------end 2017/8/21 15:59:07-------------
-------------start 2017/8/21 15:59:07-------------/Accounts/Pages/AdPageEdit.aspx?id=232
SELECT * FROM AdPageInfo  WHERE 1=1  
-------------end 2017/8/21 15:59:07-------------
-------------start 2017/8/21 15:59:07-------------/Accounts/Pages/AdPageEdit.aspx?id=232
SELECT * FROM AdPageInfo  WHERE 1=1  
-------------end 2017/8/21 15:59:07-------------
-------------start 2017/8/21 15:59:07-------------/Accounts/Pages/AdPageList.aspx
SELECT * FROM AdTypeInfo  WHERE 1=1  AND [UserId]='2'  
-------------end 2017/8/21 15:59:07-------------
-------------start 2017/8/21 15:59:07-------------/Accounts/Pages/AdPageList.aspx
SELECT * FROM AdSiteInfo  WHERE 1=1  AND [UserId]='2'  
-------------end 2017/8/21 15:59:07-------------
-------------start 2017/8/21 15:59:07-------------/Accounts/Pages/AdPageList.aspx
SELECT TOP 10 * FROM [AdPageInfo]  WHERE 1=1  AND [UserId]='2'  AND [IsDel]='0'  AND Id NOT IN (SELECT TOP 0 Id FROM [AdPageInfo]  WHERE 1=1  AND [UserId]='2'  AND [IsDel]='0'   order by  id desc )   order by  id desc 
-------------end 2017/8/21 15:59:07-------------
-------------start 2017/8/21 15:59:07-------------/Accounts/Pages/AdPageList.aspx
SELECT * FROM AdTypeInfo  WHERE 1=1  AND [Id]='0'  
-------------end 2017/8/21 15:59:07-------------
-------------start 2017/8/21 15:59:07-------------/Accounts/Pages/AdPageList.aspx
SELECT * FROM AdSiteInfo  WHERE 1=1  AND [Id]='0'  
-------------end 2017/8/21 15:59:07-------------
-------------start 2017/8/21 15:59:07-------------/Accounts/Pages/AdPageList.aspx
SELECT * FROM AdTypeInfo  WHERE 1=1  AND [Id]='0'  
-------------end 2017/8/21 15:59:07-------------
-------------start 2017/8/21 15:59:07-------------/Accounts/Pages/AdPageList.aspx
SELECT * FROM AdSiteInfo  WHERE 1=1  AND [Id]='0'  
-------------end 2017/8/21 15:59:07-------------
-------------start 2017/8/21 15:59:07-------------/Accounts/Pages/AdPageList.aspx
SELECT * FROM AdTypeInfo  WHERE 1=1  AND [Id]='0'  
-------------end 2017/8/21 15:59:07-------------
-------------start 2017/8/21 15:59:07-------------/Accounts/Pages/AdPageList.aspx
SELECT * FROM AdSiteInfo  WHERE 1=1  AND [Id]='0'  
-------------end 2017/8/21 15:59:07-------------
-------------start 2017/8/21 15:59:07-------------/Accounts/Pages/AdPageList.aspx
SELECT * FROM AdTypeInfo  WHERE 1=1  AND [Id]='0'  
-------------end 2017/8/21 15:59:07-------------
-------------start 2017/8/21 15:59:07-------------/Accounts/Pages/AdPageList.aspx
SELECT * FROM AdSiteInfo  WHERE 1=1  AND [Id]='0'  
-------------end 2017/8/21 15:59:07-------------
-------------start 2017/8/21 15:59:07-------------/Accounts/Pages/AdPageList.aspx
SELECT * FROM AdTypeInfo  WHERE 1=1  AND [Id]='0'  
-------------end 2017/8/21 15:59:07-------------
-------------start 2017/8/21 15:59:07-------------/Accounts/Pages/AdPageList.aspx
SELECT * FROM AdSiteInfo  WHERE 1=1  AND [Id]='0'  
-------------end 2017/8/21 15:59:07-------------
-------------start 2017/8/21 15:59:07-------------/Accounts/Pages/AdPageList.aspx
SELECT * FROM AdTypeInfo  WHERE 1=1  AND [Id]='0'  
-------------end 2017/8/21 15:59:07-------------
-------------start 2017/8/21 15:59:07-------------/Accounts/Pages/AdPageList.aspx
SELECT * FROM AdSiteInfo  WHERE 1=1  AND [Id]='0'  
-------------end 2017/8/21 15:59:07-------------
-------------start 2017/8/21 15:59:07-------------/Accounts/Pages/AdPageList.aspx
SELECT * FROM AdTypeInfo  WHERE 1=1  AND [Id]='0'  
-------------end 2017/8/21 15:59:07-------------
-------------start 2017/8/21 15:59:07-------------/Accounts/Pages/AdPageList.aspx
SELECT * FROM AdSiteInfo  WHERE 1=1  AND [Id]='0'  
-------------end 2017/8/21 15:59:07-------------
-------------start 2017/8/21 15:59:07-------------/Accounts/Pages/AdPageList.aspx
SELECT * FROM AdTypeInfo  WHERE 1=1  AND [Id]='0'  
-------------end 2017/8/21 15:59:07-------------
-------------start 2017/8/21 15:59:07-------------/Accounts/Pages/AdPageList.aspx
SELECT * FROM AdSiteInfo  WHERE 1=1  AND [Id]='0'  
-------------end 2017/8/21 15:59:07-------------
-------------start 2017/8/21 15:59:07-------------/Accounts/Pages/AdPageList.aspx
SELECT * FROM AdTypeInfo  WHERE 1=1  AND [Id]='0'  
-------------end 2017/8/21 15:59:07-------------
-------------start 2017/8/21 15:59:07-------------/Accounts/Pages/AdPageList.aspx
SELECT * FROM AdSiteInfo  WHERE 1=1  AND [Id]='0'  
-------------end 2017/8/21 15:59:07-------------
-------------start 2017/8/21 15:59:07-------------/Accounts/Pages/AdPageList.aspx
SELECT * FROM AdTypeInfo  WHERE 1=1  AND [Id]='0'  
-------------end 2017/8/21 15:59:07-------------
-------------start 2017/8/21 15:59:07-------------/Accounts/Pages/AdPageList.aspx
SELECT * FROM AdSiteInfo  WHERE 1=1  AND [Id]='0'  
-------------end 2017/8/21 15:59:07-------------
-------------start 2017/8/21 15:59:09-------------/Comm/AdView.aspx?adid=232
SELECT * FROM AdPageInfo  WHERE 1=1  AND [Id]='232'  
-------------end 2017/8/21 15:59:09-------------
