-------------start 2017/8/8 9:27:36-------------/Login.aspx
SELECT * FROM AccountInfo  WHERE 1=1  AND [UserName]='admin' 
 
-------------end 2017/8/8 9:27:36-------------
-------------start 2017/8/8 9:27:36-------------/Admin/Index.aspx
SELECT * FROM AccountInfo  WHERE 1=1  AND [UserName]='admin' 
 
-------------end 2017/8/8 9:27:36-------------
-------------start 2017/8/8 9:27:39-------------/Admin/Users/UserList.aspx
SELECT TOP 10 * FROM [AccountInfo]  WHERE 1=1 
 AND Id NOT IN (SELECT TOP 0 Id FROM [AccountInfo]  WHERE 1=1 
  order by  id desc )   order by  id desc 
-------------end 2017/8/8 9:27:39-------------
-------------start 2017/8/8 9:27:56-------------/Admin/Users/UserEdit.aspx
SELECT * FROM AccountInfo  WHERE 1=1  AND [UserName]='vipliuzg001' 
 
-------------end 2017/8/8 9:27:56-------------
-------------start 2017/8/8 9:27:56-------------/Admin/Users/UserList.aspx
SELECT TOP 10 * FROM [AccountInfo]  WHERE 1=1 
 AND Id NOT IN (SELECT TOP 0 Id FROM [AccountInfo]  WHERE 1=1 
  order by  id desc )   order by  id desc 
-------------end 2017/8/8 9:27:56-------------
-------------start 2017/8/8 9:28:09-------------/Admin/Ads/AdPageList.aspx
SELECT * FROM AccountInfo  WHERE 1=1  AND UserType IN (0,1,2,3)
 
-------------end 2017/8/8 9:28:09-------------
-------------start 2017/8/8 9:28:09-------------/Admin/Ads/AdPageList.aspx
SELECT * FROM AdTypeInfo  WHERE 1=1  
-------------end 2017/8/8 9:28:09-------------
-------------start 2017/8/8 9:28:09-------------/Admin/Ads/AdPageList.aspx
SELECT * FROM AdSiteInfo  WHERE 1=1  
-------------end 2017/8/8 9:28:09-------------
-------------start 2017/8/8 9:28:09-------------/Admin/Ads/AdPageList.aspx
SELECT * FROM AdPageInfo  WHERE 1=1  
-------------end 2017/8/8 9:28:09-------------
-------------start 2017/8/8 9:28:09-------------/Admin/Ads/AdPageList.aspx
SELECT TOP 10 * FROM [AdPageInfo]  WHERE 1=1  AND [IsDel]='0'  AND Id NOT IN (SELECT TOP 0 Id FROM [AdPageInfo]  WHERE 1=1  AND [IsDel]='0'   order by  id desc )   order by  id desc 
-------------end 2017/8/8 9:28:09-------------
-------------start 2017/8/8 9:28:09-------------/Admin/Ads/AdPageList.aspx
SELECT * FROM AccountInfo  WHERE 1=1  AND [Id]='19' 
 
-------------end 2017/8/8 9:28:09-------------
-------------start 2017/8/8 9:28:09-------------/Admin/Ads/AdPageList.aspx
SELECT * FROM AdTypeInfo  WHERE 1=1  AND [Id]='0'  
-------------end 2017/8/8 9:28:09-------------
-------------start 2017/8/8 9:28:09-------------/Admin/Ads/AdPageList.aspx
SELECT * FROM AdSiteInfo  WHERE 1=1  AND [Id]='0'  
-------------end 2017/8/8 9:28:09-------------
-------------start 2017/8/8 9:28:09-------------/Admin/Ads/AdPageList.aspx
SELECT * FROM AccountInfo  WHERE 1=1  AND [Id]='17' 
 
-------------end 2017/8/8 9:28:09-------------
-------------start 2017/8/8 9:28:09-------------/Admin/Ads/AdPageList.aspx
SELECT * FROM AdTypeInfo  WHERE 1=1  AND [Id]='0'  
-------------end 2017/8/8 9:28:09-------------
-------------start 2017/8/8 9:28:09-------------/Admin/Ads/AdPageList.aspx
SELECT * FROM AdSiteInfo  WHERE 1=1  AND [Id]='0'  
-------------end 2017/8/8 9:28:09-------------
-------------start 2017/8/8 9:28:09-------------/Admin/Ads/AdPageList.aspx
SELECT * FROM AccountInfo  WHERE 1=1  AND [Id]='13' 
 
-------------end 2017/8/8 9:28:09-------------
-------------start 2017/8/8 9:28:09-------------/Admin/Ads/AdPageList.aspx
SELECT * FROM AdTypeInfo  WHERE 1=1  AND [Id]='0'  
-------------end 2017/8/8 9:28:09-------------
-------------start 2017/8/8 9:28:09-------------/Admin/Ads/AdPageList.aspx
SELECT * FROM AdSiteInfo  WHERE 1=1  AND [Id]='0'  
-------------end 2017/8/8 9:28:09-------------
-------------start 2017/8/8 9:28:09-------------/Admin/Ads/AdPageList.aspx
SELECT * FROM AccountInfo  WHERE 1=1  AND [Id]='2' 
 
-------------end 2017/8/8 9:28:09-------------
-------------start 2017/8/8 9:28:09-------------/Admin/Ads/AdPageList.aspx
SELECT * FROM AdTypeInfo  WHERE 1=1  AND [Id]='0'  
-------------end 2017/8/8 9:28:09-------------
-------------start 2017/8/8 9:28:09-------------/Admin/Ads/AdPageList.aspx
SELECT * FROM AdSiteInfo  WHERE 1=1  AND [Id]='0'  
-------------end 2017/8/8 9:28:09-------------
-------------start 2017/8/8 9:28:09-------------/Admin/Ads/AdPageList.aspx
SELECT * FROM AccountInfo  WHERE 1=1  AND [Id]='5' 
 
-------------end 2017/8/8 9:28:09-------------
-------------start 2017/8/8 9:28:09-------------/Admin/Ads/AdPageList.aspx
SELECT * FROM AdTypeInfo  WHERE 1=1  AND [Id]='0'  
-------------end 2017/8/8 9:28:09-------------
-------------start 2017/8/8 9:28:09-------------/Admin/Ads/AdPageList.aspx
SELECT * FROM AdSiteInfo  WHERE 1=1  AND [Id]='0'  
-------------end 2017/8/8 9:28:09-------------
-------------start 2017/8/8 9:28:09-------------/Admin/Ads/AdPageList.aspx
SELECT * FROM AdTypeInfo  WHERE 1=1  AND [Id]='0'  
-------------end 2017/8/8 9:28:09-------------
-------------start 2017/8/8 9:28:09-------------/Admin/Ads/AdPageList.aspx
SELECT * FROM AdSiteInfo  WHERE 1=1  AND [Id]='0'  
-------------end 2017/8/8 9:28:09-------------
-------------start 2017/8/8 9:28:09-------------/Admin/Ads/AdPageList.aspx
SELECT * FROM AdTypeInfo  WHERE 1=1  AND [Id]='0'  
-------------end 2017/8/8 9:28:09-------------
-------------start 2017/8/8 9:28:09-------------/Admin/Ads/AdPageList.aspx
SELECT * FROM AdSiteInfo  WHERE 1=1  AND [Id]='0'  
-------------end 2017/8/8 9:28:09-------------
-------------start 2017/8/8 9:28:09-------------/Admin/Ads/AdPageList.aspx
SELECT * FROM AdTypeInfo  WHERE 1=1  AND [Id]='0'  
-------------end 2017/8/8 9:28:09-------------
-------------start 2017/8/8 9:28:09-------------/Admin/Ads/AdPageList.aspx
SELECT * FROM AdSiteInfo  WHERE 1=1  AND [Id]='0'  
-------------end 2017/8/8 9:28:09-------------
-------------start 2017/8/8 9:28:09-------------/Admin/Ads/AdPageList.aspx
SELECT * FROM AdTypeInfo  WHERE 1=1  AND [Id]='0'  
-------------end 2017/8/8 9:28:09-------------
-------------start 2017/8/8 9:28:09-------------/Admin/Ads/AdPageList.aspx
SELECT * FROM AdSiteInfo  WHERE 1=1  AND [Id]='0'  
-------------end 2017/8/8 9:28:09-------------
-------------start 2017/8/8 9:28:09-------------/Admin/Ads/AdPageList.aspx
SELECT * FROM AdTypeInfo  WHERE 1=1  AND [Id]='0'  
-------------end 2017/8/8 9:28:09-------------
-------------start 2017/8/8 9:28:09-------------/Admin/Ads/AdPageList.aspx
SELECT * FROM AdSiteInfo  WHERE 1=1  AND [Id]='0'  
-------------end 2017/8/8 9:28:09-------------
-------------start 2017/8/8 9:28:12-------------/Admin/Ads/AdPageEdit.aspx
SELECT * FROM AccountInfo  WHERE 1=1  AND UserType IN (0,2)
 
-------------end 2017/8/8 9:28:12-------------
-------------start 2017/8/8 9:28:22-------------/Admin/Ads/AdPageEdit.aspx
SELECT * FROM AdPageInfo  WHERE 1=1  AND [Id]='225'  
-------------end 2017/8/8 9:28:22-------------
-------------start 2017/8/8 9:28:22-------------/Admin/Ads/AdPageEdit.aspx
SELECT * FROM ArticleInfo  WHERE 1=1  
-------------end 2017/8/8 9:28:22-------------
-------------start 2017/8/8 9:28:22-------------/Admin/Ads/AdPageList.aspx
SELECT * FROM AccountInfo  WHERE 1=1  AND UserType IN (0,1,2,3)
 
-------------end 2017/8/8 9:28:22-------------
-------------start 2017/8/8 9:28:22-------------/Admin/Ads/AdPageList.aspx
SELECT * FROM AdTypeInfo  WHERE 1=1  
-------------end 2017/8/8 9:28:22-------------
-------------start 2017/8/8 9:28:22-------------/Admin/Ads/AdPageList.aspx
SELECT * FROM AdSiteInfo  WHERE 1=1  
-------------end 2017/8/8 9:28:22-------------
-------------start 2017/8/8 9:28:22-------------/Admin/Ads/AdPageList.aspx
SELECT TOP 10 * FROM [AdPageInfo]  WHERE 1=1  AND [IsDel]='0'  AND Id NOT IN (SELECT TOP 0 Id FROM [AdPageInfo]  WHERE 1=1  AND [IsDel]='0'   order by  id desc )   order by  id desc 
-------------end 2017/8/8 9:28:22-------------
-------------start 2017/8/8 9:28:22-------------/Admin/Ads/AdPageList.aspx
SELECT * FROM AccountInfo  WHERE 1=1  AND [Id]='20' 
 
-------------end 2017/8/8 9:28:22-------------
-------------start 2017/8/8 9:28:22-------------/Admin/Ads/AdPageList.aspx
SELECT * FROM AdTypeInfo  WHERE 1=1  AND [Id]='0'  
-------------end 2017/8/8 9:28:22-------------
-------------start 2017/8/8 9:28:22-------------/Admin/Ads/AdPageList.aspx
SELECT * FROM AdSiteInfo  WHERE 1=1  AND [Id]='0'  
-------------end 2017/8/8 9:28:22-------------
-------------start 2017/8/8 9:28:22-------------/Admin/Ads/AdPageList.aspx
SELECT * FROM AdTypeInfo  WHERE 1=1  AND [Id]='0'  
-------------end 2017/8/8 9:28:22-------------
-------------start 2017/8/8 9:28:22-------------/Admin/Ads/AdPageList.aspx
SELECT * FROM AdSiteInfo  WHERE 1=1  AND [Id]='0'  
-------------end 2017/8/8 9:28:22-------------
-------------start 2017/8/8 9:28:22-------------/Admin/Ads/AdPageList.aspx
SELECT * FROM AdTypeInfo  WHERE 1=1  AND [Id]='0'  
-------------end 2017/8/8 9:28:22-------------
-------------start 2017/8/8 9:28:22-------------/Admin/Ads/AdPageList.aspx
SELECT * FROM AdSiteInfo  WHERE 1=1  AND [Id]='0'  
-------------end 2017/8/8 9:28:22-------------
-------------start 2017/8/8 9:28:22-------------/Admin/Ads/AdPageList.aspx
SELECT * FROM AdTypeInfo  WHERE 1=1  AND [Id]='0'  
-------------end 2017/8/8 9:28:22-------------
-------------start 2017/8/8 9:28:22-------------/Admin/Ads/AdPageList.aspx
SELECT * FROM AdSiteInfo  WHERE 1=1  AND [Id]='0'  
-------------end 2017/8/8 9:28:22-------------
-------------start 2017/8/8 9:28:22-------------/Admin/Ads/AdPageList.aspx
SELECT * FROM AdTypeInfo  WHERE 1=1  AND [Id]='0'  
-------------end 2017/8/8 9:28:22-------------
-------------start 2017/8/8 9:28:22-------------/Admin/Ads/AdPageList.aspx
SELECT * FROM AdSiteInfo  WHERE 1=1  AND [Id]='0'  
-------------end 2017/8/8 9:28:22-------------
-------------start 2017/8/8 9:28:22-------------/Admin/Ads/AdPageList.aspx
SELECT * FROM AdTypeInfo  WHERE 1=1  AND [Id]='0'  
-------------end 2017/8/8 9:28:22-------------
-------------start 2017/8/8 9:28:22-------------/Admin/Ads/AdPageList.aspx
SELECT * FROM AdSiteInfo  WHERE 1=1  AND [Id]='0'  
-------------end 2017/8/8 9:28:22-------------
-------------start 2017/8/8 9:28:22-------------/Admin/Ads/AdPageList.aspx
SELECT * FROM AdTypeInfo  WHERE 1=1  AND [Id]='0'  
-------------end 2017/8/8 9:28:22-------------
-------------start 2017/8/8 9:28:22-------------/Admin/Ads/AdPageList.aspx
SELECT * FROM AdSiteInfo  WHERE 1=1  AND [Id]='0'  
-------------end 2017/8/8 9:28:22-------------
-------------start 2017/8/8 9:28:22-------------/Admin/Ads/AdPageList.aspx
SELECT * FROM AdTypeInfo  WHERE 1=1  AND [Id]='0'  
-------------end 2017/8/8 9:28:22-------------
-------------start 2017/8/8 9:28:22-------------/Admin/Ads/AdPageList.aspx
SELECT * FROM AdSiteInfo  WHERE 1=1  AND [Id]='0'  
-------------end 2017/8/8 9:28:22-------------
-------------start 2017/8/8 9:28:22-------------/Admin/Ads/AdPageList.aspx
SELECT * FROM AdTypeInfo  WHERE 1=1  AND [Id]='0'  
-------------end 2017/8/8 9:28:22-------------
-------------start 2017/8/8 9:28:22-------------/Admin/Ads/AdPageList.aspx
SELECT * FROM AdSiteInfo  WHERE 1=1  AND [Id]='0'  
-------------end 2017/8/8 9:28:22-------------
-------------start 2017/8/8 9:28:22-------------/Admin/Ads/AdPageList.aspx
SELECT * FROM AdTypeInfo  WHERE 1=1  AND [Id]='0'  
-------------end 2017/8/8 9:28:22-------------
-------------start 2017/8/8 9:28:22-------------/Admin/Ads/AdPageList.aspx
SELECT * FROM AdSiteInfo  WHERE 1=1  AND [Id]='0'  
-------------end 2017/8/8 9:28:22-------------
-------------start 2017/8/8 9:28:37-------------/Admin/Users/UserList.aspx
SELECT TOP 10 * FROM [AccountInfo]  WHERE 1=1 
 AND Id NOT IN (SELECT TOP 0 Id FROM [AccountInfo]  WHERE 1=1 
  order by  id desc )   order by  id desc 
-------------end 2017/8/8 9:28:37-------------
-------------start 2017/8/8 9:30:02-------------/Login.aspx
SELECT * FROM AccountInfo  WHERE 1=1  AND [UserName]='vipliuzg001' 
 
-------------end 2017/8/8 9:30:02-------------
-------------start 2017/8/8 9:30:07-------------/AccAnalysis/Index.aspx

select 
time,AdId 
,count(*) as pvcount
,count(distinct(clientid)) as uvcount
,count(distinct(clientip)) as ipcount  
,count(distinct(clientid)) /count(*) as useravg 
from  [LogBrowse]
where 1=1  and AdUserId = 20  and time = 20170808 
group by time,AdId   order by  time desc 
-------------end 2017/8/8 9:30:07-------------
-------------start 2017/8/8 9:30:07-------------/AccAnalysis/Vir/Index.aspx
SELECT TOP 10 * FROM [AdPageInfo]  WHERE 1=1  AND [UserId]='20'  AND Id NOT IN (SELECT TOP 0 Id FROM [AdPageInfo]  WHERE 1=1  AND [UserId]='20'  )  
-------------end 2017/8/8 9:30:07-------------
