-------------start 2017/8/16 16:01:13-------------/Admin/Index.aspx
SELECT * FROM AccountInfo  WHERE 1=1  AND [UserName]='xiaorui' 
 
-------------end 2017/8/16 16:01:13-------------
-------------start 2017/8/16 16:01:27-------------/Login.aspx
SELECT * FROM AccountInfo  WHERE 1=1  AND [UserName]='admin' 
 
-------------end 2017/8/16 16:01:27-------------
-------------start 2017/8/16 16:01:30-------------/Admin/Index.aspx
SELECT * FROM AccountInfo  WHERE 1=1  AND [UserName]='admin' 
 
-------------end 2017/8/16 16:01:30-------------
-------------start 2017/8/16 16:01:42-------------/Admin/Ads/AdPageList.aspx
SELECT * FROM AccountInfo  WHERE 1=1  AND UserType IN (0,1,2,3)
 
-------------end 2017/8/16 16:01:42-------------
-------------start 2017/8/16 16:01:42-------------/Admin/Ads/AdPageList.aspx
SELECT * FROM AdTypeInfo  WHERE 1=1  
-------------end 2017/8/16 16:01:42-------------
-------------start 2017/8/16 16:01:42-------------/Admin/Ads/AdPageList.aspx
SELECT * FROM AdSiteInfo  WHERE 1=1  
-------------end 2017/8/16 16:01:42-------------
-------------start 2017/8/16 16:01:42-------------/Admin/Ads/AdPageList.aspx
SELECT * FROM AdPageInfo  WHERE 1=1  
-------------end 2017/8/16 16:01:42-------------
-------------start 2017/8/16 16:01:42-------------/Admin/Ads/AdPageList.aspx
SELECT TOP 10 * FROM [AdPageInfo]  WHERE 1=1  AND [IsDel]='0'  AND Id NOT IN (SELECT TOP 0 Id FROM [AdPageInfo]  WHERE 1=1  AND [IsDel]='0'   order by  id desc )   order by  id desc 
-------------end 2017/8/16 16:01:42-------------
-------------start 2017/8/16 16:01:43-------------/Admin/Ads/AdPageList.aspx
SELECT * FROM AdTypeInfo  WHERE 1=1  AND [Id]='0'  
-------------end 2017/8/16 16:01:43-------------
-------------start 2017/8/16 16:01:43-------------/Admin/Ads/AdPageList.aspx
SELECT * FROM AdSiteInfo  WHERE 1=1  AND [Id]='0'  
-------------end 2017/8/16 16:01:43-------------
-------------start 2017/8/16 16:01:43-------------/Admin/Ads/AdPageList.aspx
SELECT * FROM AccountInfo  WHERE 1=1  AND [Id]='20' 
 
-------------end 2017/8/16 16:01:43-------------
-------------start 2017/8/16 16:01:43-------------/Admin/Ads/AdPageList.aspx
SELECT * FROM AdTypeInfo  WHERE 1=1  AND [Id]='0'  
-------------end 2017/8/16 16:01:43-------------
-------------start 2017/8/16 16:01:43-------------/Admin/Ads/AdPageList.aspx
SELECT * FROM AdSiteInfo  WHERE 1=1  AND [Id]='0'  
-------------end 2017/8/16 16:01:43-------------
-------------start 2017/8/16 16:01:43-------------/Admin/Ads/AdPageList.aspx
SELECT * FROM AccountInfo  WHERE 1=1  AND [Id]='19' 
 
-------------end 2017/8/16 16:01:43-------------
-------------start 2017/8/16 16:01:43-------------/Admin/Ads/AdPageList.aspx
SELECT * FROM AdTypeInfo  WHERE 1=1  AND [Id]='0'  
-------------end 2017/8/16 16:01:43-------------
-------------start 2017/8/16 16:01:43-------------/Admin/Ads/AdPageList.aspx
SELECT * FROM AdSiteInfo  WHERE 1=1  AND [Id]='0'  
-------------end 2017/8/16 16:01:43-------------
-------------start 2017/8/16 16:01:43-------------/Admin/Ads/AdPageList.aspx
SELECT * FROM AccountInfo  WHERE 1=1  AND [Id]='17' 
 
-------------end 2017/8/16 16:01:43-------------
-------------start 2017/8/16 16:01:43-------------/Admin/Ads/AdPageList.aspx
SELECT * FROM AdTypeInfo  WHERE 1=1  AND [Id]='0'  
-------------end 2017/8/16 16:01:43-------------
-------------start 2017/8/16 16:01:43-------------/Admin/Ads/AdPageList.aspx
SELECT * FROM AdSiteInfo  WHERE 1=1  AND [Id]='0'  
-------------end 2017/8/16 16:01:43-------------
-------------start 2017/8/16 16:01:43-------------/Admin/Ads/AdPageList.aspx
SELECT * FROM AccountInfo  WHERE 1=1  AND [Id]='13' 
 
-------------end 2017/8/16 16:01:43-------------
-------------start 2017/8/16 16:01:43-------------/Admin/Ads/AdPageList.aspx
SELECT * FROM AdTypeInfo  WHERE 1=1  AND [Id]='0'  
-------------end 2017/8/16 16:01:43-------------
-------------start 2017/8/16 16:01:43-------------/Admin/Ads/AdPageList.aspx
SELECT * FROM AdSiteInfo  WHERE 1=1  AND [Id]='0'  
-------------end 2017/8/16 16:01:43-------------
-------------start 2017/8/16 16:01:43-------------/Admin/Ads/AdPageList.aspx
SELECT * FROM AdTypeInfo  WHERE 1=1  AND [Id]='0'  
-------------end 2017/8/16 16:01:43-------------
-------------start 2017/8/16 16:01:43-------------/Admin/Ads/AdPageList.aspx
SELECT * FROM AdSiteInfo  WHERE 1=1  AND [Id]='0'  
-------------end 2017/8/16 16:01:43-------------
-------------start 2017/8/16 16:01:43-------------/Admin/Ads/AdPageList.aspx
SELECT * FROM AccountInfo  WHERE 1=1  AND [Id]='5' 
 
-------------end 2017/8/16 16:01:43-------------
-------------start 2017/8/16 16:01:43-------------/Admin/Ads/AdPageList.aspx
SELECT * FROM AdTypeInfo  WHERE 1=1  AND [Id]='0'  
-------------end 2017/8/16 16:01:43-------------
-------------start 2017/8/16 16:01:43-------------/Admin/Ads/AdPageList.aspx
SELECT * FROM AdSiteInfo  WHERE 1=1  AND [Id]='0'  
-------------end 2017/8/16 16:01:43-------------
-------------start 2017/8/16 16:01:43-------------/Admin/Ads/AdPageList.aspx
SELECT * FROM AdTypeInfo  WHERE 1=1  AND [Id]='0'  
-------------end 2017/8/16 16:01:43-------------
-------------start 2017/8/16 16:01:43-------------/Admin/Ads/AdPageList.aspx
SELECT * FROM AdSiteInfo  WHERE 1=1  AND [Id]='0'  
-------------end 2017/8/16 16:01:43-------------
-------------start 2017/8/16 16:01:43-------------/Admin/Ads/AdPageList.aspx
SELECT * FROM AdTypeInfo  WHERE 1=1  AND [Id]='0'  
-------------end 2017/8/16 16:01:43-------------
-------------start 2017/8/16 16:01:43-------------/Admin/Ads/AdPageList.aspx
SELECT * FROM AdSiteInfo  WHERE 1=1  AND [Id]='0'  
-------------end 2017/8/16 16:01:43-------------
-------------start 2017/8/16 16:01:43-------------/Admin/Ads/AdPageList.aspx
SELECT * FROM AdTypeInfo  WHERE 1=1  AND [Id]='0'  
-------------end 2017/8/16 16:01:43-------------
-------------start 2017/8/16 16:01:43-------------/Admin/Ads/AdPageList.aspx
SELECT * FROM AdSiteInfo  WHERE 1=1  AND [Id]='0'  
-------------end 2017/8/16 16:01:43-------------
-------------start 2017/8/16 16:01:50-------------/Login.aspx
SELECT * FROM AccountInfo  WHERE 1=1  AND [UserName]='admin' 
 
-------------end 2017/8/16 16:01:50-------------
-------------start 2017/8/16 16:02:00-------------/Admin/Users/UserList.aspx
SELECT TOP 10 * FROM [AccountInfo]  WHERE 1=1 
 AND Id NOT IN (SELECT TOP 0 Id FROM [AccountInfo]  WHERE 1=1 
  order by  id desc )   order by  id desc 
-------------end 2017/8/16 16:02:00-------------
-------------start 2017/8/16 16:02:08-------------/Admin/Users/UserList.aspx
SELECT TOP 10 * FROM [AccountInfo]  WHERE 1=1 
 AND Id NOT IN (SELECT TOP 0 Id FROM [AccountInfo]  WHERE 1=1 
  order by  id desc )   order by  id desc 
-------------end 2017/8/16 16:02:08-------------
-------------start 2017/8/16 16:02:15-------------/Admin/Users/UserEdit.aspx
SELECT * FROM AccountInfo  WHERE 1=1  AND [UserName]='viphxc040' 
 
-------------end 2017/8/16 16:02:15-------------
-------------start 2017/8/16 16:02:15-------------/Admin/Users/UserList.aspx
SELECT TOP 10 * FROM [AccountInfo]  WHERE 1=1 
 AND Id NOT IN (SELECT TOP 0 Id FROM [AccountInfo]  WHERE 1=1 
  order by  id desc )   order by  id desc 
-------------end 2017/8/16 16:02:15-------------
-------------start 2017/8/16 16:02:20-------------/Admin/Ads/AdPageList.aspx
SELECT * FROM AccountInfo  WHERE 1=1  AND UserType IN (0,1,2,3)
 
-------------end 2017/8/16 16:02:20-------------
-------------start 2017/8/16 16:02:20-------------/Admin/Ads/AdPageList.aspx
SELECT * FROM AdTypeInfo  WHERE 1=1  
-------------end 2017/8/16 16:02:20-------------
-------------start 2017/8/16 16:02:20-------------/Admin/Ads/AdPageList.aspx
SELECT * FROM AdSiteInfo  WHERE 1=1  
-------------end 2017/8/16 16:02:20-------------
-------------start 2017/8/16 16:02:20-------------/Admin/Ads/AdPageList.aspx
SELECT TOP 10 * FROM [AdPageInfo]  WHERE 1=1  AND [IsDel]='0'  AND Id NOT IN (SELECT TOP 0 Id FROM [AdPageInfo]  WHERE 1=1  AND [IsDel]='0'   order by  id desc )   order by  id desc 
-------------end 2017/8/16 16:02:20-------------
-------------start 2017/8/16 16:02:20-------------/Admin/Ads/AdPageList.aspx
SELECT * FROM AdTypeInfo  WHERE 1=1  AND [Id]='0'  
-------------end 2017/8/16 16:02:20-------------
-------------start 2017/8/16 16:02:20-------------/Admin/Ads/AdPageList.aspx
SELECT * FROM AdSiteInfo  WHERE 1=1  AND [Id]='0'  
-------------end 2017/8/16 16:02:20-------------
-------------start 2017/8/16 16:02:20-------------/Admin/Ads/AdPageList.aspx
SELECT * FROM AdTypeInfo  WHERE 1=1  AND [Id]='0'  
-------------end 2017/8/16 16:02:20-------------
-------------start 2017/8/16 16:02:20-------------/Admin/Ads/AdPageList.aspx
SELECT * FROM AdSiteInfo  WHERE 1=1  AND [Id]='0'  
-------------end 2017/8/16 16:02:20-------------
-------------start 2017/8/16 16:02:20-------------/Admin/Ads/AdPageList.aspx
SELECT * FROM AdTypeInfo  WHERE 1=1  AND [Id]='0'  
-------------end 2017/8/16 16:02:20-------------
-------------start 2017/8/16 16:02:20-------------/Admin/Ads/AdPageList.aspx
SELECT * FROM AdSiteInfo  WHERE 1=1  AND [Id]='0'  
-------------end 2017/8/16 16:02:20-------------
-------------start 2017/8/16 16:02:20-------------/Admin/Ads/AdPageList.aspx
SELECT * FROM AdTypeInfo  WHERE 1=1  AND [Id]='0'  
-------------end 2017/8/16 16:02:20-------------
-------------start 2017/8/16 16:02:20-------------/Admin/Ads/AdPageList.aspx
SELECT * FROM AdSiteInfo  WHERE 1=1  AND [Id]='0'  
-------------end 2017/8/16 16:02:20-------------
-------------start 2017/8/16 16:02:20-------------/Admin/Ads/AdPageList.aspx
SELECT * FROM AdTypeInfo  WHERE 1=1  AND [Id]='0'  
-------------end 2017/8/16 16:02:20-------------
-------------start 2017/8/16 16:02:20-------------/Admin/Ads/AdPageList.aspx
SELECT * FROM AdSiteInfo  WHERE 1=1  AND [Id]='0'  
-------------end 2017/8/16 16:02:20-------------
-------------start 2017/8/16 16:02:20-------------/Admin/Ads/AdPageList.aspx
SELECT * FROM AdTypeInfo  WHERE 1=1  AND [Id]='0'  
-------------end 2017/8/16 16:02:20-------------
-------------start 2017/8/16 16:02:20-------------/Admin/Ads/AdPageList.aspx
SELECT * FROM AdSiteInfo  WHERE 1=1  AND [Id]='0'  
-------------end 2017/8/16 16:02:20-------------
-------------start 2017/8/16 16:02:20-------------/Admin/Ads/AdPageList.aspx
SELECT * FROM AdTypeInfo  WHERE 1=1  AND [Id]='0'  
-------------end 2017/8/16 16:02:20-------------
-------------start 2017/8/16 16:02:20-------------/Admin/Ads/AdPageList.aspx
SELECT * FROM AdSiteInfo  WHERE 1=1  AND [Id]='0'  
-------------end 2017/8/16 16:02:20-------------
-------------start 2017/8/16 16:02:20-------------/Admin/Ads/AdPageList.aspx
SELECT * FROM AdTypeInfo  WHERE 1=1  AND [Id]='0'  
-------------end 2017/8/16 16:02:20-------------
-------------start 2017/8/16 16:02:20-------------/Admin/Ads/AdPageList.aspx
SELECT * FROM AdSiteInfo  WHERE 1=1  AND [Id]='0'  
-------------end 2017/8/16 16:02:20-------------
-------------start 2017/8/16 16:02:20-------------/Admin/Ads/AdPageList.aspx
SELECT * FROM AdTypeInfo  WHERE 1=1  AND [Id]='0'  
-------------end 2017/8/16 16:02:20-------------
-------------start 2017/8/16 16:02:20-------------/Admin/Ads/AdPageList.aspx
SELECT * FROM AdSiteInfo  WHERE 1=1  AND [Id]='0'  
-------------end 2017/8/16 16:02:20-------------
-------------start 2017/8/16 16:02:20-------------/Admin/Ads/AdPageList.aspx
SELECT * FROM AdTypeInfo  WHERE 1=1  AND [Id]='0'  
-------------end 2017/8/16 16:02:20-------------
-------------start 2017/8/16 16:02:20-------------/Admin/Ads/AdPageList.aspx
SELECT * FROM AdSiteInfo  WHERE 1=1  AND [Id]='0'  
-------------end 2017/8/16 16:02:20-------------
-------------start 2017/8/16 16:02:22-------------/Admin/Ads/AdPageEdit.aspx
SELECT * FROM AccountInfo  WHERE 1=1  AND UserType IN (0,1,2,3)
 
-------------end 2017/8/16 16:02:22-------------
-------------start 2017/8/16 16:02:36-------------/Admin/Ads/AdPageEdit.aspx
SELECT * FROM AdPageInfo  WHERE 1=1  AND [Id]='227'  
-------------end 2017/8/16 16:02:36-------------
-------------start 2017/8/16 16:02:36-------------/Admin/Ads/AdPageEdit.aspx
SELECT * FROM ArticleInfo  WHERE 1=1  
-------------end 2017/8/16 16:02:36-------------
-------------start 2017/8/16 16:02:36-------------/Admin/Ads/AdPageList.aspx
SELECT * FROM AccountInfo  WHERE 1=1  AND UserType IN (0,1,2,3)
 
-------------end 2017/8/16 16:02:36-------------
-------------start 2017/8/16 16:02:36-------------/Admin/Ads/AdPageList.aspx
SELECT * FROM AdTypeInfo  WHERE 1=1  
-------------end 2017/8/16 16:02:36-------------
-------------start 2017/8/16 16:02:36-------------/Admin/Ads/AdPageList.aspx
SELECT * FROM AdSiteInfo  WHERE 1=1  
-------------end 2017/8/16 16:02:36-------------
-------------start 2017/8/16 16:02:36-------------/Admin/Ads/AdPageList.aspx
SELECT TOP 10 * FROM [AdPageInfo]  WHERE 1=1  AND [IsDel]='0'  AND Id NOT IN (SELECT TOP 0 Id FROM [AdPageInfo]  WHERE 1=1  AND [IsDel]='0'   order by  id desc )   order by  id desc 
-------------end 2017/8/16 16:02:36-------------
-------------start 2017/8/16 16:02:36-------------/Admin/Ads/AdPageList.aspx
SELECT * FROM AccountInfo  WHERE 1=1  AND [Id]='21' 
 
-------------end 2017/8/16 16:02:36-------------
-------------start 2017/8/16 16:02:36-------------/Admin/Ads/AdPageList.aspx
SELECT * FROM AdTypeInfo  WHERE 1=1  AND [Id]='0'  
-------------end 2017/8/16 16:02:36-------------
-------------start 2017/8/16 16:02:36-------------/Admin/Ads/AdPageList.aspx
SELECT * FROM AdSiteInfo  WHERE 1=1  AND [Id]='0'  
-------------end 2017/8/16 16:02:36-------------
-------------start 2017/8/16 16:02:36-------------/Admin/Ads/AdPageList.aspx
SELECT * FROM AdTypeInfo  WHERE 1=1  AND [Id]='0'  
-------------end 2017/8/16 16:02:36-------------
-------------start 2017/8/16 16:02:36-------------/Admin/Ads/AdPageList.aspx
SELECT * FROM AdSiteInfo  WHERE 1=1  AND [Id]='0'  
-------------end 2017/8/16 16:02:36-------------
-------------start 2017/8/16 16:02:36-------------/Admin/Ads/AdPageList.aspx
SELECT * FROM AdTypeInfo  WHERE 1=1  AND [Id]='0'  
-------------end 2017/8/16 16:02:36-------------
-------------start 2017/8/16 16:02:36-------------/Admin/Ads/AdPageList.aspx
SELECT * FROM AdSiteInfo  WHERE 1=1  AND [Id]='0'  
-------------end 2017/8/16 16:02:36-------------
-------------start 2017/8/16 16:02:36-------------/Admin/Ads/AdPageList.aspx
SELECT * FROM AdTypeInfo  WHERE 1=1  AND [Id]='0'  
-------------end 2017/8/16 16:02:36-------------
-------------start 2017/8/16 16:02:36-------------/Admin/Ads/AdPageList.aspx
SELECT * FROM AdSiteInfo  WHERE 1=1  AND [Id]='0'  
-------------end 2017/8/16 16:02:36-------------
-------------start 2017/8/16 16:02:36-------------/Admin/Ads/AdPageList.aspx
SELECT * FROM AdTypeInfo  WHERE 1=1  AND [Id]='0'  
-------------end 2017/8/16 16:02:36-------------
-------------start 2017/8/16 16:02:36-------------/Admin/Ads/AdPageList.aspx
SELECT * FROM AdSiteInfo  WHERE 1=1  AND [Id]='0'  
-------------end 2017/8/16 16:02:36-------------
-------------start 2017/8/16 16:02:36-------------/Admin/Ads/AdPageList.aspx
SELECT * FROM AdTypeInfo  WHERE 1=1  AND [Id]='0'  
-------------end 2017/8/16 16:02:36-------------
-------------start 2017/8/16 16:02:36-------------/Admin/Ads/AdPageList.aspx
SELECT * FROM AdSiteInfo  WHERE 1=1  AND [Id]='0'  
-------------end 2017/8/16 16:02:36-------------
-------------start 2017/8/16 16:02:36-------------/Admin/Ads/AdPageList.aspx
SELECT * FROM AdTypeInfo  WHERE 1=1  AND [Id]='0'  
-------------end 2017/8/16 16:02:36-------------
-------------start 2017/8/16 16:02:36-------------/Admin/Ads/AdPageList.aspx
SELECT * FROM AdSiteInfo  WHERE 1=1  AND [Id]='0'  
-------------end 2017/8/16 16:02:36-------------
-------------start 2017/8/16 16:02:36-------------/Admin/Ads/AdPageList.aspx
SELECT * FROM AdTypeInfo  WHERE 1=1  AND [Id]='0'  
-------------end 2017/8/16 16:02:36-------------
-------------start 2017/8/16 16:02:36-------------/Admin/Ads/AdPageList.aspx
SELECT * FROM AdSiteInfo  WHERE 1=1  AND [Id]='0'  
-------------end 2017/8/16 16:02:36-------------
-------------start 2017/8/16 16:02:36-------------/Admin/Ads/AdPageList.aspx
SELECT * FROM AdTypeInfo  WHERE 1=1  AND [Id]='0'  
-------------end 2017/8/16 16:02:36-------------
-------------start 2017/8/16 16:02:36-------------/Admin/Ads/AdPageList.aspx
SELECT * FROM AdSiteInfo  WHERE 1=1  AND [Id]='0'  
-------------end 2017/8/16 16:02:36-------------
-------------start 2017/8/16 16:02:36-------------/Admin/Ads/AdPageList.aspx
SELECT * FROM AdTypeInfo  WHERE 1=1  AND [Id]='0'  
-------------end 2017/8/16 16:02:36-------------
-------------start 2017/8/16 16:02:36-------------/Admin/Ads/AdPageList.aspx
SELECT * FROM AdSiteInfo  WHERE 1=1  AND [Id]='0'  
-------------end 2017/8/16 16:02:36-------------
-------------start 2017/8/16 16:02:47-------------/Admin/Users/UserList.aspx
SELECT TOP 10 * FROM [AccountInfo]  WHERE 1=1 
 AND Id NOT IN (SELECT TOP 0 Id FROM [AccountInfo]  WHERE 1=1 
  order by  id desc )   order by  id desc 
-------------end 2017/8/16 16:02:47-------------
-------------start 2017/8/16 16:03:38-------------/Login.aspx
SELECT * FROM AccountInfo  WHERE 1=1  AND [UserName]='admin' 
 
-------------end 2017/8/16 16:03:38-------------
-------------start 2017/8/16 16:03:39-------------/Admin/Index.aspx
SELECT * FROM AccountInfo  WHERE 1=1  AND [UserName]='admin' 
 
-------------end 2017/8/16 16:03:39-------------
-------------start 2017/8/16 16:04:02-------------/Login.aspx
SELECT * FROM AccountInfo  WHERE 1=1  AND [UserName]='viphxc040' 
 
-------------end 2017/8/16 16:04:02-------------
-------------start 2017/8/16 16:04:08-------------/AccAnalysis/Index.aspx
SELECT * FROM AccountInfo  WHERE 1=1  AND [UserName]='viphxc040' 
 
-------------end 2017/8/16 16:04:08-------------
-------------start 2017/8/16 16:04:08-------------/AccAnalysis/Index.aspx

select 
time,AdId 
,count(*) as pvcount
,count(distinct(clientid)) as uvcount
,count(distinct(clientip)) as ipcount  
,count(distinct(clientid)) /count(*) as useravg 
from  [LogBrowse]
where 1=1  and AdUserId = 21  and time = 20170816 
group by time,AdId   order by  time desc 
-------------end 2017/8/16 16:04:08-------------
-------------start 2017/8/16 16:04:08-------------/AccAnalysis/Vir/Index.aspx
SELECT * FROM AdPageInfo  WHERE 1=1  
-------------end 2017/8/16 16:04:08-------------
-------------start 2017/8/16 16:04:09-------------/AccAnalysis/Vir/Index.aspx
SELECT TOP 10 * FROM [AdPageInfo]  WHERE 1=1  AND [UserId]='21'  AND Id NOT IN (SELECT TOP 0 Id FROM [AdPageInfo]  WHERE 1=1  AND [UserId]='21'  )  
-------------end 2017/8/16 16:04:09-------------
-------------start 2017/8/16 16:10:48-------------/AccAnalysis/Vir/Index.aspx
SELECT * FROM AccountInfo  WHERE 1=1  AND [UserName]='viphxc040' 
 
-------------end 2017/8/16 16:10:48-------------
-------------start 2017/8/16 16:10:48-------------/AccAnalysis/Vir/Index.aspx
SELECT * FROM AdPageInfo  WHERE 1=1  
-------------end 2017/8/16 16:10:48-------------
-------------start 2017/8/16 16:10:48-------------/AccAnalysis/Vir/Index.aspx
SELECT TOP 10 * FROM [AdPageInfo]  WHERE 1=1  AND [UserId]='21'  AND Id NOT IN (SELECT TOP 0 Id FROM [AdPageInfo]  WHERE 1=1  AND [UserId]='21'  )  
-------------end 2017/8/16 16:10:48-------------
