-------------start 2017/7/28 14:10:53-------------/Login.aspx?ReturnUrl=%2fAdmin%2fAds%2fAdDomainEdit.aspx
SELECT * FROM AccountInfo  WHERE 1=1  AND [UserName]='admin' 
 
-------------end 2017/7/28 14:10:53-------------
-------------start 2017/7/28 14:11:13-------------/Admin/Server/DomainServerApp.aspx
SELECT * FROM ServerInfo  WHERE 1=1  AND [IsState]='1'   order by  id desc 
-------------end 2017/7/28 14:11:13-------------
-------------start 2017/7/28 14:22:03-------------/Admin/Server/DomainServerApp.aspx
SELECT * FROM ServerInfo  WHERE 1=1  AND [IsState]='1'   order by  id desc 
-------------end 2017/7/28 14:22:03-------------
-------------start 2017/7/28 14:22:03-------------/Admin/Server/DomainServerApp.aspx
SELECT * FROM AccountInfo  WHERE 1=1  AND [UserName]='admin' 
 
-------------end 2017/7/28 14:22:03-------------
-------------start 2017/7/28 14:22:10-------------/Admin/Server/DomainServerApp.aspx
SELECT * FROM ServerInfo  WHERE 1=1  AND [IsState]='1'   order by  id desc 
-------------end 2017/7/28 14:22:10-------------
-------------start 2017/7/28 14:22:47-------------/Services/SerAdd.ashx?sname=%E5%8D%8E%E5%8C%97%E4%BA%8C%E5%8F%B7%E6%9C%8D%E5%8A%A1%E5%99%A8
SELECT * FROM ServerInfo  WHERE 1=1  AND [Name]='华北二号服务器'  
-------------end 2017/7/28 14:22:47-------------
-------------start 2017/7/28 14:22:47-------------/Services/SerGetDomain.ashx?sname=%E5%8D%8E%E5%8C%97%E4%BA%8C%E5%8F%B7%E6%9C%8D%E5%8A%A1%E5%99%A8
SELECT * FROM ServerInfo  WHERE 1=1  AND [Name]='华北二号服务器'  
-------------end 2017/7/28 14:22:47-------------
-------------start 2017/7/28 14:22:47-------------/Services/SerGetDomain.ashx?sname=%E5%8D%8E%E5%8C%97%E4%BA%8C%E5%8F%B7%E6%9C%8D%E5%8A%A1%E5%99%A8
SELECT * FROM DomainSynchroHistory  WHERE 1=1  AND [Name]='华北二号服务器'  AND [IsSynchro]='0'  
-------------end 2017/7/28 14:22:47-------------
-------------start 2017/7/28 14:22:47-------------/Services/SerGetDomain.ashx?sname=%E5%8D%8E%E5%8C%97%E4%BA%8C%E5%8F%B7%E6%9C%8D%E5%8A%A1%E5%99%A8
SELECT * FROM DomainInfo  WHERE 1=1  
-------------end 2017/7/28 14:22:47-------------
-------------start 2017/7/28 14:22:57-------------/Services/SerGetDomain.ashx?sname=%E5%8D%8E%E5%8C%97%E4%BA%8C%E5%8F%B7%E6%9C%8D%E5%8A%A1%E5%99%A8
SELECT * FROM ServerInfo  WHERE 1=1  AND [Name]='华北二号服务器'  
-------------end 2017/7/28 14:22:57-------------
-------------start 2017/7/28 14:22:57-------------/Services/SerGetDomain.ashx?sname=%E5%8D%8E%E5%8C%97%E4%BA%8C%E5%8F%B7%E6%9C%8D%E5%8A%A1%E5%99%A8
SELECT * FROM DomainSynchroHistory  WHERE 1=1  AND [Name]='华北二号服务器'  AND [IsSynchro]='0'  
-------------end 2017/7/28 14:22:57-------------
-------------start 2017/7/28 14:23:11-------------/Services/SerGetDomain.ashx?sname=%E5%8D%8E%E5%8C%97%E4%BA%8C%E5%8F%B7%E6%9C%8D%E5%8A%A1%E5%99%A8
SELECT * FROM ServerInfo  WHERE 1=1  AND [Name]='华北二号服务器'  
-------------end 2017/7/28 14:23:11-------------
-------------start 2017/7/28 14:23:11-------------/Services/SerGetDomain.ashx?sname=%E5%8D%8E%E5%8C%97%E4%BA%8C%E5%8F%B7%E6%9C%8D%E5%8A%A1%E5%99%A8
SELECT * FROM DomainSynchroHistory  WHERE 1=1  AND [Name]='华北二号服务器'  AND [IsSynchro]='0'  
-------------end 2017/7/28 14:23:11-------------
-------------start 2017/7/28 14:23:22-------------/Admin/Server/DomainServerApp.aspx
SELECT * FROM AccountInfo  WHERE 1=1  AND [UserName]='admin' 
 
-------------end 2017/7/28 14:23:22-------------
-------------start 2017/7/28 14:23:28-------------/Services/SerGetDomain.ashx?sname=%E5%8D%8E%E5%8C%97%E4%BA%8C%E5%8F%B7%E6%9C%8D%E5%8A%A1%E5%99%A8
SELECT * FROM ServerInfo  WHERE 1=1  AND [Name]='华北二号服务器'  
-------------end 2017/7/28 14:23:28-------------
-------------start 2017/7/28 14:23:28-------------/Services/SerGetDomain.ashx?sname=%E5%8D%8E%E5%8C%97%E4%BA%8C%E5%8F%B7%E6%9C%8D%E5%8A%A1%E5%99%A8
SELECT * FROM DomainSynchroHistory  WHERE 1=1  AND [Name]='华北二号服务器'  AND [IsSynchro]='0'  
-------------end 2017/7/28 14:23:28-------------
-------------start 2017/7/28 14:23:28-------------/Services/SerGetDomain.ashx?sname=%E5%8D%8E%E5%8C%97%E4%BA%8C%E5%8F%B7%E6%9C%8D%E5%8A%A1%E5%99%A8
SELECT * FROM DomainInfo  WHERE 1=1  
-------------end 2017/7/28 14:23:28-------------
-------------start 2017/7/28 14:23:56-------------/Services/SerGetDomain.ashx?sname=%E5%8D%8E%E5%8C%97%E4%BA%8C%E5%8F%B7%E6%9C%8D%E5%8A%A1%E5%99%A8
SELECT * FROM ServerInfo  WHERE 1=1  AND [Name]='华北二号服务器'  
-------------end 2017/7/28 14:23:56-------------
-------------start 2017/7/28 14:23:56-------------/Services/SerGetDomain.ashx?sname=%E5%8D%8E%E5%8C%97%E4%BA%8C%E5%8F%B7%E6%9C%8D%E5%8A%A1%E5%99%A8
SELECT * FROM DomainSynchroHistory  WHERE 1=1  AND [Name]='华北二号服务器'  AND [IsSynchro]='0'  
-------------end 2017/7/28 14:23:56-------------
-------------start 2017/7/28 14:23:56-------------/Services/SerGetDomain.ashx?sname=%E5%8D%8E%E5%8C%97%E4%BA%8C%E5%8F%B7%E6%9C%8D%E5%8A%A1%E5%99%A8
SELECT * FROM DomainInfo  WHERE 1=1  
-------------end 2017/7/28 14:23:56-------------
-------------start 2017/7/28 14:24:43-------------/Services/SerAdd.ashx?sname=%E5%8D%8E%E5%8C%97%E4%BA%8C%E5%8F%B7%E6%9C%8D%E5%8A%A1%E5%99%A8
SELECT * FROM ServerInfo  WHERE 1=1  AND [Name]='华北二号服务器'  
-------------end 2017/7/28 14:24:43-------------
-------------start 2017/7/28 14:24:45-------------/Services/SerGetDomain.ashx?sname=%E5%8D%8E%E5%8C%97%E4%BA%8C%E5%8F%B7%E6%9C%8D%E5%8A%A1%E5%99%A8
SELECT * FROM ServerInfo  WHERE 1=1  AND [Name]='华北二号服务器'  
-------------end 2017/7/28 14:24:45-------------
-------------start 2017/7/28 14:24:45-------------/Services/SerGetDomain.ashx?sname=%E5%8D%8E%E5%8C%97%E4%BA%8C%E5%8F%B7%E6%9C%8D%E5%8A%A1%E5%99%A8
SELECT * FROM DomainSynchroHistory  WHERE 1=1  AND [Name]='华北二号服务器'  AND [IsSynchro]='0'  
-------------end 2017/7/28 14:24:45-------------
-------------start 2017/7/28 14:24:57-------------/Services/SerGetDomain.ashx?sname=%E5%8D%8E%E5%8C%97%E4%BA%8C%E5%8F%B7%E6%9C%8D%E5%8A%A1%E5%99%A8
SELECT * FROM ServerInfo  WHERE 1=1  AND [Name]='华北二号服务器'  
-------------end 2017/7/28 14:24:57-------------
-------------start 2017/7/28 14:24:57-------------/Services/SerGetDomain.ashx?sname=%E5%8D%8E%E5%8C%97%E4%BA%8C%E5%8F%B7%E6%9C%8D%E5%8A%A1%E5%99%A8
SELECT * FROM DomainSynchroHistory  WHERE 1=1  AND [Name]='华北二号服务器'  AND [IsSynchro]='0'  
-------------end 2017/7/28 14:24:57-------------
-------------start 2017/7/28 14:24:57-------------/Services/SerGetDomain.ashx?sname=%E5%8D%8E%E5%8C%97%E4%BA%8C%E5%8F%B7%E6%9C%8D%E5%8A%A1%E5%99%A8
SELECT * FROM DomainInfo  WHERE 1=1  
-------------end 2017/7/28 14:24:57-------------
-------------start 2017/7/28 14:25:21-------------/Services/SerGetDomain.ashx?sname=%E5%8D%8E%E5%8C%97%E4%BA%8C%E5%8F%B7%E6%9C%8D%E5%8A%A1%E5%99%A8
SELECT * FROM ServerInfo  WHERE 1=1  AND [Name]='华北二号服务器'  
-------------end 2017/7/28 14:25:21-------------
-------------start 2017/7/28 14:25:21-------------/Services/SerGetDomain.ashx?sname=%E5%8D%8E%E5%8C%97%E4%BA%8C%E5%8F%B7%E6%9C%8D%E5%8A%A1%E5%99%A8
SELECT * FROM DomainSynchroHistory  WHERE 1=1  AND [Name]='华北二号服务器'  AND [IsSynchro]='0'  
-------------end 2017/7/28 14:25:21-------------
-------------start 2017/7/28 14:25:31-------------/Services/SerGetDomain.ashx?sname=%E5%8D%8E%E5%8C%97%E4%BA%8C%E5%8F%B7%E6%9C%8D%E5%8A%A1%E5%99%A8
SELECT * FROM ServerInfo  WHERE 1=1  AND [Name]='华北二号服务器'  
-------------end 2017/7/28 14:25:31-------------
-------------start 2017/7/28 14:25:31-------------/Services/SerGetDomain.ashx?sname=%E5%8D%8E%E5%8C%97%E4%BA%8C%E5%8F%B7%E6%9C%8D%E5%8A%A1%E5%99%A8
SELECT * FROM DomainSynchroHistory  WHERE 1=1  AND [Name]='华北二号服务器'  AND [IsSynchro]='0'  
-------------end 2017/7/28 14:25:31-------------
-------------start 2017/7/28 14:25:41-------------/Services/SerGetDomain.ashx?sname=%E5%8D%8E%E5%8C%97%E4%BA%8C%E5%8F%B7%E6%9C%8D%E5%8A%A1%E5%99%A8
SELECT * FROM ServerInfo  WHERE 1=1  AND [Name]='华北二号服务器'  
-------------end 2017/7/28 14:25:41-------------
-------------start 2017/7/28 14:25:41-------------/Services/SerGetDomain.ashx?sname=%E5%8D%8E%E5%8C%97%E4%BA%8C%E5%8F%B7%E6%9C%8D%E5%8A%A1%E5%99%A8
SELECT * FROM DomainSynchroHistory  WHERE 1=1  AND [Name]='华北二号服务器'  AND [IsSynchro]='0'  
-------------end 2017/7/28 14:25:41-------------
-------------start 2017/7/28 14:25:51-------------/Services/SerGetDomain.ashx?sname=%E5%8D%8E%E5%8C%97%E4%BA%8C%E5%8F%B7%E6%9C%8D%E5%8A%A1%E5%99%A8
SELECT * FROM ServerInfo  WHERE 1=1  AND [Name]='华北二号服务器'  
-------------end 2017/7/28 14:25:51-------------
-------------start 2017/7/28 14:25:51-------------/Services/SerGetDomain.ashx?sname=%E5%8D%8E%E5%8C%97%E4%BA%8C%E5%8F%B7%E6%9C%8D%E5%8A%A1%E5%99%A8
SELECT * FROM DomainSynchroHistory  WHERE 1=1  AND [Name]='华北二号服务器'  AND [IsSynchro]='0'  
-------------end 2017/7/28 14:25:51-------------
-------------start 2017/7/28 14:26:01-------------/Services/SerGetDomain.ashx?sname=%E5%8D%8E%E5%8C%97%E4%BA%8C%E5%8F%B7%E6%9C%8D%E5%8A%A1%E5%99%A8
SELECT * FROM ServerInfo  WHERE 1=1  AND [Name]='华北二号服务器'  
-------------end 2017/7/28 14:26:01-------------
-------------start 2017/7/28 14:26:01-------------/Services/SerGetDomain.ashx?sname=%E5%8D%8E%E5%8C%97%E4%BA%8C%E5%8F%B7%E6%9C%8D%E5%8A%A1%E5%99%A8
SELECT * FROM DomainSynchroHistory  WHERE 1=1  AND [Name]='华北二号服务器'  AND [IsSynchro]='0'  
-------------end 2017/7/28 14:26:01-------------
-------------start 2017/7/28 14:26:11-------------/Services/SerGetDomain.ashx?sname=%E5%8D%8E%E5%8C%97%E4%BA%8C%E5%8F%B7%E6%9C%8D%E5%8A%A1%E5%99%A8
SELECT * FROM ServerInfo  WHERE 1=1  AND [Name]='华北二号服务器'  
-------------end 2017/7/28 14:26:11-------------
-------------start 2017/7/28 14:26:11-------------/Services/SerGetDomain.ashx?sname=%E5%8D%8E%E5%8C%97%E4%BA%8C%E5%8F%B7%E6%9C%8D%E5%8A%A1%E5%99%A8
SELECT * FROM DomainSynchroHistory  WHERE 1=1  AND [Name]='华北二号服务器'  AND [IsSynchro]='0'  
-------------end 2017/7/28 14:26:11-------------
-------------start 2017/7/28 14:26:21-------------/Services/SerGetDomain.ashx?sname=%E5%8D%8E%E5%8C%97%E4%BA%8C%E5%8F%B7%E6%9C%8D%E5%8A%A1%E5%99%A8
SELECT * FROM ServerInfo  WHERE 1=1  AND [Name]='华北二号服务器'  
-------------end 2017/7/28 14:26:21-------------
-------------start 2017/7/28 14:26:21-------------/Services/SerGetDomain.ashx?sname=%E5%8D%8E%E5%8C%97%E4%BA%8C%E5%8F%B7%E6%9C%8D%E5%8A%A1%E5%99%A8
SELECT * FROM DomainSynchroHistory  WHERE 1=1  AND [Name]='华北二号服务器'  AND [IsSynchro]='0'  
-------------end 2017/7/28 14:26:21-------------
-------------start 2017/7/28 14:26:31-------------/Services/SerGetDomain.ashx?sname=%E5%8D%8E%E5%8C%97%E4%BA%8C%E5%8F%B7%E6%9C%8D%E5%8A%A1%E5%99%A8
SELECT * FROM ServerInfo  WHERE 1=1  AND [Name]='华北二号服务器'  
-------------end 2017/7/28 14:26:31-------------
-------------start 2017/7/28 14:26:31-------------/Services/SerGetDomain.ashx?sname=%E5%8D%8E%E5%8C%97%E4%BA%8C%E5%8F%B7%E6%9C%8D%E5%8A%A1%E5%99%A8
SELECT * FROM DomainSynchroHistory  WHERE 1=1  AND [Name]='华北二号服务器'  AND [IsSynchro]='0'  
-------------end 2017/7/28 14:26:31-------------
-------------start 2017/7/28 14:26:41-------------/Services/SerGetDomain.ashx?sname=%E5%8D%8E%E5%8C%97%E4%BA%8C%E5%8F%B7%E6%9C%8D%E5%8A%A1%E5%99%A8
SELECT * FROM ServerInfo  WHERE 1=1  AND [Name]='华北二号服务器'  
-------------end 2017/7/28 14:26:41-------------
-------------start 2017/7/28 14:26:41-------------/Services/SerGetDomain.ashx?sname=%E5%8D%8E%E5%8C%97%E4%BA%8C%E5%8F%B7%E6%9C%8D%E5%8A%A1%E5%99%A8
SELECT * FROM DomainSynchroHistory  WHERE 1=1  AND [Name]='华北二号服务器'  AND [IsSynchro]='0'  
-------------end 2017/7/28 14:26:41-------------
-------------start 2017/7/28 14:29:07-------------/Services/SerAdd.ashx?sname=%E5%8D%8E%E5%8C%97%E4%BA%8C%E5%8F%B7%E6%9C%8D%E5%8A%A1%E5%99%A8
SELECT * FROM ServerInfo  WHERE 1=1  AND [Name]='华北二号服务器'  
-------------end 2017/7/28 14:29:07-------------
-------------start 2017/7/28 14:29:07-------------/Services/SerGetDomain.ashx?sname=%E5%8D%8E%E5%8C%97%E4%BA%8C%E5%8F%B7%E6%9C%8D%E5%8A%A1%E5%99%A8
SELECT * FROM ServerInfo  WHERE 1=1  AND [Name]='华北二号服务器'  
-------------end 2017/7/28 14:29:07-------------
-------------start 2017/7/28 14:29:07-------------/Services/SerGetDomain.ashx?sname=%E5%8D%8E%E5%8C%97%E4%BA%8C%E5%8F%B7%E6%9C%8D%E5%8A%A1%E5%99%A8
SELECT * FROM DomainSynchroHistory  WHERE 1=1  AND [Name]='华北二号服务器'  AND [IsSynchro]='0'  
-------------end 2017/7/28 14:29:07-------------
-------------start 2017/7/28 14:29:07-------------/Services/SerGetDomain.ashx?sname=%E5%8D%8E%E5%8C%97%E4%BA%8C%E5%8F%B7%E6%9C%8D%E5%8A%A1%E5%99%A8
SELECT * FROM DomainInfo  WHERE 1=1  
-------------end 2017/7/28 14:29:07-------------
-------------start 2017/7/28 14:29:18-------------/Services/SerGetDomain.ashx?sname=%E5%8D%8E%E5%8C%97%E4%BA%8C%E5%8F%B7%E6%9C%8D%E5%8A%A1%E5%99%A8
SELECT * FROM ServerInfo  WHERE 1=1  AND [Name]='华北二号服务器'  
-------------end 2017/7/28 14:29:18-------------
-------------start 2017/7/28 14:29:18-------------/Services/SerGetDomain.ashx?sname=%E5%8D%8E%E5%8C%97%E4%BA%8C%E5%8F%B7%E6%9C%8D%E5%8A%A1%E5%99%A8
SELECT * FROM DomainSynchroHistory  WHERE 1=1  AND [Name]='华北二号服务器'  AND [IsSynchro]='0'  
-------------end 2017/7/28 14:29:18-------------
-------------start 2017/7/28 14:29:28-------------/Services/SerGetDomain.ashx?sname=%E5%8D%8E%E5%8C%97%E4%BA%8C%E5%8F%B7%E6%9C%8D%E5%8A%A1%E5%99%A8
SELECT * FROM ServerInfo  WHERE 1=1  AND [Name]='华北二号服务器'  
-------------end 2017/7/28 14:29:28-------------
-------------start 2017/7/28 14:29:28-------------/Services/SerGetDomain.ashx?sname=%E5%8D%8E%E5%8C%97%E4%BA%8C%E5%8F%B7%E6%9C%8D%E5%8A%A1%E5%99%A8
SELECT * FROM DomainSynchroHistory  WHERE 1=1  AND [Name]='华北二号服务器'  AND [IsSynchro]='0'  
-------------end 2017/7/28 14:29:28-------------
-------------start 2017/7/28 14:29:28-------------/Services/SerGetDomain.ashx?sname=%E5%8D%8E%E5%8C%97%E4%BA%8C%E5%8F%B7%E6%9C%8D%E5%8A%A1%E5%99%A8
SELECT * FROM DomainInfo  WHERE 1=1  
-------------end 2017/7/28 14:29:28-------------
-------------start 2017/7/28 14:29:38-------------/Services/SerGetDomain.ashx?sname=%E5%8D%8E%E5%8C%97%E4%BA%8C%E5%8F%B7%E6%9C%8D%E5%8A%A1%E5%99%A8
SELECT * FROM ServerInfo  WHERE 1=1  AND [Name]='华北二号服务器'  
-------------end 2017/7/28 14:29:38-------------
-------------start 2017/7/28 14:29:38-------------/Services/SerGetDomain.ashx?sname=%E5%8D%8E%E5%8C%97%E4%BA%8C%E5%8F%B7%E6%9C%8D%E5%8A%A1%E5%99%A8
SELECT * FROM DomainSynchroHistory  WHERE 1=1  AND [Name]='华北二号服务器'  AND [IsSynchro]='0'  
-------------end 2017/7/28 14:29:38-------------
-------------start 2017/7/28 14:29:48-------------/Services/SerGetDomain.ashx?sname=%E5%8D%8E%E5%8C%97%E4%BA%8C%E5%8F%B7%E6%9C%8D%E5%8A%A1%E5%99%A8
SELECT * FROM ServerInfo  WHERE 1=1  AND [Name]='华北二号服务器'  
-------------end 2017/7/28 14:29:48-------------
-------------start 2017/7/28 14:29:48-------------/Services/SerGetDomain.ashx?sname=%E5%8D%8E%E5%8C%97%E4%BA%8C%E5%8F%B7%E6%9C%8D%E5%8A%A1%E5%99%A8
SELECT * FROM DomainSynchroHistory  WHERE 1=1  AND [Name]='华北二号服务器'  AND [IsSynchro]='0'  
-------------end 2017/7/28 14:29:48-------------
-------------start 2017/7/28 14:29:58-------------/Services/SerGetDomain.ashx?sname=%E5%8D%8E%E5%8C%97%E4%BA%8C%E5%8F%B7%E6%9C%8D%E5%8A%A1%E5%99%A8
SELECT * FROM ServerInfo  WHERE 1=1  AND [Name]='华北二号服务器'  
-------------end 2017/7/28 14:29:58-------------
-------------start 2017/7/28 14:29:58-------------/Services/SerGetDomain.ashx?sname=%E5%8D%8E%E5%8C%97%E4%BA%8C%E5%8F%B7%E6%9C%8D%E5%8A%A1%E5%99%A8
SELECT * FROM DomainSynchroHistory  WHERE 1=1  AND [Name]='华北二号服务器'  AND [IsSynchro]='0'  
-------------end 2017/7/28 14:29:58-------------
-------------start 2017/7/28 14:30:04-------------/Admin/LogBrowse/AdDayAnalaysis.aspx

select 
time,AdUserId 
,count(*) as pvcount
,count(distinct(clientid)) as uvcount
,count(distinct(clientip)) as ipcount  
,count(distinct(clientid)) /count(*) as useravg 
from  [LogBrowse]
where 1=1  and time = 20170728 
group by time,AdUserId   order by  time desc 
-------------end 2017/7/28 14:30:04-------------
-------------start 2017/7/28 14:30:05-------------/Admin/LogBrowse/AdDayAnalaysis.aspx
SELECT * FROM AccountInfo  WHERE 1=1  AND [Id]='0' 
 
-------------end 2017/7/28 14:30:05-------------
-------------start 2017/7/28 14:30:05-------------/Admin/LogBrowse/AdDayAnalaysis.aspx
SELECT * FROM AccountInfo  WHERE 1=1  AND [Id]='13' 
 
-------------end 2017/7/28 14:30:05-------------
-------------start 2017/7/28 14:30:05-------------/Admin/LogBrowse/AdDayAnalaysis.aspx
SELECT * FROM AccountInfo  WHERE 1=1  AND [Id]='5' 
 
-------------end 2017/7/28 14:30:05-------------
-------------start 2017/7/28 14:30:05-------------/Admin/LogBrowse/AdDayAnalaysis.aspx
SELECT * FROM AccountInfo  WHERE 1=1  AND [Id]='2' 
 
-------------end 2017/7/28 14:30:05-------------
-------------start 2017/7/28 14:30:05-------------/Admin/LogBrowse/AdDayAnalaysis.aspx
SELECT * FROM AccountInfo  WHERE 1=1  AND [Id]='17' 
 
-------------end 2017/7/28 14:30:05-------------
-------------start 2017/7/28 14:30:05-------------/Admin/LogBrowse/AdAnalysis.aspx
SELECT * FROM AccountInfo  WHERE 1=1  AND [UserType]='0' 
 
-------------end 2017/7/28 14:30:05-------------
-------------start 2017/7/28 14:30:05-------------/Admin/LogBrowse/AdAnalysis.aspx

select 
time,AdId 
,count(*) as pvcount
,count(distinct(clientid)) as uvcount
,count(distinct(clientip)) as ipcount  
,count(distinct(clientid)) /count(*) as useravg 
from  [LogBrowse]
where 1=1  and time = 20170728 
group by time,AdId   order by  time desc 
-------------end 2017/7/28 14:30:05-------------
-------------start 2017/7/28 14:30:08-------------/Services/SerGetDomain.ashx?sname=%E5%8D%8E%E5%8C%97%E4%BA%8C%E5%8F%B7%E6%9C%8D%E5%8A%A1%E5%99%A8
SELECT * FROM ServerInfo  WHERE 1=1  AND [Name]='华北二号服务器'  
-------------end 2017/7/28 14:30:08-------------
-------------start 2017/7/28 14:30:08-------------/Services/SerGetDomain.ashx?sname=%E5%8D%8E%E5%8C%97%E4%BA%8C%E5%8F%B7%E6%9C%8D%E5%8A%A1%E5%99%A8
SELECT * FROM DomainSynchroHistory  WHERE 1=1  AND [Name]='华北二号服务器'  AND [IsSynchro]='0'  
-------------end 2017/7/28 14:30:08-------------
-------------start 2017/7/28 14:30:18-------------/Services/SerGetDomain.ashx?sname=%E5%8D%8E%E5%8C%97%E4%BA%8C%E5%8F%B7%E6%9C%8D%E5%8A%A1%E5%99%A8
SELECT * FROM ServerInfo  WHERE 1=1  AND [Name]='华北二号服务器'  
-------------end 2017/7/28 14:30:18-------------
-------------start 2017/7/28 14:30:18-------------/Services/SerGetDomain.ashx?sname=%E5%8D%8E%E5%8C%97%E4%BA%8C%E5%8F%B7%E6%9C%8D%E5%8A%A1%E5%99%A8
SELECT * FROM DomainSynchroHistory  WHERE 1=1  AND [Name]='华北二号服务器'  AND [IsSynchro]='0'  
-------------end 2017/7/28 14:30:18-------------
-------------start 2017/7/28 14:30:28-------------/Services/SerGetDomain.ashx?sname=%E5%8D%8E%E5%8C%97%E4%BA%8C%E5%8F%B7%E6%9C%8D%E5%8A%A1%E5%99%A8
SELECT * FROM ServerInfo  WHERE 1=1  AND [Name]='华北二号服务器'  
-------------end 2017/7/28 14:30:28-------------
-------------start 2017/7/28 14:30:28-------------/Services/SerGetDomain.ashx?sname=%E5%8D%8E%E5%8C%97%E4%BA%8C%E5%8F%B7%E6%9C%8D%E5%8A%A1%E5%99%A8
SELECT * FROM DomainSynchroHistory  WHERE 1=1  AND [Name]='华北二号服务器'  AND [IsSynchro]='0'  
-------------end 2017/7/28 14:30:28-------------
-------------start 2017/7/28 14:30:38-------------/Services/SerGetDomain.ashx?sname=%E5%8D%8E%E5%8C%97%E4%BA%8C%E5%8F%B7%E6%9C%8D%E5%8A%A1%E5%99%A8
SELECT * FROM ServerInfo  WHERE 1=1  AND [Name]='华北二号服务器'  
-------------end 2017/7/28 14:30:38-------------
-------------start 2017/7/28 14:30:38-------------/Services/SerGetDomain.ashx?sname=%E5%8D%8E%E5%8C%97%E4%BA%8C%E5%8F%B7%E6%9C%8D%E5%8A%A1%E5%99%A8
SELECT * FROM DomainSynchroHistory  WHERE 1=1  AND [Name]='华北二号服务器'  AND [IsSynchro]='0'  
-------------end 2017/7/28 14:30:38-------------
-------------start 2017/7/28 14:30:43-------------/Admin/LogBrowse/AdDayAnalaysis.aspx

select 
time,AdUserId 
,count(*) as pvcount
,count(distinct(clientid)) as uvcount
,count(distinct(clientip)) as ipcount  
,count(distinct(clientid)) /count(*) as useravg 
from  [LogBrowse]
where 1=1  and time = 20170728 
group by time,AdUserId   order by  time desc 
-------------end 2017/7/28 14:30:43-------------
-------------start 2017/7/28 14:30:44-------------/Admin/LogBrowse/AdDayAnalaysis.aspx
SELECT * FROM AccountInfo  WHERE 1=1  AND [Id]='0' 
 
-------------end 2017/7/28 14:30:44-------------
-------------start 2017/7/28 14:30:48-------------/Services/SerGetDomain.ashx?sname=%E5%8D%8E%E5%8C%97%E4%BA%8C%E5%8F%B7%E6%9C%8D%E5%8A%A1%E5%99%A8
SELECT * FROM ServerInfo  WHERE 1=1  AND [Name]='华北二号服务器'  
-------------end 2017/7/28 14:30:48-------------
-------------start 2017/7/28 14:30:48-------------/Services/SerGetDomain.ashx?sname=%E5%8D%8E%E5%8C%97%E4%BA%8C%E5%8F%B7%E6%9C%8D%E5%8A%A1%E5%99%A8
SELECT * FROM DomainSynchroHistory  WHERE 1=1  AND [Name]='华北二号服务器'  AND [IsSynchro]='0'  
-------------end 2017/7/28 14:30:48-------------
-------------start 2017/7/28 14:30:58-------------/Services/SerGetDomain.ashx?sname=%E5%8D%8E%E5%8C%97%E4%BA%8C%E5%8F%B7%E6%9C%8D%E5%8A%A1%E5%99%A8
SELECT * FROM ServerInfo  WHERE 1=1  AND [Name]='华北二号服务器'  
-------------end 2017/7/28 14:30:58-------------
-------------start 2017/7/28 14:30:58-------------/Services/SerGetDomain.ashx?sname=%E5%8D%8E%E5%8C%97%E4%BA%8C%E5%8F%B7%E6%9C%8D%E5%8A%A1%E5%99%A8
SELECT * FROM DomainSynchroHistory  WHERE 1=1  AND [Name]='华北二号服务器'  AND [IsSynchro]='0'  
-------------end 2017/7/28 14:30:58-------------
-------------start 2017/7/28 14:31:02-------------/Admin/Ads/AdPageList.aspx
SELECT * FROM AccountInfo  WHERE 1=1  AND [UserType]='0' 
 
-------------end 2017/7/28 14:31:02-------------
-------------start 2017/7/28 14:31:02-------------/Admin/Ads/AdPageList.aspx
SELECT * FROM AdTypeInfo  WHERE 1=1  
-------------end 2017/7/28 14:31:02-------------
-------------start 2017/7/28 14:31:02-------------/Admin/Ads/AdPageList.aspx
SELECT * FROM AdSiteInfo  WHERE 1=1  
-------------end 2017/7/28 14:31:02-------------
-------------start 2017/7/28 14:31:03-------------/Admin/Ads/AdPageList.aspx
SELECT * FROM AdPageInfo  WHERE 1=1  
-------------end 2017/7/28 14:31:03-------------
-------------start 2017/7/28 14:31:03-------------/Admin/Ads/AdPageList.aspx
SELECT TOP 10 * FROM [AdPageInfo]  WHERE 1=1  AND [IsDel]='0'  AND Id NOT IN (SELECT TOP 0 Id FROM [AdPageInfo]  WHERE 1=1  AND [IsDel]='0'   order by  id desc )   order by  id desc 
-------------end 2017/7/28 14:31:03-------------
-------------start 2017/7/28 14:31:03-------------/Admin/Ads/AdPageList.aspx
SELECT * FROM AdTypeInfo  WHERE 1=1  AND [Id]='0'  
-------------end 2017/7/28 14:31:03-------------
-------------start 2017/7/28 14:31:03-------------/Admin/Ads/AdPageList.aspx
SELECT * FROM AdSiteInfo  WHERE 1=1  AND [Id]='0'  
-------------end 2017/7/28 14:31:03-------------
-------------start 2017/7/28 14:31:03-------------/Admin/Ads/AdPageList.aspx
SELECT * FROM AdTypeInfo  WHERE 1=1  AND [Id]='0'  
-------------end 2017/7/28 14:31:03-------------
-------------start 2017/7/28 14:31:03-------------/Admin/Ads/AdPageList.aspx
SELECT * FROM AdSiteInfo  WHERE 1=1  AND [Id]='0'  
-------------end 2017/7/28 14:31:03-------------
-------------start 2017/7/28 14:31:03-------------/Admin/Ads/AdPageList.aspx
SELECT * FROM AdTypeInfo  WHERE 1=1  AND [Id]='0'  
-------------end 2017/7/28 14:31:03-------------
-------------start 2017/7/28 14:31:03-------------/Admin/Ads/AdPageList.aspx
SELECT * FROM AdSiteInfo  WHERE 1=1  AND [Id]='0'  
-------------end 2017/7/28 14:31:03-------------
-------------start 2017/7/28 14:31:03-------------/Admin/Ads/AdPageList.aspx
SELECT * FROM AdTypeInfo  WHERE 1=1  AND [Id]='0'  
-------------end 2017/7/28 14:31:03-------------
-------------start 2017/7/28 14:31:03-------------/Admin/Ads/AdPageList.aspx
SELECT * FROM AdSiteInfo  WHERE 1=1  AND [Id]='0'  
-------------end 2017/7/28 14:31:03-------------
-------------start 2017/7/28 14:31:03-------------/Admin/Ads/AdPageList.aspx
SELECT * FROM AdTypeInfo  WHERE 1=1  AND [Id]='0'  
-------------end 2017/7/28 14:31:03-------------
-------------start 2017/7/28 14:31:03-------------/Admin/Ads/AdPageList.aspx
SELECT * FROM AdSiteInfo  WHERE 1=1  AND [Id]='0'  
-------------end 2017/7/28 14:31:03-------------
-------------start 2017/7/28 14:31:03-------------/Admin/Ads/AdPageList.aspx
SELECT * FROM AdTypeInfo  WHERE 1=1  AND [Id]='0'  
-------------end 2017/7/28 14:31:03-------------
-------------start 2017/7/28 14:31:03-------------/Admin/Ads/AdPageList.aspx
SELECT * FROM AdSiteInfo  WHERE 1=1  AND [Id]='0'  
-------------end 2017/7/28 14:31:03-------------
-------------start 2017/7/28 14:31:03-------------/Admin/Ads/AdPageList.aspx
SELECT * FROM AdTypeInfo  WHERE 1=1  AND [Id]='0'  
-------------end 2017/7/28 14:31:03-------------
-------------start 2017/7/28 14:31:03-------------/Admin/Ads/AdPageList.aspx
SELECT * FROM AdSiteInfo  WHERE 1=1  AND [Id]='0'  
-------------end 2017/7/28 14:31:03-------------
-------------start 2017/7/28 14:31:03-------------/Admin/Ads/AdPageList.aspx
SELECT * FROM AdTypeInfo  WHERE 1=1  AND [Id]='0'  
-------------end 2017/7/28 14:31:03-------------
-------------start 2017/7/28 14:31:03-------------/Admin/Ads/AdPageList.aspx
SELECT * FROM AdSiteInfo  WHERE 1=1  AND [Id]='0'  
-------------end 2017/7/28 14:31:03-------------
-------------start 2017/7/28 14:31:03-------------/Admin/Ads/AdPageList.aspx
SELECT * FROM AdTypeInfo  WHERE 1=1  AND [Id]='0'  
-------------end 2017/7/28 14:31:03-------------
-------------start 2017/7/28 14:31:03-------------/Admin/Ads/AdPageList.aspx
SELECT * FROM AdSiteInfo  WHERE 1=1  AND [Id]='0'  
-------------end 2017/7/28 14:31:03-------------
-------------start 2017/7/28 14:31:03-------------/Admin/Ads/AdPageList.aspx
SELECT * FROM AdTypeInfo  WHERE 1=1  AND [Id]='0'  
-------------end 2017/7/28 14:31:03-------------
-------------start 2017/7/28 14:31:03-------------/Admin/Ads/AdPageList.aspx
SELECT * FROM AdSiteInfo  WHERE 1=1  AND [Id]='0'  
-------------end 2017/7/28 14:31:03-------------
-------------start 2017/7/28 14:31:07-------------/Admin/Ads/QcodeList.aspx?adid=223
SELECT * FROM AdQcodeInfo  WHERE 1=1  
-------------end 2017/7/28 14:31:07-------------
-------------start 2017/7/28 14:31:07-------------/Admin/Ads/QcodeList.aspx?adid=223
SELECT TOP 10 * FROM [AdQcodeInfo]  WHERE 1=1  AND [AdId]='223'  AND Id NOT IN (SELECT TOP 0 Id FROM [AdQcodeInfo]  WHERE 1=1  AND [AdId]='223'   order by  id desc )   order by  id desc 
-------------end 2017/7/28 14:31:07-------------
-------------start 2017/7/28 14:31:08-------------/Services/SerGetDomain.ashx?sname=%E5%8D%8E%E5%8C%97%E4%BA%8C%E5%8F%B7%E6%9C%8D%E5%8A%A1%E5%99%A8
SELECT * FROM ServerInfo  WHERE 1=1  AND [Name]='华北二号服务器'  
-------------end 2017/7/28 14:31:08-------------
-------------start 2017/7/28 14:31:08-------------/Services/SerGetDomain.ashx?sname=%E5%8D%8E%E5%8C%97%E4%BA%8C%E5%8F%B7%E6%9C%8D%E5%8A%A1%E5%99%A8
SELECT * FROM DomainSynchroHistory  WHERE 1=1  AND [Name]='华北二号服务器'  AND [IsSynchro]='0'  
-------------end 2017/7/28 14:31:08-------------
-------------start 2017/7/28 14:31:10-------------/Admin/Ads/AdPageList.aspx
SELECT * FROM AccountInfo  WHERE 1=1  AND [UserType]='0' 
 
-------------end 2017/7/28 14:31:10-------------
-------------start 2017/7/28 14:31:10-------------/Admin/Ads/AdPageList.aspx
SELECT * FROM AdTypeInfo  WHERE 1=1  
-------------end 2017/7/28 14:31:10-------------
-------------start 2017/7/28 14:31:10-------------/Admin/Ads/AdPageList.aspx
SELECT * FROM AdSiteInfo  WHERE 1=1  
-------------end 2017/7/28 14:31:10-------------
-------------start 2017/7/28 14:31:10-------------/Admin/Ads/AdPageList.aspx
SELECT TOP 10 * FROM [AdPageInfo]  WHERE 1=1  AND [IsDel]='0'  AND Id NOT IN (SELECT TOP 0 Id FROM [AdPageInfo]  WHERE 1=1  AND [IsDel]='0'   order by  id desc )   order by  id desc 
-------------end 2017/7/28 14:31:10-------------
-------------start 2017/7/28 14:31:10-------------/Admin/Ads/AdPageList.aspx
SELECT * FROM AdTypeInfo  WHERE 1=1  AND [Id]='0'  
-------------end 2017/7/28 14:31:10-------------
-------------start 2017/7/28 14:31:10-------------/Admin/Ads/AdPageList.aspx
SELECT * FROM AdSiteInfo  WHERE 1=1  AND [Id]='0'  
-------------end 2017/7/28 14:31:10-------------
-------------start 2017/7/28 14:31:10-------------/Admin/Ads/AdPageList.aspx
SELECT * FROM AdTypeInfo  WHERE 1=1  AND [Id]='0'  
-------------end 2017/7/28 14:31:10-------------
-------------start 2017/7/28 14:31:10-------------/Admin/Ads/AdPageList.aspx
SELECT * FROM AdSiteInfo  WHERE 1=1  AND [Id]='0'  
-------------end 2017/7/28 14:31:10-------------
-------------start 2017/7/28 14:31:10-------------/Admin/Ads/AdPageList.aspx
SELECT * FROM AdTypeInfo  WHERE 1=1  AND [Id]='0'  
-------------end 2017/7/28 14:31:10-------------
-------------start 2017/7/28 14:31:10-------------/Admin/Ads/AdPageList.aspx
SELECT * FROM AdSiteInfo  WHERE 1=1  AND [Id]='0'  
-------------end 2017/7/28 14:31:10-------------
-------------start 2017/7/28 14:31:10-------------/Admin/Ads/AdPageList.aspx
SELECT * FROM AdTypeInfo  WHERE 1=1  AND [Id]='0'  
-------------end 2017/7/28 14:31:10-------------
-------------start 2017/7/28 14:31:10-------------/Admin/Ads/AdPageList.aspx
SELECT * FROM AdSiteInfo  WHERE 1=1  AND [Id]='0'  
-------------end 2017/7/28 14:31:10-------------
-------------start 2017/7/28 14:31:10-------------/Admin/Ads/AdPageList.aspx
SELECT * FROM AdTypeInfo  WHERE 1=1  AND [Id]='0'  
-------------end 2017/7/28 14:31:10-------------
-------------start 2017/7/28 14:31:10-------------/Admin/Ads/AdPageList.aspx
SELECT * FROM AdSiteInfo  WHERE 1=1  AND [Id]='0'  
-------------end 2017/7/28 14:31:10-------------
-------------start 2017/7/28 14:31:10-------------/Admin/Ads/AdPageList.aspx
SELECT * FROM AdTypeInfo  WHERE 1=1  AND [Id]='0'  
-------------end 2017/7/28 14:31:10-------------
-------------start 2017/7/28 14:31:10-------------/Admin/Ads/AdPageList.aspx
SELECT * FROM AdSiteInfo  WHERE 1=1  AND [Id]='0'  
-------------end 2017/7/28 14:31:10-------------
-------------start 2017/7/28 14:31:10-------------/Admin/Ads/AdPageList.aspx
SELECT * FROM AdTypeInfo  WHERE 1=1  AND [Id]='0'  
-------------end 2017/7/28 14:31:10-------------
-------------start 2017/7/28 14:31:10-------------/Admin/Ads/AdPageList.aspx
SELECT * FROM AdSiteInfo  WHERE 1=1  AND [Id]='0'  
-------------end 2017/7/28 14:31:10-------------
-------------start 2017/7/28 14:31:10-------------/Admin/Ads/AdPageList.aspx
SELECT * FROM AdTypeInfo  WHERE 1=1  AND [Id]='0'  
-------------end 2017/7/28 14:31:10-------------
-------------start 2017/7/28 14:31:10-------------/Admin/Ads/AdPageList.aspx
SELECT * FROM AdSiteInfo  WHERE 1=1  AND [Id]='0'  
-------------end 2017/7/28 14:31:10-------------
-------------start 2017/7/28 14:31:10-------------/Admin/Ads/AdPageList.aspx
SELECT * FROM AdTypeInfo  WHERE 1=1  AND [Id]='0'  
-------------end 2017/7/28 14:31:10-------------
-------------start 2017/7/28 14:31:10-------------/Admin/Ads/AdPageList.aspx
SELECT * FROM AdSiteInfo  WHERE 1=1  AND [Id]='0'  
-------------end 2017/7/28 14:31:10-------------
-------------start 2017/7/28 14:31:10-------------/Admin/Ads/AdPageList.aspx
SELECT * FROM AdTypeInfo  WHERE 1=1  AND [Id]='0'  
-------------end 2017/7/28 14:31:10-------------
-------------start 2017/7/28 14:31:10-------------/Admin/Ads/AdPageList.aspx
SELECT * FROM AdSiteInfo  WHERE 1=1  AND [Id]='0'  
-------------end 2017/7/28 14:31:10-------------
-------------start 2017/7/28 14:31:13-------------/Admin/Ads/QcodeList.aspx?adid=214
SELECT TOP 10 * FROM [AdQcodeInfo]  WHERE 1=1  AND [AdId]='214'  AND Id NOT IN (SELECT TOP 0 Id FROM [AdQcodeInfo]  WHERE 1=1  AND [AdId]='214'   order by  id desc )   order by  id desc 
-------------end 2017/7/28 14:31:13-------------
-------------start 2017/7/28 14:31:15-------------/Admin/Ads/AdPageList.aspx
SELECT * FROM AccountInfo  WHERE 1=1  AND [UserType]='0' 
 
-------------end 2017/7/28 14:31:15-------------
-------------start 2017/7/28 14:31:15-------------/Admin/Ads/AdPageList.aspx
SELECT * FROM AdTypeInfo  WHERE 1=1  
-------------end 2017/7/28 14:31:15-------------
-------------start 2017/7/28 14:31:15-------------/Admin/Ads/AdPageList.aspx
SELECT * FROM AdSiteInfo  WHERE 1=1  
-------------end 2017/7/28 14:31:15-------------
-------------start 2017/7/28 14:31:15-------------/Admin/Ads/AdPageList.aspx
SELECT TOP 10 * FROM [AdPageInfo]  WHERE 1=1  AND [IsDel]='0'  AND Id NOT IN (SELECT TOP 0 Id FROM [AdPageInfo]  WHERE 1=1  AND [IsDel]='0'   order by  id desc )   order by  id desc 
-------------end 2017/7/28 14:31:15-------------
-------------start 2017/7/28 14:31:15-------------/Admin/Ads/AdPageList.aspx
SELECT * FROM AdTypeInfo  WHERE 1=1  AND [Id]='0'  
-------------end 2017/7/28 14:31:15-------------
-------------start 2017/7/28 14:31:15-------------/Admin/Ads/AdPageList.aspx
SELECT * FROM AdSiteInfo  WHERE 1=1  AND [Id]='0'  
-------------end 2017/7/28 14:31:15-------------
-------------start 2017/7/28 14:31:15-------------/Admin/Ads/AdPageList.aspx
SELECT * FROM AdTypeInfo  WHERE 1=1  AND [Id]='0'  
-------------end 2017/7/28 14:31:15-------------
-------------start 2017/7/28 14:31:15-------------/Admin/Ads/AdPageList.aspx
SELECT * FROM AdSiteInfo  WHERE 1=1  AND [Id]='0'  
-------------end 2017/7/28 14:31:15-------------
-------------start 2017/7/28 14:31:15-------------/Admin/Ads/AdPageList.aspx
SELECT * FROM AdTypeInfo  WHERE 1=1  AND [Id]='0'  
-------------end 2017/7/28 14:31:15-------------
-------------start 2017/7/28 14:31:15-------------/Admin/Ads/AdPageList.aspx
SELECT * FROM AdSiteInfo  WHERE 1=1  AND [Id]='0'  
-------------end 2017/7/28 14:31:15-------------
-------------start 2017/7/28 14:31:15-------------/Admin/Ads/AdPageList.aspx
SELECT * FROM AdTypeInfo  WHERE 1=1  AND [Id]='0'  
-------------end 2017/7/28 14:31:15-------------
-------------start 2017/7/28 14:31:15-------------/Admin/Ads/AdPageList.aspx
SELECT * FROM AdSiteInfo  WHERE 1=1  AND [Id]='0'  
-------------end 2017/7/28 14:31:15-------------
-------------start 2017/7/28 14:31:15-------------/Admin/Ads/AdPageList.aspx
SELECT * FROM AdTypeInfo  WHERE 1=1  AND [Id]='0'  
-------------end 2017/7/28 14:31:15-------------
-------------start 2017/7/28 14:31:15-------------/Admin/Ads/AdPageList.aspx
SELECT * FROM AdSiteInfo  WHERE 1=1  AND [Id]='0'  
-------------end 2017/7/28 14:31:15-------------
-------------start 2017/7/28 14:31:15-------------/Admin/Ads/AdPageList.aspx
SELECT * FROM AdTypeInfo  WHERE 1=1  AND [Id]='0'  
-------------end 2017/7/28 14:31:15-------------
-------------start 2017/7/28 14:31:15-------------/Admin/Ads/AdPageList.aspx
SELECT * FROM AdSiteInfo  WHERE 1=1  AND [Id]='0'  
-------------end 2017/7/28 14:31:15-------------
-------------start 2017/7/28 14:31:15-------------/Admin/Ads/AdPageList.aspx
SELECT * FROM AdTypeInfo  WHERE 1=1  AND [Id]='0'  
-------------end 2017/7/28 14:31:15-------------
-------------start 2017/7/28 14:31:15-------------/Admin/Ads/AdPageList.aspx
SELECT * FROM AdSiteInfo  WHERE 1=1  AND [Id]='0'  
-------------end 2017/7/28 14:31:15-------------
-------------start 2017/7/28 14:31:15-------------/Admin/Ads/AdPageList.aspx
SELECT * FROM AdTypeInfo  WHERE 1=1  AND [Id]='0'  
-------------end 2017/7/28 14:31:15-------------
-------------start 2017/7/28 14:31:15-------------/Admin/Ads/AdPageList.aspx
SELECT * FROM AdSiteInfo  WHERE 1=1  AND [Id]='0'  
-------------end 2017/7/28 14:31:15-------------
-------------start 2017/7/28 14:31:15-------------/Admin/Ads/AdPageList.aspx
SELECT * FROM AdTypeInfo  WHERE 1=1  AND [Id]='0'  
-------------end 2017/7/28 14:31:15-------------
-------------start 2017/7/28 14:31:15-------------/Admin/Ads/AdPageList.aspx
SELECT * FROM AdSiteInfo  WHERE 1=1  AND [Id]='0'  
-------------end 2017/7/28 14:31:15-------------
-------------start 2017/7/28 14:31:15-------------/Admin/Ads/AdPageList.aspx
SELECT * FROM AdTypeInfo  WHERE 1=1  AND [Id]='0'  
-------------end 2017/7/28 14:31:15-------------
-------------start 2017/7/28 14:31:15-------------/Admin/Ads/AdPageList.aspx
SELECT * FROM AdSiteInfo  WHERE 1=1  AND [Id]='0'  
-------------end 2017/7/28 14:31:15-------------
-------------start 2017/7/28 14:31:17-------------/Admin/Ads/AdPageList.aspx
SELECT TOP 10 * FROM [AdPageInfo]  WHERE 1=1  AND [IsDel]='0'  AND Id NOT IN (SELECT TOP 40 Id FROM [AdPageInfo]  WHERE 1=1  AND [IsDel]='0'   order by  id desc )   order by  id desc 
-------------end 2017/7/28 14:31:17-------------
-------------start 2017/7/28 14:31:17-------------/Admin/Ads/AdPageList.aspx
SELECT * FROM AdTypeInfo  WHERE 1=1  AND [Id]='0'  
-------------end 2017/7/28 14:31:17-------------
-------------start 2017/7/28 14:31:17-------------/Admin/Ads/AdPageList.aspx
SELECT * FROM AdSiteInfo  WHERE 1=1  AND [Id]='0'  
-------------end 2017/7/28 14:31:17-------------
-------------start 2017/7/28 14:31:17-------------/Admin/Ads/AdPageList.aspx
SELECT * FROM AccountInfo  WHERE 1=1  AND [Id]='15' 
 
-------------end 2017/7/28 14:31:17-------------
-------------start 2017/7/28 14:31:17-------------/Admin/Ads/AdPageList.aspx
SELECT * FROM AdTypeInfo  WHERE 1=1  AND [Id]='0'  
-------------end 2017/7/28 14:31:17-------------
-------------start 2017/7/28 14:31:17-------------/Admin/Ads/AdPageList.aspx
SELECT * FROM AdSiteInfo  WHERE 1=1  AND [Id]='0'  
-------------end 2017/7/28 14:31:17-------------
-------------start 2017/7/28 14:31:17-------------/Admin/Ads/AdPageList.aspx
SELECT * FROM AdTypeInfo  WHERE 1=1  AND [Id]='0'  
-------------end 2017/7/28 14:31:17-------------
-------------start 2017/7/28 14:31:17-------------/Admin/Ads/AdPageList.aspx
SELECT * FROM AdSiteInfo  WHERE 1=1  AND [Id]='0'  
-------------end 2017/7/28 14:31:17-------------
-------------start 2017/7/28 14:31:17-------------/Admin/Ads/AdPageList.aspx
SELECT * FROM AdTypeInfo  WHERE 1=1  AND [Id]='0'  
-------------end 2017/7/28 14:31:17-------------
-------------start 2017/7/28 14:31:17-------------/Admin/Ads/AdPageList.aspx
SELECT * FROM AdSiteInfo  WHERE 1=1  AND [Id]='0'  
-------------end 2017/7/28 14:31:17-------------
-------------start 2017/7/28 14:31:17-------------/Admin/Ads/AdPageList.aspx
SELECT * FROM AdTypeInfo  WHERE 1=1  AND [Id]='0'  
-------------end 2017/7/28 14:31:17-------------
-------------start 2017/7/28 14:31:17-------------/Admin/Ads/AdPageList.aspx
SELECT * FROM AdSiteInfo  WHERE 1=1  AND [Id]='0'  
-------------end 2017/7/28 14:31:17-------------
-------------start 2017/7/28 14:31:17-------------/Admin/Ads/AdPageList.aspx
SELECT * FROM AdTypeInfo  WHERE 1=1  AND [Id]='0'  
-------------end 2017/7/28 14:31:17-------------
-------------start 2017/7/28 14:31:17-------------/Admin/Ads/AdPageList.aspx
SELECT * FROM AdSiteInfo  WHERE 1=1  AND [Id]='0'  
-------------end 2017/7/28 14:31:17-------------
-------------start 2017/7/28 14:31:17-------------/Admin/Ads/AdPageList.aspx
SELECT * FROM AdTypeInfo  WHERE 1=1  AND [Id]='0'  
-------------end 2017/7/28 14:31:17-------------
-------------start 2017/7/28 14:31:17-------------/Admin/Ads/AdPageList.aspx
SELECT * FROM AdSiteInfo  WHERE 1=1  AND [Id]='0'  
-------------end 2017/7/28 14:31:17-------------
-------------start 2017/7/28 14:31:17-------------/Admin/Ads/AdPageList.aspx
SELECT * FROM AdTypeInfo  WHERE 1=1  AND [Id]='0'  
-------------end 2017/7/28 14:31:17-------------
-------------start 2017/7/28 14:31:17-------------/Admin/Ads/AdPageList.aspx
SELECT * FROM AdSiteInfo  WHERE 1=1  AND [Id]='0'  
-------------end 2017/7/28 14:31:17-------------
-------------start 2017/7/28 14:31:18-------------/Admin/Ads/AdPageList.aspx
SELECT * FROM AdTypeInfo  WHERE 1=1  AND [Id]='0'  
-------------end 2017/7/28 14:31:18-------------
-------------start 2017/7/28 14:31:18-------------/Admin/Ads/AdPageList.aspx
SELECT * FROM AdSiteInfo  WHERE 1=1  AND [Id]='0'  
-------------end 2017/7/28 14:31:18-------------
-------------start 2017/7/28 14:31:18-------------/Admin/Ads/AdPageList.aspx
SELECT * FROM AdTypeInfo  WHERE 1=1  AND [Id]='0'  
-------------end 2017/7/28 14:31:18-------------
-------------start 2017/7/28 14:31:18-------------/Admin/Ads/AdPageList.aspx
SELECT * FROM AdSiteInfo  WHERE 1=1  AND [Id]='0'  
-------------end 2017/7/28 14:31:18-------------
-------------start 2017/7/28 14:31:18-------------/Services/SerGetDomain.ashx?sname=%E5%8D%8E%E5%8C%97%E4%BA%8C%E5%8F%B7%E6%9C%8D%E5%8A%A1%E5%99%A8
SELECT * FROM ServerInfo  WHERE 1=1  AND [Name]='华北二号服务器'  
-------------end 2017/7/28 14:31:18-------------
-------------start 2017/7/28 14:31:18-------------/Services/SerGetDomain.ashx?sname=%E5%8D%8E%E5%8C%97%E4%BA%8C%E5%8F%B7%E6%9C%8D%E5%8A%A1%E5%99%A8
SELECT * FROM DomainSynchroHistory  WHERE 1=1  AND [Name]='华北二号服务器'  AND [IsSynchro]='0'  
-------------end 2017/7/28 14:31:18-------------
-------------start 2017/7/28 14:31:20-------------/Admin/Ads/QcodeList.aspx?adid=183
SELECT TOP 10 * FROM [AdQcodeInfo]  WHERE 1=1  AND [AdId]='183'  AND Id NOT IN (SELECT TOP 0 Id FROM [AdQcodeInfo]  WHERE 1=1  AND [AdId]='183'   order by  id desc )   order by  id desc 
-------------end 2017/7/28 14:31:20-------------
-------------start 2017/7/28 14:31:28-------------/Services/SerGetDomain.ashx?sname=%E5%8D%8E%E5%8C%97%E4%BA%8C%E5%8F%B7%E6%9C%8D%E5%8A%A1%E5%99%A8
SELECT * FROM ServerInfo  WHERE 1=1  AND [Name]='华北二号服务器'  
-------------end 2017/7/28 14:31:28-------------
-------------start 2017/7/28 14:31:28-------------/Services/SerGetDomain.ashx?sname=%E5%8D%8E%E5%8C%97%E4%BA%8C%E5%8F%B7%E6%9C%8D%E5%8A%A1%E5%99%A8
SELECT * FROM DomainSynchroHistory  WHERE 1=1  AND [Name]='华北二号服务器'  AND [IsSynchro]='0'  
-------------end 2017/7/28 14:31:28-------------
-------------start 2017/7/28 14:31:38-------------/Services/SerGetDomain.ashx?sname=%E5%8D%8E%E5%8C%97%E4%BA%8C%E5%8F%B7%E6%9C%8D%E5%8A%A1%E5%99%A8
SELECT * FROM ServerInfo  WHERE 1=1  AND [Name]='华北二号服务器'  
-------------end 2017/7/28 14:31:38-------------
-------------start 2017/7/28 14:31:38-------------/Services/SerGetDomain.ashx?sname=%E5%8D%8E%E5%8C%97%E4%BA%8C%E5%8F%B7%E6%9C%8D%E5%8A%A1%E5%99%A8
SELECT * FROM DomainSynchroHistory  WHERE 1=1  AND [Name]='华北二号服务器'  AND [IsSynchro]='0'  
-------------end 2017/7/28 14:31:38-------------
-------------start 2017/7/28 14:31:48-------------/Services/SerGetDomain.ashx?sname=%E5%8D%8E%E5%8C%97%E4%BA%8C%E5%8F%B7%E6%9C%8D%E5%8A%A1%E5%99%A8
SELECT * FROM ServerInfo  WHERE 1=1  AND [Name]='华北二号服务器'  
-------------end 2017/7/28 14:31:48-------------
-------------start 2017/7/28 14:31:48-------------/Services/SerGetDomain.ashx?sname=%E5%8D%8E%E5%8C%97%E4%BA%8C%E5%8F%B7%E6%9C%8D%E5%8A%A1%E5%99%A8
SELECT * FROM DomainSynchroHistory  WHERE 1=1  AND [Name]='华北二号服务器'  AND [IsSynchro]='0'  
-------------end 2017/7/28 14:31:48-------------
-------------start 2017/7/28 14:32:20-------------/Admin/Ads/QcodeList.aspx?adid=183
SELECT TOP 10 * FROM [AdQcodeInfo]  WHERE 1=1  AND [AdId]='183'  AND Id NOT IN (SELECT TOP 0 Id FROM [AdQcodeInfo]  WHERE 1=1  AND [AdId]='183'   order by  id desc )   order by  id desc 
-------------end 2017/7/28 14:32:20-------------
-------------start 2017/7/28 14:32:24-------------/Login.aspx
SELECT * FROM AccountInfo  WHERE 1=1  AND [UserName]='zgliu' 
 
-------------end 2017/7/28 14:32:24-------------
-------------start 2017/7/28 14:32:32-------------/Login.aspx
SELECT * FROM AccountInfo  WHERE 1=1  AND [UserName]='xiaorui' 
 
-------------end 2017/7/28 14:32:32-------------
-------------start 2017/7/28 14:32:36-------------/Login.aspx
SELECT * FROM AccountInfo  WHERE 1=1  AND [UserName]='xiaorui' 
 
-------------end 2017/7/28 14:32:36-------------
-------------start 2017/7/28 14:32:57-------------/Accounts/Pages/AdPageList.aspx
SELECT * FROM AdTypeInfo  WHERE 1=1  AND [UserId]='2'  
-------------end 2017/7/28 14:32:57-------------
-------------start 2017/7/28 14:32:57-------------/Accounts/Pages/AdPageList.aspx
SELECT * FROM AdSiteInfo  WHERE 1=1  AND [UserId]='2'  
-------------end 2017/7/28 14:32:57-------------
-------------start 2017/7/28 14:32:57-------------/Accounts/Pages/AdPageList.aspx
SELECT TOP 10 * FROM [AdPageInfo]  WHERE 1=1  AND [UserId]='2'  AND [IsDel]='0'  AND Id NOT IN (SELECT TOP 0 Id FROM [AdPageInfo]  WHERE 1=1  AND [UserId]='2'  AND [IsDel]='0'   order by  id desc )   order by  id desc 
-------------end 2017/7/28 14:32:57-------------
-------------start 2017/7/28 14:32:57-------------/Accounts/Pages/AdPageList.aspx
SELECT * FROM AdTypeInfo  WHERE 1=1  AND [Id]='0'  
-------------end 2017/7/28 14:32:57-------------
-------------start 2017/7/28 14:32:57-------------/Accounts/Pages/AdPageList.aspx
SELECT * FROM AdSiteInfo  WHERE 1=1  AND [Id]='0'  
-------------end 2017/7/28 14:32:57-------------
-------------start 2017/7/28 14:32:57-------------/Accounts/Pages/AdPageList.aspx
SELECT * FROM AdTypeInfo  WHERE 1=1  AND [Id]='0'  
-------------end 2017/7/28 14:32:57-------------
-------------start 2017/7/28 14:32:57-------------/Accounts/Pages/AdPageList.aspx
SELECT * FROM AdSiteInfo  WHERE 1=1  AND [Id]='0'  
-------------end 2017/7/28 14:32:57-------------
-------------start 2017/7/28 14:32:57-------------/Accounts/Pages/AdPageList.aspx
SELECT * FROM AdTypeInfo  WHERE 1=1  AND [Id]='0'  
-------------end 2017/7/28 14:32:57-------------
-------------start 2017/7/28 14:32:57-------------/Accounts/Pages/AdPageList.aspx
SELECT * FROM AdSiteInfo  WHERE 1=1  AND [Id]='0'  
-------------end 2017/7/28 14:32:57-------------
-------------start 2017/7/28 14:32:57-------------/Accounts/Pages/AdPageList.aspx
SELECT * FROM AdTypeInfo  WHERE 1=1  AND [Id]='0'  
-------------end 2017/7/28 14:32:57-------------
-------------start 2017/7/28 14:32:57-------------/Accounts/Pages/AdPageList.aspx
SELECT * FROM AdSiteInfo  WHERE 1=1  AND [Id]='0'  
-------------end 2017/7/28 14:32:57-------------
-------------start 2017/7/28 14:32:57-------------/Accounts/Pages/AdPageList.aspx
SELECT * FROM AdTypeInfo  WHERE 1=1  AND [Id]='0'  
-------------end 2017/7/28 14:32:57-------------
-------------start 2017/7/28 14:32:57-------------/Accounts/Pages/AdPageList.aspx
SELECT * FROM AdSiteInfo  WHERE 1=1  AND [Id]='0'  
-------------end 2017/7/28 14:32:57-------------
-------------start 2017/7/28 14:32:57-------------/Accounts/Pages/AdPageList.aspx
SELECT * FROM AdTypeInfo  WHERE 1=1  AND [Id]='0'  
-------------end 2017/7/28 14:32:57-------------
-------------start 2017/7/28 14:32:57-------------/Accounts/Pages/AdPageList.aspx
SELECT * FROM AdSiteInfo  WHERE 1=1  AND [Id]='0'  
-------------end 2017/7/28 14:32:57-------------
-------------start 2017/7/28 14:32:57-------------/Accounts/Pages/AdPageList.aspx
SELECT * FROM AdTypeInfo  WHERE 1=1  AND [Id]='0'  
-------------end 2017/7/28 14:32:57-------------
-------------start 2017/7/28 14:32:57-------------/Accounts/Pages/AdPageList.aspx
SELECT * FROM AdSiteInfo  WHERE 1=1  AND [Id]='0'  
-------------end 2017/7/28 14:32:57-------------
-------------start 2017/7/28 14:32:57-------------/Accounts/Pages/AdPageList.aspx
SELECT * FROM AdTypeInfo  WHERE 1=1  AND [Id]='0'  
-------------end 2017/7/28 14:32:57-------------
-------------start 2017/7/28 14:32:57-------------/Accounts/Pages/AdPageList.aspx
SELECT * FROM AdSiteInfo  WHERE 1=1  AND [Id]='0'  
-------------end 2017/7/28 14:32:57-------------
-------------start 2017/7/28 14:32:57-------------/Accounts/Pages/AdPageList.aspx
SELECT * FROM AdTypeInfo  WHERE 1=1  AND [Id]='0'  
-------------end 2017/7/28 14:32:57-------------
-------------start 2017/7/28 14:32:57-------------/Accounts/Pages/AdPageList.aspx
SELECT * FROM AdSiteInfo  WHERE 1=1  AND [Id]='0'  
-------------end 2017/7/28 14:32:57-------------
-------------start 2017/7/28 14:32:57-------------/Accounts/Pages/AdPageList.aspx
SELECT * FROM AdTypeInfo  WHERE 1=1  AND [Id]='0'  
-------------end 2017/7/28 14:32:57-------------
-------------start 2017/7/28 14:32:57-------------/Accounts/Pages/AdPageList.aspx
SELECT * FROM AdSiteInfo  WHERE 1=1  AND [Id]='0'  
-------------end 2017/7/28 14:32:57-------------
-------------start 2017/7/28 14:33:00-------------/Accounts/Pages/QcodeList.aspx?adid=221
SELECT TOP 10 * FROM [AdQcodeInfo]  WHERE 1=1  AND [AdId]='221'  AND [AdUserId]='2'  AND Id NOT IN (SELECT TOP 0 Id FROM [AdQcodeInfo]  WHERE 1=1  AND [AdId]='221'  AND [AdUserId]='2'   order by  id desc )   order by  id desc 
-------------end 2017/7/28 14:33:00-------------
-------------start 2017/7/28 14:33:02-------------/Accounts/Pages/QcodeEdit.aspx?adid=221&id=108
SELECT * FROM AdQcodeInfo  WHERE 1=1  AND [Id]='108'  AND [AdId]='221'  AND [AdUserId]='2'  
-------------end 2017/7/28 14:33:02-------------
-------------start 2017/7/28 14:33:08-------------/Accounts/Pages/QcodeList.aspx?isdel=1&adid=221&id=108
SELECT * FROM AdQcodeInfo  WHERE 1=1  AND [Id]='108'  AND [AdUserId]='2'  
-------------end 2017/7/28 14:33:08-------------
-------------start 2017/7/28 14:33:08-------------/Accounts/Pages/QcodeList.aspx?isdel=1&adid=221&id=108
SELECT * FROM AdPageInfo  WHERE 1=1  AND [Id]='221'  
-------------end 2017/7/28 14:33:08-------------
-------------start 2017/7/28 14:33:08-------------/Accounts/Pages/QcodeList.aspx?isdel=1&adid=221&id=108
SELECT TOP 10 * FROM [AdQcodeInfo]  WHERE 1=1  AND [AdId]='221'  AND [AdUserId]='2'  AND Id NOT IN (SELECT TOP 0 Id FROM [AdQcodeInfo]  WHERE 1=1  AND [AdId]='221'  AND [AdUserId]='2'   order by  id desc )   order by  id desc 
-------------end 2017/7/28 14:33:08-------------
-------------start 2017/7/28 14:33:11-------------/Accounts/Pages/AdPageList.aspx
SELECT * FROM AdTypeInfo  WHERE 1=1  AND [UserId]='2'  
-------------end 2017/7/28 14:33:11-------------
-------------start 2017/7/28 14:33:11-------------/Accounts/Pages/AdPageList.aspx
SELECT * FROM AdSiteInfo  WHERE 1=1  AND [UserId]='2'  
-------------end 2017/7/28 14:33:11-------------
-------------start 2017/7/28 14:33:11-------------/Accounts/Pages/AdPageList.aspx
SELECT TOP 10 * FROM [AdPageInfo]  WHERE 1=1  AND [UserId]='2'  AND [IsDel]='0'  AND Id NOT IN (SELECT TOP 0 Id FROM [AdPageInfo]  WHERE 1=1  AND [UserId]='2'  AND [IsDel]='0'   order by  id desc )   order by  id desc 
-------------end 2017/7/28 14:33:11-------------
-------------start 2017/7/28 14:33:11-------------/Accounts/Pages/AdPageList.aspx
SELECT * FROM AdTypeInfo  WHERE 1=1  AND [Id]='0'  
-------------end 2017/7/28 14:33:11-------------
-------------start 2017/7/28 14:33:11-------------/Accounts/Pages/AdPageList.aspx
SELECT * FROM AdSiteInfo  WHERE 1=1  AND [Id]='0'  
-------------end 2017/7/28 14:33:11-------------
-------------start 2017/7/28 14:33:11-------------/Accounts/Pages/AdPageList.aspx
SELECT * FROM AdTypeInfo  WHERE 1=1  AND [Id]='0'  
-------------end 2017/7/28 14:33:11-------------
-------------start 2017/7/28 14:33:11-------------/Accounts/Pages/AdPageList.aspx
SELECT * FROM AdSiteInfo  WHERE 1=1  AND [Id]='0'  
-------------end 2017/7/28 14:33:11-------------
-------------start 2017/7/28 14:33:11-------------/Accounts/Pages/AdPageList.aspx
SELECT * FROM AdTypeInfo  WHERE 1=1  AND [Id]='0'  
-------------end 2017/7/28 14:33:11-------------
-------------start 2017/7/28 14:33:11-------------/Accounts/Pages/AdPageList.aspx
SELECT * FROM AdSiteInfo  WHERE 1=1  AND [Id]='0'  
-------------end 2017/7/28 14:33:11-------------
-------------start 2017/7/28 14:33:11-------------/Accounts/Pages/AdPageList.aspx
SELECT * FROM AdTypeInfo  WHERE 1=1  AND [Id]='0'  
-------------end 2017/7/28 14:33:11-------------
-------------start 2017/7/28 14:33:11-------------/Accounts/Pages/AdPageList.aspx
SELECT * FROM AdSiteInfo  WHERE 1=1  AND [Id]='0'  
-------------end 2017/7/28 14:33:11-------------
-------------start 2017/7/28 14:33:11-------------/Accounts/Pages/AdPageList.aspx
SELECT * FROM AdTypeInfo  WHERE 1=1  AND [Id]='0'  
-------------end 2017/7/28 14:33:11-------------
-------------start 2017/7/28 14:33:11-------------/Accounts/Pages/AdPageList.aspx
SELECT * FROM AdSiteInfo  WHERE 1=1  AND [Id]='0'  
-------------end 2017/7/28 14:33:11-------------
-------------start 2017/7/28 14:33:11-------------/Accounts/Pages/AdPageList.aspx
SELECT * FROM AdTypeInfo  WHERE 1=1  AND [Id]='0'  
-------------end 2017/7/28 14:33:11-------------
-------------start 2017/7/28 14:33:11-------------/Accounts/Pages/AdPageList.aspx
SELECT * FROM AdSiteInfo  WHERE 1=1  AND [Id]='0'  
-------------end 2017/7/28 14:33:11-------------
-------------start 2017/7/28 14:33:11-------------/Accounts/Pages/AdPageList.aspx
SELECT * FROM AdTypeInfo  WHERE 1=1  AND [Id]='0'  
-------------end 2017/7/28 14:33:11-------------
-------------start 2017/7/28 14:33:11-------------/Accounts/Pages/AdPageList.aspx
SELECT * FROM AdSiteInfo  WHERE 1=1  AND [Id]='0'  
-------------end 2017/7/28 14:33:11-------------
-------------start 2017/7/28 14:33:11-------------/Accounts/Pages/AdPageList.aspx
SELECT * FROM AdTypeInfo  WHERE 1=1  AND [Id]='0'  
-------------end 2017/7/28 14:33:11-------------
-------------start 2017/7/28 14:33:11-------------/Accounts/Pages/AdPageList.aspx
SELECT * FROM AdSiteInfo  WHERE 1=1  AND [Id]='0'  
-------------end 2017/7/28 14:33:11-------------
-------------start 2017/7/28 14:33:11-------------/Accounts/Pages/AdPageList.aspx
SELECT * FROM AdTypeInfo  WHERE 1=1  AND [Id]='0'  
-------------end 2017/7/28 14:33:11-------------
-------------start 2017/7/28 14:33:11-------------/Accounts/Pages/AdPageList.aspx
SELECT * FROM AdSiteInfo  WHERE 1=1  AND [Id]='0'  
-------------end 2017/7/28 14:33:11-------------
-------------start 2017/7/28 14:33:11-------------/Accounts/Pages/AdPageList.aspx
SELECT * FROM AdTypeInfo  WHERE 1=1  AND [Id]='0'  
-------------end 2017/7/28 14:33:11-------------
-------------start 2017/7/28 14:33:11-------------/Accounts/Pages/AdPageList.aspx
SELECT * FROM AdSiteInfo  WHERE 1=1  AND [Id]='0'  
-------------end 2017/7/28 14:33:11-------------
-------------start 2017/7/28 14:33:46-------------/Accounts/Order/OrderList.aspx
SELECT TOP 10 * FROM [CustomerInfo]  WHERE 1=1  AND [IsDelete]='0'  AND Id NOT IN (SELECT TOP 0 Id FROM [CustomerInfo]  WHERE 1=1  AND [IsDelete]='0'   order by  id desc )   order by  id desc 
-------------end 2017/7/28 14:33:46-------------
-------------start 2017/7/28 14:34:36-------------/Login.aspx
SELECT * FROM AccountInfo  WHERE 1=1  AND [UserName]='xiaorui' 
 
-------------end 2017/7/28 14:34:36-------------
-------------start 2017/7/28 14:34:52-------------/Accounts/Pages/AdPageList.aspx
SELECT * FROM AdTypeInfo  WHERE 1=1  AND [UserId]='2'  
-------------end 2017/7/28 14:34:52-------------
-------------start 2017/7/28 14:34:52-------------/Accounts/Pages/AdPageList.aspx
SELECT * FROM AdSiteInfo  WHERE 1=1  AND [UserId]='2'  
-------------end 2017/7/28 14:34:52-------------
-------------start 2017/7/28 14:34:52-------------/Accounts/Pages/AdPageList.aspx
SELECT TOP 10 * FROM [AdPageInfo]  WHERE 1=1  AND [UserId]='2'  AND [IsDel]='0'  AND Id NOT IN (SELECT TOP 0 Id FROM [AdPageInfo]  WHERE 1=1  AND [UserId]='2'  AND [IsDel]='0'   order by  id desc )   order by  id desc 
-------------end 2017/7/28 14:34:52-------------
-------------start 2017/7/28 14:34:52-------------/Accounts/Pages/AdPageList.aspx
SELECT * FROM AdTypeInfo  WHERE 1=1  AND [Id]='0'  
-------------end 2017/7/28 14:34:52-------------
-------------start 2017/7/28 14:34:52-------------/Accounts/Pages/AdPageList.aspx
SELECT * FROM AdSiteInfo  WHERE 1=1  AND [Id]='0'  
-------------end 2017/7/28 14:34:52-------------
-------------start 2017/7/28 14:34:52-------------/Accounts/Pages/AdPageList.aspx
SELECT * FROM AdTypeInfo  WHERE 1=1  AND [Id]='0'  
-------------end 2017/7/28 14:34:52-------------
-------------start 2017/7/28 14:34:52-------------/Accounts/Pages/AdPageList.aspx
SELECT * FROM AdSiteInfo  WHERE 1=1  AND [Id]='0'  
-------------end 2017/7/28 14:34:52-------------
-------------start 2017/7/28 14:34:52-------------/Accounts/Pages/AdPageList.aspx
SELECT * FROM AdTypeInfo  WHERE 1=1  AND [Id]='0'  
-------------end 2017/7/28 14:34:52-------------
-------------start 2017/7/28 14:34:52-------------/Accounts/Pages/AdPageList.aspx
SELECT * FROM AdSiteInfo  WHERE 1=1  AND [Id]='0'  
-------------end 2017/7/28 14:34:52-------------
-------------start 2017/7/28 14:34:52-------------/Accounts/Pages/AdPageList.aspx
SELECT * FROM AdTypeInfo  WHERE 1=1  AND [Id]='0'  
-------------end 2017/7/28 14:34:52-------------
-------------start 2017/7/28 14:34:52-------------/Accounts/Pages/AdPageList.aspx
SELECT * FROM AdSiteInfo  WHERE 1=1  AND [Id]='0'  
-------------end 2017/7/28 14:34:52-------------
-------------start 2017/7/28 14:34:52-------------/Accounts/Pages/AdPageList.aspx
SELECT * FROM AdTypeInfo  WHERE 1=1  AND [Id]='0'  
-------------end 2017/7/28 14:34:52-------------
-------------start 2017/7/28 14:34:52-------------/Accounts/Pages/AdPageList.aspx
SELECT * FROM AdSiteInfo  WHERE 1=1  AND [Id]='0'  
-------------end 2017/7/28 14:34:52-------------
-------------start 2017/7/28 14:34:52-------------/Accounts/Pages/AdPageList.aspx
SELECT * FROM AdTypeInfo  WHERE 1=1  AND [Id]='0'  
-------------end 2017/7/28 14:34:52-------------
-------------start 2017/7/28 14:34:52-------------/Accounts/Pages/AdPageList.aspx
SELECT * FROM AdSiteInfo  WHERE 1=1  AND [Id]='0'  
-------------end 2017/7/28 14:34:52-------------
-------------start 2017/7/28 14:34:52-------------/Accounts/Pages/AdPageList.aspx
SELECT * FROM AdTypeInfo  WHERE 1=1  AND [Id]='0'  
-------------end 2017/7/28 14:34:52-------------
-------------start 2017/7/28 14:34:52-------------/Accounts/Pages/AdPageList.aspx
SELECT * FROM AdSiteInfo  WHERE 1=1  AND [Id]='0'  
-------------end 2017/7/28 14:34:52-------------
-------------start 2017/7/28 14:34:52-------------/Accounts/Pages/AdPageList.aspx
SELECT * FROM AdTypeInfo  WHERE 1=1  AND [Id]='0'  
-------------end 2017/7/28 14:34:52-------------
-------------start 2017/7/28 14:34:52-------------/Accounts/Pages/AdPageList.aspx
SELECT * FROM AdSiteInfo  WHERE 1=1  AND [Id]='0'  
-------------end 2017/7/28 14:34:52-------------
-------------start 2017/7/28 14:34:52-------------/Accounts/Pages/AdPageList.aspx
SELECT * FROM AdTypeInfo  WHERE 1=1  AND [Id]='0'  
-------------end 2017/7/28 14:34:52-------------
-------------start 2017/7/28 14:34:52-------------/Accounts/Pages/AdPageList.aspx
SELECT * FROM AdSiteInfo  WHERE 1=1  AND [Id]='0'  
-------------end 2017/7/28 14:34:52-------------
-------------start 2017/7/28 14:34:52-------------/Accounts/Pages/AdPageList.aspx
SELECT * FROM AdTypeInfo  WHERE 1=1  AND [Id]='0'  
-------------end 2017/7/28 14:34:52-------------
-------------start 2017/7/28 14:34:52-------------/Accounts/Pages/AdPageList.aspx
SELECT * FROM AdSiteInfo  WHERE 1=1  AND [Id]='0'  
-------------end 2017/7/28 14:34:52-------------
-------------start 2017/7/28 14:35:06-------------/Comm/AdView.aspx?adid=221
SELECT * FROM AdPageInfo  WHERE 1=1  AND [Id]='221'  
-------------end 2017/7/28 14:35:06-------------
-------------start 2017/7/28 14:47:28-------------/Accounts/Pages/AdPageList.aspx
SELECT * FROM AccountInfo  WHERE 1=1  AND [UserName]='xiaorui' 
 
-------------end 2017/7/28 14:47:28-------------
-------------start 2017/7/28 14:47:28-------------/Accounts/Pages/AdPageList.aspx
SELECT * FROM AdTypeInfo  WHERE 1=1  AND [UserId]='2'  
-------------end 2017/7/28 14:47:28-------------
-------------start 2017/7/28 14:47:28-------------/Accounts/Pages/AdPageList.aspx
SELECT * FROM AdSiteInfo  WHERE 1=1  AND [UserId]='2'  
-------------end 2017/7/28 14:47:28-------------
-------------start 2017/7/28 14:47:28-------------/Accounts/Pages/AdPageList.aspx
SELECT * FROM AdPageInfo  WHERE 1=1  
-------------end 2017/7/28 14:47:28-------------
-------------start 2017/7/28 14:47:29-------------/Accounts/Pages/AdPageList.aspx
SELECT TOP 10 * FROM [AdPageInfo]  WHERE 1=1  AND [UserId]='2'  AND [IsDel]='0'  AND Id NOT IN (SELECT TOP 0 Id FROM [AdPageInfo]  WHERE 1=1  AND [UserId]='2'  AND [IsDel]='0'   order by  id desc )   order by  id desc 
-------------end 2017/7/28 14:47:29-------------
-------------start 2017/7/28 14:47:29-------------/Accounts/Pages/AdPageList.aspx
SELECT * FROM AdTypeInfo  WHERE 1=1  AND [Id]='0'  
-------------end 2017/7/28 14:47:29-------------
-------------start 2017/7/28 14:47:29-------------/Accounts/Pages/AdPageList.aspx
SELECT * FROM AdSiteInfo  WHERE 1=1  AND [Id]='0'  
-------------end 2017/7/28 14:47:29-------------
-------------start 2017/7/28 14:47:29-------------/Accounts/Pages/AdPageList.aspx
SELECT * FROM AdTypeInfo  WHERE 1=1  AND [Id]='0'  
-------------end 2017/7/28 14:47:29-------------
-------------start 2017/7/28 14:47:29-------------/Accounts/Pages/AdPageList.aspx
SELECT * FROM AdSiteInfo  WHERE 1=1  AND [Id]='0'  
-------------end 2017/7/28 14:47:29-------------
-------------start 2017/7/28 14:47:29-------------/Accounts/Pages/AdPageList.aspx
SELECT * FROM AdTypeInfo  WHERE 1=1  AND [Id]='0'  
-------------end 2017/7/28 14:47:29-------------
-------------start 2017/7/28 14:47:29-------------/Accounts/Pages/AdPageList.aspx
SELECT * FROM AdSiteInfo  WHERE 1=1  AND [Id]='0'  
-------------end 2017/7/28 14:47:29-------------
-------------start 2017/7/28 14:47:29-------------/Accounts/Pages/AdPageList.aspx
SELECT * FROM AdTypeInfo  WHERE 1=1  AND [Id]='0'  
-------------end 2017/7/28 14:47:29-------------
-------------start 2017/7/28 14:47:29-------------/Accounts/Pages/AdPageList.aspx
SELECT * FROM AdSiteInfo  WHERE 1=1  AND [Id]='0'  
-------------end 2017/7/28 14:47:29-------------
-------------start 2017/7/28 14:47:29-------------/Accounts/Pages/AdPageList.aspx
SELECT * FROM AdTypeInfo  WHERE 1=1  AND [Id]='0'  
-------------end 2017/7/28 14:47:29-------------
-------------start 2017/7/28 14:47:29-------------/Accounts/Pages/AdPageList.aspx
SELECT * FROM AdSiteInfo  WHERE 1=1  AND [Id]='0'  
-------------end 2017/7/28 14:47:29-------------
-------------start 2017/7/28 14:47:29-------------/Accounts/Pages/AdPageList.aspx
SELECT * FROM AdTypeInfo  WHERE 1=1  AND [Id]='0'  
-------------end 2017/7/28 14:47:29-------------
-------------start 2017/7/28 14:47:29-------------/Accounts/Pages/AdPageList.aspx
SELECT * FROM AdSiteInfo  WHERE 1=1  AND [Id]='0'  
-------------end 2017/7/28 14:47:29-------------
-------------start 2017/7/28 14:47:29-------------/Accounts/Pages/AdPageList.aspx
SELECT * FROM AdTypeInfo  WHERE 1=1  AND [Id]='0'  
-------------end 2017/7/28 14:47:29-------------
-------------start 2017/7/28 14:47:29-------------/Accounts/Pages/AdPageList.aspx
SELECT * FROM AdSiteInfo  WHERE 1=1  AND [Id]='0'  
-------------end 2017/7/28 14:47:29-------------
-------------start 2017/7/28 14:47:29-------------/Accounts/Pages/AdPageList.aspx
SELECT * FROM AdTypeInfo  WHERE 1=1  AND [Id]='0'  
-------------end 2017/7/28 14:47:29-------------
-------------start 2017/7/28 14:47:29-------------/Accounts/Pages/AdPageList.aspx
SELECT * FROM AdSiteInfo  WHERE 1=1  AND [Id]='0'  
-------------end 2017/7/28 14:47:29-------------
-------------start 2017/7/28 14:47:29-------------/Accounts/Pages/AdPageList.aspx
SELECT * FROM AdTypeInfo  WHERE 1=1  AND [Id]='0'  
-------------end 2017/7/28 14:47:29-------------
-------------start 2017/7/28 14:47:29-------------/Accounts/Pages/AdPageList.aspx
SELECT * FROM AdSiteInfo  WHERE 1=1  AND [Id]='0'  
-------------end 2017/7/28 14:47:29-------------
-------------start 2017/7/28 14:47:29-------------/Accounts/Pages/AdPageList.aspx
SELECT * FROM AdTypeInfo  WHERE 1=1  AND [Id]='0'  
-------------end 2017/7/28 14:47:29-------------
-------------start 2017/7/28 14:47:29-------------/Accounts/Pages/AdPageList.aspx
SELECT * FROM AdSiteInfo  WHERE 1=1  AND [Id]='0'  
-------------end 2017/7/28 14:47:29-------------
