-------------start 2017/10/7 13:46:52-------------/Login.aspx
SELECT * FROM AccountInfo  WHERE 1=1  AND [UserName]='admin' 
 
-------------end 2017/10/7 13:46:52-------------
-------------start 2017/10/7 13:46:58-------------/Admin/Index.aspx
SELECT * FROM AccountInfo  WHERE 1=1  AND [UserName]='admin' 
 
-------------end 2017/10/7 13:46:58-------------
-------------start 2017/10/7 13:47:20-------------/Admin/Ads/AdPageList.aspx
SELECT * FROM AccountInfo  WHERE 1=1  AND UserType <> 100 
 
-------------end 2017/10/7 13:47:20-------------
-------------start 2017/10/7 13:47:20-------------/Admin/Ads/AdPageList.aspx
SELECT * FROM AdTypeInfo  WHERE 1=1  
-------------end 2017/10/7 13:47:20-------------
-------------start 2017/10/7 13:47:20-------------/Admin/Ads/AdPageList.aspx
SELECT * FROM AdSiteInfo  WHERE 1=1  
-------------end 2017/10/7 13:47:20-------------
-------------start 2017/10/7 13:47:20-------------/Admin/Ads/AdPageList.aspx
SELECT * FROM AdPageInfo  WHERE 1=1  
-------------end 2017/10/7 13:47:20-------------
-------------start 2017/10/7 13:47:20-------------/Admin/Ads/AdPageList.aspx
SELECT TOP 10 * FROM [AdPageInfo]  WHERE 1=1  AND [IsDel]='0'  AND Id NOT IN (SELECT TOP 0 Id FROM [AdPageInfo]  WHERE 1=1  AND [IsDel]='0'   order by  id desc )   order by  id desc 
-------------end 2017/10/7 13:47:20-------------
-------------start 2017/10/7 13:47:20-------------/Admin/Ads/AdPageList.aspx
SELECT * FROM AccountInfo  WHERE 1=1  AND [Id]='26' 
 
-------------end 2017/10/7 13:47:20-------------
-------------start 2017/10/7 13:47:20-------------/Admin/Ads/AdPageList.aspx
SELECT * FROM AdTypeInfo  WHERE 1=1  AND [Id]='0'  
-------------end 2017/10/7 13:47:20-------------
-------------start 2017/10/7 13:47:20-------------/Admin/Ads/AdPageList.aspx
SELECT * FROM AdSiteInfo  WHERE 1=1  AND [Id]='0'  
-------------end 2017/10/7 13:47:20-------------
-------------start 2017/10/7 13:47:20-------------/Admin/Ads/AdPageList.aspx
SELECT * FROM AdTypeInfo  WHERE 1=1  AND [Id]='0'  
-------------end 2017/10/7 13:47:20-------------
-------------start 2017/10/7 13:47:20-------------/Admin/Ads/AdPageList.aspx
SELECT * FROM AdSiteInfo  WHERE 1=1  AND [Id]='0'  
-------------end 2017/10/7 13:47:20-------------
-------------start 2017/10/7 13:47:20-------------/Admin/Ads/AdPageList.aspx
SELECT * FROM AdTypeInfo  WHERE 1=1  AND [Id]='0'  
-------------end 2017/10/7 13:47:20-------------
-------------start 2017/10/7 13:47:20-------------/Admin/Ads/AdPageList.aspx
SELECT * FROM AdSiteInfo  WHERE 1=1  AND [Id]='0'  
-------------end 2017/10/7 13:47:20-------------
-------------start 2017/10/7 13:47:20-------------/Admin/Ads/AdPageList.aspx
SELECT * FROM AccountInfo  WHERE 1=1  AND [Id]='25' 
 
-------------end 2017/10/7 13:47:20-------------
-------------start 2017/10/7 13:47:20-------------/Admin/Ads/AdPageList.aspx
SELECT * FROM AdTypeInfo  WHERE 1=1  AND [Id]='0'  
-------------end 2017/10/7 13:47:20-------------
-------------start 2017/10/7 13:47:20-------------/Admin/Ads/AdPageList.aspx
SELECT * FROM AdSiteInfo  WHERE 1=1  AND [Id]='0'  
-------------end 2017/10/7 13:47:20-------------
-------------start 2017/10/7 13:47:20-------------/Admin/Ads/AdPageList.aspx
SELECT * FROM AccountInfo  WHERE 1=1  AND [Id]='2' 
 
-------------end 2017/10/7 13:47:20-------------
-------------start 2017/10/7 13:47:20-------------/Admin/Ads/AdPageList.aspx
SELECT * FROM AdTypeInfo  WHERE 1=1  AND [Id]='0'  
-------------end 2017/10/7 13:47:20-------------
-------------start 2017/10/7 13:47:20-------------/Admin/Ads/AdPageList.aspx
SELECT * FROM AdSiteInfo  WHERE 1=1  AND [Id]='0'  
-------------end 2017/10/7 13:47:20-------------
-------------start 2017/10/7 13:47:20-------------/Admin/Ads/AdPageList.aspx
SELECT * FROM AdTypeInfo  WHERE 1=1  AND [Id]='0'  
-------------end 2017/10/7 13:47:20-------------
-------------start 2017/10/7 13:47:20-------------/Admin/Ads/AdPageList.aspx
SELECT * FROM AdSiteInfo  WHERE 1=1  AND [Id]='0'  
-------------end 2017/10/7 13:47:20-------------
-------------start 2017/10/7 13:47:20-------------/Admin/Ads/AdPageList.aspx
SELECT * FROM AdTypeInfo  WHERE 1=1  AND [Id]='0'  
-------------end 2017/10/7 13:47:20-------------
-------------start 2017/10/7 13:47:20-------------/Admin/Ads/AdPageList.aspx
SELECT * FROM AdSiteInfo  WHERE 1=1  AND [Id]='0'  
-------------end 2017/10/7 13:47:20-------------
-------------start 2017/10/7 13:47:20-------------/Admin/Ads/AdPageList.aspx
SELECT * FROM AccountInfo  WHERE 1=1  AND [Id]='24' 
 
-------------end 2017/10/7 13:47:20-------------
-------------start 2017/10/7 13:47:20-------------/Admin/Ads/AdPageList.aspx
SELECT * FROM AdTypeInfo  WHERE 1=1  AND [Id]='0'  
-------------end 2017/10/7 13:47:20-------------
-------------start 2017/10/7 13:47:20-------------/Admin/Ads/AdPageList.aspx
SELECT * FROM AdSiteInfo  WHERE 1=1  AND [Id]='0'  
-------------end 2017/10/7 13:47:20-------------
-------------start 2017/10/7 13:47:20-------------/Admin/Ads/AdPageList.aspx
SELECT * FROM AccountInfo  WHERE 1=1  AND [Id]='23' 
 
-------------end 2017/10/7 13:47:20-------------
-------------start 2017/10/7 13:47:20-------------/Admin/Ads/AdPageList.aspx
SELECT * FROM AdTypeInfo  WHERE 1=1  AND [Id]='0'  
-------------end 2017/10/7 13:47:20-------------
-------------start 2017/10/7 13:47:20-------------/Admin/Ads/AdPageList.aspx
SELECT * FROM AdSiteInfo  WHERE 1=1  AND [Id]='0'  
-------------end 2017/10/7 13:47:20-------------
-------------start 2017/10/7 13:47:20-------------/Admin/Ads/AdPageList.aspx
SELECT * FROM AccountInfo  WHERE 1=1  AND [Id]='22' 
 
-------------end 2017/10/7 13:47:20-------------
-------------start 2017/10/7 13:47:20-------------/Admin/Ads/AdPageList.aspx
SELECT * FROM AdTypeInfo  WHERE 1=1  AND [Id]='0'  
-------------end 2017/10/7 13:47:20-------------
-------------start 2017/10/7 13:47:20-------------/Admin/Ads/AdPageList.aspx
SELECT * FROM AdSiteInfo  WHERE 1=1  AND [Id]='0'  
-------------end 2017/10/7 13:47:20-------------
-------------start 2017/10/7 13:47:23-------------/Admin/Ads/AdPageEdit.aspx
SELECT * FROM AccountInfo  WHERE 1=1  AND UserType <> 100 
 
-------------end 2017/10/7 13:47:23-------------
-------------start 2017/10/7 13:47:35-------------/Admin/Ads/AdPageEdit.aspx
SELECT * FROM AdPageInfo  WHERE 1=1  AND [Id]='238'  
-------------end 2017/10/7 13:47:35-------------
-------------start 2017/10/7 13:47:35-------------/Admin/Ads/AdPageEdit.aspx
SELECT * FROM ArticleInfo  WHERE 1=1  
-------------end 2017/10/7 13:47:35-------------
-------------start 2017/10/7 13:47:35-------------/Admin/Ads/AdPageList.aspx
SELECT * FROM AccountInfo  WHERE 1=1  AND UserType <> 100 
 
-------------end 2017/10/7 13:47:35-------------
-------------start 2017/10/7 13:47:35-------------/Admin/Ads/AdPageList.aspx
SELECT * FROM AdTypeInfo  WHERE 1=1  
-------------end 2017/10/7 13:47:35-------------
-------------start 2017/10/7 13:47:35-------------/Admin/Ads/AdPageList.aspx
SELECT * FROM AdSiteInfo  WHERE 1=1  
-------------end 2017/10/7 13:47:35-------------
-------------start 2017/10/7 13:47:35-------------/Admin/Ads/AdPageList.aspx
SELECT TOP 10 * FROM [AdPageInfo]  WHERE 1=1  AND [IsDel]='0'  AND Id NOT IN (SELECT TOP 0 Id FROM [AdPageInfo]  WHERE 1=1  AND [IsDel]='0'   order by  id desc )   order by  id desc 
-------------end 2017/10/7 13:47:35-------------
-------------start 2017/10/7 13:47:35-------------/Admin/Ads/AdPageList.aspx
SELECT * FROM AdTypeInfo  WHERE 1=1  AND [Id]='0'  
-------------end 2017/10/7 13:47:35-------------
-------------start 2017/10/7 13:47:35-------------/Admin/Ads/AdPageList.aspx
SELECT * FROM AdSiteInfo  WHERE 1=1  AND [Id]='0'  
-------------end 2017/10/7 13:47:35-------------
-------------start 2017/10/7 13:47:35-------------/Admin/Ads/AdPageList.aspx
SELECT * FROM AdTypeInfo  WHERE 1=1  AND [Id]='0'  
-------------end 2017/10/7 13:47:35-------------
-------------start 2017/10/7 13:47:35-------------/Admin/Ads/AdPageList.aspx
SELECT * FROM AdSiteInfo  WHERE 1=1  AND [Id]='0'  
-------------end 2017/10/7 13:47:35-------------
-------------start 2017/10/7 13:47:35-------------/Admin/Ads/AdPageList.aspx
SELECT * FROM AdTypeInfo  WHERE 1=1  AND [Id]='0'  
-------------end 2017/10/7 13:47:35-------------
-------------start 2017/10/7 13:47:35-------------/Admin/Ads/AdPageList.aspx
SELECT * FROM AdSiteInfo  WHERE 1=1  AND [Id]='0'  
-------------end 2017/10/7 13:47:35-------------
-------------start 2017/10/7 13:47:35-------------/Admin/Ads/AdPageList.aspx
SELECT * FROM AdTypeInfo  WHERE 1=1  AND [Id]='0'  
-------------end 2017/10/7 13:47:35-------------
-------------start 2017/10/7 13:47:35-------------/Admin/Ads/AdPageList.aspx
SELECT * FROM AdSiteInfo  WHERE 1=1  AND [Id]='0'  
-------------end 2017/10/7 13:47:35-------------
-------------start 2017/10/7 13:47:35-------------/Admin/Ads/AdPageList.aspx
SELECT * FROM AdTypeInfo  WHERE 1=1  AND [Id]='0'  
-------------end 2017/10/7 13:47:35-------------
-------------start 2017/10/7 13:47:35-------------/Admin/Ads/AdPageList.aspx
SELECT * FROM AdSiteInfo  WHERE 1=1  AND [Id]='0'  
-------------end 2017/10/7 13:47:35-------------
-------------start 2017/10/7 13:47:35-------------/Admin/Ads/AdPageList.aspx
SELECT * FROM AdTypeInfo  WHERE 1=1  AND [Id]='0'  
-------------end 2017/10/7 13:47:35-------------
-------------start 2017/10/7 13:47:35-------------/Admin/Ads/AdPageList.aspx
SELECT * FROM AdSiteInfo  WHERE 1=1  AND [Id]='0'  
-------------end 2017/10/7 13:47:35-------------
-------------start 2017/10/7 13:47:35-------------/Admin/Ads/AdPageList.aspx
SELECT * FROM AdTypeInfo  WHERE 1=1  AND [Id]='0'  
-------------end 2017/10/7 13:47:35-------------
-------------start 2017/10/7 13:47:35-------------/Admin/Ads/AdPageList.aspx
SELECT * FROM AdSiteInfo  WHERE 1=1  AND [Id]='0'  
-------------end 2017/10/7 13:47:35-------------
-------------start 2017/10/7 13:47:35-------------/Admin/Ads/AdPageList.aspx
SELECT * FROM AdTypeInfo  WHERE 1=1  AND [Id]='0'  
-------------end 2017/10/7 13:47:35-------------
-------------start 2017/10/7 13:47:35-------------/Admin/Ads/AdPageList.aspx
SELECT * FROM AdSiteInfo  WHERE 1=1  AND [Id]='0'  
-------------end 2017/10/7 13:47:35-------------
-------------start 2017/10/7 13:47:35-------------/Admin/Ads/AdPageList.aspx
SELECT * FROM AdTypeInfo  WHERE 1=1  AND [Id]='0'  
-------------end 2017/10/7 13:47:35-------------
-------------start 2017/10/7 13:47:35-------------/Admin/Ads/AdPageList.aspx
SELECT * FROM AdSiteInfo  WHERE 1=1  AND [Id]='0'  
-------------end 2017/10/7 13:47:35-------------
-------------start 2017/10/7 13:47:35-------------/Admin/Ads/AdPageList.aspx
SELECT * FROM AdTypeInfo  WHERE 1=1  AND [Id]='0'  
-------------end 2017/10/7 13:47:35-------------
-------------start 2017/10/7 13:47:35-------------/Admin/Ads/AdPageList.aspx
SELECT * FROM AdSiteInfo  WHERE 1=1  AND [Id]='0'  
-------------end 2017/10/7 13:47:35-------------
