-------------start 2017/9/9 20:20:45-------------/Login.aspx
SELECT * FROM AccountInfo  WHERE 1=1  AND [UserName]='admin' 
 
-------------end 2017/9/9 20:20:45-------------
-------------start 2017/9/9 20:20:46-------------/Admin/Index.aspx
SELECT * FROM AccountInfo  WHERE 1=1  AND [UserName]='admin' 
 
-------------end 2017/9/9 20:20:46-------------
-------------start 2017/9/9 20:20:56-------------/Admin/Users/UserList.aspx
SELECT TOP 10 * FROM [AccountInfo]  WHERE 1=1 
 AND Id NOT IN (SELECT TOP 0 Id FROM [AccountInfo]  WHERE 1=1 
  order by  id desc )   order by  id desc 
-------------end 2017/9/9 20:20:56-------------
-------------start 2017/9/9 20:21:02-------------/Admin/Ads/AdPageList.aspx
SELECT * FROM AccountInfo  WHERE 1=1  AND UserType <> 100 
 
-------------end 2017/9/9 20:21:02-------------
-------------start 2017/9/9 20:21:02-------------/Admin/Ads/AdPageList.aspx
SELECT * FROM AdTypeInfo  WHERE 1=1  
-------------end 2017/9/9 20:21:02-------------
-------------start 2017/9/9 20:21:02-------------/Admin/Ads/AdPageList.aspx
SELECT * FROM AdSiteInfo  WHERE 1=1  
-------------end 2017/9/9 20:21:02-------------
-------------start 2017/9/9 20:21:02-------------/Admin/Ads/AdPageList.aspx
SELECT * FROM AdPageInfo  WHERE 1=1  
-------------end 2017/9/9 20:21:02-------------
-------------start 2017/9/9 20:21:02-------------/Admin/Ads/AdPageList.aspx
SELECT TOP 10 * FROM [AdPageInfo]  WHERE 1=1  AND [IsDel]='0'  AND Id NOT IN (SELECT TOP 0 Id FROM [AdPageInfo]  WHERE 1=1  AND [IsDel]='0'   order by  id desc )   order by  id desc 
-------------end 2017/9/9 20:21:02-------------
-------------start 2017/9/9 20:21:02-------------/Admin/Ads/AdPageList.aspx
SELECT * FROM AccountInfo  WHERE 1=1  AND [Id]='26' 
 
-------------end 2017/9/9 20:21:02-------------
-------------start 2017/9/9 20:21:02-------------/Admin/Ads/AdPageList.aspx
SELECT * FROM AdTypeInfo  WHERE 1=1  AND [Id]='0'  
-------------end 2017/9/9 20:21:02-------------
-------------start 2017/9/9 20:21:02-------------/Admin/Ads/AdPageList.aspx
SELECT * FROM AdSiteInfo  WHERE 1=1  AND [Id]='0'  
-------------end 2017/9/9 20:21:02-------------
-------------start 2017/9/9 20:21:02-------------/Admin/Ads/AdPageList.aspx
SELECT * FROM AdTypeInfo  WHERE 1=1  AND [Id]='0'  
-------------end 2017/9/9 20:21:02-------------
-------------start 2017/9/9 20:21:02-------------/Admin/Ads/AdPageList.aspx
SELECT * FROM AdSiteInfo  WHERE 1=1  AND [Id]='0'  
-------------end 2017/9/9 20:21:02-------------
-------------start 2017/9/9 20:21:02-------------/Admin/Ads/AdPageList.aspx
SELECT * FROM AdTypeInfo  WHERE 1=1  AND [Id]='0'  
-------------end 2017/9/9 20:21:02-------------
-------------start 2017/9/9 20:21:02-------------/Admin/Ads/AdPageList.aspx
SELECT * FROM AdSiteInfo  WHERE 1=1  AND [Id]='0'  
-------------end 2017/9/9 20:21:02-------------
-------------start 2017/9/9 20:21:02-------------/Admin/Ads/AdPageList.aspx
SELECT * FROM AccountInfo  WHERE 1=1  AND [Id]='25' 
 
-------------end 2017/9/9 20:21:02-------------
-------------start 2017/9/9 20:21:02-------------/Admin/Ads/AdPageList.aspx
SELECT * FROM AdTypeInfo  WHERE 1=1  AND [Id]='0'  
-------------end 2017/9/9 20:21:02-------------
-------------start 2017/9/9 20:21:02-------------/Admin/Ads/AdPageList.aspx
SELECT * FROM AdSiteInfo  WHERE 1=1  AND [Id]='0'  
-------------end 2017/9/9 20:21:02-------------
-------------start 2017/9/9 20:21:02-------------/Admin/Ads/AdPageList.aspx
SELECT * FROM AccountInfo  WHERE 1=1  AND [Id]='2' 
 
-------------end 2017/9/9 20:21:02-------------
-------------start 2017/9/9 20:21:02-------------/Admin/Ads/AdPageList.aspx
SELECT * FROM AdTypeInfo  WHERE 1=1  AND [Id]='0'  
-------------end 2017/9/9 20:21:02-------------
-------------start 2017/9/9 20:21:02-------------/Admin/Ads/AdPageList.aspx
SELECT * FROM AdSiteInfo  WHERE 1=1  AND [Id]='0'  
-------------end 2017/9/9 20:21:02-------------
-------------start 2017/9/9 20:21:02-------------/Admin/Ads/AdPageList.aspx
SELECT * FROM AdTypeInfo  WHERE 1=1  AND [Id]='0'  
-------------end 2017/9/9 20:21:02-------------
-------------start 2017/9/9 20:21:02-------------/Admin/Ads/AdPageList.aspx
SELECT * FROM AdSiteInfo  WHERE 1=1  AND [Id]='0'  
-------------end 2017/9/9 20:21:02-------------
-------------start 2017/9/9 20:21:02-------------/Admin/Ads/AdPageList.aspx
SELECT * FROM AdTypeInfo  WHERE 1=1  AND [Id]='0'  
-------------end 2017/9/9 20:21:02-------------
-------------start 2017/9/9 20:21:02-------------/Admin/Ads/AdPageList.aspx
SELECT * FROM AdSiteInfo  WHERE 1=1  AND [Id]='0'  
-------------end 2017/9/9 20:21:02-------------
-------------start 2017/9/9 20:21:02-------------/Admin/Ads/AdPageList.aspx
SELECT * FROM AccountInfo  WHERE 1=1  AND [Id]='24' 
 
-------------end 2017/9/9 20:21:02-------------
-------------start 2017/9/9 20:21:02-------------/Admin/Ads/AdPageList.aspx
SELECT * FROM AdTypeInfo  WHERE 1=1  AND [Id]='0'  
-------------end 2017/9/9 20:21:02-------------
-------------start 2017/9/9 20:21:02-------------/Admin/Ads/AdPageList.aspx
SELECT * FROM AdSiteInfo  WHERE 1=1  AND [Id]='0'  
-------------end 2017/9/9 20:21:02-------------
-------------start 2017/9/9 20:21:02-------------/Admin/Ads/AdPageList.aspx
SELECT * FROM AccountInfo  WHERE 1=1  AND [Id]='23' 
 
-------------end 2017/9/9 20:21:02-------------
-------------start 2017/9/9 20:21:02-------------/Admin/Ads/AdPageList.aspx
SELECT * FROM AdTypeInfo  WHERE 1=1  AND [Id]='0'  
-------------end 2017/9/9 20:21:02-------------
-------------start 2017/9/9 20:21:02-------------/Admin/Ads/AdPageList.aspx
SELECT * FROM AdSiteInfo  WHERE 1=1  AND [Id]='0'  
-------------end 2017/9/9 20:21:02-------------
-------------start 2017/9/9 20:21:02-------------/Admin/Ads/AdPageList.aspx
SELECT * FROM AccountInfo  WHERE 1=1  AND [Id]='22' 
 
-------------end 2017/9/9 20:21:02-------------
-------------start 2017/9/9 20:21:02-------------/Admin/Ads/AdPageList.aspx
SELECT * FROM AdTypeInfo  WHERE 1=1  AND [Id]='0'  
-------------end 2017/9/9 20:21:02-------------
-------------start 2017/9/9 20:21:02-------------/Admin/Ads/AdPageList.aspx
SELECT * FROM AdSiteInfo  WHERE 1=1  AND [Id]='0'  
-------------end 2017/9/9 20:21:02-------------
-------------start 2017/9/9 20:21:09-------------/Login.aspx
SELECT * FROM AccountInfo  WHERE 1=1  AND [UserName]='viptest1' 
 
-------------end 2017/9/9 20:21:09-------------
-------------start 2017/9/9 20:21:11-------------/Login.aspx
SELECT * FROM AccountInfo  WHERE 1=1  AND [UserName]='viptest1' 
 
-------------end 2017/9/9 20:21:11-------------
-------------start 2017/9/9 20:21:12-------------/AccVir/Index.aspx
SELECT TOP 10 * FROM [AdPageInfo]  WHERE 1=1  AND [UserId]='26'  AND Id NOT IN (SELECT TOP 0 Id FROM [AdPageInfo]  WHERE 1=1  AND [UserId]='26'  )  
-------------end 2017/9/9 20:21:12-------------
-------------start 2017/9/9 20:21:25-------------/AccVir/Index.aspx
SELECT TOP 10 * FROM [AdPageInfo]  WHERE 1=1  AND [UserId]='26'  AND Id NOT IN (SELECT TOP 0 Id FROM [AdPageInfo]  WHERE 1=1  AND [UserId]='26'  )  
-------------end 2017/9/9 20:21:25-------------
-------------start 2017/9/9 20:21:46-------------/AccVir/Index.aspx
SELECT TOP 10 * FROM [AdPageInfo]  WHERE 1=1  AND [UserId]='26'  AND Id NOT IN (SELECT TOP 0 Id FROM [AdPageInfo]  WHERE 1=1  AND [UserId]='26'  )  
-------------end 2017/9/9 20:21:46-------------
