-------------start 2017/8/21 13:55:44-------------/Login.aspx
SELECT * FROM AccountInfo  WHERE 1=1  AND [UserName]='admin' 
 
-------------end 2017/8/21 13:55:44-------------
-------------start 2017/8/21 13:55:44-------------/Admin/Index.aspx
SELECT * FROM AccountInfo  WHERE 1=1  AND [UserName]='admin' 
 
-------------end 2017/8/21 13:55:44-------------
-------------start 2017/8/21 13:55:54-------------/Admin/Ads/AdPageList.aspx
SELECT * FROM AccountInfo  WHERE 1=1  AND UserType <> 100 
 
-------------end 2017/8/21 13:55:54-------------
-------------start 2017/8/21 13:55:54-------------/Admin/Ads/AdPageList.aspx
SELECT * FROM AdTypeInfo  WHERE 1=1  
-------------end 2017/8/21 13:55:54-------------
-------------start 2017/8/21 13:55:54-------------/Admin/Ads/AdPageList.aspx
SELECT * FROM AdSiteInfo  WHERE 1=1  
-------------end 2017/8/21 13:55:54-------------
-------------start 2017/8/21 13:55:54-------------/Admin/Ads/AdPageList.aspx
SELECT * FROM AdPageInfo  WHERE 1=1  
-------------end 2017/8/21 13:55:54-------------
-------------start 2017/8/21 13:55:54-------------/Admin/Ads/AdPageList.aspx
SELECT TOP 10 * FROM [AdPageInfo]  WHERE 1=1  AND [IsDel]='0'  AND Id NOT IN (SELECT TOP 0 Id FROM [AdPageInfo]  WHERE 1=1  AND [IsDel]='0'   order by  id desc )   order by  id desc 
-------------end 2017/8/21 13:55:54-------------
-------------start 2017/8/21 13:55:54-------------/Admin/Ads/AdPageList.aspx
SELECT * FROM AccountInfo  WHERE 1=1  AND [Id]='24' 
 
-------------end 2017/8/21 13:55:54-------------
-------------start 2017/8/21 13:55:54-------------/Admin/Ads/AdPageList.aspx
SELECT * FROM AdTypeInfo  WHERE 1=1  AND [Id]='0'  
-------------end 2017/8/21 13:55:54-------------
-------------start 2017/8/21 13:55:54-------------/Admin/Ads/AdPageList.aspx
SELECT * FROM AdSiteInfo  WHERE 1=1  AND [Id]='0'  
-------------end 2017/8/21 13:55:54-------------
-------------start 2017/8/21 13:55:54-------------/Admin/Ads/AdPageList.aspx
SELECT * FROM AccountInfo  WHERE 1=1  AND [Id]='23' 
 
-------------end 2017/8/21 13:55:54-------------
-------------start 2017/8/21 13:55:54-------------/Admin/Ads/AdPageList.aspx
SELECT * FROM AdTypeInfo  WHERE 1=1  AND [Id]='0'  
-------------end 2017/8/21 13:55:54-------------
-------------start 2017/8/21 13:55:54-------------/Admin/Ads/AdPageList.aspx
SELECT * FROM AdSiteInfo  WHERE 1=1  AND [Id]='0'  
-------------end 2017/8/21 13:55:54-------------
-------------start 2017/8/21 13:55:54-------------/Admin/Ads/AdPageList.aspx
SELECT * FROM AccountInfo  WHERE 1=1  AND [Id]='22' 
 
-------------end 2017/8/21 13:55:54-------------
-------------start 2017/8/21 13:55:54-------------/Admin/Ads/AdPageList.aspx
SELECT * FROM AdTypeInfo  WHERE 1=1  AND [Id]='0'  
-------------end 2017/8/21 13:55:54-------------
-------------start 2017/8/21 13:55:54-------------/Admin/Ads/AdPageList.aspx
SELECT * FROM AdSiteInfo  WHERE 1=1  AND [Id]='0'  
-------------end 2017/8/21 13:55:54-------------
-------------start 2017/8/21 13:55:54-------------/Admin/Ads/AdPageList.aspx
SELECT * FROM AccountInfo  WHERE 1=1  AND [Id]='21' 
 
-------------end 2017/8/21 13:55:54-------------
-------------start 2017/8/21 13:55:54-------------/Admin/Ads/AdPageList.aspx
SELECT * FROM AdTypeInfo  WHERE 1=1  AND [Id]='0'  
-------------end 2017/8/21 13:55:54-------------
-------------start 2017/8/21 13:55:54-------------/Admin/Ads/AdPageList.aspx
SELECT * FROM AdSiteInfo  WHERE 1=1  AND [Id]='0'  
-------------end 2017/8/21 13:55:54-------------
-------------start 2017/8/21 13:55:54-------------/Admin/Ads/AdPageList.aspx
SELECT * FROM AccountInfo  WHERE 1=1  AND [Id]='2' 
 
-------------end 2017/8/21 13:55:54-------------
-------------start 2017/8/21 13:55:54-------------/Admin/Ads/AdPageList.aspx
SELECT * FROM AdTypeInfo  WHERE 1=1  AND [Id]='0'  
-------------end 2017/8/21 13:55:54-------------
-------------start 2017/8/21 13:55:54-------------/Admin/Ads/AdPageList.aspx
SELECT * FROM AdSiteInfo  WHERE 1=1  AND [Id]='0'  
-------------end 2017/8/21 13:55:54-------------
-------------start 2017/8/21 13:55:54-------------/Admin/Ads/AdPageList.aspx
SELECT * FROM AccountInfo  WHERE 1=1  AND [Id]='20' 
 
-------------end 2017/8/21 13:55:54-------------
-------------start 2017/8/21 13:55:54-------------/Admin/Ads/AdPageList.aspx
SELECT * FROM AdTypeInfo  WHERE 1=1  AND [Id]='0'  
-------------end 2017/8/21 13:55:54-------------
-------------start 2017/8/21 13:55:54-------------/Admin/Ads/AdPageList.aspx
SELECT * FROM AdSiteInfo  WHERE 1=1  AND [Id]='0'  
-------------end 2017/8/21 13:55:54-------------
-------------start 2017/8/21 13:55:54-------------/Admin/Ads/AdPageList.aspx
SELECT * FROM AccountInfo  WHERE 1=1  AND [Id]='19' 
 
-------------end 2017/8/21 13:55:54-------------
-------------start 2017/8/21 13:55:54-------------/Admin/Ads/AdPageList.aspx
SELECT * FROM AdTypeInfo  WHERE 1=1  AND [Id]='0'  
-------------end 2017/8/21 13:55:54-------------
-------------start 2017/8/21 13:55:54-------------/Admin/Ads/AdPageList.aspx
SELECT * FROM AdSiteInfo  WHERE 1=1  AND [Id]='0'  
-------------end 2017/8/21 13:55:54-------------
-------------start 2017/8/21 13:55:54-------------/Admin/Ads/AdPageList.aspx
SELECT * FROM AccountInfo  WHERE 1=1  AND [Id]='17' 
 
-------------end 2017/8/21 13:55:54-------------
-------------start 2017/8/21 13:55:54-------------/Admin/Ads/AdPageList.aspx
SELECT * FROM AdTypeInfo  WHERE 1=1  AND [Id]='0'  
-------------end 2017/8/21 13:55:54-------------
-------------start 2017/8/21 13:55:54-------------/Admin/Ads/AdPageList.aspx
SELECT * FROM AdSiteInfo  WHERE 1=1  AND [Id]='0'  
-------------end 2017/8/21 13:55:54-------------
-------------start 2017/8/21 13:55:54-------------/Admin/Ads/AdPageList.aspx
SELECT * FROM AccountInfo  WHERE 1=1  AND [Id]='13' 
 
-------------end 2017/8/21 13:55:54-------------
-------------start 2017/8/21 13:55:54-------------/Admin/Ads/AdPageList.aspx
SELECT * FROM AdTypeInfo  WHERE 1=1  AND [Id]='0'  
-------------end 2017/8/21 13:55:54-------------
-------------start 2017/8/21 13:55:54-------------/Admin/Ads/AdPageList.aspx
SELECT * FROM AdSiteInfo  WHERE 1=1  AND [Id]='0'  
-------------end 2017/8/21 13:55:54-------------
-------------start 2017/8/21 13:55:54-------------/Admin/Ads/AdPageList.aspx
SELECT * FROM AdTypeInfo  WHERE 1=1  AND [Id]='0'  
-------------end 2017/8/21 13:55:54-------------
-------------start 2017/8/21 13:55:54-------------/Admin/Ads/AdPageList.aspx
SELECT * FROM AdSiteInfo  WHERE 1=1  AND [Id]='0'  
-------------end 2017/8/21 13:55:54-------------
-------------start 2017/8/21 13:55:58-------------/Admin/Ads/AdPageEdit.aspx
SELECT * FROM AccountInfo  WHERE 1=1  AND UserType <> 100 
 
-------------end 2017/8/21 13:55:58-------------
-------------start 2017/8/21 13:56:18-------------/Admin/Ads/AdPageEdit.aspx
SELECT * FROM AdPageInfo  WHERE 1=1  AND [Id]='231'  
-------------end 2017/8/21 13:56:18-------------
-------------start 2017/8/21 13:56:18-------------/Admin/Ads/AdPageEdit.aspx
SELECT * FROM ArticleInfo  WHERE 1=1  
-------------end 2017/8/21 13:56:18-------------
-------------start 2017/8/21 13:56:18-------------/Admin/Ads/AdPageList.aspx
SELECT * FROM AccountInfo  WHERE 1=1  AND UserType <> 100 
 
-------------end 2017/8/21 13:56:18-------------
-------------start 2017/8/21 13:56:18-------------/Admin/Ads/AdPageList.aspx
SELECT * FROM AdTypeInfo  WHERE 1=1  
-------------end 2017/8/21 13:56:18-------------
-------------start 2017/8/21 13:56:18-------------/Admin/Ads/AdPageList.aspx
SELECT * FROM AdSiteInfo  WHERE 1=1  
-------------end 2017/8/21 13:56:18-------------
-------------start 2017/8/21 13:56:18-------------/Admin/Ads/AdPageList.aspx
SELECT TOP 10 * FROM [AdPageInfo]  WHERE 1=1  AND [IsDel]='0'  AND Id NOT IN (SELECT TOP 0 Id FROM [AdPageInfo]  WHERE 1=1  AND [IsDel]='0'   order by  id desc )   order by  id desc 
-------------end 2017/8/21 13:56:18-------------
-------------start 2017/8/21 13:56:18-------------/Admin/Ads/AdPageList.aspx
SELECT * FROM AdTypeInfo  WHERE 1=1  AND [Id]='0'  
-------------end 2017/8/21 13:56:18-------------
-------------start 2017/8/21 13:56:18-------------/Admin/Ads/AdPageList.aspx
SELECT * FROM AdSiteInfo  WHERE 1=1  AND [Id]='0'  
-------------end 2017/8/21 13:56:18-------------
-------------start 2017/8/21 13:56:18-------------/Admin/Ads/AdPageList.aspx
SELECT * FROM AdTypeInfo  WHERE 1=1  AND [Id]='0'  
-------------end 2017/8/21 13:56:18-------------
-------------start 2017/8/21 13:56:18-------------/Admin/Ads/AdPageList.aspx
SELECT * FROM AdSiteInfo  WHERE 1=1  AND [Id]='0'  
-------------end 2017/8/21 13:56:18-------------
-------------start 2017/8/21 13:56:18-------------/Admin/Ads/AdPageList.aspx
SELECT * FROM AdTypeInfo  WHERE 1=1  AND [Id]='0'  
-------------end 2017/8/21 13:56:18-------------
-------------start 2017/8/21 13:56:18-------------/Admin/Ads/AdPageList.aspx
SELECT * FROM AdSiteInfo  WHERE 1=1  AND [Id]='0'  
-------------end 2017/8/21 13:56:18-------------
-------------start 2017/8/21 13:56:18-------------/Admin/Ads/AdPageList.aspx
SELECT * FROM AdTypeInfo  WHERE 1=1  AND [Id]='0'  
-------------end 2017/8/21 13:56:18-------------
-------------start 2017/8/21 13:56:18-------------/Admin/Ads/AdPageList.aspx
SELECT * FROM AdSiteInfo  WHERE 1=1  AND [Id]='0'  
-------------end 2017/8/21 13:56:18-------------
-------------start 2017/8/21 13:56:18-------------/Admin/Ads/AdPageList.aspx
SELECT * FROM AdTypeInfo  WHERE 1=1  AND [Id]='0'  
-------------end 2017/8/21 13:56:18-------------
-------------start 2017/8/21 13:56:18-------------/Admin/Ads/AdPageList.aspx
SELECT * FROM AdSiteInfo  WHERE 1=1  AND [Id]='0'  
-------------end 2017/8/21 13:56:18-------------
-------------start 2017/8/21 13:56:18-------------/Admin/Ads/AdPageList.aspx
SELECT * FROM AdTypeInfo  WHERE 1=1  AND [Id]='0'  
-------------end 2017/8/21 13:56:18-------------
-------------start 2017/8/21 13:56:18-------------/Admin/Ads/AdPageList.aspx
SELECT * FROM AdSiteInfo  WHERE 1=1  AND [Id]='0'  
-------------end 2017/8/21 13:56:18-------------
-------------start 2017/8/21 13:56:18-------------/Admin/Ads/AdPageList.aspx
SELECT * FROM AdTypeInfo  WHERE 1=1  AND [Id]='0'  
-------------end 2017/8/21 13:56:18-------------
-------------start 2017/8/21 13:56:18-------------/Admin/Ads/AdPageList.aspx
SELECT * FROM AdSiteInfo  WHERE 1=1  AND [Id]='0'  
-------------end 2017/8/21 13:56:18-------------
-------------start 2017/8/21 13:56:18-------------/Admin/Ads/AdPageList.aspx
SELECT * FROM AdTypeInfo  WHERE 1=1  AND [Id]='0'  
-------------end 2017/8/21 13:56:18-------------
-------------start 2017/8/21 13:56:18-------------/Admin/Ads/AdPageList.aspx
SELECT * FROM AdSiteInfo  WHERE 1=1  AND [Id]='0'  
-------------end 2017/8/21 13:56:18-------------
-------------start 2017/8/21 13:56:18-------------/Admin/Ads/AdPageList.aspx
SELECT * FROM AdTypeInfo  WHERE 1=1  AND [Id]='0'  
-------------end 2017/8/21 13:56:18-------------
-------------start 2017/8/21 13:56:18-------------/Admin/Ads/AdPageList.aspx
SELECT * FROM AdSiteInfo  WHERE 1=1  AND [Id]='0'  
-------------end 2017/8/21 13:56:18-------------
-------------start 2017/8/21 13:56:18-------------/Admin/Ads/AdPageList.aspx
SELECT * FROM AdTypeInfo  WHERE 1=1  AND [Id]='0'  
-------------end 2017/8/21 13:56:18-------------
-------------start 2017/8/21 13:56:18-------------/Admin/Ads/AdPageList.aspx
SELECT * FROM AdSiteInfo  WHERE 1=1  AND [Id]='0'  
-------------end 2017/8/21 13:56:18-------------
-------------start 2017/8/21 13:56:20-------------/Admin/Ads/AdPageEdit.aspx?id=231
SELECT * FROM AccountInfo  WHERE 1=1  AND UserType <> 100 
 
-------------end 2017/8/21 13:56:20-------------
-------------start 2017/8/21 13:56:20-------------/Admin/Ads/AdPageEdit.aspx?id=231
SELECT * FROM AdPageInfo  WHERE 1=1  AND [Id]='231'  
-------------end 2017/8/21 13:56:20-------------
-------------start 2017/8/21 13:56:27-------------/Admin/Ads/AdPageEdit.aspx?id=231
SELECT * FROM AccountInfo  WHERE 1=1  AND UserType <> 100 
 
-------------end 2017/8/21 13:56:27-------------
-------------start 2017/8/21 13:56:27-------------/Admin/Ads/AdPageEdit.aspx?id=231
SELECT * FROM AdPageInfo  WHERE 1=1  AND [Id]='231'  
-------------end 2017/8/21 13:56:27-------------
-------------start 2017/8/21 13:57:33-------------/Login.aspx
SELECT * FROM AccountInfo  WHERE 1=1  AND [UserName]='admin' 
 
-------------end 2017/8/21 13:57:33-------------
-------------start 2017/8/21 13:57:33-------------/Admin/Index.aspx
SELECT * FROM AccountInfo  WHERE 1=1  AND [UserName]='admin' 
 
-------------end 2017/8/21 13:57:33-------------
-------------start 2017/8/21 13:57:48-------------/Admin/Ads/AdPageList.aspx
SELECT * FROM AccountInfo  WHERE 1=1  AND UserType <> 100 
 
-------------end 2017/8/21 13:57:48-------------
-------------start 2017/8/21 13:57:48-------------/Admin/Ads/AdPageList.aspx
SELECT * FROM AdTypeInfo  WHERE 1=1  
-------------end 2017/8/21 13:57:48-------------
-------------start 2017/8/21 13:57:48-------------/Admin/Ads/AdPageList.aspx
SELECT * FROM AdSiteInfo  WHERE 1=1  
-------------end 2017/8/21 13:57:48-------------
-------------start 2017/8/21 13:57:48-------------/Admin/Ads/AdPageList.aspx
SELECT * FROM AdPageInfo  WHERE 1=1  
-------------end 2017/8/21 13:57:48-------------
-------------start 2017/8/21 13:57:48-------------/Admin/Ads/AdPageList.aspx
SELECT TOP 10 * FROM [AdPageInfo]  WHERE 1=1  AND [IsDel]='0'  AND Id NOT IN (SELECT TOP 0 Id FROM [AdPageInfo]  WHERE 1=1  AND [IsDel]='0'   order by  id desc )   order by  id desc 
-------------end 2017/8/21 13:57:48-------------
-------------start 2017/8/21 13:57:48-------------/Admin/Ads/AdPageList.aspx
SELECT * FROM AccountInfo  WHERE 1=1  AND [Id]='2' 
 
-------------end 2017/8/21 13:57:48-------------
-------------start 2017/8/21 13:57:48-------------/Admin/Ads/AdPageList.aspx
SELECT * FROM AdTypeInfo  WHERE 1=1  AND [Id]='0'  
-------------end 2017/8/21 13:57:48-------------
-------------start 2017/8/21 13:57:48-------------/Admin/Ads/AdPageList.aspx
SELECT * FROM AdSiteInfo  WHERE 1=1  AND [Id]='0'  
-------------end 2017/8/21 13:57:48-------------
-------------start 2017/8/21 13:57:48-------------/Admin/Ads/AdPageList.aspx
SELECT * FROM AccountInfo  WHERE 1=1  AND [Id]='24' 
 
-------------end 2017/8/21 13:57:48-------------
-------------start 2017/8/21 13:57:48-------------/Admin/Ads/AdPageList.aspx
SELECT * FROM AdTypeInfo  WHERE 1=1  AND [Id]='0'  
-------------end 2017/8/21 13:57:48-------------
-------------start 2017/8/21 13:57:48-------------/Admin/Ads/AdPageList.aspx
SELECT * FROM AdSiteInfo  WHERE 1=1  AND [Id]='0'  
-------------end 2017/8/21 13:57:48-------------
-------------start 2017/8/21 13:57:48-------------/Admin/Ads/AdPageList.aspx
SELECT * FROM AccountInfo  WHERE 1=1  AND [Id]='23' 
 
-------------end 2017/8/21 13:57:48-------------
-------------start 2017/8/21 13:57:48-------------/Admin/Ads/AdPageList.aspx
SELECT * FROM AdTypeInfo  WHERE 1=1  AND [Id]='0'  
-------------end 2017/8/21 13:57:48-------------
-------------start 2017/8/21 13:57:48-------------/Admin/Ads/AdPageList.aspx
SELECT * FROM AdSiteInfo  WHERE 1=1  AND [Id]='0'  
-------------end 2017/8/21 13:57:48-------------
-------------start 2017/8/21 13:57:48-------------/Admin/Ads/AdPageList.aspx
SELECT * FROM AccountInfo  WHERE 1=1  AND [Id]='22' 
 
-------------end 2017/8/21 13:57:48-------------
-------------start 2017/8/21 13:57:48-------------/Admin/Ads/AdPageList.aspx
SELECT * FROM AdTypeInfo  WHERE 1=1  AND [Id]='0'  
-------------end 2017/8/21 13:57:48-------------
-------------start 2017/8/21 13:57:48-------------/Admin/Ads/AdPageList.aspx
SELECT * FROM AdSiteInfo  WHERE 1=1  AND [Id]='0'  
-------------end 2017/8/21 13:57:48-------------
-------------start 2017/8/21 13:57:48-------------/Admin/Ads/AdPageList.aspx
SELECT * FROM AccountInfo  WHERE 1=1  AND [Id]='21' 
 
-------------end 2017/8/21 13:57:48-------------
-------------start 2017/8/21 13:57:48-------------/Admin/Ads/AdPageList.aspx
SELECT * FROM AdTypeInfo  WHERE 1=1  AND [Id]='0'  
-------------end 2017/8/21 13:57:48-------------
-------------start 2017/8/21 13:57:48-------------/Admin/Ads/AdPageList.aspx
SELECT * FROM AdSiteInfo  WHERE 1=1  AND [Id]='0'  
-------------end 2017/8/21 13:57:48-------------
-------------start 2017/8/21 13:57:48-------------/Admin/Ads/AdPageList.aspx
SELECT * FROM AdTypeInfo  WHERE 1=1  AND [Id]='0'  
-------------end 2017/8/21 13:57:48-------------
-------------start 2017/8/21 13:57:48-------------/Admin/Ads/AdPageList.aspx
SELECT * FROM AdSiteInfo  WHERE 1=1  AND [Id]='0'  
-------------end 2017/8/21 13:57:48-------------
-------------start 2017/8/21 13:57:48-------------/Admin/Ads/AdPageList.aspx
SELECT * FROM AccountInfo  WHERE 1=1  AND [Id]='20' 
 
-------------end 2017/8/21 13:57:48-------------
-------------start 2017/8/21 13:57:48-------------/Admin/Ads/AdPageList.aspx
SELECT * FROM AdTypeInfo  WHERE 1=1  AND [Id]='0'  
-------------end 2017/8/21 13:57:48-------------
-------------start 2017/8/21 13:57:48-------------/Admin/Ads/AdPageList.aspx
SELECT * FROM AdSiteInfo  WHERE 1=1  AND [Id]='0'  
-------------end 2017/8/21 13:57:48-------------
-------------start 2017/8/21 13:57:48-------------/Admin/Ads/AdPageList.aspx
SELECT * FROM AccountInfo  WHERE 1=1  AND [Id]='19' 
 
-------------end 2017/8/21 13:57:48-------------
-------------start 2017/8/21 13:57:48-------------/Admin/Ads/AdPageList.aspx
SELECT * FROM AdTypeInfo  WHERE 1=1  AND [Id]='0'  
-------------end 2017/8/21 13:57:48-------------
-------------start 2017/8/21 13:57:48-------------/Admin/Ads/AdPageList.aspx
SELECT * FROM AdSiteInfo  WHERE 1=1  AND [Id]='0'  
-------------end 2017/8/21 13:57:48-------------
-------------start 2017/8/21 13:57:48-------------/Admin/Ads/AdPageList.aspx
SELECT * FROM AccountInfo  WHERE 1=1  AND [Id]='17' 
 
-------------end 2017/8/21 13:57:48-------------
-------------start 2017/8/21 13:57:48-------------/Admin/Ads/AdPageList.aspx
SELECT * FROM AdTypeInfo  WHERE 1=1  AND [Id]='0'  
-------------end 2017/8/21 13:57:48-------------
-------------start 2017/8/21 13:57:48-------------/Admin/Ads/AdPageList.aspx
SELECT * FROM AdSiteInfo  WHERE 1=1  AND [Id]='0'  
-------------end 2017/8/21 13:57:48-------------
-------------start 2017/8/21 13:57:48-------------/Admin/Ads/AdPageList.aspx
SELECT * FROM AccountInfo  WHERE 1=1  AND [Id]='13' 
 
-------------end 2017/8/21 13:57:48-------------
-------------start 2017/8/21 13:57:48-------------/Admin/Ads/AdPageList.aspx
SELECT * FROM AdTypeInfo  WHERE 1=1  AND [Id]='0'  
-------------end 2017/8/21 13:57:48-------------
-------------start 2017/8/21 13:57:48-------------/Admin/Ads/AdPageList.aspx
SELECT * FROM AdSiteInfo  WHERE 1=1  AND [Id]='0'  
-------------end 2017/8/21 13:57:48-------------
-------------start 2017/8/21 13:57:52-------------/Admin/Ads/AdPageEdit.aspx?id=231
SELECT * FROM AccountInfo  WHERE 1=1  AND UserType <> 100 
 
-------------end 2017/8/21 13:57:52-------------
-------------start 2017/8/21 13:57:52-------------/Admin/Ads/AdPageEdit.aspx?id=231
SELECT * FROM AdPageInfo  WHERE 1=1  AND [Id]='231'  
-------------end 2017/8/21 13:57:52-------------
