-------------start 2017/8/17 17:01:21-------------/Login.aspx
SELECT * FROM AccountInfo  WHERE 1=1  AND [UserName]='viphxc040' 
 
-------------end 2017/8/17 17:01:21-------------
-------------start 2017/8/17 17:01:22-------------/AccVir/Index.aspx
SELECT * FROM AccountInfo  WHERE 1=1  AND [UserName]='viphxc040' 
 
-------------end 2017/8/17 17:01:22-------------
-------------start 2017/8/17 17:01:22-------------/AccVir/Index.aspx
SELECT * FROM AdPageInfo  WHERE 1=1  
-------------end 2017/8/17 17:01:22-------------
-------------start 2017/8/17 17:01:23-------------/AccVir/Index.aspx
SELECT TOP 10 * FROM [AdPageInfo]  WHERE 1=1  AND [UserId]='21'  AND Id NOT IN (SELECT TOP 0 Id FROM [AdPageInfo]  WHERE 1=1  AND [UserId]='21'  )  
-------------end 2017/8/17 17:01:23-------------
-------------start 2017/8/17 17:01:32-------------/Login.aspx
SELECT * FROM AccountInfo  WHERE 1=1  AND [UserName]='viphxc040' 
 
-------------end 2017/8/17 17:01:32-------------
-------------start 2017/8/17 17:01:32-------------/AccVir/Index.aspx
SELECT TOP 10 * FROM [AdPageInfo]  WHERE 1=1  AND [UserId]='21'  AND Id NOT IN (SELECT TOP 0 Id FROM [AdPageInfo]  WHERE 1=1  AND [UserId]='21'  )  
-------------end 2017/8/17 17:01:32-------------
-------------start 2017/8/17 17:02:55-------------/AccVir/Index.aspx
SELECT * FROM AccountInfo  WHERE 1=1  AND [UserName]='viphxc040' 
 
-------------end 2017/8/17 17:02:55-------------
-------------start 2017/8/17 17:02:55-------------/AccVir/Index.aspx
SELECT * FROM AdPageInfo  WHERE 1=1  
-------------end 2017/8/17 17:02:55-------------
-------------start 2017/8/17 17:02:56-------------/AccVir/Index.aspx
SELECT TOP 10 * FROM [AdPageInfo]  WHERE 1=1  AND [UserId]='21'  AND Id NOT IN (SELECT TOP 0 Id FROM [AdPageInfo]  WHERE 1=1  AND [UserId]='21'  )  
-------------end 2017/8/17 17:02:56-------------
-------------start 2017/8/17 17:31:46-------------/Login.aspx
SELECT * FROM AccountInfo  WHERE 1=1  AND [UserName]='admin' 
 
-------------end 2017/8/17 17:31:46-------------
-------------start 2017/8/17 17:31:48-------------/Admin/Index.aspx
SELECT * FROM AccountInfo  WHERE 1=1  AND [UserName]='admin' 
 
-------------end 2017/8/17 17:31:48-------------
-------------start 2017/8/17 17:31:50-------------/Admin/Users/UserList.aspx
SELECT TOP 10 * FROM [AccountInfo]  WHERE 1=1 
 AND Id NOT IN (SELECT TOP 0 Id FROM [AccountInfo]  WHERE 1=1 
  order by  id desc )   order by  id desc 
-------------end 2017/8/17 17:31:50-------------
-------------start 2017/8/17 17:32:05-------------/Admin/Users/UserEdit.aspx
SELECT * FROM AccountInfo  WHERE 1=1  AND [UserName]='vipdz001' 
 
-------------end 2017/8/17 17:32:05-------------
-------------start 2017/8/17 17:32:05-------------/Admin/Users/UserList.aspx
SELECT TOP 10 * FROM [AccountInfo]  WHERE 1=1 
 AND Id NOT IN (SELECT TOP 0 Id FROM [AccountInfo]  WHERE 1=1 
  order by  id desc )   order by  id desc 
-------------end 2017/8/17 17:32:05-------------
-------------start 2017/8/17 17:32:14-------------/Admin/Ads/AdPageList.aspx
SELECT * FROM AccountInfo  WHERE 1=1  AND UserType <> 100 
 
-------------end 2017/8/17 17:32:14-------------
-------------start 2017/8/17 17:32:14-------------/Admin/Ads/AdPageList.aspx
SELECT * FROM AdTypeInfo  WHERE 1=1  
-------------end 2017/8/17 17:32:14-------------
-------------start 2017/8/17 17:32:14-------------/Admin/Ads/AdPageList.aspx
SELECT * FROM AdSiteInfo  WHERE 1=1  
-------------end 2017/8/17 17:32:14-------------
-------------start 2017/8/17 17:32:14-------------/Admin/Ads/AdPageList.aspx
SELECT * FROM AdPageInfo  WHERE 1=1  
-------------end 2017/8/17 17:32:14-------------
-------------start 2017/8/17 17:32:14-------------/Admin/Ads/AdPageList.aspx
SELECT TOP 10 * FROM [AdPageInfo]  WHERE 1=1  AND [IsDel]='0'  AND Id NOT IN (SELECT TOP 0 Id FROM [AdPageInfo]  WHERE 1=1  AND [IsDel]='0'   order by  id desc )   order by  id desc 
-------------end 2017/8/17 17:32:14-------------
-------------start 2017/8/17 17:32:14-------------/Admin/Ads/AdPageList.aspx
SELECT * FROM AccountInfo  WHERE 1=1  AND [Id]='21' 
 
-------------end 2017/8/17 17:32:14-------------
-------------start 2017/8/17 17:32:14-------------/Admin/Ads/AdPageList.aspx
SELECT * FROM AdTypeInfo  WHERE 1=1  AND [Id]='0'  
-------------end 2017/8/17 17:32:14-------------
-------------start 2017/8/17 17:32:14-------------/Admin/Ads/AdPageList.aspx
SELECT * FROM AdSiteInfo  WHERE 1=1  AND [Id]='0'  
-------------end 2017/8/17 17:32:14-------------
-------------start 2017/8/17 17:32:14-------------/Admin/Ads/AdPageList.aspx
SELECT * FROM AccountInfo  WHERE 1=1  AND [Id]='2' 
 
-------------end 2017/8/17 17:32:14-------------
-------------start 2017/8/17 17:32:14-------------/Admin/Ads/AdPageList.aspx
SELECT * FROM AdTypeInfo  WHERE 1=1  AND [Id]='0'  
-------------end 2017/8/17 17:32:14-------------
-------------start 2017/8/17 17:32:14-------------/Admin/Ads/AdPageList.aspx
SELECT * FROM AdSiteInfo  WHERE 1=1  AND [Id]='0'  
-------------end 2017/8/17 17:32:14-------------
-------------start 2017/8/17 17:32:14-------------/Admin/Ads/AdPageList.aspx
SELECT * FROM AccountInfo  WHERE 1=1  AND [Id]='20' 
 
-------------end 2017/8/17 17:32:14-------------
-------------start 2017/8/17 17:32:14-------------/Admin/Ads/AdPageList.aspx
SELECT * FROM AdTypeInfo  WHERE 1=1  AND [Id]='0'  
-------------end 2017/8/17 17:32:14-------------
-------------start 2017/8/17 17:32:14-------------/Admin/Ads/AdPageList.aspx
SELECT * FROM AdSiteInfo  WHERE 1=1  AND [Id]='0'  
-------------end 2017/8/17 17:32:14-------------
-------------start 2017/8/17 17:32:14-------------/Admin/Ads/AdPageList.aspx
SELECT * FROM AccountInfo  WHERE 1=1  AND [Id]='19' 
 
-------------end 2017/8/17 17:32:14-------------
-------------start 2017/8/17 17:32:14-------------/Admin/Ads/AdPageList.aspx
SELECT * FROM AdTypeInfo  WHERE 1=1  AND [Id]='0'  
-------------end 2017/8/17 17:32:14-------------
-------------start 2017/8/17 17:32:14-------------/Admin/Ads/AdPageList.aspx
SELECT * FROM AdSiteInfo  WHERE 1=1  AND [Id]='0'  
-------------end 2017/8/17 17:32:14-------------
-------------start 2017/8/17 17:32:14-------------/Admin/Ads/AdPageList.aspx
SELECT * FROM AccountInfo  WHERE 1=1  AND [Id]='17' 
 
-------------end 2017/8/17 17:32:14-------------
-------------start 2017/8/17 17:32:14-------------/Admin/Ads/AdPageList.aspx
SELECT * FROM AdTypeInfo  WHERE 1=1  AND [Id]='0'  
-------------end 2017/8/17 17:32:14-------------
-------------start 2017/8/17 17:32:14-------------/Admin/Ads/AdPageList.aspx
SELECT * FROM AdSiteInfo  WHERE 1=1  AND [Id]='0'  
-------------end 2017/8/17 17:32:14-------------
-------------start 2017/8/17 17:32:14-------------/Admin/Ads/AdPageList.aspx
SELECT * FROM AccountInfo  WHERE 1=1  AND [Id]='13' 
 
-------------end 2017/8/17 17:32:14-------------
-------------start 2017/8/17 17:32:14-------------/Admin/Ads/AdPageList.aspx
SELECT * FROM AdTypeInfo  WHERE 1=1  AND [Id]='0'  
-------------end 2017/8/17 17:32:14-------------
-------------start 2017/8/17 17:32:14-------------/Admin/Ads/AdPageList.aspx
SELECT * FROM AdSiteInfo  WHERE 1=1  AND [Id]='0'  
-------------end 2017/8/17 17:32:14-------------
-------------start 2017/8/17 17:32:14-------------/Admin/Ads/AdPageList.aspx
SELECT * FROM AdTypeInfo  WHERE 1=1  AND [Id]='0'  
-------------end 2017/8/17 17:32:14-------------
-------------start 2017/8/17 17:32:14-------------/Admin/Ads/AdPageList.aspx
SELECT * FROM AdSiteInfo  WHERE 1=1  AND [Id]='0'  
-------------end 2017/8/17 17:32:14-------------
-------------start 2017/8/17 17:32:14-------------/Admin/Ads/AdPageList.aspx
SELECT * FROM AccountInfo  WHERE 1=1  AND [Id]='5' 
 
-------------end 2017/8/17 17:32:14-------------
-------------start 2017/8/17 17:32:14-------------/Admin/Ads/AdPageList.aspx
SELECT * FROM AdTypeInfo  WHERE 1=1  AND [Id]='0'  
-------------end 2017/8/17 17:32:14-------------
-------------start 2017/8/17 17:32:14-------------/Admin/Ads/AdPageList.aspx
SELECT * FROM AdSiteInfo  WHERE 1=1  AND [Id]='0'  
-------------end 2017/8/17 17:32:14-------------
-------------start 2017/8/17 17:32:14-------------/Admin/Ads/AdPageList.aspx
SELECT * FROM AdTypeInfo  WHERE 1=1  AND [Id]='0'  
-------------end 2017/8/17 17:32:14-------------
-------------start 2017/8/17 17:32:14-------------/Admin/Ads/AdPageList.aspx
SELECT * FROM AdSiteInfo  WHERE 1=1  AND [Id]='0'  
-------------end 2017/8/17 17:32:14-------------
-------------start 2017/8/17 17:32:14-------------/Admin/Ads/AdPageList.aspx
SELECT * FROM AdTypeInfo  WHERE 1=1  AND [Id]='0'  
-------------end 2017/8/17 17:32:14-------------
-------------start 2017/8/17 17:32:14-------------/Admin/Ads/AdPageList.aspx
SELECT * FROM AdSiteInfo  WHERE 1=1  AND [Id]='0'  
-------------end 2017/8/17 17:32:14-------------
-------------start 2017/8/17 17:32:36-------------/Admin/Ads/AdPageEdit.aspx
SELECT * FROM AccountInfo  WHERE 1=1  AND UserType <> 100 
 
-------------end 2017/8/17 17:32:36-------------
-------------start 2017/8/17 17:32:46-------------/Admin/Ads/AdPageEdit.aspx
SELECT * FROM AdPageInfo  WHERE 1=1  AND [Id]='228'  
-------------end 2017/8/17 17:32:46-------------
-------------start 2017/8/17 17:32:46-------------/Admin/Ads/AdPageEdit.aspx
SELECT * FROM ArticleInfo  WHERE 1=1  
-------------end 2017/8/17 17:32:46-------------
-------------start 2017/8/17 17:32:46-------------/Admin/Ads/AdPageList.aspx
SELECT * FROM AccountInfo  WHERE 1=1  AND UserType <> 100 
 
-------------end 2017/8/17 17:32:46-------------
-------------start 2017/8/17 17:32:46-------------/Admin/Ads/AdPageList.aspx
SELECT * FROM AdTypeInfo  WHERE 1=1  
-------------end 2017/8/17 17:32:46-------------
-------------start 2017/8/17 17:32:46-------------/Admin/Ads/AdPageList.aspx
SELECT * FROM AdSiteInfo  WHERE 1=1  
-------------end 2017/8/17 17:32:46-------------
-------------start 2017/8/17 17:32:46-------------/Admin/Ads/AdPageList.aspx
SELECT TOP 10 * FROM [AdPageInfo]  WHERE 1=1  AND [IsDel]='0'  AND Id NOT IN (SELECT TOP 0 Id FROM [AdPageInfo]  WHERE 1=1  AND [IsDel]='0'   order by  id desc )   order by  id desc 
-------------end 2017/8/17 17:32:46-------------
-------------start 2017/8/17 17:32:46-------------/Admin/Ads/AdPageList.aspx
SELECT * FROM AccountInfo  WHERE 1=1  AND [Id]='22' 
 
-------------end 2017/8/17 17:32:46-------------
-------------start 2017/8/17 17:32:46-------------/Admin/Ads/AdPageList.aspx
SELECT * FROM AdTypeInfo  WHERE 1=1  AND [Id]='0'  
-------------end 2017/8/17 17:32:46-------------
-------------start 2017/8/17 17:32:46-------------/Admin/Ads/AdPageList.aspx
SELECT * FROM AdSiteInfo  WHERE 1=1  AND [Id]='0'  
-------------end 2017/8/17 17:32:46-------------
-------------start 2017/8/17 17:32:46-------------/Admin/Ads/AdPageList.aspx
SELECT * FROM AdTypeInfo  WHERE 1=1  AND [Id]='0'  
-------------end 2017/8/17 17:32:46-------------
-------------start 2017/8/17 17:32:46-------------/Admin/Ads/AdPageList.aspx
SELECT * FROM AdSiteInfo  WHERE 1=1  AND [Id]='0'  
-------------end 2017/8/17 17:32:46-------------
-------------start 2017/8/17 17:32:46-------------/Admin/Ads/AdPageList.aspx
SELECT * FROM AdTypeInfo  WHERE 1=1  AND [Id]='0'  
-------------end 2017/8/17 17:32:46-------------
-------------start 2017/8/17 17:32:46-------------/Admin/Ads/AdPageList.aspx
SELECT * FROM AdSiteInfo  WHERE 1=1  AND [Id]='0'  
-------------end 2017/8/17 17:32:46-------------
-------------start 2017/8/17 17:32:46-------------/Admin/Ads/AdPageList.aspx
SELECT * FROM AdTypeInfo  WHERE 1=1  AND [Id]='0'  
-------------end 2017/8/17 17:32:46-------------
-------------start 2017/8/17 17:32:46-------------/Admin/Ads/AdPageList.aspx
SELECT * FROM AdSiteInfo  WHERE 1=1  AND [Id]='0'  
-------------end 2017/8/17 17:32:46-------------
-------------start 2017/8/17 17:32:46-------------/Admin/Ads/AdPageList.aspx
SELECT * FROM AdTypeInfo  WHERE 1=1  AND [Id]='0'  
-------------end 2017/8/17 17:32:46-------------
-------------start 2017/8/17 17:32:46-------------/Admin/Ads/AdPageList.aspx
SELECT * FROM AdSiteInfo  WHERE 1=1  AND [Id]='0'  
-------------end 2017/8/17 17:32:46-------------
-------------start 2017/8/17 17:32:46-------------/Admin/Ads/AdPageList.aspx
SELECT * FROM AdTypeInfo  WHERE 1=1  AND [Id]='0'  
-------------end 2017/8/17 17:32:46-------------
-------------start 2017/8/17 17:32:46-------------/Admin/Ads/AdPageList.aspx
SELECT * FROM AdSiteInfo  WHERE 1=1  AND [Id]='0'  
-------------end 2017/8/17 17:32:46-------------
-------------start 2017/8/17 17:32:46-------------/Admin/Ads/AdPageList.aspx
SELECT * FROM AdTypeInfo  WHERE 1=1  AND [Id]='0'  
-------------end 2017/8/17 17:32:46-------------
-------------start 2017/8/17 17:32:46-------------/Admin/Ads/AdPageList.aspx
SELECT * FROM AdSiteInfo  WHERE 1=1  AND [Id]='0'  
-------------end 2017/8/17 17:32:46-------------
-------------start 2017/8/17 17:32:46-------------/Admin/Ads/AdPageList.aspx
SELECT * FROM AdTypeInfo  WHERE 1=1  AND [Id]='0'  
-------------end 2017/8/17 17:32:46-------------
-------------start 2017/8/17 17:32:46-------------/Admin/Ads/AdPageList.aspx
SELECT * FROM AdSiteInfo  WHERE 1=1  AND [Id]='0'  
-------------end 2017/8/17 17:32:46-------------
-------------start 2017/8/17 17:32:46-------------/Admin/Ads/AdPageList.aspx
SELECT * FROM AdTypeInfo  WHERE 1=1  AND [Id]='0'  
-------------end 2017/8/17 17:32:46-------------
-------------start 2017/8/17 17:32:46-------------/Admin/Ads/AdPageList.aspx
SELECT * FROM AdSiteInfo  WHERE 1=1  AND [Id]='0'  
-------------end 2017/8/17 17:32:46-------------
-------------start 2017/8/17 17:32:46-------------/Admin/Ads/AdPageList.aspx
SELECT * FROM AdTypeInfo  WHERE 1=1  AND [Id]='0'  
-------------end 2017/8/17 17:32:46-------------
-------------start 2017/8/17 17:32:46-------------/Admin/Ads/AdPageList.aspx
SELECT * FROM AdSiteInfo  WHERE 1=1  AND [Id]='0'  
-------------end 2017/8/17 17:32:46-------------
-------------start 2017/8/17 17:32:55-------------/Admin/Ads/AdPageList.aspx
SELECT * FROM AccountInfo  WHERE 1=1  AND UserType <> 100 
 
-------------end 2017/8/17 17:32:55-------------
-------------start 2017/8/17 17:32:55-------------/Admin/Ads/AdPageList.aspx
SELECT * FROM AdTypeInfo  WHERE 1=1  
-------------end 2017/8/17 17:32:55-------------
-------------start 2017/8/17 17:32:55-------------/Admin/Ads/AdPageList.aspx
SELECT * FROM AdSiteInfo  WHERE 1=1  
-------------end 2017/8/17 17:32:55-------------
-------------start 2017/8/17 17:32:55-------------/Admin/Ads/AdPageList.aspx
SELECT TOP 10 * FROM [AdPageInfo]  WHERE 1=1  AND [IsDel]='0'  AND Id NOT IN (SELECT TOP 0 Id FROM [AdPageInfo]  WHERE 1=1  AND [IsDel]='0'   order by  id desc )   order by  id desc 
-------------end 2017/8/17 17:32:55-------------
-------------start 2017/8/17 17:32:55-------------/Admin/Ads/AdPageList.aspx
SELECT * FROM AdTypeInfo  WHERE 1=1  AND [Id]='0'  
-------------end 2017/8/17 17:32:55-------------
-------------start 2017/8/17 17:32:55-------------/Admin/Ads/AdPageList.aspx
SELECT * FROM AdSiteInfo  WHERE 1=1  AND [Id]='0'  
-------------end 2017/8/17 17:32:55-------------
-------------start 2017/8/17 17:32:55-------------/Admin/Ads/AdPageList.aspx
SELECT * FROM AdTypeInfo  WHERE 1=1  AND [Id]='0'  
-------------end 2017/8/17 17:32:55-------------
-------------start 2017/8/17 17:32:55-------------/Admin/Ads/AdPageList.aspx
SELECT * FROM AdSiteInfo  WHERE 1=1  AND [Id]='0'  
-------------end 2017/8/17 17:32:55-------------
-------------start 2017/8/17 17:32:55-------------/Admin/Ads/AdPageList.aspx
SELECT * FROM AdTypeInfo  WHERE 1=1  AND [Id]='0'  
-------------end 2017/8/17 17:32:55-------------
-------------start 2017/8/17 17:32:55-------------/Admin/Ads/AdPageList.aspx
SELECT * FROM AdSiteInfo  WHERE 1=1  AND [Id]='0'  
-------------end 2017/8/17 17:32:55-------------
-------------start 2017/8/17 17:32:55-------------/Admin/Ads/AdPageList.aspx
SELECT * FROM AdTypeInfo  WHERE 1=1  AND [Id]='0'  
-------------end 2017/8/17 17:32:55-------------
-------------start 2017/8/17 17:32:55-------------/Admin/Ads/AdPageList.aspx
SELECT * FROM AdSiteInfo  WHERE 1=1  AND [Id]='0'  
-------------end 2017/8/17 17:32:55-------------
-------------start 2017/8/17 17:32:55-------------/Admin/Ads/AdPageList.aspx
SELECT * FROM AdTypeInfo  WHERE 1=1  AND [Id]='0'  
-------------end 2017/8/17 17:32:55-------------
-------------start 2017/8/17 17:32:55-------------/Admin/Ads/AdPageList.aspx
SELECT * FROM AdSiteInfo  WHERE 1=1  AND [Id]='0'  
-------------end 2017/8/17 17:32:55-------------
-------------start 2017/8/17 17:32:55-------------/Admin/Ads/AdPageList.aspx
SELECT * FROM AdTypeInfo  WHERE 1=1  AND [Id]='0'  
-------------end 2017/8/17 17:32:55-------------
-------------start 2017/8/17 17:32:55-------------/Admin/Ads/AdPageList.aspx
SELECT * FROM AdSiteInfo  WHERE 1=1  AND [Id]='0'  
-------------end 2017/8/17 17:32:55-------------
-------------start 2017/8/17 17:32:55-------------/Admin/Ads/AdPageList.aspx
SELECT * FROM AdTypeInfo  WHERE 1=1  AND [Id]='0'  
-------------end 2017/8/17 17:32:55-------------
-------------start 2017/8/17 17:32:55-------------/Admin/Ads/AdPageList.aspx
SELECT * FROM AdSiteInfo  WHERE 1=1  AND [Id]='0'  
-------------end 2017/8/17 17:32:55-------------
-------------start 2017/8/17 17:32:55-------------/Admin/Ads/AdPageList.aspx
SELECT * FROM AdTypeInfo  WHERE 1=1  AND [Id]='0'  
-------------end 2017/8/17 17:32:55-------------
-------------start 2017/8/17 17:32:55-------------/Admin/Ads/AdPageList.aspx
SELECT * FROM AdSiteInfo  WHERE 1=1  AND [Id]='0'  
-------------end 2017/8/17 17:32:55-------------
-------------start 2017/8/17 17:32:55-------------/Admin/Ads/AdPageList.aspx
SELECT * FROM AdTypeInfo  WHERE 1=1  AND [Id]='0'  
-------------end 2017/8/17 17:32:55-------------
-------------start 2017/8/17 17:32:55-------------/Admin/Ads/AdPageList.aspx
SELECT * FROM AdSiteInfo  WHERE 1=1  AND [Id]='0'  
-------------end 2017/8/17 17:32:55-------------
-------------start 2017/8/17 17:32:55-------------/Admin/Ads/AdPageList.aspx
SELECT * FROM AdTypeInfo  WHERE 1=1  AND [Id]='0'  
-------------end 2017/8/17 17:32:55-------------
-------------start 2017/8/17 17:32:55-------------/Admin/Ads/AdPageList.aspx
SELECT * FROM AdSiteInfo  WHERE 1=1  AND [Id]='0'  
-------------end 2017/8/17 17:32:55-------------
-------------start 2017/8/17 17:32:57-------------/Admin/Users/UserList.aspx
SELECT TOP 10 * FROM [AccountInfo]  WHERE 1=1 
 AND Id NOT IN (SELECT TOP 0 Id FROM [AccountInfo]  WHERE 1=1 
  order by  id desc )   order by  id desc 
-------------end 2017/8/17 17:32:57-------------
-------------start 2017/8/17 17:37:12-------------/Login.aspx
SELECT * FROM AccountInfo  WHERE 1=1  AND [UserName]='vipdz001' 
 
-------------end 2017/8/17 17:37:12-------------
-------------start 2017/8/17 17:37:14-------------/AccVir/Index.aspx
SELECT * FROM AccountInfo  WHERE 1=1  AND [UserName]='vipdz001' 
 
-------------end 2017/8/17 17:37:14-------------
-------------start 2017/8/17 17:37:14-------------/AccVir/Index.aspx
SELECT * FROM AdPageInfo  WHERE 1=1  
-------------end 2017/8/17 17:37:14-------------
-------------start 2017/8/17 17:37:14-------------/AccVir/Index.aspx
SELECT TOP 10 * FROM [AdPageInfo]  WHERE 1=1  AND [UserId]='22'  AND Id NOT IN (SELECT TOP 0 Id FROM [AdPageInfo]  WHERE 1=1  AND [UserId]='22'  )  
-------------end 2017/8/17 17:37:14-------------
-------------start 2017/8/17 17:37:33-------------/AccVir/Index.aspx
SELECT TOP 10 * FROM [AdPageInfo]  WHERE 1=1  AND [UserId]='22'  AND Id NOT IN (SELECT TOP 0 Id FROM [AdPageInfo]  WHERE 1=1  AND [UserId]='22'  )  
-------------end 2017/8/17 17:37:33-------------
-------------start 2017/8/17 17:59:55-------------/Login.aspx
SELECT * FROM AccountInfo  WHERE 1=1  AND [UserName]='vipdz001' 
 
-------------end 2017/8/17 17:59:55-------------
-------------start 2017/8/17 17:59:57-------------/AccVir/Index.aspx
SELECT * FROM AccountInfo  WHERE 1=1  AND [UserName]='vipdz001' 
 
-------------end 2017/8/17 17:59:57-------------
-------------start 2017/8/17 17:59:57-------------/AccVir/Index.aspx
SELECT * FROM AdPageInfo  WHERE 1=1  
-------------end 2017/8/17 17:59:57-------------
-------------start 2017/8/17 17:59:57-------------/AccVir/Index.aspx
SELECT TOP 10 * FROM [AdPageInfo]  WHERE 1=1  AND [UserId]='22'  AND Id NOT IN (SELECT TOP 0 Id FROM [AdPageInfo]  WHERE 1=1  AND [UserId]='22'  )  
-------------end 2017/8/17 17:59:57-------------
