-------------start 2017/8/23 15:39:56-------------/Login.aspx
SELECT * FROM AccountInfo  WHERE 1=1  AND [UserName]='admin' 
 
-------------end 2017/8/23 15:39:56-------------
-------------start 2017/8/23 15:40:01-------------/Admin/Index.aspx
SELECT * FROM AccountInfo  WHERE 1=1  AND [UserName]='admin' 
 
-------------end 2017/8/23 15:40:01-------------
-------------start 2017/8/23 15:40:04-------------/Admin/Ads/AdPageList.aspx
SELECT * FROM AccountInfo  WHERE 1=1  AND UserType <> 100 
 
-------------end 2017/8/23 15:40:04-------------
-------------start 2017/8/23 15:40:04-------------/Admin/Ads/AdPageList.aspx
SELECT * FROM AdTypeInfo  WHERE 1=1  
-------------end 2017/8/23 15:40:04-------------
-------------start 2017/8/23 15:40:04-------------/Admin/Ads/AdPageList.aspx
SELECT * FROM AdSiteInfo  WHERE 1=1  
-------------end 2017/8/23 15:40:04-------------
-------------start 2017/8/23 15:40:04-------------/Admin/Ads/AdPageList.aspx
SELECT * FROM AdPageInfo  WHERE 1=1  
-------------end 2017/8/23 15:40:04-------------
-------------start 2017/8/23 15:40:04-------------/Admin/Ads/AdPageList.aspx
SELECT TOP 10 * FROM [AdPageInfo]  WHERE 1=1  AND [IsDel]='0'  AND Id NOT IN (SELECT TOP 0 Id FROM [AdPageInfo]  WHERE 1=1  AND [IsDel]='0'   order by  id desc )   order by  id desc 
-------------end 2017/8/23 15:40:04-------------
-------------start 2017/8/23 15:40:04-------------/Admin/Ads/AdPageList.aspx
SELECT * FROM AccountInfo  WHERE 1=1  AND [Id]='25' 
 
-------------end 2017/8/23 15:40:04-------------
-------------start 2017/8/23 15:40:04-------------/Admin/Ads/AdPageList.aspx
SELECT * FROM AdTypeInfo  WHERE 1=1  AND [Id]='0'  
-------------end 2017/8/23 15:40:04-------------
-------------start 2017/8/23 15:40:04-------------/Admin/Ads/AdPageList.aspx
SELECT * FROM AdSiteInfo  WHERE 1=1  AND [Id]='0'  
-------------end 2017/8/23 15:40:04-------------
-------------start 2017/8/23 15:40:04-------------/Admin/Ads/AdPageList.aspx
SELECT * FROM AccountInfo  WHERE 1=1  AND [Id]='2' 
 
-------------end 2017/8/23 15:40:04-------------
-------------start 2017/8/23 15:40:04-------------/Admin/Ads/AdPageList.aspx
SELECT * FROM AdTypeInfo  WHERE 1=1  AND [Id]='0'  
-------------end 2017/8/23 15:40:04-------------
-------------start 2017/8/23 15:40:04-------------/Admin/Ads/AdPageList.aspx
SELECT * FROM AdSiteInfo  WHERE 1=1  AND [Id]='0'  
-------------end 2017/8/23 15:40:04-------------
-------------start 2017/8/23 15:40:04-------------/Admin/Ads/AdPageList.aspx
SELECT * FROM AdTypeInfo  WHERE 1=1  AND [Id]='0'  
-------------end 2017/8/23 15:40:04-------------
-------------start 2017/8/23 15:40:04-------------/Admin/Ads/AdPageList.aspx
SELECT * FROM AdSiteInfo  WHERE 1=1  AND [Id]='0'  
-------------end 2017/8/23 15:40:04-------------
-------------start 2017/8/23 15:40:04-------------/Admin/Ads/AdPageList.aspx
SELECT * FROM AdTypeInfo  WHERE 1=1  AND [Id]='0'  
-------------end 2017/8/23 15:40:04-------------
-------------start 2017/8/23 15:40:04-------------/Admin/Ads/AdPageList.aspx
SELECT * FROM AdSiteInfo  WHERE 1=1  AND [Id]='0'  
-------------end 2017/8/23 15:40:04-------------
-------------start 2017/8/23 15:40:04-------------/Admin/Ads/AdPageList.aspx
SELECT * FROM AccountInfo  WHERE 1=1  AND [Id]='24' 
 
-------------end 2017/8/23 15:40:04-------------
-------------start 2017/8/23 15:40:04-------------/Admin/Ads/AdPageList.aspx
SELECT * FROM AdTypeInfo  WHERE 1=1  AND [Id]='0'  
-------------end 2017/8/23 15:40:04-------------
-------------start 2017/8/23 15:40:04-------------/Admin/Ads/AdPageList.aspx
SELECT * FROM AdSiteInfo  WHERE 1=1  AND [Id]='0'  
-------------end 2017/8/23 15:40:04-------------
-------------start 2017/8/23 15:40:04-------------/Admin/Ads/AdPageList.aspx
SELECT * FROM AccountInfo  WHERE 1=1  AND [Id]='23' 
 
-------------end 2017/8/23 15:40:04-------------
-------------start 2017/8/23 15:40:04-------------/Admin/Ads/AdPageList.aspx
SELECT * FROM AdTypeInfo  WHERE 1=1  AND [Id]='0'  
-------------end 2017/8/23 15:40:04-------------
-------------start 2017/8/23 15:40:04-------------/Admin/Ads/AdPageList.aspx
SELECT * FROM AdSiteInfo  WHERE 1=1  AND [Id]='0'  
-------------end 2017/8/23 15:40:04-------------
-------------start 2017/8/23 15:40:04-------------/Admin/Ads/AdPageList.aspx
SELECT * FROM AccountInfo  WHERE 1=1  AND [Id]='22' 
 
-------------end 2017/8/23 15:40:04-------------
-------------start 2017/8/23 15:40:04-------------/Admin/Ads/AdPageList.aspx
SELECT * FROM AdTypeInfo  WHERE 1=1  AND [Id]='0'  
-------------end 2017/8/23 15:40:04-------------
-------------start 2017/8/23 15:40:04-------------/Admin/Ads/AdPageList.aspx
SELECT * FROM AdSiteInfo  WHERE 1=1  AND [Id]='0'  
-------------end 2017/8/23 15:40:04-------------
-------------start 2017/8/23 15:40:04-------------/Admin/Ads/AdPageList.aspx
SELECT * FROM AccountInfo  WHERE 1=1  AND [Id]='21' 
 
-------------end 2017/8/23 15:40:04-------------
-------------start 2017/8/23 15:40:05-------------/Admin/Ads/AdPageList.aspx
SELECT * FROM AdTypeInfo  WHERE 1=1  AND [Id]='0'  
-------------end 2017/8/23 15:40:05-------------
-------------start 2017/8/23 15:40:05-------------/Admin/Ads/AdPageList.aspx
SELECT * FROM AdSiteInfo  WHERE 1=1  AND [Id]='0'  
-------------end 2017/8/23 15:40:05-------------
-------------start 2017/8/23 15:40:05-------------/Admin/Ads/AdPageList.aspx
SELECT * FROM AdTypeInfo  WHERE 1=1  AND [Id]='0'  
-------------end 2017/8/23 15:40:05-------------
-------------start 2017/8/23 15:40:05-------------/Admin/Ads/AdPageList.aspx
SELECT * FROM AdSiteInfo  WHERE 1=1  AND [Id]='0'  
-------------end 2017/8/23 15:40:05-------------
-------------start 2017/8/23 15:40:05-------------/Admin/Ads/AdPageList.aspx
SELECT * FROM AccountInfo  WHERE 1=1  AND [Id]='20' 
 
-------------end 2017/8/23 15:40:05-------------
-------------start 2017/8/23 15:40:05-------------/Admin/Ads/AdPageList.aspx
SELECT * FROM AdTypeInfo  WHERE 1=1  AND [Id]='0'  
-------------end 2017/8/23 15:40:05-------------
-------------start 2017/8/23 15:40:05-------------/Admin/Ads/AdPageList.aspx
SELECT * FROM AdSiteInfo  WHERE 1=1  AND [Id]='0'  
-------------end 2017/8/23 15:40:05-------------
-------------start 2017/8/23 15:40:15-------------/Admin/Ads/AdPageEdit.aspx?id=233
SELECT * FROM AccountInfo  WHERE 1=1  AND UserType <> 100 
 
-------------end 2017/8/23 15:40:15-------------
-------------start 2017/8/23 15:40:15-------------/Admin/Ads/AdPageEdit.aspx?id=233
SELECT * FROM AdPageInfo  WHERE 1=1  AND [Id]='233'  
-------------end 2017/8/23 15:40:15-------------
-------------start 2017/8/23 15:40:47-------------/Admin/Ads/AdPageEdit.aspx?id=233
SELECT * FROM AdPageInfo  WHERE 1=1  AND [Id]='233'  
-------------end 2017/8/23 15:40:47-------------
-------------start 2017/8/23 15:40:47-------------/Admin/Ads/AdPageEdit.aspx?id=233
SELECT * FROM AdPageInfo  WHERE 1=1  AND [Id]='233'  
-------------end 2017/8/23 15:40:47-------------
-------------start 2017/8/23 15:40:47-------------/Admin/Ads/AdPageEdit.aspx?id=233
SELECT * FROM ArticleInfo  WHERE 1=1  
-------------end 2017/8/23 15:40:47-------------
-------------start 2017/8/23 15:40:47-------------/Admin/Ads/AdPageEdit.aspx?id=233
SELECT * FROM AdPageInfo  WHERE 1=1  
-------------end 2017/8/23 15:40:47-------------
-------------start 2017/8/23 15:40:47-------------/Admin/Ads/AdPageEdit.aspx?id=233
SELECT * FROM AdPageInfo  WHERE 1=1  
-------------end 2017/8/23 15:40:47-------------
-------------start 2017/8/23 15:40:47-------------/Admin/Ads/AdPageList.aspx
SELECT * FROM AccountInfo  WHERE 1=1  AND UserType <> 100 
 
-------------end 2017/8/23 15:40:47-------------
-------------start 2017/8/23 15:40:47-------------/Admin/Ads/AdPageList.aspx
SELECT * FROM AdTypeInfo  WHERE 1=1  
-------------end 2017/8/23 15:40:47-------------
-------------start 2017/8/23 15:40:47-------------/Admin/Ads/AdPageList.aspx
SELECT * FROM AdSiteInfo  WHERE 1=1  
-------------end 2017/8/23 15:40:47-------------
-------------start 2017/8/23 15:40:47-------------/Admin/Ads/AdPageList.aspx
SELECT TOP 10 * FROM [AdPageInfo]  WHERE 1=1  AND [IsDel]='0'  AND Id NOT IN (SELECT TOP 0 Id FROM [AdPageInfo]  WHERE 1=1  AND [IsDel]='0'   order by  id desc )   order by  id desc 
-------------end 2017/8/23 15:40:47-------------
-------------start 2017/8/23 15:40:47-------------/Admin/Ads/AdPageList.aspx
SELECT * FROM AdTypeInfo  WHERE 1=1  AND [Id]='0'  
-------------end 2017/8/23 15:40:47-------------
-------------start 2017/8/23 15:40:47-------------/Admin/Ads/AdPageList.aspx
SELECT * FROM AdSiteInfo  WHERE 1=1  AND [Id]='0'  
-------------end 2017/8/23 15:40:47-------------
-------------start 2017/8/23 15:40:48-------------/Admin/Ads/AdPageList.aspx
SELECT * FROM AdTypeInfo  WHERE 1=1  AND [Id]='0'  
-------------end 2017/8/23 15:40:48-------------
-------------start 2017/8/23 15:40:48-------------/Admin/Ads/AdPageList.aspx
SELECT * FROM AdSiteInfo  WHERE 1=1  AND [Id]='0'  
-------------end 2017/8/23 15:40:48-------------
-------------start 2017/8/23 15:40:48-------------/Admin/Ads/AdPageList.aspx
SELECT * FROM AdTypeInfo  WHERE 1=1  AND [Id]='0'  
-------------end 2017/8/23 15:40:48-------------
-------------start 2017/8/23 15:40:48-------------/Admin/Ads/AdPageList.aspx
SELECT * FROM AdSiteInfo  WHERE 1=1  AND [Id]='0'  
-------------end 2017/8/23 15:40:48-------------
-------------start 2017/8/23 15:40:48-------------/Admin/Ads/AdPageList.aspx
SELECT * FROM AdTypeInfo  WHERE 1=1  AND [Id]='0'  
-------------end 2017/8/23 15:40:48-------------
-------------start 2017/8/23 15:40:48-------------/Admin/Ads/AdPageList.aspx
SELECT * FROM AdSiteInfo  WHERE 1=1  AND [Id]='0'  
-------------end 2017/8/23 15:40:48-------------
-------------start 2017/8/23 15:40:48-------------/Admin/Ads/AdPageList.aspx
SELECT * FROM AdTypeInfo  WHERE 1=1  AND [Id]='0'  
-------------end 2017/8/23 15:40:48-------------
-------------start 2017/8/23 15:40:48-------------/Admin/Ads/AdPageList.aspx
SELECT * FROM AdSiteInfo  WHERE 1=1  AND [Id]='0'  
-------------end 2017/8/23 15:40:48-------------
-------------start 2017/8/23 15:40:48-------------/Admin/Ads/AdPageList.aspx
SELECT * FROM AdTypeInfo  WHERE 1=1  AND [Id]='0'  
-------------end 2017/8/23 15:40:48-------------
-------------start 2017/8/23 15:40:48-------------/Admin/Ads/AdPageList.aspx
SELECT * FROM AdSiteInfo  WHERE 1=1  AND [Id]='0'  
-------------end 2017/8/23 15:40:48-------------
-------------start 2017/8/23 15:40:48-------------/Admin/Ads/AdPageList.aspx
SELECT * FROM AdTypeInfo  WHERE 1=1  AND [Id]='0'  
-------------end 2017/8/23 15:40:48-------------
-------------start 2017/8/23 15:40:48-------------/Admin/Ads/AdPageList.aspx
SELECT * FROM AdSiteInfo  WHERE 1=1  AND [Id]='0'  
-------------end 2017/8/23 15:40:48-------------
-------------start 2017/8/23 15:40:48-------------/Admin/Ads/AdPageList.aspx
SELECT * FROM AdTypeInfo  WHERE 1=1  AND [Id]='0'  
-------------end 2017/8/23 15:40:48-------------
-------------start 2017/8/23 15:40:48-------------/Admin/Ads/AdPageList.aspx
SELECT * FROM AdSiteInfo  WHERE 1=1  AND [Id]='0'  
-------------end 2017/8/23 15:40:48-------------
-------------start 2017/8/23 15:40:48-------------/Admin/Ads/AdPageList.aspx
SELECT * FROM AdTypeInfo  WHERE 1=1  AND [Id]='0'  
-------------end 2017/8/23 15:40:48-------------
-------------start 2017/8/23 15:40:48-------------/Admin/Ads/AdPageList.aspx
SELECT * FROM AdSiteInfo  WHERE 1=1  AND [Id]='0'  
-------------end 2017/8/23 15:40:48-------------
-------------start 2017/8/23 15:40:48-------------/Admin/Ads/AdPageList.aspx
SELECT * FROM AdTypeInfo  WHERE 1=1  AND [Id]='0'  
-------------end 2017/8/23 15:40:48-------------
-------------start 2017/8/23 15:40:48-------------/Admin/Ads/AdPageList.aspx
SELECT * FROM AdSiteInfo  WHERE 1=1  AND [Id]='0'  
-------------end 2017/8/23 15:40:48-------------
-------------start 2017/8/23 15:44:46-------------/Admin/Ads/AdPageEdit.aspx?id=233
SELECT * FROM AccountInfo  WHERE 1=1  AND UserType <> 100 
 
-------------end 2017/8/23 15:44:46-------------
-------------start 2017/8/23 15:44:46-------------/Admin/Ads/AdPageEdit.aspx?id=233
SELECT * FROM AdPageInfo  WHERE 1=1  AND [Id]='233'  
-------------end 2017/8/23 15:44:46-------------
-------------start 2017/8/23 15:45:14-------------/Admin/Ads/AdPageEdit.aspx?id=233
SELECT * FROM AdPageInfo  WHERE 1=1  AND [Id]='233'  
-------------end 2017/8/23 15:45:14-------------
-------------start 2017/8/23 15:45:14-------------/Admin/Ads/AdPageEdit.aspx?id=233
SELECT * FROM AdPageInfo  WHERE 1=1  AND [Id]='233'  
-------------end 2017/8/23 15:45:14-------------
-------------start 2017/8/23 15:45:14-------------/Admin/Ads/AdPageEdit.aspx?id=233
SELECT * FROM AdPageInfo  WHERE 1=1  
-------------end 2017/8/23 15:45:14-------------
-------------start 2017/8/23 15:45:14-------------/Admin/Ads/AdPageEdit.aspx?id=233
SELECT * FROM AdPageInfo  WHERE 1=1  
-------------end 2017/8/23 15:45:14-------------
-------------start 2017/8/23 15:45:14-------------/Admin/Ads/AdPageList.aspx
SELECT * FROM AccountInfo  WHERE 1=1  AND UserType <> 100 
 
-------------end 2017/8/23 15:45:14-------------
-------------start 2017/8/23 15:45:14-------------/Admin/Ads/AdPageList.aspx
SELECT * FROM AdTypeInfo  WHERE 1=1  
-------------end 2017/8/23 15:45:14-------------
-------------start 2017/8/23 15:45:14-------------/Admin/Ads/AdPageList.aspx
SELECT * FROM AdSiteInfo  WHERE 1=1  
-------------end 2017/8/23 15:45:14-------------
-------------start 2017/8/23 15:45:15-------------/Admin/Ads/AdPageList.aspx
SELECT TOP 10 * FROM [AdPageInfo]  WHERE 1=1  AND [IsDel]='0'  AND Id NOT IN (SELECT TOP 0 Id FROM [AdPageInfo]  WHERE 1=1  AND [IsDel]='0'   order by  id desc )   order by  id desc 
-------------end 2017/8/23 15:45:15-------------
-------------start 2017/8/23 15:45:15-------------/Admin/Ads/AdPageList.aspx
SELECT * FROM AdTypeInfo  WHERE 1=1  AND [Id]='0'  
-------------end 2017/8/23 15:45:15-------------
-------------start 2017/8/23 15:45:15-------------/Admin/Ads/AdPageList.aspx
SELECT * FROM AdSiteInfo  WHERE 1=1  AND [Id]='0'  
-------------end 2017/8/23 15:45:15-------------
-------------start 2017/8/23 15:45:15-------------/Admin/Ads/AdPageList.aspx
SELECT * FROM AdTypeInfo  WHERE 1=1  AND [Id]='0'  
-------------end 2017/8/23 15:45:15-------------
-------------start 2017/8/23 15:45:15-------------/Admin/Ads/AdPageList.aspx
SELECT * FROM AdSiteInfo  WHERE 1=1  AND [Id]='0'  
-------------end 2017/8/23 15:45:15-------------
-------------start 2017/8/23 15:45:15-------------/Admin/Ads/AdPageList.aspx
SELECT * FROM AdTypeInfo  WHERE 1=1  AND [Id]='0'  
-------------end 2017/8/23 15:45:15-------------
-------------start 2017/8/23 15:45:15-------------/Admin/Ads/AdPageList.aspx
SELECT * FROM AdSiteInfo  WHERE 1=1  AND [Id]='0'  
-------------end 2017/8/23 15:45:15-------------
-------------start 2017/8/23 15:45:15-------------/Admin/Ads/AdPageList.aspx
SELECT * FROM AdTypeInfo  WHERE 1=1  AND [Id]='0'  
-------------end 2017/8/23 15:45:15-------------
-------------start 2017/8/23 15:45:15-------------/Admin/Ads/AdPageList.aspx
SELECT * FROM AdSiteInfo  WHERE 1=1  AND [Id]='0'  
-------------end 2017/8/23 15:45:15-------------
-------------start 2017/8/23 15:45:15-------------/Admin/Ads/AdPageList.aspx
SELECT * FROM AdTypeInfo  WHERE 1=1  AND [Id]='0'  
-------------end 2017/8/23 15:45:15-------------
-------------start 2017/8/23 15:45:15-------------/Admin/Ads/AdPageList.aspx
SELECT * FROM AdSiteInfo  WHERE 1=1  AND [Id]='0'  
-------------end 2017/8/23 15:45:15-------------
-------------start 2017/8/23 15:45:15-------------/Admin/Ads/AdPageList.aspx
SELECT * FROM AdTypeInfo  WHERE 1=1  AND [Id]='0'  
-------------end 2017/8/23 15:45:15-------------
-------------start 2017/8/23 15:45:15-------------/Admin/Ads/AdPageList.aspx
SELECT * FROM AdSiteInfo  WHERE 1=1  AND [Id]='0'  
-------------end 2017/8/23 15:45:15-------------
-------------start 2017/8/23 15:45:15-------------/Admin/Ads/AdPageList.aspx
SELECT * FROM AdTypeInfo  WHERE 1=1  AND [Id]='0'  
-------------end 2017/8/23 15:45:15-------------
-------------start 2017/8/23 15:45:15-------------/Admin/Ads/AdPageList.aspx
SELECT * FROM AdSiteInfo  WHERE 1=1  AND [Id]='0'  
-------------end 2017/8/23 15:45:15-------------
-------------start 2017/8/23 15:45:15-------------/Admin/Ads/AdPageList.aspx
SELECT * FROM AdTypeInfo  WHERE 1=1  AND [Id]='0'  
-------------end 2017/8/23 15:45:15-------------
-------------start 2017/8/23 15:45:15-------------/Admin/Ads/AdPageList.aspx
SELECT * FROM AdSiteInfo  WHERE 1=1  AND [Id]='0'  
-------------end 2017/8/23 15:45:15-------------
-------------start 2017/8/23 15:45:15-------------/Admin/Ads/AdPageList.aspx
SELECT * FROM AdTypeInfo  WHERE 1=1  AND [Id]='0'  
-------------end 2017/8/23 15:45:15-------------
-------------start 2017/8/23 15:45:15-------------/Admin/Ads/AdPageList.aspx
SELECT * FROM AdSiteInfo  WHERE 1=1  AND [Id]='0'  
-------------end 2017/8/23 15:45:15-------------
-------------start 2017/8/23 15:45:15-------------/Admin/Ads/AdPageList.aspx
SELECT * FROM AdTypeInfo  WHERE 1=1  AND [Id]='0'  
-------------end 2017/8/23 15:45:15-------------
-------------start 2017/8/23 15:45:15-------------/Admin/Ads/AdPageList.aspx
SELECT * FROM AdSiteInfo  WHERE 1=1  AND [Id]='0'  
-------------end 2017/8/23 15:45:15-------------
-------------start 2017/8/23 15:45:31-------------/Admin/Ads/AdPageList.aspx
SELECT * FROM AccountInfo  WHERE 1=1  AND UserType <> 100 
 
-------------end 2017/8/23 15:45:31-------------
-------------start 2017/8/23 15:45:31-------------/Admin/Ads/AdPageList.aspx
SELECT * FROM AdTypeInfo  WHERE 1=1  
-------------end 2017/8/23 15:45:31-------------
-------------start 2017/8/23 15:45:31-------------/Admin/Ads/AdPageList.aspx
SELECT * FROM AdSiteInfo  WHERE 1=1  
-------------end 2017/8/23 15:45:31-------------
-------------start 2017/8/23 15:45:31-------------/Admin/Ads/AdPageList.aspx
SELECT TOP 10 * FROM [AdPageInfo]  WHERE 1=1  AND [IsDel]='0'  AND Id NOT IN (SELECT TOP 0 Id FROM [AdPageInfo]  WHERE 1=1  AND [IsDel]='0'   order by  id desc )   order by  id desc 
-------------end 2017/8/23 15:45:31-------------
-------------start 2017/8/23 15:45:31-------------/Admin/Ads/AdPageList.aspx
SELECT * FROM AdTypeInfo  WHERE 1=1  AND [Id]='0'  
-------------end 2017/8/23 15:45:31-------------
-------------start 2017/8/23 15:45:31-------------/Admin/Ads/AdPageList.aspx
SELECT * FROM AdSiteInfo  WHERE 1=1  AND [Id]='0'  
-------------end 2017/8/23 15:45:31-------------
-------------start 2017/8/23 15:45:31-------------/Admin/Ads/AdPageList.aspx
SELECT * FROM AdTypeInfo  WHERE 1=1  AND [Id]='0'  
-------------end 2017/8/23 15:45:31-------------
-------------start 2017/8/23 15:45:31-------------/Admin/Ads/AdPageList.aspx
SELECT * FROM AdSiteInfo  WHERE 1=1  AND [Id]='0'  
-------------end 2017/8/23 15:45:31-------------
-------------start 2017/8/23 15:45:31-------------/Admin/Ads/AdPageList.aspx
SELECT * FROM AdTypeInfo  WHERE 1=1  AND [Id]='0'  
-------------end 2017/8/23 15:45:31-------------
-------------start 2017/8/23 15:45:31-------------/Admin/Ads/AdPageList.aspx
SELECT * FROM AdSiteInfo  WHERE 1=1  AND [Id]='0'  
-------------end 2017/8/23 15:45:31-------------
-------------start 2017/8/23 15:45:31-------------/Admin/Ads/AdPageList.aspx
SELECT * FROM AdTypeInfo  WHERE 1=1  AND [Id]='0'  
-------------end 2017/8/23 15:45:31-------------
-------------start 2017/8/23 15:45:31-------------/Admin/Ads/AdPageList.aspx
SELECT * FROM AdSiteInfo  WHERE 1=1  AND [Id]='0'  
-------------end 2017/8/23 15:45:31-------------
-------------start 2017/8/23 15:45:31-------------/Admin/Ads/AdPageList.aspx
SELECT * FROM AdTypeInfo  WHERE 1=1  AND [Id]='0'  
-------------end 2017/8/23 15:45:31-------------
-------------start 2017/8/23 15:45:31-------------/Admin/Ads/AdPageList.aspx
SELECT * FROM AdSiteInfo  WHERE 1=1  AND [Id]='0'  
-------------end 2017/8/23 15:45:31-------------
-------------start 2017/8/23 15:45:31-------------/Admin/Ads/AdPageList.aspx
SELECT * FROM AdTypeInfo  WHERE 1=1  AND [Id]='0'  
-------------end 2017/8/23 15:45:31-------------
-------------start 2017/8/23 15:45:31-------------/Admin/Ads/AdPageList.aspx
SELECT * FROM AdSiteInfo  WHERE 1=1  AND [Id]='0'  
-------------end 2017/8/23 15:45:31-------------
-------------start 2017/8/23 15:45:31-------------/Admin/Ads/AdPageList.aspx
SELECT * FROM AdTypeInfo  WHERE 1=1  AND [Id]='0'  
-------------end 2017/8/23 15:45:31-------------
-------------start 2017/8/23 15:45:31-------------/Admin/Ads/AdPageList.aspx
SELECT * FROM AdSiteInfo  WHERE 1=1  AND [Id]='0'  
-------------end 2017/8/23 15:45:31-------------
-------------start 2017/8/23 15:45:31-------------/Admin/Ads/AdPageList.aspx
SELECT * FROM AdTypeInfo  WHERE 1=1  AND [Id]='0'  
-------------end 2017/8/23 15:45:31-------------
-------------start 2017/8/23 15:45:31-------------/Admin/Ads/AdPageList.aspx
SELECT * FROM AdSiteInfo  WHERE 1=1  AND [Id]='0'  
-------------end 2017/8/23 15:45:31-------------
-------------start 2017/8/23 15:45:31-------------/Admin/Ads/AdPageList.aspx
SELECT * FROM AdTypeInfo  WHERE 1=1  AND [Id]='0'  
-------------end 2017/8/23 15:45:31-------------
-------------start 2017/8/23 15:45:31-------------/Admin/Ads/AdPageList.aspx
SELECT * FROM AdSiteInfo  WHERE 1=1  AND [Id]='0'  
-------------end 2017/8/23 15:45:31-------------
-------------start 2017/8/23 15:45:31-------------/Admin/Ads/AdPageList.aspx
SELECT * FROM AdTypeInfo  WHERE 1=1  AND [Id]='0'  
-------------end 2017/8/23 15:45:31-------------
-------------start 2017/8/23 15:45:31-------------/Admin/Ads/AdPageList.aspx
SELECT * FROM AdSiteInfo  WHERE 1=1  AND [Id]='0'  
-------------end 2017/8/23 15:45:31-------------
-------------start 2017/8/23 15:45:32-------------/Admin/Ads/AdPageList.aspx
SELECT * FROM AccountInfo  WHERE 1=1  AND UserType <> 100 
 
-------------end 2017/8/23 15:45:32-------------
-------------start 2017/8/23 15:45:32-------------/Admin/Ads/AdPageList.aspx
SELECT * FROM AdTypeInfo  WHERE 1=1  
-------------end 2017/8/23 15:45:32-------------
-------------start 2017/8/23 15:45:32-------------/Admin/Ads/AdPageList.aspx
SELECT * FROM AdSiteInfo  WHERE 1=1  
-------------end 2017/8/23 15:45:32-------------
-------------start 2017/8/23 15:45:32-------------/Admin/Ads/AdPageList.aspx
SELECT TOP 10 * FROM [AdPageInfo]  WHERE 1=1  AND [IsDel]='0'  AND Id NOT IN (SELECT TOP 0 Id FROM [AdPageInfo]  WHERE 1=1  AND [IsDel]='0'   order by  id desc )   order by  id desc 
-------------end 2017/8/23 15:45:32-------------
-------------start 2017/8/23 15:45:32-------------/Admin/Ads/AdPageList.aspx
SELECT * FROM AdTypeInfo  WHERE 1=1  AND [Id]='0'  
-------------end 2017/8/23 15:45:32-------------
-------------start 2017/8/23 15:45:32-------------/Admin/Ads/AdPageList.aspx
SELECT * FROM AdSiteInfo  WHERE 1=1  AND [Id]='0'  
-------------end 2017/8/23 15:45:32-------------
-------------start 2017/8/23 15:45:32-------------/Admin/Ads/AdPageList.aspx
SELECT * FROM AdTypeInfo  WHERE 1=1  AND [Id]='0'  
-------------end 2017/8/23 15:45:32-------------
-------------start 2017/8/23 15:45:32-------------/Admin/Ads/AdPageList.aspx
SELECT * FROM AdSiteInfo  WHERE 1=1  AND [Id]='0'  
-------------end 2017/8/23 15:45:32-------------
-------------start 2017/8/23 15:45:32-------------/Admin/Ads/AdPageList.aspx
SELECT * FROM AdTypeInfo  WHERE 1=1  AND [Id]='0'  
-------------end 2017/8/23 15:45:32-------------
-------------start 2017/8/23 15:45:32-------------/Admin/Ads/AdPageList.aspx
SELECT * FROM AdSiteInfo  WHERE 1=1  AND [Id]='0'  
-------------end 2017/8/23 15:45:32-------------
-------------start 2017/8/23 15:45:32-------------/Admin/Ads/AdPageList.aspx
SELECT * FROM AdTypeInfo  WHERE 1=1  AND [Id]='0'  
-------------end 2017/8/23 15:45:32-------------
-------------start 2017/8/23 15:45:32-------------/Admin/Ads/AdPageList.aspx
SELECT * FROM AdSiteInfo  WHERE 1=1  AND [Id]='0'  
-------------end 2017/8/23 15:45:32-------------
-------------start 2017/8/23 15:45:32-------------/Admin/Ads/AdPageList.aspx
SELECT * FROM AdTypeInfo  WHERE 1=1  AND [Id]='0'  
-------------end 2017/8/23 15:45:32-------------
-------------start 2017/8/23 15:45:32-------------/Admin/Ads/AdPageList.aspx
SELECT * FROM AdSiteInfo  WHERE 1=1  AND [Id]='0'  
-------------end 2017/8/23 15:45:32-------------
-------------start 2017/8/23 15:45:32-------------/Admin/Ads/AdPageList.aspx
SELECT * FROM AdTypeInfo  WHERE 1=1  AND [Id]='0'  
-------------end 2017/8/23 15:45:32-------------
-------------start 2017/8/23 15:45:32-------------/Admin/Ads/AdPageList.aspx
SELECT * FROM AdSiteInfo  WHERE 1=1  AND [Id]='0'  
-------------end 2017/8/23 15:45:32-------------
-------------start 2017/8/23 15:45:32-------------/Admin/Ads/AdPageList.aspx
SELECT * FROM AdTypeInfo  WHERE 1=1  AND [Id]='0'  
-------------end 2017/8/23 15:45:32-------------
-------------start 2017/8/23 15:45:32-------------/Admin/Ads/AdPageList.aspx
SELECT * FROM AdSiteInfo  WHERE 1=1  AND [Id]='0'  
-------------end 2017/8/23 15:45:32-------------
-------------start 2017/8/23 15:45:32-------------/Admin/Ads/AdPageList.aspx
SELECT * FROM AdTypeInfo  WHERE 1=1  AND [Id]='0'  
-------------end 2017/8/23 15:45:32-------------
-------------start 2017/8/23 15:45:32-------------/Admin/Ads/AdPageList.aspx
SELECT * FROM AdSiteInfo  WHERE 1=1  AND [Id]='0'  
-------------end 2017/8/23 15:45:32-------------
-------------start 2017/8/23 15:45:32-------------/Admin/Ads/AdPageList.aspx
SELECT * FROM AdTypeInfo  WHERE 1=1  AND [Id]='0'  
-------------end 2017/8/23 15:45:32-------------
-------------start 2017/8/23 15:45:32-------------/Admin/Ads/AdPageList.aspx
SELECT * FROM AdSiteInfo  WHERE 1=1  AND [Id]='0'  
-------------end 2017/8/23 15:45:32-------------
-------------start 2017/8/23 15:45:32-------------/Admin/Ads/AdPageList.aspx
SELECT * FROM AdTypeInfo  WHERE 1=1  AND [Id]='0'  
-------------end 2017/8/23 15:45:32-------------
-------------start 2017/8/23 15:45:32-------------/Admin/Ads/AdPageList.aspx
SELECT * FROM AdSiteInfo  WHERE 1=1  AND [Id]='0'  
-------------end 2017/8/23 15:45:32-------------
