2017-07-23 13:00:20,622 WARN  : app started.
2017-07-23 13:02:27,921 WARN  : app stopped.
2017-07-23 13:50:05,602 WARN  : app started.
2017-07-23 13:55:45,115 WARN  : app stopped.
2017-07-23 13:55:50,635 WARN  : app started.
2017-07-23 14:00:22,151 ERROR : 
.客户信息：
	Ip:::1
	浏览器:Chrome
	浏览器版本:58
	操作系统:WinNT
.错误信息：
	页面：http://localhost:54856/Accounts/Vir/Index.aspx
	错误信息：文件“/Accounts/Vir/Index.aspx”不存在。
	错误源：System.Web
	异常方法：Void CheckVirtualFileExists(System.Web.VirtualPath)
	堆栈信息：   在 System.Web.UI.Util.CheckVirtualFileExists(VirtualPath virtualPath)
   在 System.Web.Compilation.BuildManager.GetVPathBuildResultInternal(VirtualPath virtualPath, Boolean noBuild, Boolean allowCrossApp, Boolean allowBuildInPrecompile, Boolean throwIfNotFound, Boolean ensureIsUpToDate)
   在 System.Web.Compilation.BuildManager.GetVPathBuildResultWithNoAssert(HttpContext context, VirtualPath virtualPath, Boolean noBuild, Boolean allowCrossApp, Boolean allowBuildInPrecompile, Boolean throwIfNotFound, Boolean ensureIsUpToDate)
   在 System.Web.Compilation.BuildManager.GetVirtualPathObjectFactory(VirtualPath virtualPath, HttpContext context, Boolean allowCrossApp, Boolean throwIfNotFound)
   在 System.Web.Compilation.BuildManager.CreateInstanceFromVirtualPath(VirtualPath virtualPath, Type requiredBaseType, HttpContext context, Boolean allowCrossApp)
   在 System.Web.UI.PageHandlerFactory.GetHandlerHelper(HttpContext context, String requestType, VirtualPath virtualPath, String physicalPath)
   在 System.Web.UI.PageHandlerFactory.GetHandler(HttpContext context, String requestType, String virtualPath, String path)
   在 System.Web.HttpApplication.MaterializeHandlerExecutionStep.System.Web.HttpApplication.IExecutionStep.Execute()
   在 System.Web.HttpApplication.ExecuteStep(IExecutionStep step, Boolean& completedSynchronously)
--------------------------------------------------------------------------------------------------
2017-07-23 14:03:58,557 WARN  : app stopped.
