2017-12-11 11:38:43,977 WARN  : app started.
2017-12-11 11:39:08,384 WARN  : app started.
2017-12-11 11:40:45,358 ERROR : 
.客户信息：
	Ip:::1
	浏览器:Chrome
	浏览器版本:62
	操作系统:WinNT
.错误信息：
	页面：http://localhost:54856/Admin/Sys/FtpTemplateFiles.aspx
	错误信息：DataBinding: 'System.String' does not contain a property with the name 'Id'.
	错误源：System.Web
	异常方法：System.Object GetPropertyValue(System.Object, System.String)
	堆栈信息：   at System.Web.UI.DataBinder.GetPropertyValue(Object container, String propName)
   at System.Web.UI.DataBinder.Eval(Object container, String[] expressionParts)
   at System.Web.UI.DataBinder.Eval(Object container, String expression)
   at System.Web.UI.TemplateControl.Eval(String expression)
   at ASP.admin_sys_ftptemplatefiles_aspx.__DataBind__control6(Object sender, EventArgs e) in C:\Projects\WeiAd\04 Layouts\WebApp\Admin\Sys\FtpTemplateFiles.aspx:line 30
   at System.Web.UI.Control.OnDataBinding(EventArgs e)
   at System.Web.UI.Control.DataBind(Boolean raiseOnDataBinding)
   at System.Web.UI.Control.DataBind()
   at System.Web.UI.Control.DataBindChildren()
   at System.Web.UI.Control.DataBind(Boolean raiseOnDataBinding)
   at System.Web.UI.Control.DataBind()
   at System.Web.UI.WebControls.Repeater.CreateItem(Int32 itemIndex, ListItemType itemType, Boolean dataBind, Object dataItem)
   at System.Web.UI.WebControls.Repeater.AddDataItemsIntoItemsArray(IEnumerable dataSource, Boolean useDataSource)
   at System.Web.UI.WebControls.Repeater.PostGetDataAction(IEnumerable dataSource)
   at System.Web.UI.WebControls.Repeater.CreateControlHierarchy(Boolean useDataSource)
   at System.Web.UI.WebControls.Repeater.OnDataBinding(EventArgs e)
   at System.Web.UI.WebControls.Repeater.DataBind()
   at WebApp.Admin.Sys.FtpTemplateFiles.BindPage() in C:\Projects\WeiAd\04 Layouts\WebApp\Admin\Sys\FtpTemplateFiles.aspx.cs:line 24
   at WebApp.Admin.Sys.FtpTemplateFiles.Page_Load(Object sender, EventArgs e) in C:\Projects\WeiAd\04 Layouts\WebApp\Admin\Sys\FtpTemplateFiles.aspx.cs:line 17
   at System.Web.Util.CalliEventHandlerDelegateProxy.Callback(Object sender, EventArgs e)
   at System.Web.UI.Control.OnLoad(EventArgs e)
   at System.Web.UI.Control.LoadRecursive()
   at System.Web.UI.Page.ProcessRequestMain(Boolean includeStagesBeforeAsyncPoint, Boolean includeStagesAfterAsyncPoint)
--------------------------------------------------------------------------------------------------
2017-12-11 11:58:11,100 WARN  : app started.
2017-12-11 12:04:10,743 WARN  : app started.
2017-12-11 12:09:08,353 WARN  : app started.
2017-12-11 12:34:48,004 WARN  : app started.
2017-12-11 12:43:07,520 WARN  : app started.
2017-12-11 12:58:14,541 WARN  : app started.
2017-12-11 13:04:10,636 WARN  : app started.
2017-12-11 13:06:19,351 WARN  : app started.
2017-12-11 13:08:16,949 WARN  : app started.
2017-12-11 13:11:12,523 ERROR : 
.客户信息：
	Ip:::1
	浏览器:Chrome
	浏览器版本:62
	操作系统:WinNT
.错误信息：
	页面：http://localhost:54856/Admin/Sys/FtpTemplateFiles.aspx
	错误信息：Unknown server tag 'webdiyer:AspNetPager'.
	错误源：System.Web
	异常方法：Void ProcessError(System.String)
	堆栈信息：   at System.Web.UI.TemplateParser.ProcessError(String message)
   at System.Web.UI.TemplateParser.ProcessBeginTag(Match match, String inputText)
   at System.Web.UI.TemplateParser.ParseStringInternal(String text, Encoding fileEncoding)
--------------------------------------------------------------------------------------------------
2017-12-11 13:11:30,287 ERROR : 
.客户信息：
	Ip:::1
	浏览器:Chrome
	浏览器版本:62
	操作系统:WinNT
.错误信息：
	页面：http://localhost:54856/Admin/Sys/FtpTemplateFiles.aspx
	错误信息：C:\Projects\WeiAd\04 Layouts\WebApp\Admin\Sys\FtpTemplateFiles.aspx(23): error CS1061: 'admin_sys_ftptemplatefiles_aspx' does not contain a definition for 'btnSearch_Click' and no extension method 'btnSearch_Click' accepting a first argument of type 'admin_sys_ftptemplatefiles_aspx' could be found (are you missing a using directive or an assembly reference?)
	错误源：System.Web
	异常方法：System.Web.Compilation.BuildResult CompileWebFile(System.Web.VirtualPath)
	堆栈信息：   at System.Web.Compilation.BuildManager.CompileWebFile(VirtualPath virtualPath)
   at System.Web.Compilation.BuildManager.GetVPathBuildResultInternal(VirtualPath virtualPath, Boolean noBuild, Boolean allowCrossApp, Boolean allowBuildInPrecompile, Boolean throwIfNotFound, Boolean ensureIsUpToDate)
   at System.Web.Compilation.BuildManager.GetVPathBuildResultWithNoAssert(HttpContext context, VirtualPath virtualPath, Boolean noBuild, Boolean allowCrossApp, Boolean allowBuildInPrecompile, Boolean throwIfNotFound, Boolean ensureIsUpToDate)
   at System.Web.Compilation.BuildManager.GetVirtualPathObjectFactory(VirtualPath virtualPath, HttpContext context, Boolean allowCrossApp, Boolean throwIfNotFound)
   at System.Web.Compilation.BuildManager.CreateInstanceFromVirtualPath(VirtualPath virtualPath, Type requiredBaseType, HttpContext context, Boolean allowCrossApp)
   at System.Web.UI.PageHandlerFactory.GetHandlerHelper(HttpContext context, String requestType, VirtualPath virtualPath, String physicalPath)
   at System.Web.UI.PageHandlerFactory.GetHandler(HttpContext context, String requestType, String virtualPath, String path)
   at System.Web.HttpApplication.MaterializeHandlerExecutionStep.System.Web.HttpApplication.IExecutionStep.Execute()
   at System.Web.HttpApplication.ExecuteStepImpl(IExecutionStep step)
   at System.Web.HttpApplication.ExecuteStep(IExecutionStep step, Boolean& completedSynchronously)
--------------------------------------------------------------------------------------------------
2017-12-11 15:28:35,682 WARN  : app started.
2017-12-11 15:47:36,248 WARN  : app started.
2017-12-11 15:55:14,812 WARN  : app started.
